[0.349s] Invoking command in '/home/jayaaraju/waiter_robot_ws/build/prototype': CMAKE_PREFIX_PATH=/home/jayaaraju/waiter_robot_ws/install/waiter_tree:/home/jayaaraju/waiter_robot_ws/install/ros2_mapping:/home/jayaaraju/waiter_robot_ws/install/prototype:/home/jayaaraju/waiter_robot_ws/install/navigator_planner:/home/jayaaraju/code_ws/install/udemy:/home/jayaaraju/nav_ws/install/sattva_bot:/home/jayaaraju/nav_ws/install/ros2_mapping:/home/jayaaraju/nav_ws/install/opennav_docking:/home/jayaaraju/main_ws/install/two_wheeled_robot:/home/jayaaraju/main_ws/install/sllidar_ros2:/home/jayaaraju/main_ws/install/ros2_control_test_assets:/home/jayaaraju/main_ws/install/ros2_control_demo_description:/home/jayaaraju/main_ws/install/my_own_robot:/home/jayaaraju/proto_ws/install/sattva_bot:/home/jayaaraju/proto_ws/install/prototype:/home/jayaaraju/proto_ws/install/pallet_loader:/home/jayaaraju/waiter_robot_ws/install/py_trees_ros_tutorials:/home/jayaaraju/ros2_ws/install/my_robot_controller:/home/jayaaraju/ros2_ws/src/install/my_robot_controller:/home/jayaaraju/pallet_ws/install/yolov5_ros:/opt/ros/humble:/home/jayaaraju/pallet_ws/install/serial:/home/jayaaraju/pallet_ws/install/pallet_loader:/home/jayaaraju/pallet_ws/install/bboxes_ex_msgs /usr/bin/cmake --build /home/jayaaraju/waiter_robot_ws/build/prototype -- -j8 -l8
[3.628s] [  1%] Built target prototype__cpp
[3.629s] [  1%] Built target ament_cmake_python_symlink_prototype
[3.629s] [ 12%] Built target prototype__rosidl_typesupport_introspection_cpp
[4.021s] running egg_info
[4.026s] writing prototype.egg-info/PKG-INFO
[4.028s] writing dependency_links to prototype.egg-info/dependency_links.txt
[4.029s] writing top-level names to prototype.egg-info/top_level.txt
[4.054s] reading manifest file 'prototype.egg-info/SOURCES.txt'
[4.059s] writing manifest file 'prototype.egg-info/SOURCES.txt'
[4.289s] [ 12%] Built target ament_cmake_python_build_prototype_egg
[4.563s] [ 23%] Built target prototype__rosidl_typesupport_fastrtps_cpp
[4.774s] [ 34%] Built target prototype__rosidl_typesupport_cpp
[4.996s] [ 45%] Built target prototype__rosidl_generator_c
[5.207s] [ 56%] Built target prototype__rosidl_typesupport_fastrtps_c
[5.430s] [ 67%] Built target prototype__rosidl_typesupport_c
[5.622s] [ 78%] Built target prototype__rosidl_typesupport_introspection_c
[5.769s] [ 78%] Built target prototype
[5.914s] [ 80%] Built target prototype__py
[6.062s] [ 89%] Built target prototype__rosidl_generator_py
[6.266s] [ 92%] Built target prototype__rosidl_typesupport_fastrtps_c__pyext
[6.419s] [ 96%] Built target prototype__rosidl_typesupport_c__pyext
[6.585s] [100%] Built target prototype__rosidl_typesupport_introspection_c__pyext
[6.679s] Invoked command in '/home/jayaaraju/waiter_robot_ws/build/prototype' returned '0': CMAKE_PREFIX_PATH=/home/jayaaraju/waiter_robot_ws/install/waiter_tree:/home/jayaaraju/waiter_robot_ws/install/ros2_mapping:/home/jayaaraju/waiter_robot_ws/install/prototype:/home/jayaaraju/waiter_robot_ws/install/navigator_planner:/home/jayaaraju/code_ws/install/udemy:/home/jayaaraju/nav_ws/install/sattva_bot:/home/jayaaraju/nav_ws/install/ros2_mapping:/home/jayaaraju/nav_ws/install/opennav_docking:/home/jayaaraju/main_ws/install/two_wheeled_robot:/home/jayaaraju/main_ws/install/sllidar_ros2:/home/jayaaraju/main_ws/install/ros2_control_test_assets:/home/jayaaraju/main_ws/install/ros2_control_demo_description:/home/jayaaraju/main_ws/install/my_own_robot:/home/jayaaraju/proto_ws/install/sattva_bot:/home/jayaaraju/proto_ws/install/prototype:/home/jayaaraju/proto_ws/install/pallet_loader:/home/jayaaraju/waiter_robot_ws/install/py_trees_ros_tutorials:/home/jayaaraju/ros2_ws/install/my_robot_controller:/home/jayaaraju/ros2_ws/src/install/my_robot_controller:/home/jayaaraju/pallet_ws/install/yolov5_ros:/opt/ros/humble:/home/jayaaraju/pallet_ws/install/serial:/home/jayaaraju/pallet_ws/install/pallet_loader:/home/jayaaraju/pallet_ws/install/bboxes_ex_msgs /usr/bin/cmake --build /home/jayaaraju/waiter_robot_ws/build/prototype -- -j8 -l8
[7.721s] Invoking command in '/home/jayaaraju/waiter_robot_ws/build/prototype': CMAKE_PREFIX_PATH=/home/jayaaraju/waiter_robot_ws/install/waiter_tree:/home/jayaaraju/waiter_robot_ws/install/ros2_mapping:/home/jayaaraju/waiter_robot_ws/install/prototype:/home/jayaaraju/waiter_robot_ws/install/navigator_planner:/home/jayaaraju/code_ws/install/udemy:/home/jayaaraju/nav_ws/install/sattva_bot:/home/jayaaraju/nav_ws/install/ros2_mapping:/home/jayaaraju/nav_ws/install/opennav_docking:/home/jayaaraju/main_ws/install/two_wheeled_robot:/home/jayaaraju/main_ws/install/sllidar_ros2:/home/jayaaraju/main_ws/install/ros2_control_test_assets:/home/jayaaraju/main_ws/install/ros2_control_demo_description:/home/jayaaraju/main_ws/install/my_own_robot:/home/jayaaraju/proto_ws/install/sattva_bot:/home/jayaaraju/proto_ws/install/prototype:/home/jayaaraju/proto_ws/install/pallet_loader:/home/jayaaraju/waiter_robot_ws/install/py_trees_ros_tutorials:/home/jayaaraju/ros2_ws/install/my_robot_controller:/home/jayaaraju/ros2_ws/src/install/my_robot_controller:/home/jayaaraju/pallet_ws/install/yolov5_ros:/opt/ros/humble:/home/jayaaraju/pallet_ws/install/serial:/home/jayaaraju/pallet_ws/install/pallet_loader:/home/jayaaraju/pallet_ws/install/bboxes_ex_msgs /usr/bin/cmake --install /home/jayaaraju/waiter_robot_ws/build/prototype
[7.808s] -- Install configuration: ""
[7.810s] -- Execute custom install script
[7.810s] -- Up-to-date symlink: /home/jayaaraju/waiter_robot_ws/install/prototype/share/prototype//action/Confirmation.action
[7.816s] -- Up-to-date symlink: /home/jayaaraju/waiter_robot_ws/install/prototype/share/prototype//action/FoodMenu.action
[7.817s] -- Up-to-date symlink: /home/jayaaraju/waiter_robot_ws/install/prototype/share/prototype//action/GoTo.action
[7.820s] -- Up-to-date symlink: /home/jayaaraju/waiter_robot_ws/install/prototype/share/prototype//msg/DistanceAngle.msg
[7.821s] -- Up-to-date symlink: /home/jayaaraju/waiter_robot_ws/install/prototype/share/prototype//msg/Food.msg
[7.826s] -- Up-to-date symlink: /home/jayaaraju/waiter_robot_ws/install/prototype/share/ament_index/resource_index/rosidl_interfaces/prototype
[7.829s] -- Up-to-date symlink: /home/jayaaraju/waiter_robot_ws/install/prototype/include/prototype/prototype/action/confirmation.h
[7.832s] -- Up-to-date symlink: /home/jayaaraju/waiter_robot_ws/install/prototype/include/prototype/prototype/action/detail/confirmation__functions.h
[7.834s] -- Up-to-date symlink: /home/jayaaraju/waiter_robot_ws/install/prototype/include/prototype/prototype/action/detail/confirmation__struct.h
[7.839s] -- Up-to-date symlink: /home/jayaaraju/waiter_robot_ws/install/prototype/include/prototype/prototype/action/detail/confirmation__type_support.h
[7.840s] -- Up-to-date symlink: /home/jayaaraju/waiter_robot_ws/install/prototype/include/prototype/prototype/action/detail/food_menu__functions.h
[7.842s] -- Up-to-date symlink: /home/jayaaraju/waiter_robot_ws/install/prototype/include/prototype/prototype/action/detail/food_menu__struct.h
[7.843s] -- Up-to-date symlink: /home/jayaaraju/waiter_robot_ws/install/prototype/include/prototype/prototype/action/detail/food_menu__type_support.h
[7.844s] -- Up-to-date symlink: /home/jayaaraju/waiter_robot_ws/install/prototype/include/prototype/prototype/action/detail/go_to__functions.h
[7.846s] -- Up-to-date symlink: /home/jayaaraju/waiter_robot_ws/install/prototype/include/prototype/prototype/action/detail/go_to__struct.h
[7.846s] -- Up-to-date symlink: /home/jayaaraju/waiter_robot_ws/install/prototype/include/prototype/prototype/action/detail/go_to__type_support.h
[7.848s] -- Up-to-date symlink: /home/jayaaraju/waiter_robot_ws/install/prototype/include/prototype/prototype/action/food_menu.h
[7.849s] -- Up-to-date symlink: /home/jayaaraju/waiter_robot_ws/install/prototype/include/prototype/prototype/action/go_to.h
[7.851s] -- Up-to-date symlink: /home/jayaaraju/waiter_robot_ws/install/prototype/include/prototype/prototype/msg/detail/food__functions.h
[7.851s] -- Up-to-date symlink: /home/jayaaraju/waiter_robot_ws/install/prototype/include/prototype/prototype/msg/detail/food__struct.h
[7.854s] -- Up-to-date symlink: /home/jayaaraju/waiter_robot_ws/install/prototype/include/prototype/prototype/msg/detail/food__type_support.h
[7.854s] -- Up-to-date symlink: /home/jayaaraju/waiter_robot_ws/install/prototype/include/prototype/prototype/msg/food.h
[7.861s] -- Up-to-date symlink: /home/jayaaraju/waiter_robot_ws/install/prototype/include/prototype/prototype/msg/rosidl_generator_c__visibility_control.h
[7.868s] -- Up-to-date symlink: /home/jayaaraju/waiter_robot_ws/install/prototype/share/prototype/environment/library_path.sh
[7.871s] -- Up-to-date symlink: /home/jayaaraju/waiter_robot_ws/install/prototype/share/prototype/environment/library_path.dsv
[7.886s] -- Up-to-date symlink: /home/jayaaraju/waiter_robot_ws/install/prototype/include/prototype/prototype/action/detail/confirmation__rosidl_typesupport_fastrtps_c.h
[7.886s] -- Up-to-date symlink: /home/jayaaraju/waiter_robot_ws/install/prototype/include/prototype/prototype/action/detail/food_menu__rosidl_typesupport_fastrtps_c.h
[7.887s] -- Up-to-date symlink: /home/jayaaraju/waiter_robot_ws/install/prototype/include/prototype/prototype/action/detail/go_to__rosidl_typesupport_fastrtps_c.h
[7.888s] -- Up-to-date symlink: /home/jayaaraju/waiter_robot_ws/install/prototype/include/prototype/prototype/msg/detail/food__rosidl_typesupport_fastrtps_c.h
[7.888s] -- Up-to-date symlink: /home/jayaaraju/waiter_robot_ws/install/prototype/include/prototype/prototype/msg/rosidl_typesupport_fastrtps_c__visibility_control.h
[7.889s] -- Up-to-date symlink: /home/jayaaraju/waiter_robot_ws/install/prototype/include/prototype/prototype/action/confirmation.hpp
[7.890s] -- Up-to-date symlink: /home/jayaaraju/waiter_robot_ws/install/prototype/include/prototype/prototype/action/detail/confirmation__builder.hpp
[7.890s] -- Up-to-date symlink: /home/jayaaraju/waiter_robot_ws/install/prototype/include/prototype/prototype/action/detail/confirmation__struct.hpp
[7.892s] -- Up-to-date symlink: /home/jayaaraju/waiter_robot_ws/install/prototype/include/prototype/prototype/action/detail/confirmation__traits.hpp
[7.894s] -- Up-to-date symlink: /home/jayaaraju/waiter_robot_ws/install/prototype/include/prototype/prototype/action/detail/food_menu__builder.hpp
[7.895s] -- Up-to-date symlink: /home/jayaaraju/waiter_robot_ws/install/prototype/include/prototype/prototype/action/detail/food_menu__struct.hpp
[7.895s] -- Up-to-date symlink: /home/jayaaraju/waiter_robot_ws/install/prototype/include/prototype/prototype/action/detail/food_menu__traits.hpp
[7.897s] -- Up-to-date symlink: /home/jayaaraju/waiter_robot_ws/install/prototype/include/prototype/prototype/action/detail/go_to__builder.hpp
[7.898s] -- Up-to-date symlink: /home/jayaaraju/waiter_robot_ws/install/prototype/include/prototype/prototype/action/detail/go_to__struct.hpp
[7.900s] -- Up-to-date symlink: /home/jayaaraju/waiter_robot_ws/install/prototype/include/prototype/prototype/action/detail/go_to__traits.hpp
[7.902s] -- Up-to-date symlink: /home/jayaaraju/waiter_robot_ws/install/prototype/include/prototype/prototype/action/food_menu.hpp
[7.909s] -- Up-to-date symlink: /home/jayaaraju/waiter_robot_ws/install/prototype/include/prototype/prototype/action/go_to.hpp
[7.911s] -- Up-to-date symlink: /home/jayaaraju/waiter_robot_ws/install/prototype/include/prototype/prototype/msg/detail/food__builder.hpp
[7.916s] -- Up-to-date symlink: /home/jayaaraju/waiter_robot_ws/install/prototype/include/prototype/prototype/msg/detail/food__struct.hpp
[7.919s] -- Up-to-date symlink: /home/jayaaraju/waiter_robot_ws/install/prototype/include/prototype/prototype/msg/detail/food__traits.hpp
[7.920s] -- Up-to-date symlink: /home/jayaaraju/waiter_robot_ws/install/prototype/include/prototype/prototype/msg/food.hpp
[7.921s] -- Up-to-date symlink: /home/jayaaraju/waiter_robot_ws/install/prototype/include/prototype/prototype/action/detail/confirmation__rosidl_typesupport_fastrtps_cpp.hpp
[7.922s] -- Up-to-date symlink: /home/jayaaraju/waiter_robot_ws/install/prototype/include/prototype/prototype/action/detail/food_menu__rosidl_typesupport_fastrtps_cpp.hpp
[7.923s] -- Up-to-date symlink: /home/jayaaraju/waiter_robot_ws/install/prototype/include/prototype/prototype/action/detail/go_to__rosidl_typesupport_fastrtps_cpp.hpp
[7.923s] -- Up-to-date symlink: /home/jayaaraju/waiter_robot_ws/install/prototype/include/prototype/prototype/msg/detail/food__rosidl_typesupport_fastrtps_cpp.hpp
[7.926s] -- Up-to-date symlink: /home/jayaaraju/waiter_robot_ws/install/prototype/include/prototype/prototype/msg/rosidl_typesupport_fastrtps_cpp__visibility_control.h
[7.931s] -- Up-to-date symlink: /home/jayaaraju/waiter_robot_ws/install/prototype/include/prototype/prototype/action/detail/confirmation__rosidl_typesupport_introspection_c.h
[7.932s] -- Up-to-date symlink: /home/jayaaraju/waiter_robot_ws/install/prototype/include/prototype/prototype/action/detail/food_menu__rosidl_typesupport_introspection_c.h
[7.933s] -- Up-to-date symlink: /home/jayaaraju/waiter_robot_ws/install/prototype/include/prototype/prototype/action/detail/go_to__rosidl_typesupport_introspection_c.h
[7.934s] -- Up-to-date symlink: /home/jayaaraju/waiter_robot_ws/install/prototype/include/prototype/prototype/msg/detail/food__rosidl_typesupport_introspection_c.h
[7.935s] -- Up-to-date symlink: /home/jayaaraju/waiter_robot_ws/install/prototype/include/prototype/prototype/msg/rosidl_typesupport_introspection_c__visibility_control.h
[7.935s] -- Up-to-date symlink: /home/jayaaraju/waiter_robot_ws/install/prototype/include/prototype/prototype/action/detail/confirmation__rosidl_typesupport_introspection_cpp.hpp
[7.936s] -- Up-to-date symlink: /home/jayaaraju/waiter_robot_ws/install/prototype/include/prototype/prototype/action/detail/food_menu__rosidl_typesupport_introspection_cpp.hpp
[7.937s] -- Up-to-date symlink: /home/jayaaraju/waiter_robot_ws/install/prototype/include/prototype/prototype/action/detail/go_to__rosidl_typesupport_introspection_cpp.hpp
[7.948s] -- Up-to-date symlink: /home/jayaaraju/waiter_robot_ws/install/prototype/include/prototype/prototype/msg/detail/food__rosidl_typesupport_introspection_cpp.hpp
[7.949s] -- Up-to-date symlink: /home/jayaaraju/waiter_robot_ws/install/prototype/share/prototype/environment/pythonpath.sh
[7.950s] -- Up-to-date symlink: /home/jayaaraju/waiter_robot_ws/install/prototype/share/prototype/environment/pythonpath.dsv
[7.951s] -- Up-to-date symlink: /home/jayaaraju/waiter_robot_ws/install/prototype/local/lib/python3.10/dist-packages/prototype-0.0.0-py3.10.egg-info/PKG-INFO
[7.952s] -- Up-to-date symlink: /home/jayaaraju/waiter_robot_ws/install/prototype/local/lib/python3.10/dist-packages/prototype-0.0.0-py3.10.egg-info/SOURCES.txt
[7.952s] -- Up-to-date symlink: /home/jayaaraju/waiter_robot_ws/install/prototype/local/lib/python3.10/dist-packages/prototype-0.0.0-py3.10.egg-info/dependency_links.txt
[7.953s] -- Up-to-date symlink: /home/jayaaraju/waiter_robot_ws/install/prototype/local/lib/python3.10/dist-packages/prototype-0.0.0-py3.10.egg-info/top_level.txt
[7.953s] -- Up-to-date symlink: /home/jayaaraju/waiter_robot_ws/install/prototype/local/lib/python3.10/dist-packages/prototype/__init__.py
[7.953s] -- Up-to-date symlink: /home/jayaaraju/waiter_robot_ws/install/prototype/local/lib/python3.10/dist-packages/prototype/_prototype_s.ep.rosidl_typesupport_c.c
[7.954s] -- Up-to-date symlink: /home/jayaaraju/waiter_robot_ws/install/prototype/local/lib/python3.10/dist-packages/prototype/_prototype_s.ep.rosidl_typesupport_fastrtps_c.c
[7.956s] -- Up-to-date symlink: /home/jayaaraju/waiter_robot_ws/install/prototype/local/lib/python3.10/dist-packages/prototype/_prototype_s.ep.rosidl_typesupport_introspection_c.c
[7.958s] -- Up-to-date symlink: /home/jayaaraju/waiter_robot_ws/install/prototype/local/lib/python3.10/dist-packages/prototype/action/__init__.py
[7.960s] -- Up-to-date symlink: /home/jayaaraju/waiter_robot_ws/install/prototype/local/lib/python3.10/dist-packages/prototype/action/_confirmation.py
[7.962s] -- Up-to-date symlink: /home/jayaaraju/waiter_robot_ws/install/prototype/local/lib/python3.10/dist-packages/prototype/action/_confirmation_s.c
[7.967s] -- Up-to-date symlink: /home/jayaaraju/waiter_robot_ws/install/prototype/local/lib/python3.10/dist-packages/prototype/action/_food_menu.py
[7.967s] -- Up-to-date symlink: /home/jayaaraju/waiter_robot_ws/install/prototype/local/lib/python3.10/dist-packages/prototype/action/_food_menu_s.c
[7.968s] -- Up-to-date symlink: /home/jayaaraju/waiter_robot_ws/install/prototype/local/lib/python3.10/dist-packages/prototype/action/_go_to.py
[7.969s] -- Up-to-date symlink: /home/jayaaraju/waiter_robot_ws/install/prototype/local/lib/python3.10/dist-packages/prototype/action/_go_to_s.c
[7.969s] -- Up-to-date symlink: /home/jayaaraju/waiter_robot_ws/install/prototype/local/lib/python3.10/dist-packages/prototype/libprototype__rosidl_generator_py.so
[7.970s] -- Up-to-date symlink: /home/jayaaraju/waiter_robot_ws/install/prototype/local/lib/python3.10/dist-packages/prototype/msg/__init__.py
[7.971s] -- Up-to-date symlink: /home/jayaaraju/waiter_robot_ws/install/prototype/local/lib/python3.10/dist-packages/prototype/msg/_food.py
[7.971s] -- Up-to-date symlink: /home/jayaaraju/waiter_robot_ws/install/prototype/local/lib/python3.10/dist-packages/prototype/msg/_food_s.c
[7.997s] -- Up-to-date symlink: /home/jayaaraju/waiter_robot_ws/install/prototype/local/lib/python3.10/dist-packages/prototype/prototype_s__rosidl_typesupport_c.cpython-310-x86_64-linux-gnu.so
[7.998s] -- Up-to-date symlink: /home/jayaaraju/waiter_robot_ws/install/prototype/local/lib/python3.10/dist-packages/prototype/prototype_s__rosidl_typesupport_fastrtps_c.cpython-310-x86_64-linux-gnu.so
[7.999s] -- Up-to-date symlink: /home/jayaaraju/waiter_robot_ws/install/prototype/local/lib/python3.10/dist-packages/prototype/prototype_s__rosidl_typesupport_introspection_c.cpython-310-x86_64-linux-gnu.so
[8.000s] -- Up-to-date symlink: /home/jayaaraju/waiter_robot_ws/install/prototype/local/lib/python3.10/dist-packages/prototype/prototype_s__rosidl_typesupport_fastrtps_c.cpython-310-x86_64-linux-gnu.so
[8.001s] -- Up-to-date symlink: /home/jayaaraju/waiter_robot_ws/install/prototype/local/lib/python3.10/dist-packages/prototype/prototype_s__rosidl_typesupport_introspection_c.cpython-310-x86_64-linux-gnu.so
[8.001s] -- Up-to-date symlink: /home/jayaaraju/waiter_robot_ws/install/prototype/local/lib/python3.10/dist-packages/prototype/prototype_s__rosidl_typesupport_c.cpython-310-x86_64-linux-gnu.so
[8.002s] -- Up-to-date symlink: /home/jayaaraju/waiter_robot_ws/install/prototype/share/prototype/action/GoTo.idl
[8.002s] -- Up-to-date symlink: /home/jayaaraju/waiter_robot_ws/install/prototype/share/prototype/action/FoodMenu.idl
[8.003s] -- Up-to-date symlink: /home/jayaaraju/waiter_robot_ws/install/prototype/share/prototype/action/Confirmation.idl
[8.004s] -- Up-to-date symlink: /home/jayaaraju/waiter_robot_ws/install/prototype/share/prototype/msg/Food.idl
[8.004s] -- Up-to-date symlink: /home/jayaaraju/waiter_robot_ws/install/prototype/share/prototype/action/GoTo.action
[8.010s] -- Up-to-date symlink: /home/jayaaraju/waiter_robot_ws/install/prototype/share/prototype/action/FoodMenu.action
[8.011s] -- Up-to-date symlink: /home/jayaaraju/waiter_robot_ws/install/prototype/share/prototype/action/Confirmation.action
[8.011s] -- Up-to-date symlink: /home/jayaaraju/waiter_robot_ws/install/prototype/share/prototype/msg/Food.msg
[8.012s] -- Up-to-date symlink: /home/jayaaraju/waiter_robot_ws/install/prototype/share/ament_index/resource_index/package_run_dependencies/prototype
[8.013s] -- Up-to-date symlink: /home/jayaaraju/waiter_robot_ws/install/prototype/share/ament_index/resource_index/parent_prefix_path/prototype
[8.013s] -- Up-to-date symlink: /home/jayaaraju/waiter_robot_ws/install/prototype/share/prototype/environment/ament_prefix_path.sh
[8.014s] -- Up-to-date symlink: /home/jayaaraju/waiter_robot_ws/install/prototype/share/prototype/environment/ament_prefix_path.dsv
[8.014s] -- Up-to-date symlink: /home/jayaaraju/waiter_robot_ws/install/prototype/share/prototype/environment/path.sh
[8.015s] -- Up-to-date symlink: /home/jayaaraju/waiter_robot_ws/install/prototype/share/prototype/environment/path.dsv
[8.015s] -- Up-to-date symlink: /home/jayaaraju/waiter_robot_ws/install/prototype/share/prototype/local_setup.bash
[8.016s] -- Up-to-date symlink: /home/jayaaraju/waiter_robot_ws/install/prototype/share/prototype/local_setup.sh
[8.017s] -- Up-to-date symlink: /home/jayaaraju/waiter_robot_ws/install/prototype/share/prototype/local_setup.zsh
[8.017s] -- Up-to-date symlink: /home/jayaaraju/waiter_robot_ws/install/prototype/share/prototype/local_setup.dsv
[8.018s] -- Symlinking: /home/jayaaraju/waiter_robot_ws/install/prototype/share/prototype/package.dsv
[8.019s] -- Up-to-date symlink: /home/jayaaraju/waiter_robot_ws/install/prototype/share/ament_index/resource_index/packages/prototype
[8.020s] -- Up-to-date symlink: /home/jayaaraju/waiter_robot_ws/install/prototype/share/prototype/cmake/rosidl_cmake-extras.cmake
[8.020s] -- Up-to-date symlink: /home/jayaaraju/waiter_robot_ws/install/prototype/share/prototype/cmake/ament_cmake_export_dependencies-extras.cmake
[8.021s] -- Up-to-date symlink: /home/jayaaraju/waiter_robot_ws/install/prototype/share/prototype/cmake/ament_cmake_export_include_directories-extras.cmake
[8.023s] -- Up-to-date symlink: /home/jayaaraju/waiter_robot_ws/install/prototype/share/prototype/cmake/ament_cmake_export_libraries-extras.cmake
[8.034s] -- Up-to-date symlink: /home/jayaaraju/waiter_robot_ws/install/prototype/share/prototype/cmake/ament_cmake_export_targets-extras.cmake
[8.035s] -- Up-to-date symlink: /home/jayaaraju/waiter_robot_ws/install/prototype/share/prototype/cmake/rosidl_cmake_export_typesupport_targets-extras.cmake
[8.036s] -- Up-to-date symlink: /home/jayaaraju/waiter_robot_ws/install/prototype/share/prototype/cmake/rosidl_cmake_export_typesupport_libraries-extras.cmake
[8.036s] -- Up-to-date symlink: /home/jayaaraju/waiter_robot_ws/install/prototype/share/prototype/cmake/prototypeConfig.cmake
[8.037s] -- Up-to-date symlink: /home/jayaaraju/waiter_robot_ws/install/prototype/share/prototype/cmake/prototypeConfig-version.cmake
[8.040s] -- Up-to-date symlink: /home/jayaaraju/waiter_robot_ws/install/prototype/share/prototype/package.xml
[8.052s] -- Up-to-date: /home/jayaaraju/waiter_robot_ws/install/prototype/lib/libprototype__rosidl_generator_c.so
[8.052s] -- Up-to-date: /home/jayaaraju/waiter_robot_ws/install/prototype/lib/libprototype__rosidl_typesupport_fastrtps_c.so
[8.053s] -- Up-to-date: /home/jayaaraju/waiter_robot_ws/install/prototype/lib/libprototype__rosidl_typesupport_fastrtps_cpp.so
[8.054s] -- Up-to-date: /home/jayaaraju/waiter_robot_ws/install/prototype/lib/libprototype__rosidl_typesupport_introspection_c.so
[8.054s] -- Up-to-date: /home/jayaaraju/waiter_robot_ws/install/prototype/lib/libprototype__rosidl_typesupport_c.so
[8.055s] -- Up-to-date: /home/jayaaraju/waiter_robot_ws/install/prototype/lib/libprototype__rosidl_typesupport_introspection_cpp.so
[8.056s] -- Up-to-date: /home/jayaaraju/waiter_robot_ws/install/prototype/lib/libprototype__rosidl_typesupport_cpp.so
[8.360s] Listing '/home/jayaaraju/waiter_robot_ws/install/prototype/local/lib/python3.10/dist-packages/prototype'...
[8.360s] Listing '/home/jayaaraju/waiter_robot_ws/install/prototype/local/lib/python3.10/dist-packages/prototype/action'...
[8.361s] Listing '/home/jayaaraju/waiter_robot_ws/install/prototype/local/lib/python3.10/dist-packages/prototype/msg'...
[8.387s] -- Up-to-date: /home/jayaaraju/waiter_robot_ws/install/prototype/lib/libprototype__rosidl_generator_py.so
[8.391s] -- Up-to-date: /home/jayaaraju/waiter_robot_ws/install/prototype/share/prototype/cmake/export_prototype__rosidl_generator_cExport.cmake
[8.392s] -- Up-to-date: /home/jayaaraju/waiter_robot_ws/install/prototype/share/prototype/cmake/export_prototype__rosidl_generator_cExport-noconfig.cmake
[8.393s] -- Up-to-date: /home/jayaaraju/waiter_robot_ws/install/prototype/share/prototype/cmake/export_prototype__rosidl_typesupport_fastrtps_cExport.cmake
[8.393s] -- Up-to-date: /home/jayaaraju/waiter_robot_ws/install/prototype/share/prototype/cmake/export_prototype__rosidl_typesupport_fastrtps_cExport-noconfig.cmake
[8.394s] -- Up-to-date: /home/jayaaraju/waiter_robot_ws/install/prototype/share/prototype/cmake/export_prototype__rosidl_generator_cppExport.cmake
[8.395s] -- Up-to-date: /home/jayaaraju/waiter_robot_ws/install/prototype/share/prototype/cmake/export_prototype__rosidl_typesupport_fastrtps_cppExport.cmake
[8.398s] -- Up-to-date: /home/jayaaraju/waiter_robot_ws/install/prototype/share/prototype/cmake/export_prototype__rosidl_typesupport_fastrtps_cppExport-noconfig.cmake
[8.399s] -- Up-to-date: /home/jayaaraju/waiter_robot_ws/install/prototype/share/prototype/cmake/prototype__rosidl_typesupport_introspection_cExport.cmake
[8.400s] -- Up-to-date: /home/jayaaraju/waiter_robot_ws/install/prototype/share/prototype/cmake/prototype__rosidl_typesupport_introspection_cExport-noconfig.cmake
[8.403s] -- Up-to-date: /home/jayaaraju/waiter_robot_ws/install/prototype/share/prototype/cmake/prototype__rosidl_typesupport_cExport.cmake
[8.403s] -- Up-to-date: /home/jayaaraju/waiter_robot_ws/install/prototype/share/prototype/cmake/prototype__rosidl_typesupport_cExport-noconfig.cmake
[8.404s] -- Up-to-date: /home/jayaaraju/waiter_robot_ws/install/prototype/share/prototype/cmake/prototype__rosidl_typesupport_introspection_cppExport.cmake
[8.407s] -- Up-to-date: /home/jayaaraju/waiter_robot_ws/install/prototype/share/prototype/cmake/prototype__rosidl_typesupport_introspection_cppExport-noconfig.cmake
[8.415s] -- Up-to-date: /home/jayaaraju/waiter_robot_ws/install/prototype/share/prototype/cmake/prototype__rosidl_typesupport_cppExport.cmake
[8.417s] -- Up-to-date: /home/jayaaraju/waiter_robot_ws/install/prototype/share/prototype/cmake/prototype__rosidl_typesupport_cppExport-noconfig.cmake
[8.418s] -- Up-to-date: /home/jayaaraju/waiter_robot_ws/install/prototype/share/prototype/cmake/export_prototype__rosidl_generator_pyExport.cmake
[8.419s] -- Up-to-date: /home/jayaaraju/waiter_robot_ws/install/prototype/share/prototype/cmake/export_prototype__rosidl_generator_pyExport-noconfig.cmake
[8.421s] Invoked command in '/home/jayaaraju/waiter_robot_ws/build/prototype' returned '0': CMAKE_PREFIX_PATH=/home/jayaaraju/waiter_robot_ws/install/waiter_tree:/home/jayaaraju/waiter_robot_ws/install/ros2_mapping:/home/jayaaraju/waiter_robot_ws/install/prototype:/home/jayaaraju/waiter_robot_ws/install/navigator_planner:/home/jayaaraju/code_ws/install/udemy:/home/jayaaraju/nav_ws/install/sattva_bot:/home/jayaaraju/nav_ws/install/ros2_mapping:/home/jayaaraju/nav_ws/install/opennav_docking:/home/jayaaraju/main_ws/install/two_wheeled_robot:/home/jayaaraju/main_ws/install/sllidar_ros2:/home/jayaaraju/main_ws/install/ros2_control_test_assets:/home/jayaaraju/main_ws/install/ros2_control_demo_description:/home/jayaaraju/main_ws/install/my_own_robot:/home/jayaaraju/proto_ws/install/sattva_bot:/home/jayaaraju/proto_ws/install/prototype:/home/jayaaraju/proto_ws/install/pallet_loader:/home/jayaaraju/waiter_robot_ws/install/py_trees_ros_tutorials:/home/jayaaraju/ros2_ws/install/my_robot_controller:/home/jayaaraju/ros2_ws/src/install/my_robot_controller:/home/jayaaraju/pallet_ws/install/yolov5_ros:/opt/ros/humble:/home/jayaaraju/pallet_ws/install/serial:/home/jayaaraju/pallet_ws/install/pallet_loader:/home/jayaaraju/pallet_ws/install/bboxes_ex_msgs /usr/bin/cmake --install /home/jayaaraju/waiter_robot_ws/build/prototype
