[1.569s] Invoking command in '/home/jayaaraju/waiter_robot_ws/build/waiter_tree': CMAKE_PREFIX_PATH=/home/jayaaraju/waiter_robot_ws/install/waiter_tree:/home/jayaaraju/waiter_robot_ws/install/ros2_mapping:/home/jayaaraju/waiter_robot_ws/install/prototype:/home/jayaaraju/waiter_robot_ws/install/navigator_planner:/home/jayaaraju/code_ws/install/udemy:/home/jayaaraju/nav_ws/install/sattva_bot:/home/jayaaraju/nav_ws/install/ros2_mapping:/home/jayaaraju/nav_ws/install/opennav_docking:/home/jayaaraju/main_ws/install/two_wheeled_robot:/home/jayaaraju/main_ws/install/sllidar_ros2:/home/jayaaraju/main_ws/install/ros2_control_test_assets:/home/jayaaraju/main_ws/install/ros2_control_demo_description:/home/jayaaraju/main_ws/install/my_own_robot:/home/jayaaraju/proto_ws/install/sattva_bot:/home/jayaaraju/proto_ws/install/prototype:/home/jayaaraju/proto_ws/install/pallet_loader:/home/jayaaraju/waiter_robot_ws/install/py_trees_ros_tutorials:/home/jayaaraju/ros2_ws/install/my_robot_controller:/home/jayaaraju/ros2_ws/src/install/my_robot_controller:/home/jayaaraju/pallet_ws/install/yolov5_ros:/opt/ros/humble:/home/jayaaraju/pallet_ws/install/serial:/home/jayaaraju/pallet_ws/install/pallet_loader:/home/jayaaraju/pallet_ws/install/bboxes_ex_msgs /usr/bin/cmake --build /home/jayaaraju/waiter_robot_ws/build/waiter_tree -- -j8 -l8
[1.755s] Built target ament_cmake_python_symlink_waiter_tree
[2.870s] running egg_info
[2.872s] writing waiter_tree.egg-info/PKG-INFO
[2.872s] writing dependency_links to waiter_tree.egg-info/dependency_links.txt
[2.873s] writing top-level names to waiter_tree.egg-info/top_level.txt
[2.886s] reading manifest file 'waiter_tree.egg-info/SOURCES.txt'
[2.887s] writing manifest file 'waiter_tree.egg-info/SOURCES.txt'
[2.965s] Built target ament_cmake_python_build_waiter_tree_egg
[3.000s] Invoked command in '/home/jayaaraju/waiter_robot_ws/build/waiter_tree' returned '0': CMAKE_PREFIX_PATH=/home/jayaaraju/waiter_robot_ws/install/waiter_tree:/home/jayaaraju/waiter_robot_ws/install/ros2_mapping:/home/jayaaraju/waiter_robot_ws/install/prototype:/home/jayaaraju/waiter_robot_ws/install/navigator_planner:/home/jayaaraju/code_ws/install/udemy:/home/jayaaraju/nav_ws/install/sattva_bot:/home/jayaaraju/nav_ws/install/ros2_mapping:/home/jayaaraju/nav_ws/install/opennav_docking:/home/jayaaraju/main_ws/install/two_wheeled_robot:/home/jayaaraju/main_ws/install/sllidar_ros2:/home/jayaaraju/main_ws/install/ros2_control_test_assets:/home/jayaaraju/main_ws/install/ros2_control_demo_description:/home/jayaaraju/main_ws/install/my_own_robot:/home/jayaaraju/proto_ws/install/sattva_bot:/home/jayaaraju/proto_ws/install/prototype:/home/jayaaraju/proto_ws/install/pallet_loader:/home/jayaaraju/waiter_robot_ws/install/py_trees_ros_tutorials:/home/jayaaraju/ros2_ws/install/my_robot_controller:/home/jayaaraju/ros2_ws/src/install/my_robot_controller:/home/jayaaraju/pallet_ws/install/yolov5_ros:/opt/ros/humble:/home/jayaaraju/pallet_ws/install/serial:/home/jayaaraju/pallet_ws/install/pallet_loader:/home/jayaaraju/pallet_ws/install/bboxes_ex_msgs /usr/bin/cmake --build /home/jayaaraju/waiter_robot_ws/build/waiter_tree -- -j8 -l8
[3.055s] Invoking command in '/home/jayaaraju/waiter_robot_ws/build/waiter_tree': CMAKE_PREFIX_PATH=/home/jayaaraju/waiter_robot_ws/install/waiter_tree:/home/jayaaraju/waiter_robot_ws/install/ros2_mapping:/home/jayaaraju/waiter_robot_ws/install/prototype:/home/jayaaraju/waiter_robot_ws/install/navigator_planner:/home/jayaaraju/code_ws/install/udemy:/home/jayaaraju/nav_ws/install/sattva_bot:/home/jayaaraju/nav_ws/install/ros2_mapping:/home/jayaaraju/nav_ws/install/opennav_docking:/home/jayaaraju/main_ws/install/two_wheeled_robot:/home/jayaaraju/main_ws/install/sllidar_ros2:/home/jayaaraju/main_ws/install/ros2_control_test_assets:/home/jayaaraju/main_ws/install/ros2_control_demo_description:/home/jayaaraju/main_ws/install/my_own_robot:/home/jayaaraju/proto_ws/install/sattva_bot:/home/jayaaraju/proto_ws/install/prototype:/home/jayaaraju/proto_ws/install/pallet_loader:/home/jayaaraju/waiter_robot_ws/install/py_trees_ros_tutorials:/home/jayaaraju/ros2_ws/install/my_robot_controller:/home/jayaaraju/ros2_ws/src/install/my_robot_controller:/home/jayaaraju/pallet_ws/install/yolov5_ros:/opt/ros/humble:/home/jayaaraju/pallet_ws/install/serial:/home/jayaaraju/pallet_ws/install/pallet_loader:/home/jayaaraju/pallet_ws/install/bboxes_ex_msgs /usr/bin/cmake --install /home/jayaaraju/waiter_robot_ws/build/waiter_tree
[3.074s] -- Install configuration: ""
[3.077s] -- Execute custom install script
[3.078s] -- Up-to-date symlink: /home/jayaaraju/waiter_robot_ws/install/waiter_tree/share/waiter_tree/config/controller_manager.yaml
[3.078s] -- Up-to-date symlink: /home/jayaaraju/waiter_robot_ws/install/waiter_tree/share/waiter_tree/config/ekf_map.yaml
[3.079s] -- Up-to-date symlink: /home/jayaaraju/waiter_robot_ws/install/waiter_tree/share/waiter_tree/config/gazebo_params.yaml
[3.079s] -- Up-to-date symlink: /home/jayaaraju/waiter_robot_ws/install/waiter_tree/share/waiter_tree/config/joystick.yaml
[3.079s] -- Up-to-date symlink: /home/jayaaraju/waiter_robot_ws/install/waiter_tree/share/waiter_tree/config/ros2_control.yaml
[3.079s] -- Up-to-date symlink: /home/jayaaraju/waiter_robot_ws/install/waiter_tree/share/waiter_tree/config/twist_mux.yaml
[3.080s] -- Up-to-date symlink: /home/jayaaraju/waiter_robot_ws/install/waiter_tree/share/waiter_tree/src/__init__.py
[3.080s] [33mCMake Warning (dev) at ament_cmake_symlink_install/ament_cmake_symlink_install.cmake:62 (file):
[3.080s]   Policy CMP0009 is not set: FILE GLOB_RECURSE calls should not follow
[3.081s]   symlinks by default.  Run "cmake --help-policy CMP0009" for policy details.
[3.081s]   Use the cmake_policy command to set the policy and suppress this warning.
[3.081s] Call Stack (most recent call first):
[3.082s]   ament_cmake_symlink_install/ament_cmake_symlink_install.cmake:314 (ament_cmake_symlink_install_directory)
[3.082s]   cmake_install.cmake:46 (include)
[3.083s] This warning is for project developers.  Use -Wno-dev to suppress it.
[3.083s] [0m
[3.083s] -- Up-to-date symlink: /home/jayaaraju/waiter_robot_ws/install/waiter_tree/share/waiter_tree/waiter_tree/__init__.py
[3.083s] -- Up-to-date symlink: /home/jayaaraju/waiter_robot_ws/install/waiter_tree/share/waiter_tree/waiter_tree/build/.built_by
[3.084s] -- Up-to-date symlink: /home/jayaaraju/waiter_robot_ws/install/waiter_tree/share/waiter_tree/waiter_tree/build/COLCON_IGNORE
[3.084s] -- Up-to-date symlink: /home/jayaaraju/waiter_robot_ws/install/waiter_tree/share/waiter_tree/waiter_tree/confirmations.yaml
[3.085s] -- Up-to-date symlink: /home/jayaaraju/waiter_robot_ws/install/waiter_tree/share/waiter_tree/waiter_tree/install/.colcon_install_layout
[3.085s] -- Up-to-date symlink: /home/jayaaraju/waiter_robot_ws/install/waiter_tree/share/waiter_tree/waiter_tree/install/COLCON_IGNORE
[3.085s] -- Up-to-date symlink: /home/jayaaraju/waiter_robot_ws/install/waiter_tree/share/waiter_tree/waiter_tree/install/_local_setup_util_ps1.py
[3.085s] -- Up-to-date symlink: /home/jayaaraju/waiter_robot_ws/install/waiter_tree/share/waiter_tree/waiter_tree/install/_local_setup_util_sh.py
[3.086s] -- Up-to-date symlink: /home/jayaaraju/waiter_robot_ws/install/waiter_tree/share/waiter_tree/waiter_tree/install/local_setup.bash
[3.086s] -- Up-to-date symlink: /home/jayaaraju/waiter_robot_ws/install/waiter_tree/share/waiter_tree/waiter_tree/install/local_setup.ps1
[3.086s] -- Up-to-date symlink: /home/jayaaraju/waiter_robot_ws/install/waiter_tree/share/waiter_tree/waiter_tree/install/local_setup.sh
[3.087s] -- Up-to-date symlink: /home/jayaaraju/waiter_robot_ws/install/waiter_tree/share/waiter_tree/waiter_tree/install/local_setup.zsh
[3.088s] -- Up-to-date symlink: /home/jayaaraju/waiter_robot_ws/install/waiter_tree/share/waiter_tree/waiter_tree/install/setup.bash
[3.088s] -- Up-to-date symlink: /home/jayaaraju/waiter_robot_ws/install/waiter_tree/share/waiter_tree/waiter_tree/install/setup.ps1
[3.089s] -- Up-to-date symlink: /home/jayaaraju/waiter_robot_ws/install/waiter_tree/share/waiter_tree/waiter_tree/install/setup.sh
[3.089s] -- Up-to-date symlink: /home/jayaaraju/waiter_robot_ws/install/waiter_tree/share/waiter_tree/waiter_tree/install/setup.zsh
[3.089s] -- Up-to-date symlink: /home/jayaaraju/waiter_robot_ws/install/waiter_tree/share/waiter_tree/waiter_tree/log/COLCON_IGNORE
[3.089s] -- Up-to-date symlink: /home/jayaaraju/waiter_robot_ws/install/waiter_tree/share/waiter_tree/waiter_tree/log/build_2024-07-23_00-35-50/events.log
[3.090s] -- Up-to-date symlink: /home/jayaaraju/waiter_robot_ws/install/waiter_tree/share/waiter_tree/waiter_tree/log/build_2024-07-23_00-35-50/logger_all.log
[3.090s] -- Up-to-date symlink: /home/jayaaraju/waiter_robot_ws/install/waiter_tree/share/waiter_tree/waiter_tree/log/build_2024-07-23_00-36-03/events.log
[3.090s] -- Up-to-date symlink: /home/jayaaraju/waiter_robot_ws/install/waiter_tree/share/waiter_tree/waiter_tree/log/build_2024-07-23_00-36-03/logger_all.log
[3.092s] -- Up-to-date symlink: /home/jayaaraju/waiter_robot_ws/install/waiter_tree/share/waiter_tree/waiter_tree/log/latest/events.log
[3.094s] -- Up-to-date symlink: /home/jayaaraju/waiter_robot_ws/install/waiter_tree/share/waiter_tree/waiter_tree/log/latest/logger_all.log
[3.096s] -- Up-to-date symlink: /home/jayaaraju/waiter_robot_ws/install/waiter_tree/share/waiter_tree/waiter_tree/log/latest_build/events.log
[3.099s] -- Up-to-date symlink: /home/jayaaraju/waiter_robot_ws/install/waiter_tree/share/waiter_tree/waiter_tree/log/latest_build/logger_all.log
[3.100s] -- Up-to-date symlink: /home/jayaaraju/waiter_robot_ws/install/waiter_tree/share/waiter_tree/waiter_tree/order_detected.yaml
[3.100s] -- Up-to-date symlink: /home/jayaaraju/waiter_robot_ws/install/waiter_tree/share/waiter_tree/waiter_tree/order_detection_node.py
[3.100s] -- Up-to-date symlink: /home/jayaaraju/waiter_robot_ws/install/waiter_tree/share/waiter_tree/worlds/hotel_world.world
[3.101s] -- Up-to-date symlink: /home/jayaaraju/waiter_robot_ws/install/waiter_tree/share/waiter_tree/urdf/camera.xacro
[3.103s] -- Up-to-date symlink: /home/jayaaraju/waiter_robot_ws/install/waiter_tree/share/waiter_tree/urdf/gazebo_control.xacro
[3.108s] -- Up-to-date symlink: /home/jayaaraju/waiter_robot_ws/install/waiter_tree/share/waiter_tree/urdf/inertial_macros.xacro
[3.109s] -- Up-to-date symlink: /home/jayaaraju/waiter_robot_ws/install/waiter_tree/share/waiter_tree/urdf/lidar.xacro
[3.109s] -- Up-to-date symlink: /home/jayaaraju/waiter_robot_ws/install/waiter_tree/share/waiter_tree/urdf/nav_test.gazebo.xacro
[3.110s] -- Up-to-date symlink: /home/jayaaraju/waiter_robot_ws/install/waiter_tree/share/waiter_tree/urdf/robot_core.xacro
[3.111s] -- Up-to-date symlink: /home/jayaaraju/waiter_robot_ws/install/waiter_tree/share/waiter_tree/urdf/robot_urdf.xacro
[3.113s] -- Up-to-date symlink: /home/jayaaraju/waiter_robot_ws/install/waiter_tree/share/waiter_tree/urdf/ros2_control.xacro
[3.113s] -- Up-to-date symlink: /home/jayaaraju/waiter_robot_ws/install/waiter_tree/share/waiter_tree/launch/joystick_launch.py
[3.114s] -- Up-to-date symlink: /home/jayaaraju/waiter_robot_ws/install/waiter_tree/share/waiter_tree/launch/rsp_launch.py
[3.116s] -- Up-to-date symlink: /home/jayaaraju/waiter_robot_ws/install/waiter_tree/share/waiter_tree/launch/rviz2_launch.py
[3.116s] -- Up-to-date symlink: /home/jayaaraju/waiter_robot_ws/install/waiter_tree/share/waiter_tree/launch/simulation_launch.py
[3.117s] -- Up-to-date symlink: /home/jayaaraju/waiter_robot_ws/install/waiter_tree/share/waiter_tree/launch/waiter_tree_launch.py
[3.117s] -- Up-to-date symlink: /home/jayaaraju/waiter_robot_ws/install/waiter_tree/share/waiter_tree/scripts/motor_controller.py
[3.117s] -- Up-to-date symlink: /home/jayaaraju/waiter_robot_ws/install/waiter_tree/share/waiter_tree/scripts/waiter_robot_bt.py
[3.117s] -- Up-to-date symlink: /home/jayaaraju/waiter_robot_ws/install/waiter_tree/share/waiter_tree/environment/pythonpath.sh
[3.118s] -- Up-to-date symlink: /home/jayaaraju/waiter_robot_ws/install/waiter_tree/share/waiter_tree/environment/pythonpath.dsv
[3.118s] -- Up-to-date symlink: /home/jayaaraju/waiter_robot_ws/install/waiter_tree/local/lib/python3.10/dist-packages/waiter_tree-0.0.0-py3.10.egg-info/PKG-INFO
[3.118s] -- Up-to-date symlink: /home/jayaaraju/waiter_robot_ws/install/waiter_tree/local/lib/python3.10/dist-packages/waiter_tree-0.0.0-py3.10.egg-info/SOURCES.txt
[3.118s] -- Up-to-date symlink: /home/jayaaraju/waiter_robot_ws/install/waiter_tree/local/lib/python3.10/dist-packages/waiter_tree-0.0.0-py3.10.egg-info/dependency_links.txt
[3.119s] -- Up-to-date symlink: /home/jayaaraju/waiter_robot_ws/install/waiter_tree/local/lib/python3.10/dist-packages/waiter_tree-0.0.0-py3.10.egg-info/top_level.txt
[3.119s] [33mCMake Warning (dev) at ament_cmake_symlink_install/ament_cmake_symlink_install.cmake:62 (file):
[3.119s]   Policy CMP0009 is not set: FILE GLOB_RECURSE calls should not follow
[3.119s]   symlinks by default.  Run "cmake --help-policy CMP0009" for policy details.
[3.120s]   Use the cmake_policy command to set the policy and suppress this warning.
[3.120s] Call Stack (most recent call first):
[3.120s]   ament_cmake_symlink_install/ament_cmake_symlink_install.cmake:326 (ament_cmake_symlink_install_directory)
[3.120s]   cmake_install.cmake:46 (include)
[3.120s] This warning is for project developers.  Use -Wno-dev to suppress it.
[3.121s] [0m
[3.121s] [33mCMake Warning (dev) at ament_cmake_symlink_install/ament_cmake_symlink_install.cmake:73 (file):
[3.121s]   Policy CMP0009 is not set: FILE GLOB_RECURSE calls should not follow
[3.121s]   symlinks by default.  Run "cmake --help-policy CMP0009" for policy details.
[3.121s]   Use the cmake_policy command to set the policy and suppress this warning.
[3.121s] Call Stack (most recent call first):
[3.122s]   ament_cmake_symlink_install/ament_cmake_symlink_install.cmake:326 (ament_cmake_symlink_install_directory)
[3.122s]   cmake_install.cmake:46 (include)
[3.122s] This warning is for project developers.  Use -Wno-dev to suppress it.
[3.122s] [0m
[3.123s] [33mCMake Warning (dev) at ament_cmake_symlink_install/ament_cmake_symlink_install.cmake:73 (file):
[3.123s]   Policy CMP0009 is not set: FILE GLOB_RECURSE calls should not follow
[3.123s]   symlinks by default.  Run "cmake --help-policy CMP0009" for policy details.
[3.123s]   Use the cmake_policy command to set the policy and suppress this warning.
[3.123s] Call Stack (most recent call first):
[3.123s]   ament_cmake_symlink_install/ament_cmake_symlink_install.cmake:326 (ament_cmake_symlink_install_directory)
[3.124s]   cmake_install.cmake:46 (include)
[3.124s] This warning is for project developers.  Use -Wno-dev to suppress it.
[3.124s] [0m
[3.124s] -- Up-to-date symlink: /home/jayaaraju/waiter_robot_ws/install/waiter_tree/local/lib/python3.10/dist-packages/waiter_tree/__init__.py
[3.124s] -- Up-to-date symlink: /home/jayaaraju/waiter_robot_ws/install/waiter_tree/local/lib/python3.10/dist-packages/waiter_tree/build/.built_by
[3.124s] -- Up-to-date symlink: /home/jayaaraju/waiter_robot_ws/install/waiter_tree/local/lib/python3.10/dist-packages/waiter_tree/build/COLCON_IGNORE
[3.124s] -- Up-to-date symlink: /home/jayaaraju/waiter_robot_ws/install/waiter_tree/local/lib/python3.10/dist-packages/waiter_tree/confirmations.yaml
[3.124s] -- Up-to-date symlink: /home/jayaaraju/waiter_robot_ws/install/waiter_tree/local/lib/python3.10/dist-packages/waiter_tree/install/.colcon_install_layout
[3.124s] -- Up-to-date symlink: /home/jayaaraju/waiter_robot_ws/install/waiter_tree/local/lib/python3.10/dist-packages/waiter_tree/install/COLCON_IGNORE
[3.125s] -- Up-to-date symlink: /home/jayaaraju/waiter_robot_ws/install/waiter_tree/local/lib/python3.10/dist-packages/waiter_tree/install/_local_setup_util_ps1.py
[3.125s] -- Up-to-date symlink: /home/jayaaraju/waiter_robot_ws/install/waiter_tree/local/lib/python3.10/dist-packages/waiter_tree/install/_local_setup_util_sh.py
[3.125s] -- Up-to-date symlink: /home/jayaaraju/waiter_robot_ws/install/waiter_tree/local/lib/python3.10/dist-packages/waiter_tree/install/local_setup.bash
[3.125s] -- Up-to-date symlink: /home/jayaaraju/waiter_robot_ws/install/waiter_tree/local/lib/python3.10/dist-packages/waiter_tree/install/local_setup.ps1
[3.125s] -- Up-to-date symlink: /home/jayaaraju/waiter_robot_ws/install/waiter_tree/local/lib/python3.10/dist-packages/waiter_tree/install/local_setup.sh
[3.125s] -- Up-to-date symlink: /home/jayaaraju/waiter_robot_ws/install/waiter_tree/local/lib/python3.10/dist-packages/waiter_tree/install/local_setup.zsh
[3.125s] -- Up-to-date symlink: /home/jayaaraju/waiter_robot_ws/install/waiter_tree/local/lib/python3.10/dist-packages/waiter_tree/install/setup.bash
[3.125s] -- Up-to-date symlink: /home/jayaaraju/waiter_robot_ws/install/waiter_tree/local/lib/python3.10/dist-packages/waiter_tree/install/setup.ps1
[3.126s] -- Up-to-date symlink: /home/jayaaraju/waiter_robot_ws/install/waiter_tree/local/lib/python3.10/dist-packages/waiter_tree/install/setup.sh
[3.126s] -- Up-to-date symlink: /home/jayaaraju/waiter_robot_ws/install/waiter_tree/local/lib/python3.10/dist-packages/waiter_tree/install/setup.zsh
[3.126s] -- Up-to-date symlink: /home/jayaaraju/waiter_robot_ws/install/waiter_tree/local/lib/python3.10/dist-packages/waiter_tree/log/COLCON_IGNORE
[3.126s] -- Up-to-date symlink: /home/jayaaraju/waiter_robot_ws/install/waiter_tree/local/lib/python3.10/dist-packages/waiter_tree/log/build_2024-07-23_00-35-50/events.log
[3.126s] -- Up-to-date symlink: /home/jayaaraju/waiter_robot_ws/install/waiter_tree/local/lib/python3.10/dist-packages/waiter_tree/log/build_2024-07-23_00-35-50/logger_all.log
[3.126s] -- Up-to-date symlink: /home/jayaaraju/waiter_robot_ws/install/waiter_tree/local/lib/python3.10/dist-packages/waiter_tree/log/build_2024-07-23_00-36-03/events.log
[3.126s] -- Up-to-date symlink: /home/jayaaraju/waiter_robot_ws/install/waiter_tree/local/lib/python3.10/dist-packages/waiter_tree/log/build_2024-07-23_00-36-03/logger_all.log
[3.126s] -- Up-to-date symlink: /home/jayaaraju/waiter_robot_ws/install/waiter_tree/local/lib/python3.10/dist-packages/waiter_tree/log/latest/events.log
[3.127s] -- Up-to-date symlink: /home/jayaaraju/waiter_robot_ws/install/waiter_tree/local/lib/python3.10/dist-packages/waiter_tree/log/latest/logger_all.log
[3.127s] -- Up-to-date symlink: /home/jayaaraju/waiter_robot_ws/install/waiter_tree/local/lib/python3.10/dist-packages/waiter_tree/log/latest_build/events.log
[3.127s] -- Up-to-date symlink: /home/jayaaraju/waiter_robot_ws/install/waiter_tree/local/lib/python3.10/dist-packages/waiter_tree/log/latest_build/logger_all.log
[3.127s] -- Up-to-date symlink: /home/jayaaraju/waiter_robot_ws/install/waiter_tree/local/lib/python3.10/dist-packages/waiter_tree/order_detected.yaml
[3.127s] -- Up-to-date symlink: /home/jayaaraju/waiter_robot_ws/install/waiter_tree/local/lib/python3.10/dist-packages/waiter_tree/order_detection_node.py
[3.127s] -- Up-to-date symlink: /home/jayaaraju/waiter_robot_ws/install/waiter_tree/lib/waiter_tree/waiter_robot_bt.py
[3.128s] -- Up-to-date symlink: /home/jayaaraju/waiter_robot_ws/install/waiter_tree/lib/waiter_tree/motor_controller.py
[3.128s] -- Up-to-date symlink: /home/jayaaraju/waiter_robot_ws/install/waiter_tree/share/ament_index/resource_index/package_run_dependencies/waiter_tree
[3.128s] -- Up-to-date symlink: /home/jayaaraju/waiter_robot_ws/install/waiter_tree/share/ament_index/resource_index/parent_prefix_path/waiter_tree
[3.128s] -- Up-to-date symlink: /home/jayaaraju/waiter_robot_ws/install/waiter_tree/share/waiter_tree/environment/ament_prefix_path.sh
[3.128s] -- Up-to-date symlink: /home/jayaaraju/waiter_robot_ws/install/waiter_tree/share/waiter_tree/environment/ament_prefix_path.dsv
[3.128s] -- Up-to-date symlink: /home/jayaaraju/waiter_robot_ws/install/waiter_tree/share/waiter_tree/environment/path.sh
[3.129s] -- Up-to-date symlink: /home/jayaaraju/waiter_robot_ws/install/waiter_tree/share/waiter_tree/environment/path.dsv
[3.129s] -- Up-to-date symlink: /home/jayaaraju/waiter_robot_ws/install/waiter_tree/share/waiter_tree/local_setup.bash
[3.129s] -- Up-to-date symlink: /home/jayaaraju/waiter_robot_ws/install/waiter_tree/share/waiter_tree/local_setup.sh
[3.129s] -- Up-to-date symlink: /home/jayaaraju/waiter_robot_ws/install/waiter_tree/share/waiter_tree/local_setup.zsh
[3.129s] -- Up-to-date symlink: /home/jayaaraju/waiter_robot_ws/install/waiter_tree/share/waiter_tree/local_setup.dsv
[3.129s] -- Symlinking: /home/jayaaraju/waiter_robot_ws/install/waiter_tree/share/waiter_tree/package.dsv
[3.144s] -- Up-to-date symlink: /home/jayaaraju/waiter_robot_ws/install/waiter_tree/share/ament_index/resource_index/packages/waiter_tree
[3.145s] -- Up-to-date symlink: /home/jayaaraju/waiter_robot_ws/install/waiter_tree/share/waiter_tree/cmake/waiter_treeConfig.cmake
[3.145s] -- Up-to-date symlink: /home/jayaaraju/waiter_robot_ws/install/waiter_tree/share/waiter_tree/cmake/waiter_treeConfig-version.cmake
[3.145s] -- Up-to-date symlink: /home/jayaaraju/waiter_robot_ws/install/waiter_tree/share/waiter_tree/package.xml
[3.263s] Listing '/home/jayaaraju/waiter_robot_ws/install/waiter_tree/local/lib/python3.10/dist-packages/waiter_tree'...
[3.263s] Listing '/home/jayaaraju/waiter_robot_ws/install/waiter_tree/local/lib/python3.10/dist-packages/waiter_tree/build'...
[3.263s] Listing '/home/jayaaraju/waiter_robot_ws/install/waiter_tree/local/lib/python3.10/dist-packages/waiter_tree/install'...
[3.263s] Listing '/home/jayaaraju/waiter_robot_ws/install/waiter_tree/local/lib/python3.10/dist-packages/waiter_tree/log'...
[3.264s] Listing '/home/jayaaraju/waiter_robot_ws/install/waiter_tree/local/lib/python3.10/dist-packages/waiter_tree/log/build_2024-07-23_00-35-50'...
[3.264s] Listing '/home/jayaaraju/waiter_robot_ws/install/waiter_tree/local/lib/python3.10/dist-packages/waiter_tree/log/build_2024-07-23_00-36-03'...
[3.264s] Listing '/home/jayaaraju/waiter_robot_ws/install/waiter_tree/local/lib/python3.10/dist-packages/waiter_tree/log/latest'...
[3.264s] Listing '/home/jayaaraju/waiter_robot_ws/install/waiter_tree/local/lib/python3.10/dist-packages/waiter_tree/log/latest_build'...
[3.276s] Invoked command in '/home/jayaaraju/waiter_robot_ws/build/waiter_tree' returned '0': CMAKE_PREFIX_PATH=/home/jayaaraju/waiter_robot_ws/install/waiter_tree:/home/jayaaraju/waiter_robot_ws/install/ros2_mapping:/home/jayaaraju/waiter_robot_ws/install/prototype:/home/jayaaraju/waiter_robot_ws/install/navigator_planner:/home/jayaaraju/code_ws/install/udemy:/home/jayaaraju/nav_ws/install/sattva_bot:/home/jayaaraju/nav_ws/install/ros2_mapping:/home/jayaaraju/nav_ws/install/opennav_docking:/home/jayaaraju/main_ws/install/two_wheeled_robot:/home/jayaaraju/main_ws/install/sllidar_ros2:/home/jayaaraju/main_ws/install/ros2_control_test_assets:/home/jayaaraju/main_ws/install/ros2_control_demo_description:/home/jayaaraju/main_ws/install/my_own_robot:/home/jayaaraju/proto_ws/install/sattva_bot:/home/jayaaraju/proto_ws/install/prototype:/home/jayaaraju/proto_ws/install/pallet_loader:/home/jayaaraju/waiter_robot_ws/install/py_trees_ros_tutorials:/home/jayaaraju/ros2_ws/install/my_robot_controller:/home/jayaaraju/ros2_ws/src/install/my_robot_controller:/home/jayaaraju/pallet_ws/install/yolov5_ros:/opt/ros/humble:/home/jayaaraju/pallet_ws/install/serial:/home/jayaaraju/pallet_ws/install/pallet_loader:/home/jayaaraju/pallet_ws/install/bboxes_ex_msgs /usr/bin/cmake --install /home/jayaaraju/waiter_robot_ws/build/waiter_tree
