[0.055s] Invoking command in '/home/jayaaraju/waiter_robot_ws/src/build/serial': /usr/bin/cmake /home/jayaaraju/waiter_robot_ws/src/serial_driver -DCATKIN_INSTALL_INTO_PREFIX_ROOT=0 -DCATKIN_SYMLINK_INSTALL=ON -DCMAKE_INSTALL_PREFIX=/home/jayaaraju/waiter_robot_ws/src/install/serial
[0.647s] -- The C compiler identification is GNU 11.4.0
[0.648s] -- The CXX compiler identification is GNU 11.4.0
[0.648s] -- Detecting C compiler ABI info
[0.648s] -- Detecting C compiler ABI info - done
[0.648s] -- Check for working C compiler: /usr/bin/cc - skipped
[0.648s] -- Detecting C compile features
[0.648s] -- Detecting C compile features - done
[0.649s] -- Detecting CXX compiler ABI info
[0.649s] -- Detecting CXX compiler ABI info - done
[0.649s] -- Check for working CXX compiler: /usr/bin/c++ - skipped
[0.649s] -- Detecting CXX compile features
[0.649s] -- Detecting CXX compile features - done
[0.649s] -- Found ament_cmake: 1.3.9 (/opt/ros/humble/share/ament_cmake/cmake)
[0.857s] -- Found Python3: /usr/bin/python3 (found version "3.10.12") found components: Interpreter 
[1.054s] -- Found rclcpp: 16.0.9 (/opt/ros/humble/share/rclcpp/cmake)
[1.154s] -- Found rosidl_generator_c: 3.1.5 (/opt/ros/humble/share/rosidl_generator_c/cmake)
[1.169s] -- Found rosidl_adapter: 3.1.5 (/opt/ros/humble/share/rosidl_adapter/cmake)
[1.192s] -- Found rosidl_generator_cpp: 3.1.5 (/opt/ros/humble/share/rosidl_generator_cpp/cmake)
[1.224s] -- Using all available rosidl_typesupport_c: rosidl_typesupport_fastrtps_c;rosidl_typesupport_introspection_c
[1.276s] -- Using all available rosidl_typesupport_cpp: rosidl_typesupport_fastrtps_cpp;rosidl_typesupport_introspection_cpp
[1.468s] -- Found rmw_implementation_cmake: 6.1.2 (/opt/ros/humble/share/rmw_implementation_cmake/cmake)
[1.475s] -- Found rmw_cyclonedds_cpp: 1.3.4 (/opt/ros/humble/share/rmw_cyclonedds_cpp/cmake)
[1.527s] -- Using RMW implementation 'rmw_cyclonedds_cpp' as default
[1.543s] -- Looking for pthread.h
[1.627s] -- Looking for pthread.h - found
[1.627s] -- Performing Test CMAKE_HAVE_LIBC_PTHREAD
[1.732s] -- Performing Test CMAKE_HAVE_LIBC_PTHREAD - Success
[1.734s] -- Found Threads: TRUE  
[2.120s] -- Configuring done
[2.132s] -- Generating done
[2.136s] [33mCMake Warning:
[2.136s]   Manually-specified variables were not used by the project:
[2.136s] 
[2.136s]     CATKIN_INSTALL_INTO_PREFIX_ROOT
[2.136s]     CATKIN_SYMLINK_INSTALL
[2.136s] 
[2.137s] [0m
[2.137s] -- Build files have been written to: /home/jayaaraju/waiter_robot_ws/src/build/serial
[2.152s] Invoked command in '/home/jayaaraju/waiter_robot_ws/src/build/serial' returned '0': /usr/bin/cmake /home/jayaaraju/waiter_robot_ws/src/serial_driver -DCATKIN_INSTALL_INTO_PREFIX_ROOT=0 -DCATKIN_SYMLINK_INSTALL=ON -DCMAKE_INSTALL_PREFIX=/home/jayaaraju/waiter_robot_ws/src/install/serial
[2.154s] Invoking command in '/home/jayaaraju/waiter_robot_ws/src/build/serial': /usr/bin/cmake --build /home/jayaaraju/waiter_robot_ws/src/build/serial -- -j8 -l8
[2.228s] [ 16%] [32mBuilding CXX object CMakeFiles/serial.dir/src/impl/list_ports/list_ports_linux.cc.o[0m
[2.228s] [ 33%] [32mBuilding CXX object CMakeFiles/serial.dir/src/impl/unix.cc.o[0m
[2.231s] [ 50%] [32mBuilding CXX object CMakeFiles/serial.dir/src/serial.cc.o[0m
[3.263s] [ 66%] [32m[1mLinking CXX static library libserial.a[0m
[3.361s] [ 66%] Built target serial
[3.388s] [ 83%] [32mBuilding CXX object CMakeFiles/serial_example.dir/examples/serial_example.cc.o[0m
[3.793s] [100%] [32m[1mLinking CXX executable serial_example[0m
[3.921s] [100%] Built target serial_example
[3.937s] Invoked command in '/home/jayaaraju/waiter_robot_ws/src/build/serial' returned '0': /usr/bin/cmake --build /home/jayaaraju/waiter_robot_ws/src/build/serial -- -j8 -l8
[4.024s] Invoking command in '/home/jayaaraju/waiter_robot_ws/src/build/serial': /usr/bin/cmake --install /home/jayaaraju/waiter_robot_ws/src/build/serial
[4.031s] -- Install configuration: ""
[4.032s] -- Installing: /home/jayaaraju/waiter_robot_ws/src/install/serial/share/serial/environment/library_path.sh
[4.032s] -- Installing: /home/jayaaraju/waiter_robot_ws/src/install/serial/share/serial/environment/library_path.dsv
[4.032s] -- Installing: /home/jayaaraju/waiter_robot_ws/src/install/serial/include/serial
[4.032s] -- Installing: /home/jayaaraju/waiter_robot_ws/src/install/serial/include/serial/serial.h
[4.032s] -- Installing: /home/jayaaraju/waiter_robot_ws/src/install/serial/include/serial/v8stdint.h
[4.032s] -- Installing: /home/jayaaraju/waiter_robot_ws/src/install/serial/include/serial/impl
[4.032s] -- Installing: /home/jayaaraju/waiter_robot_ws/src/install/serial/include/serial/impl/unix.h
[4.033s] -- Installing: /home/jayaaraju/waiter_robot_ws/src/install/serial/include/serial/impl/win.h
[4.033s] -- Installing: /home/jayaaraju/waiter_robot_ws/src/install/serial/lib/libserial.a
[4.033s] -- Up-to-date: /home/jayaaraju/waiter_robot_ws/src/install/serial/include/serial/serial.h
[4.034s] -- Up-to-date: /home/jayaaraju/waiter_robot_ws/src/install/serial/include/serial/v8stdint.h
[4.034s] -- Installing: /home/jayaaraju/waiter_robot_ws/src/install/serial/share/ament_index/resource_index/package_run_dependencies/serial
[4.034s] -- Installing: /home/jayaaraju/waiter_robot_ws/src/install/serial/share/ament_index/resource_index/parent_prefix_path/serial
[4.034s] -- Installing: /home/jayaaraju/waiter_robot_ws/src/install/serial/share/serial/environment/ament_prefix_path.sh
[4.034s] -- Installing: /home/jayaaraju/waiter_robot_ws/src/install/serial/share/serial/environment/ament_prefix_path.dsv
[4.035s] -- Installing: /home/jayaaraju/waiter_robot_ws/src/install/serial/share/serial/environment/path.sh
[4.035s] -- Installing: /home/jayaaraju/waiter_robot_ws/src/install/serial/share/serial/environment/path.dsv
[4.036s] -- Installing: /home/jayaaraju/waiter_robot_ws/src/install/serial/share/serial/local_setup.bash
[4.036s] -- Installing: /home/jayaaraju/waiter_robot_ws/src/install/serial/share/serial/local_setup.sh
[4.036s] -- Installing: /home/jayaaraju/waiter_robot_ws/src/install/serial/share/serial/local_setup.zsh
[4.036s] -- Installing: /home/jayaaraju/waiter_robot_ws/src/install/serial/share/serial/local_setup.dsv
[4.036s] -- Installing: /home/jayaaraju/waiter_robot_ws/src/install/serial/share/serial/package.dsv
[4.036s] -- Installing: /home/jayaaraju/waiter_robot_ws/src/install/serial/share/ament_index/resource_index/packages/serial
[4.037s] -- Installing: /home/jayaaraju/waiter_robot_ws/src/install/serial/share/serial/cmake/serialExport.cmake
[4.037s] -- Installing: /home/jayaaraju/waiter_robot_ws/src/install/serial/share/serial/cmake/serialExport-noconfig.cmake
[4.037s] -- Installing: /home/jayaaraju/waiter_robot_ws/src/install/serial/share/serial/cmake/ament_cmake_export_targets-extras.cmake
[4.037s] -- Installing: /home/jayaaraju/waiter_robot_ws/src/install/serial/share/serial/cmake/ament_cmake_export_include_directories-extras.cmake
[4.037s] -- Installing: /home/jayaaraju/waiter_robot_ws/src/install/serial/share/serial/cmake/ament_cmake_export_libraries-extras.cmake
[4.037s] -- Installing: /home/jayaaraju/waiter_robot_ws/src/install/serial/share/serial/cmake/ament_cmake_export_dependencies-extras.cmake
[4.038s] -- Installing: /home/jayaaraju/waiter_robot_ws/src/install/serial/share/serial/cmake/serialConfig.cmake
[4.038s] -- Installing: /home/jayaaraju/waiter_robot_ws/src/install/serial/share/serial/cmake/serialConfig-version.cmake
[4.038s] -- Installing: /home/jayaaraju/waiter_robot_ws/src/install/serial/share/serial/package.xml
[4.041s] Invoked command in '/home/jayaaraju/waiter_robot_ws/src/build/serial' returned '0': /usr/bin/cmake --install /home/jayaaraju/waiter_robot_ws/src/build/serial
