[0.390s] DEBUG:colcon:Command line arguments: ['/usr/bin/colcon', 'list', '-p', '--base-paths', '/home/jayaaraju/waiter_robot_ws']
[0.391s] DEBUG:colcon:Parsed command line arguments: Namespace(log_base=None, log_level=None, verb_name='list', build_base='build', ignore_user_meta=False, metas=['./colcon.meta'], base_paths=['/home/jayaaraju/waiter_robot_ws'], packages_ignore=None, packages_ignore_regex=None, paths=None, packages_up_to=None, packages_up_to_regex=None, packages_above=None, packages_above_and_dependencies=None, packages_above_depth=None, packages_select_by_dep=None, packages_skip_by_dep=None, packages_skip_up_to=None, packages_select_build_failed=False, packages_skip_build_finished=False, packages_select_test_failures=False, packages_skip_test_passed=False, packages_select=None, packages_skip=None, packages_select_regex=None, packages_skip_regex=None, packages_start=None, packages_end=None, allow_overriding=[], topological_order=False, names_only=False, paths_only=True, topological_graph=False, topological_graph_dot=False, topological_graph_density=False, topological_graph_legend=False, topological_graph_dot_cluster=False, topological_graph_dot_include_skipped=False, mixin_files=None, mixin=None, verb_parser=<colcon_mixin.mixin.mixin_argument.MixinArgumentDecorator object at 0x7b93b32366e0>, verb_extension=<colcon_package_information.verb.list.ListVerb object at 0x7b93b3235960>, main=<bound method ListVerb.main of <colcon_package_information.verb.list.ListVerb object at 0x7b93b3235960>>, mixin_verb=('list',))
[1.067s] Level 1:colcon.colcon_core.package_discovery:discover_packages(colcon_meta) check parameters
[1.067s] Level 1:colcon.colcon_core.package_discovery:discover_packages(recursive) check parameters
[1.067s] Level 1:colcon.colcon_core.package_discovery:discover_packages(ignore) check parameters
[1.067s] Level 1:colcon.colcon_core.package_discovery:discover_packages(path) check parameters
[1.067s] Level 1:colcon.colcon_core.package_discovery:discover_packages(recursive) discover
[1.068s] INFO:colcon.colcon_core.package_discovery:Crawling recursively for packages in '/home/jayaaraju/waiter_robot_ws'
[1.068s] Level 1:colcon.colcon_core.package_identification:_identify(/home/jayaaraju/waiter_robot_ws) by extensions ['ignore', 'ignore_ament_install']
[1.068s] Level 1:colcon.colcon_core.package_identification:_identify(/home/jayaaraju/waiter_robot_ws) by extension 'ignore'
[1.068s] Level 1:colcon.colcon_core.package_identification:_identify(/home/jayaaraju/waiter_robot_ws) by extension 'ignore_ament_install'
[1.069s] Level 1:colcon.colcon_core.package_identification:_identify(/home/jayaaraju/waiter_robot_ws) by extensions ['colcon_pkg']
[1.069s] Level 1:colcon.colcon_core.package_identification:_identify(/home/jayaaraju/waiter_robot_ws) by extension 'colcon_pkg'
[1.069s] Level 1:colcon.colcon_core.package_identification:_identify(/home/jayaaraju/waiter_robot_ws) by extensions ['colcon_meta']
[1.069s] Level 1:colcon.colcon_core.package_identification:_identify(/home/jayaaraju/waiter_robot_ws) by extension 'colcon_meta'
[1.069s] Level 1:colcon.colcon_core.package_identification:_identify(/home/jayaaraju/waiter_robot_ws) by extensions ['ros']
[1.069s] Level 1:colcon.colcon_core.package_identification:_identify(/home/jayaaraju/waiter_robot_ws) by extension 'ros'
[1.106s] Level 1:colcon.colcon_core.package_identification:_identify(/home/jayaaraju/waiter_robot_ws) by extensions ['cmake', 'python']
[1.106s] Level 1:colcon.colcon_core.package_identification:_identify(/home/jayaaraju/waiter_robot_ws) by extension 'cmake'
[1.106s] Level 1:colcon.colcon_core.package_identification:_identify(/home/jayaaraju/waiter_robot_ws) by extension 'python'
[1.106s] Level 1:colcon.colcon_core.package_identification:_identify(/home/jayaaraju/waiter_robot_ws) by extensions ['python_setup_py']
[1.107s] Level 1:colcon.colcon_core.package_identification:_identify(/home/jayaaraju/waiter_robot_ws) by extension 'python_setup_py'
[1.107s] Level 1:colcon.colcon_core.package_identification:_identify(/home/jayaaraju/waiter_robot_ws/log) by extensions ['ignore', 'ignore_ament_install']
[1.107s] Level 1:colcon.colcon_core.package_identification:_identify(/home/jayaaraju/waiter_robot_ws/log) by extension 'ignore'
[1.107s] Level 1:colcon.colcon_core.package_identification:_identify(/home/jayaaraju/waiter_robot_ws/log) ignored
[1.108s] Level 1:colcon.colcon_core.package_identification:_identify(/home/jayaaraju/waiter_robot_ws/src) by extensions ['ignore', 'ignore_ament_install']
[1.108s] Level 1:colcon.colcon_core.package_identification:_identify(/home/jayaaraju/waiter_robot_ws/src) by extension 'ignore'
[1.108s] Level 1:colcon.colcon_core.package_identification:_identify(/home/jayaaraju/waiter_robot_ws/src) by extension 'ignore_ament_install'
[1.108s] Level 1:colcon.colcon_core.package_identification:_identify(/home/jayaaraju/waiter_robot_ws/src) by extensions ['colcon_pkg']
[1.108s] Level 1:colcon.colcon_core.package_identification:_identify(/home/jayaaraju/waiter_robot_ws/src) by extension 'colcon_pkg'
[1.109s] Level 1:colcon.colcon_core.package_identification:_identify(/home/jayaaraju/waiter_robot_ws/src) by extensions ['colcon_meta']
[1.109s] Level 1:colcon.colcon_core.package_identification:_identify(/home/jayaaraju/waiter_robot_ws/src) by extension 'colcon_meta'
[1.109s] Level 1:colcon.colcon_core.package_identification:_identify(/home/jayaaraju/waiter_robot_ws/src) by extensions ['ros']
[1.109s] Level 1:colcon.colcon_core.package_identification:_identify(/home/jayaaraju/waiter_robot_ws/src) by extension 'ros'
[1.109s] Level 1:colcon.colcon_core.package_identification:_identify(/home/jayaaraju/waiter_robot_ws/src) by extensions ['cmake', 'python']
[1.109s] Level 1:colcon.colcon_core.package_identification:_identify(/home/jayaaraju/waiter_robot_ws/src) by extension 'cmake'
[1.109s] Level 1:colcon.colcon_core.package_identification:_identify(/home/jayaaraju/waiter_robot_ws/src) by extension 'python'
[1.109s] Level 1:colcon.colcon_core.package_identification:_identify(/home/jayaaraju/waiter_robot_ws/src) by extensions ['python_setup_py']
[1.110s] Level 1:colcon.colcon_core.package_identification:_identify(/home/jayaaraju/waiter_robot_ws/src) by extension 'python_setup_py'
[1.110s] Level 1:colcon.colcon_core.package_identification:_identify(/home/jayaaraju/waiter_robot_ws/src/build) by extensions ['ignore', 'ignore_ament_install']
[1.110s] Level 1:colcon.colcon_core.package_identification:_identify(/home/jayaaraju/waiter_robot_ws/src/build) by extension 'ignore'
[1.110s] Level 1:colcon.colcon_core.package_identification:_identify(/home/jayaaraju/waiter_robot_ws/src/build) by extension 'ignore_ament_install'
[1.110s] Level 1:colcon.colcon_core.package_identification:_identify(/home/jayaaraju/waiter_robot_ws/src/build) by extensions ['colcon_pkg']
[1.111s] Level 1:colcon.colcon_core.package_identification:_identify(/home/jayaaraju/waiter_robot_ws/src/build) by extension 'colcon_pkg'
[1.111s] Level 1:colcon.colcon_core.package_identification:_identify(/home/jayaaraju/waiter_robot_ws/src/build) by extensions ['colcon_meta']
[1.111s] Level 1:colcon.colcon_core.package_identification:_identify(/home/jayaaraju/waiter_robot_ws/src/build) by extension 'colcon_meta'
[1.111s] Level 1:colcon.colcon_core.package_identification:_identify(/home/jayaaraju/waiter_robot_ws/src/build) by extensions ['ros']
[1.111s] Level 1:colcon.colcon_core.package_identification:_identify(/home/jayaaraju/waiter_robot_ws/src/build) by extension 'ros'
[1.111s] Level 1:colcon.colcon_core.package_identification:_identify(/home/jayaaraju/waiter_robot_ws/src/build) by extensions ['cmake', 'python']
[1.111s] Level 1:colcon.colcon_core.package_identification:_identify(/home/jayaaraju/waiter_robot_ws/src/build) by extension 'cmake'
[1.112s] Level 1:colcon.colcon_core.package_identification:_identify(/home/jayaaraju/waiter_robot_ws/src/build) by extension 'python'
[1.112s] Level 1:colcon.colcon_core.package_identification:_identify(/home/jayaaraju/waiter_robot_ws/src/build) by extensions ['python_setup_py']
[1.112s] Level 1:colcon.colcon_core.package_identification:_identify(/home/jayaaraju/waiter_robot_ws/src/build) by extension 'python_setup_py'
[1.112s] Level 1:colcon.colcon_core.package_identification:_identify(/home/jayaaraju/waiter_robot_ws/src/navigator_planner) by extensions ['ignore', 'ignore_ament_install']
[1.113s] Level 1:colcon.colcon_core.package_identification:_identify(/home/jayaaraju/waiter_robot_ws/src/navigator_planner) by extension 'ignore'
[1.113s] Level 1:colcon.colcon_core.package_identification:_identify(/home/jayaaraju/waiter_robot_ws/src/navigator_planner) by extension 'ignore_ament_install'
[1.113s] Level 1:colcon.colcon_core.package_identification:_identify(/home/jayaaraju/waiter_robot_ws/src/navigator_planner) by extensions ['colcon_pkg']
[1.113s] Level 1:colcon.colcon_core.package_identification:_identify(/home/jayaaraju/waiter_robot_ws/src/navigator_planner) by extension 'colcon_pkg'
[1.113s] Level 1:colcon.colcon_core.package_identification:_identify(/home/jayaaraju/waiter_robot_ws/src/navigator_planner) by extensions ['colcon_meta']
[1.113s] Level 1:colcon.colcon_core.package_identification:_identify(/home/jayaaraju/waiter_robot_ws/src/navigator_planner) by extension 'colcon_meta'
[1.114s] Level 1:colcon.colcon_core.package_identification:_identify(/home/jayaaraju/waiter_robot_ws/src/navigator_planner) by extensions ['ros']
[1.114s] Level 1:colcon.colcon_core.package_identification:_identify(/home/jayaaraju/waiter_robot_ws/src/navigator_planner) by extension 'ros'
[1.123s] DEBUG:colcon.colcon_core.package_identification:Package '/home/jayaaraju/waiter_robot_ws/src/navigator_planner' with type 'ros.ament_cmake' and name 'navigator_planner'
[1.123s] Level 1:colcon.colcon_core.package_identification:_identify(/home/jayaaraju/waiter_robot_ws/src/prototype) by extensions ['ignore', 'ignore_ament_install']
[1.124s] Level 1:colcon.colcon_core.package_identification:_identify(/home/jayaaraju/waiter_robot_ws/src/prototype) by extension 'ignore'
[1.124s] Level 1:colcon.colcon_core.package_identification:_identify(/home/jayaaraju/waiter_robot_ws/src/prototype) by extension 'ignore_ament_install'
[1.124s] Level 1:colcon.colcon_core.package_identification:_identify(/home/jayaaraju/waiter_robot_ws/src/prototype) by extensions ['colcon_pkg']
[1.124s] Level 1:colcon.colcon_core.package_identification:_identify(/home/jayaaraju/waiter_robot_ws/src/prototype) by extension 'colcon_pkg'
[1.124s] Level 1:colcon.colcon_core.package_identification:_identify(/home/jayaaraju/waiter_robot_ws/src/prototype) by extensions ['colcon_meta']
[1.124s] Level 1:colcon.colcon_core.package_identification:_identify(/home/jayaaraju/waiter_robot_ws/src/prototype) by extension 'colcon_meta'
[1.125s] Level 1:colcon.colcon_core.package_identification:_identify(/home/jayaaraju/waiter_robot_ws/src/prototype) by extensions ['ros']
[1.125s] Level 1:colcon.colcon_core.package_identification:_identify(/home/jayaaraju/waiter_robot_ws/src/prototype) by extension 'ros'
[1.127s] DEBUG:colcon.colcon_core.package_identification:Package '/home/jayaaraju/waiter_robot_ws/src/prototype' with type 'ros.ament_cmake' and name 'prototype'
[1.128s] Level 1:colcon.colcon_core.package_identification:_identify(/home/jayaaraju/waiter_robot_ws/src/py_trees_ros_tutorials) by extensions ['ignore', 'ignore_ament_install']
[1.128s] Level 1:colcon.colcon_core.package_identification:_identify(/home/jayaaraju/waiter_robot_ws/src/py_trees_ros_tutorials) by extension 'ignore'
[1.128s] Level 1:colcon.colcon_core.package_identification:_identify(/home/jayaaraju/waiter_robot_ws/src/py_trees_ros_tutorials) by extension 'ignore_ament_install'
[1.128s] Level 1:colcon.colcon_core.package_identification:_identify(/home/jayaaraju/waiter_robot_ws/src/py_trees_ros_tutorials) by extensions ['colcon_pkg']
[1.128s] Level 1:colcon.colcon_core.package_identification:_identify(/home/jayaaraju/waiter_robot_ws/src/py_trees_ros_tutorials) by extension 'colcon_pkg'
[1.129s] Level 1:colcon.colcon_core.package_identification:_identify(/home/jayaaraju/waiter_robot_ws/src/py_trees_ros_tutorials) by extensions ['colcon_meta']
[1.129s] Level 1:colcon.colcon_core.package_identification:_identify(/home/jayaaraju/waiter_robot_ws/src/py_trees_ros_tutorials) by extension 'colcon_meta'
[1.129s] Level 1:colcon.colcon_core.package_identification:_identify(/home/jayaaraju/waiter_robot_ws/src/py_trees_ros_tutorials) by extensions ['ros']
[1.129s] Level 1:colcon.colcon_core.package_identification:_identify(/home/jayaaraju/waiter_robot_ws/src/py_trees_ros_tutorials) by extension 'ros'
[1.132s] DEBUG:colcon.colcon_core.package_identification:Package '/home/jayaaraju/waiter_robot_ws/src/py_trees_ros_tutorials' with type 'ros.ament_python' and name 'py_trees_ros_tutorials'
[1.132s] Level 1:colcon.colcon_core.package_identification:_identify(/home/jayaaraju/waiter_robot_ws/src/ros2_mapping) by extensions ['ignore', 'ignore_ament_install']
[1.133s] Level 1:colcon.colcon_core.package_identification:_identify(/home/jayaaraju/waiter_robot_ws/src/ros2_mapping) by extension 'ignore'
[1.133s] Level 1:colcon.colcon_core.package_identification:_identify(/home/jayaaraju/waiter_robot_ws/src/ros2_mapping) by extension 'ignore_ament_install'
[1.133s] Level 1:colcon.colcon_core.package_identification:_identify(/home/jayaaraju/waiter_robot_ws/src/ros2_mapping) by extensions ['colcon_pkg']
[1.133s] Level 1:colcon.colcon_core.package_identification:_identify(/home/jayaaraju/waiter_robot_ws/src/ros2_mapping) by extension 'colcon_pkg'
[1.134s] Level 1:colcon.colcon_core.package_identification:_identify(/home/jayaaraju/waiter_robot_ws/src/ros2_mapping) by extensions ['colcon_meta']
[1.134s] Level 1:colcon.colcon_core.package_identification:_identify(/home/jayaaraju/waiter_robot_ws/src/ros2_mapping) by extension 'colcon_meta'
[1.134s] Level 1:colcon.colcon_core.package_identification:_identify(/home/jayaaraju/waiter_robot_ws/src/ros2_mapping) by extensions ['ros']
[1.134s] Level 1:colcon.colcon_core.package_identification:_identify(/home/jayaaraju/waiter_robot_ws/src/ros2_mapping) by extension 'ros'
[1.137s] DEBUG:colcon.colcon_core.package_identification:Package '/home/jayaaraju/waiter_robot_ws/src/ros2_mapping' with type 'ros.ament_cmake' and name 'ros2_mapping'
[1.138s] Level 1:colcon.colcon_core.package_identification:_identify(/home/jayaaraju/waiter_robot_ws/src/waiter_tree) by extensions ['ignore', 'ignore_ament_install']
[1.138s] Level 1:colcon.colcon_core.package_identification:_identify(/home/jayaaraju/waiter_robot_ws/src/waiter_tree) by extension 'ignore'
[1.138s] Level 1:colcon.colcon_core.package_identification:_identify(/home/jayaaraju/waiter_robot_ws/src/waiter_tree) by extension 'ignore_ament_install'
[1.139s] Level 1:colcon.colcon_core.package_identification:_identify(/home/jayaaraju/waiter_robot_ws/src/waiter_tree) by extensions ['colcon_pkg']
[1.139s] Level 1:colcon.colcon_core.package_identification:_identify(/home/jayaaraju/waiter_robot_ws/src/waiter_tree) by extension 'colcon_pkg'
[1.139s] Level 1:colcon.colcon_core.package_identification:_identify(/home/jayaaraju/waiter_robot_ws/src/waiter_tree) by extensions ['colcon_meta']
[1.139s] Level 1:colcon.colcon_core.package_identification:_identify(/home/jayaaraju/waiter_robot_ws/src/waiter_tree) by extension 'colcon_meta'
[1.139s] Level 1:colcon.colcon_core.package_identification:_identify(/home/jayaaraju/waiter_robot_ws/src/waiter_tree) by extensions ['ros']
[1.139s] Level 1:colcon.colcon_core.package_identification:_identify(/home/jayaaraju/waiter_robot_ws/src/waiter_tree) by extension 'ros'
[1.147s] DEBUG:colcon.colcon_core.package_identification:Package '/home/jayaaraju/waiter_robot_ws/src/waiter_tree' with type 'ros.ament_cmake' and name 'waiter_tree'
[1.147s] Level 1:colcon.colcon_core.package_discovery:discover_packages(recursive) using defaults
