[3.464s] Invoking command in '/home/jayaaraju/waiter_robot_ws/build/py_trees_ros_tutorials': PYTHONPATH=/home/jayaaraju/waiter_robot_ws/build/py_trees_ros_tutorials/prefix_override:/usr/lib/python3/dist-packages/colcon_core/task/python/colcon_distutils_commands:/home/jayaaraju/waiter_robot_ws/install/py_trees_ros_tutorials/lib/python3.10/site-packages:${PYTHONPATH} /usr/bin/python3 -W ignore:setup.py install is deprecated setup.py develop --editable --build-directory /home/jayaaraju/waiter_robot_ws/build/py_trees_ros_tutorials/build --no-deps symlink_data
[3.561s] /home/jayaaraju/waiter_robot_ws/build/py_trees_ros_tutorials/setup.py:5: DeprecationWarning: The distutils package is deprecated and slated for removal in Python 3.12. Use setuptools or check PEP 632 for potential alternatives
[3.561s]   from distutils import log
[4.663s] running develop
[5.501s] redirecting scripts
[5.501s]   from: /home/jayaaraju/waiter_robot_ws/install/py_trees_ros_tutorials/bin
[5.501s]     to: /home/jayaaraju/waiter_robot_ws/install/py_trees_ros_tutorials/lib/py_trees_ros_tutorials
[5.501s] running egg_info
[5.501s] writing py_trees_ros_tutorials.egg-info/PKG-INFO
[5.502s] writing dependency_links to py_trees_ros_tutorials.egg-info/dependency_links.txt
[5.502s] writing entry points to py_trees_ros_tutorials.egg-info/entry_points.txt
[5.502s] writing top-level names to py_trees_ros_tutorials.egg-info/top_level.txt
[5.514s] reading manifest file 'py_trees_ros_tutorials.egg-info/SOURCES.txt'
[5.525s] writing manifest file 'py_trees_ros_tutorials.egg-info/SOURCES.txt'
[5.532s] running build_ext
[5.533s] Creating /home/jayaaraju/waiter_robot_ws/install/py_trees_ros_tutorials/lib/python3.10/site-packages/py-trees-ros-tutorials.egg-link (link to .)
[5.535s] Installing mock-battery script to /home/jayaaraju/waiter_robot_ws/install/py_trees_ros_tutorials/lib/py_trees_ros_tutorials
[5.535s] Installing mock-dashboard script to /home/jayaaraju/waiter_robot_ws/install/py_trees_ros_tutorials/lib/py_trees_ros_tutorials
[5.535s] Installing mock-dock-client script to /home/jayaaraju/waiter_robot_ws/install/py_trees_ros_tutorials/lib/py_trees_ros_tutorials
[5.536s] Installing mock-docking-controller script to /home/jayaaraju/waiter_robot_ws/install/py_trees_ros_tutorials/lib/py_trees_ros_tutorials
[5.536s] Installing mock-led-strip script to /home/jayaaraju/waiter_robot_ws/install/py_trees_ros_tutorials/lib/py_trees_ros_tutorials
[5.536s] Installing mock-move-base script to /home/jayaaraju/waiter_robot_ws/install/py_trees_ros_tutorials/lib/py_trees_ros_tutorials
[5.536s] Installing mock-move-base-client script to /home/jayaaraju/waiter_robot_ws/install/py_trees_ros_tutorials/lib/py_trees_ros_tutorials
[5.537s] Installing mock-rotate-client script to /home/jayaaraju/waiter_robot_ws/install/py_trees_ros_tutorials/lib/py_trees_ros_tutorials
[5.537s] Installing mock-rotation-controller script to /home/jayaaraju/waiter_robot_ws/install/py_trees_ros_tutorials/lib/py_trees_ros_tutorials
[5.537s] Installing mock-safety-sensors script to /home/jayaaraju/waiter_robot_ws/install/py_trees_ros_tutorials/lib/py_trees_ros_tutorials
[5.538s] Installing tree-action-clients script to /home/jayaaraju/waiter_robot_ws/install/py_trees_ros_tutorials/lib/py_trees_ros_tutorials
[5.538s] Installing tree-battery-check script to /home/jayaaraju/waiter_robot_ws/install/py_trees_ros_tutorials/lib/py_trees_ros_tutorials
[5.538s] Installing tree-context-switching script to /home/jayaaraju/waiter_robot_ws/install/py_trees_ros_tutorials/lib/py_trees_ros_tutorials
[5.538s] Installing tree-data-gathering script to /home/jayaaraju/waiter_robot_ws/install/py_trees_ros_tutorials/lib/py_trees_ros_tutorials
[5.539s] Installing tree-docking-cancelling-failing script to /home/jayaaraju/waiter_robot_ws/install/py_trees_ros_tutorials/lib/py_trees_ros_tutorials
[5.539s] Installing tree-dynamic-application-loading script to /home/jayaaraju/waiter_robot_ws/install/py_trees_ros_tutorials/lib/py_trees_ros_tutorials
[5.540s] 
[5.540s] Installed /home/jayaaraju/waiter_robot_ws/build/py_trees_ros_tutorials
[5.540s] running symlink_data
[5.679s] Invoked command in '/home/jayaaraju/waiter_robot_ws/build/py_trees_ros_tutorials' returned '0': PYTHONPATH=/home/jayaaraju/waiter_robot_ws/build/py_trees_ros_tutorials/prefix_override:/usr/lib/python3/dist-packages/colcon_core/task/python/colcon_distutils_commands:/home/jayaaraju/waiter_robot_ws/install/py_trees_ros_tutorials/lib/python3.10/site-packages:${PYTHONPATH} /usr/bin/python3 -W ignore:setup.py install is deprecated setup.py develop --editable --build-directory /home/jayaaraju/waiter_robot_ws/build/py_trees_ros_tutorials/build --no-deps symlink_data
