[3.486s] Invoking command in '/home/jayaaraju/waiter_robot_ws/build/waiter_tree': CMAKE_PREFIX_PATH=/home/jayaaraju/waiter_robot_ws/install/waiter_tree:/home/jayaaraju/waiter_robot_ws/install/ros2_mapping:/home/jayaaraju/waiter_robot_ws/install/prototype:/home/jayaaraju/waiter_robot_ws/install/navigator_planner:/home/jayaaraju/code_ws/install/udemy:/home/jayaaraju/nav_ws/install/sattva_bot:/home/jayaaraju/nav_ws/install/ros2_mapping:/home/jayaaraju/nav_ws/install/opennav_docking:/home/jayaaraju/main_ws/install/two_wheeled_robot:/home/jayaaraju/main_ws/install/sllidar_ros2:/home/jayaaraju/main_ws/install/ros2_control_test_assets:/home/jayaaraju/main_ws/install/ros2_control_demo_description:/home/jayaaraju/main_ws/install/my_own_robot:/home/jayaaraju/proto_ws/install/sattva_bot:/home/jayaaraju/proto_ws/install/prototype:/home/jayaaraju/proto_ws/install/pallet_loader:/home/jayaaraju/waiter_robot_ws/install/py_trees_ros_tutorials:/home/jayaaraju/ros2_ws/install/my_robot_controller:/home/jayaaraju/ros2_ws/src/install/my_robot_controller:/home/jayaaraju/pallet_ws/install/yolov5_ros:/opt/ros/humble:/home/jayaaraju/pallet_ws/install/serial:/home/jayaaraju/pallet_ws/install/pallet_loader:/home/jayaaraju/pallet_ws/install/bboxes_ex_msgs /usr/bin/cmake --build /home/jayaaraju/waiter_robot_ws/build/waiter_tree -- -j8 -l8
[3.936s] Built target ament_cmake_python_symlink_waiter_tree
[6.975s] running egg_info
[6.981s] writing waiter_tree.egg-info/PKG-INFO
[6.983s] writing dependency_links to waiter_tree.egg-info/dependency_links.txt
[6.984s] writing top-level names to waiter_tree.egg-info/top_level.txt
[7.010s] reading manifest file 'waiter_tree.egg-info/SOURCES.txt'
[7.018s] writing manifest file 'waiter_tree.egg-info/SOURCES.txt'
[7.213s] Built target ament_cmake_python_build_waiter_tree_egg
[7.301s] Invoked command in '/home/jayaaraju/waiter_robot_ws/build/waiter_tree' returned '0': CMAKE_PREFIX_PATH=/home/jayaaraju/waiter_robot_ws/install/waiter_tree:/home/jayaaraju/waiter_robot_ws/install/ros2_mapping:/home/jayaaraju/waiter_robot_ws/install/prototype:/home/jayaaraju/waiter_robot_ws/install/navigator_planner:/home/jayaaraju/code_ws/install/udemy:/home/jayaaraju/nav_ws/install/sattva_bot:/home/jayaaraju/nav_ws/install/ros2_mapping:/home/jayaaraju/nav_ws/install/opennav_docking:/home/jayaaraju/main_ws/install/two_wheeled_robot:/home/jayaaraju/main_ws/install/sllidar_ros2:/home/jayaaraju/main_ws/install/ros2_control_test_assets:/home/jayaaraju/main_ws/install/ros2_control_demo_description:/home/jayaaraju/main_ws/install/my_own_robot:/home/jayaaraju/proto_ws/install/sattva_bot:/home/jayaaraju/proto_ws/install/prototype:/home/jayaaraju/proto_ws/install/pallet_loader:/home/jayaaraju/waiter_robot_ws/install/py_trees_ros_tutorials:/home/jayaaraju/ros2_ws/install/my_robot_controller:/home/jayaaraju/ros2_ws/src/install/my_robot_controller:/home/jayaaraju/pallet_ws/install/yolov5_ros:/opt/ros/humble:/home/jayaaraju/pallet_ws/install/serial:/home/jayaaraju/pallet_ws/install/pallet_loader:/home/jayaaraju/pallet_ws/install/bboxes_ex_msgs /usr/bin/cmake --build /home/jayaaraju/waiter_robot_ws/build/waiter_tree -- -j8 -l8
[7.497s] Invoking command in '/home/jayaaraju/waiter_robot_ws/build/waiter_tree': CMAKE_PREFIX_PATH=/home/jayaaraju/waiter_robot_ws/install/waiter_tree:/home/jayaaraju/waiter_robot_ws/install/ros2_mapping:/home/jayaaraju/waiter_robot_ws/install/prototype:/home/jayaaraju/waiter_robot_ws/install/navigator_planner:/home/jayaaraju/code_ws/install/udemy:/home/jayaaraju/nav_ws/install/sattva_bot:/home/jayaaraju/nav_ws/install/ros2_mapping:/home/jayaaraju/nav_ws/install/opennav_docking:/home/jayaaraju/main_ws/install/two_wheeled_robot:/home/jayaaraju/main_ws/install/sllidar_ros2:/home/jayaaraju/main_ws/install/ros2_control_test_assets:/home/jayaaraju/main_ws/install/ros2_control_demo_description:/home/jayaaraju/main_ws/install/my_own_robot:/home/jayaaraju/proto_ws/install/sattva_bot:/home/jayaaraju/proto_ws/install/prototype:/home/jayaaraju/proto_ws/install/pallet_loader:/home/jayaaraju/waiter_robot_ws/install/py_trees_ros_tutorials:/home/jayaaraju/ros2_ws/install/my_robot_controller:/home/jayaaraju/ros2_ws/src/install/my_robot_controller:/home/jayaaraju/pallet_ws/install/yolov5_ros:/opt/ros/humble:/home/jayaaraju/pallet_ws/install/serial:/home/jayaaraju/pallet_ws/install/pallet_loader:/home/jayaaraju/pallet_ws/install/bboxes_ex_msgs /usr/bin/cmake --install /home/jayaaraju/waiter_robot_ws/build/waiter_tree
[7.551s] -- Install configuration: ""
[7.556s] -- Execute custom install script
[7.561s] -- Up-to-date symlink: /home/jayaaraju/waiter_robot_ws/install/waiter_tree/share/waiter_tree/config/controller_manager.yaml
[7.562s] -- Up-to-date symlink: /home/jayaaraju/waiter_robot_ws/install/waiter_tree/share/waiter_tree/config/ekf_map.yaml
[7.563s] -- Up-to-date symlink: /home/jayaaraju/waiter_robot_ws/install/waiter_tree/share/waiter_tree/config/gazebo_params.yaml
[7.564s] -- Up-to-date symlink: /home/jayaaraju/waiter_robot_ws/install/waiter_tree/share/waiter_tree/config/joystick.yaml
[7.567s] -- Up-to-date symlink: /home/jayaaraju/waiter_robot_ws/install/waiter_tree/share/waiter_tree/config/ros2_control.yaml
[7.575s] -- Up-to-date symlink: /home/jayaaraju/waiter_robot_ws/install/waiter_tree/share/waiter_tree/config/twist_mux.yaml
[7.576s] -- Up-to-date symlink: /home/jayaaraju/waiter_robot_ws/install/waiter_tree/share/waiter_tree/src/__init__.py
[7.577s] -- Up-to-date symlink: /home/jayaaraju/waiter_robot_ws/install/waiter_tree/share/waiter_tree/waiter_tree/__init__.py
[7.577s] -- Up-to-date symlink: /home/jayaaraju/waiter_robot_ws/install/waiter_tree/share/waiter_tree/waiter_tree/confirmations.yaml
[7.578s] -- Up-to-date symlink: /home/jayaaraju/waiter_robot_ws/install/waiter_tree/share/waiter_tree/waiter_tree/order_detected.yaml
[7.580s] -- Up-to-date symlink: /home/jayaaraju/waiter_robot_ws/install/waiter_tree/share/waiter_tree/waiter_tree/order_detection_node.py
[7.587s] -- Up-to-date symlink: /home/jayaaraju/waiter_robot_ws/install/waiter_tree/share/waiter_tree/worlds/hotel_world.world
[7.595s] -- Up-to-date symlink: /home/jayaaraju/waiter_robot_ws/install/waiter_tree/share/waiter_tree/urdf/camera.xacro
[7.596s] -- Up-to-date symlink: /home/jayaaraju/waiter_robot_ws/install/waiter_tree/share/waiter_tree/urdf/gazebo_control.xacro
[7.596s] -- Up-to-date symlink: /home/jayaaraju/waiter_robot_ws/install/waiter_tree/share/waiter_tree/urdf/inertial_macros.xacro
[7.597s] -- Up-to-date symlink: /home/jayaaraju/waiter_robot_ws/install/waiter_tree/share/waiter_tree/urdf/lidar.xacro
[7.598s] -- Up-to-date symlink: /home/jayaaraju/waiter_robot_ws/install/waiter_tree/share/waiter_tree/urdf/nav_test.gazebo.xacro
[7.599s] -- Up-to-date symlink: /home/jayaaraju/waiter_robot_ws/install/waiter_tree/share/waiter_tree/urdf/robot_core.xacro
[7.600s] -- Up-to-date symlink: /home/jayaaraju/waiter_robot_ws/install/waiter_tree/share/waiter_tree/urdf/robot_urdf.xacro
[7.601s] -- Up-to-date symlink: /home/jayaaraju/waiter_robot_ws/install/waiter_tree/share/waiter_tree/urdf/ros2_control.xacro
[7.603s] -- Up-to-date symlink: /home/jayaaraju/waiter_robot_ws/install/waiter_tree/share/waiter_tree/launch/joystick_launch.py
[7.604s] -- Up-to-date symlink: /home/jayaaraju/waiter_robot_ws/install/waiter_tree/share/waiter_tree/launch/rsp_launch.py
[7.605s] -- Up-to-date symlink: /home/jayaaraju/waiter_robot_ws/install/waiter_tree/share/waiter_tree/launch/rviz2_launch.py
[7.606s] -- Up-to-date symlink: /home/jayaaraju/waiter_robot_ws/install/waiter_tree/share/waiter_tree/launch/simulation_launch.py
[7.607s] -- Up-to-date symlink: /home/jayaaraju/waiter_robot_ws/install/waiter_tree/share/waiter_tree/launch/waiter_tree_launch.py
[7.610s] -- Up-to-date symlink: /home/jayaaraju/waiter_robot_ws/install/waiter_tree/share/waiter_tree/scripts/motor_controller.py
[7.611s] -- Up-to-date symlink: /home/jayaaraju/waiter_robot_ws/install/waiter_tree/share/waiter_tree/scripts/waiter_robot_bt.py
[7.615s] -- Up-to-date symlink: /home/jayaaraju/waiter_robot_ws/install/waiter_tree/share/waiter_tree/environment/pythonpath.sh
[7.615s] -- Up-to-date symlink: /home/jayaaraju/waiter_robot_ws/install/waiter_tree/share/waiter_tree/environment/pythonpath.dsv
[7.619s] -- Up-to-date symlink: /home/jayaaraju/waiter_robot_ws/install/waiter_tree/local/lib/python3.10/dist-packages/waiter_tree-0.0.0-py3.10.egg-info/PKG-INFO
[7.620s] -- Up-to-date symlink: /home/jayaaraju/waiter_robot_ws/install/waiter_tree/local/lib/python3.10/dist-packages/waiter_tree-0.0.0-py3.10.egg-info/SOURCES.txt
[7.622s] -- Up-to-date symlink: /home/jayaaraju/waiter_robot_ws/install/waiter_tree/local/lib/python3.10/dist-packages/waiter_tree-0.0.0-py3.10.egg-info/dependency_links.txt
[7.625s] -- Up-to-date symlink: /home/jayaaraju/waiter_robot_ws/install/waiter_tree/local/lib/python3.10/dist-packages/waiter_tree-0.0.0-py3.10.egg-info/top_level.txt
[7.633s] -- Up-to-date symlink: /home/jayaaraju/waiter_robot_ws/install/waiter_tree/local/lib/python3.10/dist-packages/waiter_tree/__init__.py
[7.635s] -- Up-to-date symlink: /home/jayaaraju/waiter_robot_ws/install/waiter_tree/local/lib/python3.10/dist-packages/waiter_tree/confirmations.yaml
[7.637s] -- Up-to-date symlink: /home/jayaaraju/waiter_robot_ws/install/waiter_tree/local/lib/python3.10/dist-packages/waiter_tree/order_detected.yaml
[7.639s] -- Up-to-date symlink: /home/jayaaraju/waiter_robot_ws/install/waiter_tree/local/lib/python3.10/dist-packages/waiter_tree/order_detection_node.py
[7.639s] -- Up-to-date symlink: /home/jayaaraju/waiter_robot_ws/install/waiter_tree/lib/waiter_tree/waiter_robot_bt.py
[7.641s] -- Up-to-date symlink: /home/jayaaraju/waiter_robot_ws/install/waiter_tree/lib/waiter_tree/motor_controller.py
[7.642s] -- Up-to-date symlink: /home/jayaaraju/waiter_robot_ws/install/waiter_tree/share/ament_index/resource_index/package_run_dependencies/waiter_tree
[7.643s] -- Up-to-date symlink: /home/jayaaraju/waiter_robot_ws/install/waiter_tree/share/ament_index/resource_index/parent_prefix_path/waiter_tree
[7.645s] -- Up-to-date symlink: /home/jayaaraju/waiter_robot_ws/install/waiter_tree/share/waiter_tree/environment/ament_prefix_path.sh
[7.647s] -- Up-to-date symlink: /home/jayaaraju/waiter_robot_ws/install/waiter_tree/share/waiter_tree/environment/ament_prefix_path.dsv
[7.653s] -- Up-to-date symlink: /home/jayaaraju/waiter_robot_ws/install/waiter_tree/share/waiter_tree/environment/path.sh
[7.654s] -- Up-to-date symlink: /home/jayaaraju/waiter_robot_ws/install/waiter_tree/share/waiter_tree/environment/path.dsv
[7.655s] -- Up-to-date symlink: /home/jayaaraju/waiter_robot_ws/install/waiter_tree/share/waiter_tree/local_setup.bash
[7.662s] -- Up-to-date symlink: /home/jayaaraju/waiter_robot_ws/install/waiter_tree/share/waiter_tree/local_setup.sh
[7.664s] -- Up-to-date symlink: /home/jayaaraju/waiter_robot_ws/install/waiter_tree/share/waiter_tree/local_setup.zsh
[7.664s] -- Up-to-date symlink: /home/jayaaraju/waiter_robot_ws/install/waiter_tree/share/waiter_tree/local_setup.dsv
[7.677s] -- Symlinking: /home/jayaaraju/waiter_robot_ws/install/waiter_tree/share/waiter_tree/package.dsv
[7.746s] -- Up-to-date symlink: /home/jayaaraju/waiter_robot_ws/install/waiter_tree/share/ament_index/resource_index/packages/waiter_tree
[7.747s] -- Up-to-date symlink: /home/jayaaraju/waiter_robot_ws/install/waiter_tree/share/waiter_tree/cmake/waiter_treeConfig.cmake
[7.748s] -- Up-to-date symlink: /home/jayaaraju/waiter_robot_ws/install/waiter_tree/share/waiter_tree/cmake/waiter_treeConfig-version.cmake
[7.751s] -- Up-to-date symlink: /home/jayaaraju/waiter_robot_ws/install/waiter_tree/share/waiter_tree/package.xml
[8.046s] Listing '/home/jayaaraju/waiter_robot_ws/install/waiter_tree/local/lib/python3.10/dist-packages/waiter_tree'...
[8.051s] Listing '/home/jayaaraju/waiter_robot_ws/install/waiter_tree/local/lib/python3.10/dist-packages/waiter_tree/build'...
[8.051s] Listing '/home/jayaaraju/waiter_robot_ws/install/waiter_tree/local/lib/python3.10/dist-packages/waiter_tree/install'...
[8.052s] Listing '/home/jayaaraju/waiter_robot_ws/install/waiter_tree/local/lib/python3.10/dist-packages/waiter_tree/log'...
[8.053s] Listing '/home/jayaaraju/waiter_robot_ws/install/waiter_tree/local/lib/python3.10/dist-packages/waiter_tree/log/build_2024-07-23_00-35-50'...
[8.053s] Listing '/home/jayaaraju/waiter_robot_ws/install/waiter_tree/local/lib/python3.10/dist-packages/waiter_tree/log/build_2024-07-23_00-36-03'...
[8.060s] Listing '/home/jayaaraju/waiter_robot_ws/install/waiter_tree/local/lib/python3.10/dist-packages/waiter_tree/log/latest'...
[8.075s] Listing '/home/jayaaraju/waiter_robot_ws/install/waiter_tree/local/lib/python3.10/dist-packages/waiter_tree/log/latest_build'...
[8.095s] Invoked command in '/home/jayaaraju/waiter_robot_ws/build/waiter_tree' returned '0': CMAKE_PREFIX_PATH=/home/jayaaraju/waiter_robot_ws/install/waiter_tree:/home/jayaaraju/waiter_robot_ws/install/ros2_mapping:/home/jayaaraju/waiter_robot_ws/install/prototype:/home/jayaaraju/waiter_robot_ws/install/navigator_planner:/home/jayaaraju/code_ws/install/udemy:/home/jayaaraju/nav_ws/install/sattva_bot:/home/jayaaraju/nav_ws/install/ros2_mapping:/home/jayaaraju/nav_ws/install/opennav_docking:/home/jayaaraju/main_ws/install/two_wheeled_robot:/home/jayaaraju/main_ws/install/sllidar_ros2:/home/jayaaraju/main_ws/install/ros2_control_test_assets:/home/jayaaraju/main_ws/install/ros2_control_demo_description:/home/jayaaraju/main_ws/install/my_own_robot:/home/jayaaraju/proto_ws/install/sattva_bot:/home/jayaaraju/proto_ws/install/prototype:/home/jayaaraju/proto_ws/install/pallet_loader:/home/jayaaraju/waiter_robot_ws/install/py_trees_ros_tutorials:/home/jayaaraju/ros2_ws/install/my_robot_controller:/home/jayaaraju/ros2_ws/src/install/my_robot_controller:/home/jayaaraju/pallet_ws/install/yolov5_ros:/opt/ros/humble:/home/jayaaraju/pallet_ws/install/serial:/home/jayaaraju/pallet_ws/install/pallet_loader:/home/jayaaraju/pallet_ws/install/bboxes_ex_msgs /usr/bin/cmake --install /home/jayaaraju/waiter_robot_ws/build/waiter_tree
