[0.057s] Invoking command in '/home/jayaaraju/waiter_robot_ws/src/build/serial': /usr/bin/cmake --build /home/jayaaraju/waiter_robot_ws/src/build/serial -- -j8 -l8
[0.668s] [35m[1mConsolidate compiler generated dependencies of target serial[0m
[0.669s] [ 66%] Built target serial
[0.670s] [35m[1mConsolidate compiler generated dependencies of target serial_example[0m
[0.670s] [100%] Built target serial_example
[0.687s] Invoked command in '/home/jayaaraju/waiter_robot_ws/src/build/serial' returned '0': /usr/bin/cmake --build /home/jayaaraju/waiter_robot_ws/src/build/serial -- -j8 -l8
[0.819s] Invoking command in '/home/jayaaraju/waiter_robot_ws/src/build/serial': /usr/bin/cmake --install /home/jayaaraju/waiter_robot_ws/src/build/serial
[0.837s] -- Install configuration: ""
[0.838s] -- Up-to-date: /home/jayaaraju/waiter_robot_ws/src/install/serial/share/serial/environment/library_path.sh
[0.838s] -- Up-to-date: /home/jayaaraju/waiter_robot_ws/src/install/serial/share/serial/environment/library_path.dsv
[0.838s] -- Up-to-date: /home/jayaaraju/waiter_robot_ws/src/install/serial/include/serial
[0.838s] -- Up-to-date: /home/jayaaraju/waiter_robot_ws/src/install/serial/include/serial/serial.h
[0.838s] -- Up-to-date: /home/jayaaraju/waiter_robot_ws/src/install/serial/include/serial/v8stdint.h
[0.838s] -- Up-to-date: /home/jayaaraju/waiter_robot_ws/src/install/serial/include/serial/impl
[0.839s] -- Up-to-date: /home/jayaaraju/waiter_robot_ws/src/install/serial/include/serial/impl/unix.h
[0.839s] -- Up-to-date: /home/jayaaraju/waiter_robot_ws/src/install/serial/include/serial/impl/win.h
[0.839s] -- Up-to-date: /home/jayaaraju/waiter_robot_ws/src/install/serial/lib/libserial.a
[0.839s] -- Up-to-date: /home/jayaaraju/waiter_robot_ws/src/install/serial/include/serial/serial.h
[0.839s] -- Up-to-date: /home/jayaaraju/waiter_robot_ws/src/install/serial/include/serial/v8stdint.h
[0.839s] -- Up-to-date: /home/jayaaraju/waiter_robot_ws/src/install/serial/share/ament_index/resource_index/package_run_dependencies/serial
[0.840s] -- Up-to-date: /home/jayaaraju/waiter_robot_ws/src/install/serial/share/ament_index/resource_index/parent_prefix_path/serial
[0.840s] -- Up-to-date: /home/jayaaraju/waiter_robot_ws/src/install/serial/share/serial/environment/ament_prefix_path.sh
[0.840s] -- Up-to-date: /home/jayaaraju/waiter_robot_ws/src/install/serial/share/serial/environment/ament_prefix_path.dsv
[0.840s] -- Up-to-date: /home/jayaaraju/waiter_robot_ws/src/install/serial/share/serial/environment/path.sh
[0.840s] -- Up-to-date: /home/jayaaraju/waiter_robot_ws/src/install/serial/share/serial/environment/path.dsv
[0.840s] -- Up-to-date: /home/jayaaraju/waiter_robot_ws/src/install/serial/share/serial/local_setup.bash
[0.840s] -- Up-to-date: /home/jayaaraju/waiter_robot_ws/src/install/serial/share/serial/local_setup.sh
[0.841s] -- Up-to-date: /home/jayaaraju/waiter_robot_ws/src/install/serial/share/serial/local_setup.zsh
[0.841s] -- Up-to-date: /home/jayaaraju/waiter_robot_ws/src/install/serial/share/serial/local_setup.dsv
[0.841s] -- Installing: /home/jayaaraju/waiter_robot_ws/src/install/serial/share/serial/package.dsv
[0.841s] -- Up-to-date: /home/jayaaraju/waiter_robot_ws/src/install/serial/share/ament_index/resource_index/packages/serial
[0.841s] -- Up-to-date: /home/jayaaraju/waiter_robot_ws/src/install/serial/share/serial/cmake/serialExport.cmake
[0.841s] -- Up-to-date: /home/jayaaraju/waiter_robot_ws/src/install/serial/share/serial/cmake/serialExport-noconfig.cmake
[0.841s] -- Up-to-date: /home/jayaaraju/waiter_robot_ws/src/install/serial/share/serial/cmake/ament_cmake_export_targets-extras.cmake
[0.841s] -- Up-to-date: /home/jayaaraju/waiter_robot_ws/src/install/serial/share/serial/cmake/ament_cmake_export_include_directories-extras.cmake
[0.843s] -- Up-to-date: /home/jayaaraju/waiter_robot_ws/src/install/serial/share/serial/cmake/ament_cmake_export_libraries-extras.cmake
[0.844s] -- Up-to-date: /home/jayaaraju/waiter_robot_ws/src/install/serial/share/serial/cmake/ament_cmake_export_dependencies-extras.cmake
[0.844s] -- Up-to-date: /home/jayaaraju/waiter_robot_ws/src/install/serial/share/serial/cmake/serialConfig.cmake
[0.844s] -- Up-to-date: /home/jayaaraju/waiter_robot_ws/src/install/serial/share/serial/cmake/serialConfig-version.cmake
[0.844s] -- Up-to-date: /home/jayaaraju/waiter_robot_ws/src/install/serial/share/serial/package.xml
[0.860s] Invoked command in '/home/jayaaraju/waiter_robot_ws/src/build/serial' returned '0': /usr/bin/cmake --install /home/jayaaraju/waiter_robot_ws/src/build/serial
