[0.645s] Invoking command in '/home/jayaaraju/waiter_robot_ws/src/build/waiter_tree': CMAKE_PREFIX_PATH=/home/jayaaraju/waiter_robot_ws/src/install/py_trees_ros_tutorials:/home/jayaaraju/waiter_robot_ws/install/py_trees_ros_tutorials:/home/jayaaraju/ros2_ws/install/my_robot_controller:/home/jayaaraju/ros2_ws/src/install/my_robot_controller:/home/jayaaraju/pallet_ws/install/yolov5_ros:/opt/ros/humble:${CMAKE_PREFIX_PATH} /usr/bin/cmake --build /home/jayaaraju/waiter_robot_ws/src/build/waiter_tree -- -j8 -l8
[0.745s] Built target ament_cmake_python_symlink_waiter_tree
[1.232s] running egg_info
[1.233s] writing waiter_tree.egg-info/PKG-INFO
[1.233s] writing dependency_links to waiter_tree.egg-info/dependency_links.txt
[1.234s] writing top-level names to waiter_tree.egg-info/top_level.txt
[1.236s] reading manifest file 'waiter_tree.egg-info/SOURCES.txt'
[1.237s] writing manifest file 'waiter_tree.egg-info/SOURCES.txt'
[1.279s] Built target ament_cmake_python_build_waiter_tree_egg
[1.294s] Invoked command in '/home/jayaaraju/waiter_robot_ws/src/build/waiter_tree' returned '0': CMAKE_PREFIX_PATH=/home/jayaaraju/waiter_robot_ws/src/install/py_trees_ros_tutorials:/home/jayaaraju/waiter_robot_ws/install/py_trees_ros_tutorials:/home/jayaaraju/ros2_ws/install/my_robot_controller:/home/jayaaraju/ros2_ws/src/install/my_robot_controller:/home/jayaaraju/pallet_ws/install/yolov5_ros:/opt/ros/humble:${CMAKE_PREFIX_PATH} /usr/bin/cmake --build /home/jayaaraju/waiter_robot_ws/src/build/waiter_tree -- -j8 -l8
[1.338s] Invoking command in '/home/jayaaraju/waiter_robot_ws/src/build/waiter_tree': CMAKE_PREFIX_PATH=/home/jayaaraju/waiter_robot_ws/src/install/py_trees_ros_tutorials:/home/jayaaraju/waiter_robot_ws/install/py_trees_ros_tutorials:/home/jayaaraju/ros2_ws/install/my_robot_controller:/home/jayaaraju/ros2_ws/src/install/my_robot_controller:/home/jayaaraju/pallet_ws/install/yolov5_ros:/opt/ros/humble:${CMAKE_PREFIX_PATH} /usr/bin/cmake --install /home/jayaaraju/waiter_robot_ws/src/build/waiter_tree
[1.349s] -- Install configuration: ""
[1.350s] -- Execute custom install script
[1.351s] -- Up-to-date symlink: /home/jayaaraju/waiter_robot_ws/src/install/waiter_tree/share/waiter_tree/config/controller_manager.yaml
[1.352s] -- Up-to-date symlink: /home/jayaaraju/waiter_robot_ws/src/install/waiter_tree/share/waiter_tree/config/ekf_map.yaml
[1.352s] -- Up-to-date symlink: /home/jayaaraju/waiter_robot_ws/src/install/waiter_tree/share/waiter_tree/config/gazebo_params.yaml
[1.352s] -- Up-to-date symlink: /home/jayaaraju/waiter_robot_ws/src/install/waiter_tree/share/waiter_tree/config/joystick.yaml
[1.352s] -- Up-to-date symlink: /home/jayaaraju/waiter_robot_ws/src/install/waiter_tree/share/waiter_tree/config/ros2_control.yaml
[1.352s] -- Up-to-date symlink: /home/jayaaraju/waiter_robot_ws/src/install/waiter_tree/share/waiter_tree/config/twist_mux.yaml
[1.353s] -- Up-to-date symlink: /home/jayaaraju/waiter_robot_ws/src/install/waiter_tree/share/waiter_tree/src/__init__.py
[1.354s] -- Up-to-date symlink: /home/jayaaraju/waiter_robot_ws/src/install/waiter_tree/share/waiter_tree/waiter_tree/__init__.py
[1.354s] -- Up-to-date symlink: /home/jayaaraju/waiter_robot_ws/src/install/waiter_tree/share/waiter_tree/waiter_tree/confirmations.yaml
[1.354s] -- Up-to-date symlink: /home/jayaaraju/waiter_robot_ws/src/install/waiter_tree/share/waiter_tree/waiter_tree/order_detected.yaml
[1.354s] -- Up-to-date symlink: /home/jayaaraju/waiter_robot_ws/src/install/waiter_tree/share/waiter_tree/waiter_tree/order_detection_node.py
[1.354s] -- Up-to-date symlink: /home/jayaaraju/waiter_robot_ws/src/install/waiter_tree/share/waiter_tree/worlds/hotel_world.world
[1.355s] -- Up-to-date symlink: /home/jayaaraju/waiter_robot_ws/src/install/waiter_tree/share/waiter_tree/urdf/camera.xacro
[1.355s] -- Up-to-date symlink: /home/jayaaraju/waiter_robot_ws/src/install/waiter_tree/share/waiter_tree/urdf/gazebo_control.xacro
[1.355s] -- Up-to-date symlink: /home/jayaaraju/waiter_robot_ws/src/install/waiter_tree/share/waiter_tree/urdf/inertial_macros.xacro
[1.355s] -- Up-to-date symlink: /home/jayaaraju/waiter_robot_ws/src/install/waiter_tree/share/waiter_tree/urdf/lidar.xacro
[1.356s] -- Up-to-date symlink: /home/jayaaraju/waiter_robot_ws/src/install/waiter_tree/share/waiter_tree/urdf/nav_test.gazebo.xacro
[1.356s] -- Up-to-date symlink: /home/jayaaraju/waiter_robot_ws/src/install/waiter_tree/share/waiter_tree/urdf/robot_core.xacro
[1.356s] -- Up-to-date symlink: /home/jayaaraju/waiter_robot_ws/src/install/waiter_tree/share/waiter_tree/urdf/robot_urdf.xacro
[1.356s] -- Up-to-date symlink: /home/jayaaraju/waiter_robot_ws/src/install/waiter_tree/share/waiter_tree/urdf/ros2_control.xacro
[1.357s] -- Up-to-date symlink: /home/jayaaraju/waiter_robot_ws/src/install/waiter_tree/share/waiter_tree/launch/joystick_launch.py
[1.358s] -- Up-to-date symlink: /home/jayaaraju/waiter_robot_ws/src/install/waiter_tree/share/waiter_tree/launch/rsp_launch.py
[1.358s] -- Up-to-date symlink: /home/jayaaraju/waiter_robot_ws/src/install/waiter_tree/share/waiter_tree/launch/rviz2_launch.py
[1.359s] -- Up-to-date symlink: /home/jayaaraju/waiter_robot_ws/src/install/waiter_tree/share/waiter_tree/launch/simulation_launch.py
[1.359s] -- Up-to-date symlink: /home/jayaaraju/waiter_robot_ws/src/install/waiter_tree/share/waiter_tree/launch/waiter_tree_launch.py
[1.359s] -- Up-to-date symlink: /home/jayaaraju/waiter_robot_ws/src/install/waiter_tree/share/waiter_tree/scripts/motor_controller.py
[1.359s] -- Up-to-date symlink: /home/jayaaraju/waiter_robot_ws/src/install/waiter_tree/share/waiter_tree/scripts/waiter_robot_bt.py
[1.359s] -- Up-to-date symlink: /home/jayaaraju/waiter_robot_ws/src/install/waiter_tree/share/waiter_tree/environment/pythonpath.sh
[1.361s] -- Up-to-date symlink: /home/jayaaraju/waiter_robot_ws/src/install/waiter_tree/share/waiter_tree/environment/pythonpath.dsv
[1.361s] -- Up-to-date symlink: /home/jayaaraju/waiter_robot_ws/src/install/waiter_tree/local/lib/python3.10/dist-packages/waiter_tree-0.0.0-py3.10.egg-info/PKG-INFO
[1.361s] -- Up-to-date symlink: /home/jayaaraju/waiter_robot_ws/src/install/waiter_tree/local/lib/python3.10/dist-packages/waiter_tree-0.0.0-py3.10.egg-info/SOURCES.txt
[1.361s] -- Up-to-date symlink: /home/jayaaraju/waiter_robot_ws/src/install/waiter_tree/local/lib/python3.10/dist-packages/waiter_tree-0.0.0-py3.10.egg-info/dependency_links.txt
[1.361s] -- Up-to-date symlink: /home/jayaaraju/waiter_robot_ws/src/install/waiter_tree/local/lib/python3.10/dist-packages/waiter_tree-0.0.0-py3.10.egg-info/top_level.txt
[1.361s] -- Up-to-date symlink: /home/jayaaraju/waiter_robot_ws/src/install/waiter_tree/local/lib/python3.10/dist-packages/waiter_tree/__init__.py
[1.362s] -- Up-to-date symlink: /home/jayaaraju/waiter_robot_ws/src/install/waiter_tree/local/lib/python3.10/dist-packages/waiter_tree/confirmations.yaml
[1.362s] -- Up-to-date symlink: /home/jayaaraju/waiter_robot_ws/src/install/waiter_tree/local/lib/python3.10/dist-packages/waiter_tree/order_detected.yaml
[1.362s] -- Up-to-date symlink: /home/jayaaraju/waiter_robot_ws/src/install/waiter_tree/local/lib/python3.10/dist-packages/waiter_tree/order_detection_node.py
[1.362s] -- Up-to-date symlink: /home/jayaaraju/waiter_robot_ws/src/install/waiter_tree/lib/waiter_tree/waiter_robot_bt.py
[1.362s] -- Up-to-date symlink: /home/jayaaraju/waiter_robot_ws/src/install/waiter_tree/lib/waiter_tree/motor_controller.py
[1.362s] -- Up-to-date symlink: /home/jayaaraju/waiter_robot_ws/src/install/waiter_tree/share/ament_index/resource_index/package_run_dependencies/waiter_tree
[1.362s] -- Up-to-date symlink: /home/jayaaraju/waiter_robot_ws/src/install/waiter_tree/share/ament_index/resource_index/parent_prefix_path/waiter_tree
[1.362s] -- Up-to-date symlink: /home/jayaaraju/waiter_robot_ws/src/install/waiter_tree/share/waiter_tree/environment/ament_prefix_path.sh
[1.363s] -- Up-to-date symlink: /home/jayaaraju/waiter_robot_ws/src/install/waiter_tree/share/waiter_tree/environment/ament_prefix_path.dsv
[1.363s] -- Up-to-date symlink: /home/jayaaraju/waiter_robot_ws/src/install/waiter_tree/share/waiter_tree/environment/path.sh
[1.363s] -- Up-to-date symlink: /home/jayaaraju/waiter_robot_ws/src/install/waiter_tree/share/waiter_tree/environment/path.dsv
[1.363s] -- Up-to-date symlink: /home/jayaaraju/waiter_robot_ws/src/install/waiter_tree/share/waiter_tree/local_setup.bash
[1.363s] -- Up-to-date symlink: /home/jayaaraju/waiter_robot_ws/src/install/waiter_tree/share/waiter_tree/local_setup.sh
[1.363s] -- Up-to-date symlink: /home/jayaaraju/waiter_robot_ws/src/install/waiter_tree/share/waiter_tree/local_setup.zsh
[1.363s] -- Up-to-date symlink: /home/jayaaraju/waiter_robot_ws/src/install/waiter_tree/share/waiter_tree/local_setup.dsv
[1.363s] -- Symlinking: /home/jayaaraju/waiter_robot_ws/src/install/waiter_tree/share/waiter_tree/package.dsv
[1.372s] -- Up-to-date symlink: /home/jayaaraju/waiter_robot_ws/src/install/waiter_tree/share/ament_index/resource_index/packages/waiter_tree
[1.372s] -- Up-to-date symlink: /home/jayaaraju/waiter_robot_ws/src/install/waiter_tree/share/waiter_tree/cmake/waiter_treeConfig.cmake
[1.372s] -- Up-to-date symlink: /home/jayaaraju/waiter_robot_ws/src/install/waiter_tree/share/waiter_tree/cmake/waiter_treeConfig-version.cmake
[1.372s] -- Up-to-date symlink: /home/jayaaraju/waiter_robot_ws/src/install/waiter_tree/share/waiter_tree/package.xml
[1.413s] Listing '/home/jayaaraju/waiter_robot_ws/src/install/waiter_tree/local/lib/python3.10/dist-packages/waiter_tree'...
[1.420s] Invoked command in '/home/jayaaraju/waiter_robot_ws/src/build/waiter_tree' returned '0': CMAKE_PREFIX_PATH=/home/jayaaraju/waiter_robot_ws/src/install/py_trees_ros_tutorials:/home/jayaaraju/waiter_robot_ws/install/py_trees_ros_tutorials:/home/jayaaraju/ros2_ws/install/my_robot_controller:/home/jayaaraju/ros2_ws/src/install/my_robot_controller:/home/jayaaraju/pallet_ws/install/yolov5_ros:/opt/ros/humble:${CMAKE_PREFIX_PATH} /usr/bin/cmake --install /home/jayaaraju/waiter_robot_ws/src/build/waiter_tree
