[3.465s] Invoking command in '/home/jayaaraju/waiter_robot_ws/build/ros2_mapping': CMAKE_PREFIX_PATH=/home/jayaaraju/waiter_robot_ws/install/waiter_tree:/home/jayaaraju/waiter_robot_ws/install/ros2_mapping:/home/jayaaraju/waiter_robot_ws/install/prototype:/home/jayaaraju/waiter_robot_ws/install/navigator_planner:/home/jayaaraju/code_ws/install/udemy:/home/jayaaraju/nav_ws/install/sattva_bot:/home/jayaaraju/nav_ws/install/ros2_mapping:/home/jayaaraju/nav_ws/install/opennav_docking:/home/jayaaraju/main_ws/install/two_wheeled_robot:/home/jayaaraju/main_ws/install/sllidar_ros2:/home/jayaaraju/main_ws/install/ros2_control_test_assets:/home/jayaaraju/main_ws/install/ros2_control_demo_description:/home/jayaaraju/main_ws/install/my_own_robot:/home/jayaaraju/proto_ws/install/sattva_bot:/home/jayaaraju/proto_ws/install/prototype:/home/jayaaraju/proto_ws/install/pallet_loader:/home/jayaaraju/waiter_robot_ws/install/py_trees_ros_tutorials:/home/jayaaraju/ros2_ws/install/my_robot_controller:/home/jayaaraju/ros2_ws/src/install/my_robot_controller:/home/jayaaraju/pallet_ws/install/yolov5_ros:/opt/ros/humble:/home/jayaaraju/pallet_ws/install/serial:/home/jayaaraju/pallet_ws/install/pallet_loader:/home/jayaaraju/pallet_ws/install/bboxes_ex_msgs /usr/bin/cmake --build /home/jayaaraju/waiter_robot_ws/build/ros2_mapping -- -j8 -l8
[3.772s] Invoked command in '/home/jayaaraju/waiter_robot_ws/build/ros2_mapping' returned '0': CMAKE_PREFIX_PATH=/home/jayaaraju/waiter_robot_ws/install/waiter_tree:/home/jayaaraju/waiter_robot_ws/install/ros2_mapping:/home/jayaaraju/waiter_robot_ws/install/prototype:/home/jayaaraju/waiter_robot_ws/install/navigator_planner:/home/jayaaraju/code_ws/install/udemy:/home/jayaaraju/nav_ws/install/sattva_bot:/home/jayaaraju/nav_ws/install/ros2_mapping:/home/jayaaraju/nav_ws/install/opennav_docking:/home/jayaaraju/main_ws/install/two_wheeled_robot:/home/jayaaraju/main_ws/install/sllidar_ros2:/home/jayaaraju/main_ws/install/ros2_control_test_assets:/home/jayaaraju/main_ws/install/ros2_control_demo_description:/home/jayaaraju/main_ws/install/my_own_robot:/home/jayaaraju/proto_ws/install/sattva_bot:/home/jayaaraju/proto_ws/install/prototype:/home/jayaaraju/proto_ws/install/pallet_loader:/home/jayaaraju/waiter_robot_ws/install/py_trees_ros_tutorials:/home/jayaaraju/ros2_ws/install/my_robot_controller:/home/jayaaraju/ros2_ws/src/install/my_robot_controller:/home/jayaaraju/pallet_ws/install/yolov5_ros:/opt/ros/humble:/home/jayaaraju/pallet_ws/install/serial:/home/jayaaraju/pallet_ws/install/pallet_loader:/home/jayaaraju/pallet_ws/install/bboxes_ex_msgs /usr/bin/cmake --build /home/jayaaraju/waiter_robot_ws/build/ros2_mapping -- -j8 -l8
[4.186s] Invoking command in '/home/jayaaraju/waiter_robot_ws/build/ros2_mapping': CMAKE_PREFIX_PATH=/home/jayaaraju/waiter_robot_ws/install/waiter_tree:/home/jayaaraju/waiter_robot_ws/install/ros2_mapping:/home/jayaaraju/waiter_robot_ws/install/prototype:/home/jayaaraju/waiter_robot_ws/install/navigator_planner:/home/jayaaraju/code_ws/install/udemy:/home/jayaaraju/nav_ws/install/sattva_bot:/home/jayaaraju/nav_ws/install/ros2_mapping:/home/jayaaraju/nav_ws/install/opennav_docking:/home/jayaaraju/main_ws/install/two_wheeled_robot:/home/jayaaraju/main_ws/install/sllidar_ros2:/home/jayaaraju/main_ws/install/ros2_control_test_assets:/home/jayaaraju/main_ws/install/ros2_control_demo_description:/home/jayaaraju/main_ws/install/my_own_robot:/home/jayaaraju/proto_ws/install/sattva_bot:/home/jayaaraju/proto_ws/install/prototype:/home/jayaaraju/proto_ws/install/pallet_loader:/home/jayaaraju/waiter_robot_ws/install/py_trees_ros_tutorials:/home/jayaaraju/ros2_ws/install/my_robot_controller:/home/jayaaraju/ros2_ws/src/install/my_robot_controller:/home/jayaaraju/pallet_ws/install/yolov5_ros:/opt/ros/humble:/home/jayaaraju/pallet_ws/install/serial:/home/jayaaraju/pallet_ws/install/pallet_loader:/home/jayaaraju/pallet_ws/install/bboxes_ex_msgs /usr/bin/cmake --install /home/jayaaraju/waiter_robot_ws/build/ros2_mapping
[4.277s] -- Install configuration: ""
[4.280s] -- Execute custom install script
[4.284s] -- Up-to-date symlink: /home/jayaaraju/waiter_robot_ws/install/ros2_mapping/share/ros2_mapping/launch/localization_launch.py
[4.285s] -- Up-to-date symlink: /home/jayaaraju/waiter_robot_ws/install/ros2_mapping/share/ros2_mapping/launch/nav2_map_server.launch.py
[4.286s] -- Up-to-date symlink: /home/jayaaraju/waiter_robot_ws/install/ros2_mapping/share/ros2_mapping/launch/online_async_launch.py
[4.289s] -- Up-to-date symlink: /home/jayaaraju/waiter_robot_ws/install/ros2_mapping/share/ros2_mapping/launch/online_sync_launch.py
[4.292s] -- Up-to-date symlink: /home/jayaaraju/waiter_robot_ws/install/ros2_mapping/share/ros2_mapping/config/amcl_config.yaml
[4.294s] -- Up-to-date symlink: /home/jayaaraju/waiter_robot_ws/install/ros2_mapping/share/ros2_mapping/config/mapper_params_online_async.yaml
[4.299s] -- Up-to-date symlink: /home/jayaaraju/waiter_robot_ws/install/ros2_mapping/share/ros2_mapping/config/mapper_params_online_sync.yaml
[4.302s] -- Up-to-date symlink: /home/jayaaraju/waiter_robot_ws/install/ros2_mapping/share/ros2_mapping/config/my_map.pgm
[4.305s] -- Up-to-date symlink: /home/jayaaraju/waiter_robot_ws/install/ros2_mapping/share/ros2_mapping/config/my_map.yaml
[4.310s] -- Up-to-date symlink: /home/jayaaraju/waiter_robot_ws/install/ros2_mapping/share/ament_index/resource_index/package_run_dependencies/ros2_mapping
[4.316s] -- Up-to-date symlink: /home/jayaaraju/waiter_robot_ws/install/ros2_mapping/share/ament_index/resource_index/parent_prefix_path/ros2_mapping
[4.318s] -- Up-to-date symlink: /home/jayaaraju/waiter_robot_ws/install/ros2_mapping/share/ros2_mapping/environment/ament_prefix_path.sh
[4.319s] -- Up-to-date symlink: /home/jayaaraju/waiter_robot_ws/install/ros2_mapping/share/ros2_mapping/environment/ament_prefix_path.dsv
[4.321s] -- Up-to-date symlink: /home/jayaaraju/waiter_robot_ws/install/ros2_mapping/share/ros2_mapping/environment/path.sh
[4.322s] -- Up-to-date symlink: /home/jayaaraju/waiter_robot_ws/install/ros2_mapping/share/ros2_mapping/environment/path.dsv
[4.323s] -- Up-to-date symlink: /home/jayaaraju/waiter_robot_ws/install/ros2_mapping/share/ros2_mapping/local_setup.bash
[4.328s] -- Up-to-date symlink: /home/jayaaraju/waiter_robot_ws/install/ros2_mapping/share/ros2_mapping/local_setup.sh
[4.334s] -- Up-to-date symlink: /home/jayaaraju/waiter_robot_ws/install/ros2_mapping/share/ros2_mapping/local_setup.zsh
[4.338s] -- Up-to-date symlink: /home/jayaaraju/waiter_robot_ws/install/ros2_mapping/share/ros2_mapping/local_setup.dsv
[4.339s] -- Symlinking: /home/jayaaraju/waiter_robot_ws/install/ros2_mapping/share/ros2_mapping/package.dsv
[4.431s] -- Up-to-date symlink: /home/jayaaraju/waiter_robot_ws/install/ros2_mapping/share/ament_index/resource_index/packages/ros2_mapping
[4.432s] -- Up-to-date symlink: /home/jayaaraju/waiter_robot_ws/install/ros2_mapping/share/ros2_mapping/cmake/ros2_mappingConfig.cmake
[4.433s] -- Up-to-date symlink: /home/jayaaraju/waiter_robot_ws/install/ros2_mapping/share/ros2_mapping/cmake/ros2_mappingConfig-version.cmake
[4.439s] -- Up-to-date symlink: /home/jayaaraju/waiter_robot_ws/install/ros2_mapping/share/ros2_mapping/package.xml
[4.455s] Invoked command in '/home/jayaaraju/waiter_robot_ws/build/ros2_mapping' returned '0': CMAKE_PREFIX_PATH=/home/jayaaraju/waiter_robot_ws/install/waiter_tree:/home/jayaaraju/waiter_robot_ws/install/ros2_mapping:/home/jayaaraju/waiter_robot_ws/install/prototype:/home/jayaaraju/waiter_robot_ws/install/navigator_planner:/home/jayaaraju/code_ws/install/udemy:/home/jayaaraju/nav_ws/install/sattva_bot:/home/jayaaraju/nav_ws/install/ros2_mapping:/home/jayaaraju/nav_ws/install/opennav_docking:/home/jayaaraju/main_ws/install/two_wheeled_robot:/home/jayaaraju/main_ws/install/sllidar_ros2:/home/jayaaraju/main_ws/install/ros2_control_test_assets:/home/jayaaraju/main_ws/install/ros2_control_demo_description:/home/jayaaraju/main_ws/install/my_own_robot:/home/jayaaraju/proto_ws/install/sattva_bot:/home/jayaaraju/proto_ws/install/prototype:/home/jayaaraju/proto_ws/install/pallet_loader:/home/jayaaraju/waiter_robot_ws/install/py_trees_ros_tutorials:/home/jayaaraju/ros2_ws/install/my_robot_controller:/home/jayaaraju/ros2_ws/src/install/my_robot_controller:/home/jayaaraju/pallet_ws/install/yolov5_ros:/opt/ros/humble:/home/jayaaraju/pallet_ws/install/serial:/home/jayaaraju/pallet_ws/install/pallet_loader:/home/jayaaraju/pallet_ws/install/bboxes_ex_msgs /usr/bin/cmake --install /home/jayaaraju/waiter_robot_ws/build/ros2_mapping
