[  1%] Built target prototype__cpp
[ 12%] Built target prototype__rosidl_generator_c
[ 12%] Built target ament_cmake_python_symlink_prototype
[ 23%] Built target prototype__rosidl_typesupport_introspection_cpp
[ 34%] Built target prototype__rosidl_typesupport_cpp
[ 49%] Built target prototype__rosidl_typesupport_fastrtps_cpp
[ 56%] Built target prototype__rosidl_typesupport_fastrtps_c
[ 67%] Built target prototype__rosidl_typesupport_introspection_c
[ 78%] Built target prototype__rosidl_typesupport_c
[ 78%] Built target prototype
[ 80%] Built target prototype__py
[ 89%] Built target prototype__rosidl_generator_py
[ 92%] Built target prototype__rosidl_typesupport_c__pyext
[ 96%] Built target prototype__rosidl_typesupport_introspection_c__pyext
[100%] Built target prototype__rosidl_typesupport_fastrtps_c__pyext
running egg_info
writing prototype.egg-info/PKG-INFO
writing dependency_links to prototype.egg-info/dependency_links.txt
writing top-level names to prototype.egg-info/top_level.txt
reading manifest file 'prototype.egg-info/SOURCES.txt'
writing manifest file 'prototype.egg-info/SOURCES.txt'
[100%] Built target ament_cmake_python_build_prototype_egg
-- Install configuration: ""
-- Execute custom install script
-- Symlinking: /home/jayaaraju/waiter_robot_ws/src/install/prototype/share/prototype//urdf/camera.xacro
-- Symlinking: /home/jayaaraju/waiter_robot_ws/src/install/prototype/share/prototype//urdf/hardware_interface.xacro
-- Symlinking: /home/jayaaraju/waiter_robot_ws/src/install/prototype/share/prototype//urdf/joint_macros.xacro
-- Symlinking: /home/jayaaraju/waiter_robot_ws/src/install/prototype/share/prototype//urdf/lidar.xacro
-- Symlinking: /home/jayaaraju/waiter_robot_ws/src/install/prototype/share/prototype//urdf/link_macros.xacro
-- Symlinking: /home/jayaaraju/waiter_robot_ws/src/install/prototype/share/prototype//urdf/robot_core.xacro
-- Symlinking: /home/jayaaraju/waiter_robot_ws/src/install/prototype/share/prototype//urdf/sattava_main.xacro
-- Symlinking: /home/jayaaraju/waiter_robot_ws/src/install/prototype/share/prototype//urdf/wheel.xacro
-- Symlinking: /home/jayaaraju/waiter_robot_ws/src/install/prototype/share/prototype//launch/rsp_launch.py
-- Symlinking: /home/jayaaraju/waiter_robot_ws/src/install/prototype/share/prototype//action/Confirmation.action
-- Symlinking: /home/jayaaraju/waiter_robot_ws/src/install/prototype/share/prototype//action/FoodMenu.action
-- Symlinking: /home/jayaaraju/waiter_robot_ws/src/install/prototype/share/prototype//action/GoTo.action
-- Symlinking: /home/jayaaraju/waiter_robot_ws/src/install/prototype/share/prototype//action/singlemo.pdf
-- Symlinking: /home/jayaaraju/waiter_robot_ws/src/install/prototype/share/prototype//msg/DistanceAngle.msg
-- Symlinking: /home/jayaaraju/waiter_robot_ws/src/install/prototype/share/prototype//msg/Food.msg
-- Symlinking: /home/jayaaraju/waiter_robot_ws/src/install/prototype/share/ament_index/resource_index/rosidl_interfaces/prototype
-- Symlinking: /home/jayaaraju/waiter_robot_ws/src/install/prototype/include/prototype/prototype/action/confirmation.h
-- Symlinking: /home/jayaaraju/waiter_robot_ws/src/install/prototype/include/prototype/prototype/action/detail/confirmation__functions.h
-- Symlinking: /home/jayaaraju/waiter_robot_ws/src/install/prototype/include/prototype/prototype/action/detail/confirmation__struct.h
-- Symlinking: /home/jayaaraju/waiter_robot_ws/src/install/prototype/include/prototype/prototype/action/detail/confirmation__type_support.h
-- Symlinking: /home/jayaaraju/waiter_robot_ws/src/install/prototype/include/prototype/prototype/action/detail/food_menu__functions.h
-- Symlinking: /home/jayaaraju/waiter_robot_ws/src/install/prototype/include/prototype/prototype/action/detail/food_menu__struct.h
-- Symlinking: /home/jayaaraju/waiter_robot_ws/src/install/prototype/include/prototype/prototype/action/detail/food_menu__type_support.h
-- Symlinking: /home/jayaaraju/waiter_robot_ws/src/install/prototype/include/prototype/prototype/action/detail/go_to__functions.h
-- Symlinking: /home/jayaaraju/waiter_robot_ws/src/install/prototype/include/prototype/prototype/action/detail/go_to__struct.h
-- Symlinking: /home/jayaaraju/waiter_robot_ws/src/install/prototype/include/prototype/prototype/action/detail/go_to__type_support.h
-- Symlinking: /home/jayaaraju/waiter_robot_ws/src/install/prototype/include/prototype/prototype/action/food_menu.h
-- Symlinking: /home/jayaaraju/waiter_robot_ws/src/install/prototype/include/prototype/prototype/action/go_to.h
-- Symlinking: /home/jayaaraju/waiter_robot_ws/src/install/prototype/include/prototype/prototype/msg/detail/food__functions.h
-- Symlinking: /home/jayaaraju/waiter_robot_ws/src/install/prototype/include/prototype/prototype/msg/detail/food__struct.h
-- Symlinking: /home/jayaaraju/waiter_robot_ws/src/install/prototype/include/prototype/prototype/msg/detail/food__type_support.h
-- Symlinking: /home/jayaaraju/waiter_robot_ws/src/install/prototype/include/prototype/prototype/msg/food.h
-- Symlinking: /home/jayaaraju/waiter_robot_ws/src/install/prototype/include/prototype/prototype/msg/rosidl_generator_c__visibility_control.h
-- Symlinking: /home/jayaaraju/waiter_robot_ws/src/install/prototype/share/prototype/environment/library_path.sh
-- Symlinking: /home/jayaaraju/waiter_robot_ws/src/install/prototype/share/prototype/environment/library_path.dsv
-- Symlinking: /home/jayaaraju/waiter_robot_ws/src/install/prototype/include/prototype/prototype/action/detail/confirmation__rosidl_typesupport_fastrtps_c.h
-- Symlinking: /home/jayaaraju/waiter_robot_ws/src/install/prototype/include/prototype/prototype/action/detail/food_menu__rosidl_typesupport_fastrtps_c.h
-- Symlinking: /home/jayaaraju/waiter_robot_ws/src/install/prototype/include/prototype/prototype/action/detail/go_to__rosidl_typesupport_fastrtps_c.h
-- Symlinking: /home/jayaaraju/waiter_robot_ws/src/install/prototype/include/prototype/prototype/msg/detail/food__rosidl_typesupport_fastrtps_c.h
-- Symlinking: /home/jayaaraju/waiter_robot_ws/src/install/prototype/include/prototype/prototype/msg/rosidl_typesupport_fastrtps_c__visibility_control.h
-- Symlinking: /home/jayaaraju/waiter_robot_ws/src/install/prototype/include/prototype/prototype/action/confirmation.hpp
-- Symlinking: /home/jayaaraju/waiter_robot_ws/src/install/prototype/include/prototype/prototype/action/detail/confirmation__builder.hpp
-- Symlinking: /home/jayaaraju/waiter_robot_ws/src/install/prototype/include/prototype/prototype/action/detail/confirmation__struct.hpp
-- Symlinking: /home/jayaaraju/waiter_robot_ws/src/install/prototype/include/prototype/prototype/action/detail/confirmation__traits.hpp
-- Symlinking: /home/jayaaraju/waiter_robot_ws/src/install/prototype/include/prototype/prototype/action/detail/food_menu__builder.hpp
-- Symlinking: /home/jayaaraju/waiter_robot_ws/src/install/prototype/include/prototype/prototype/action/detail/food_menu__struct.hpp
-- Symlinking: /home/jayaaraju/waiter_robot_ws/src/install/prototype/include/prototype/prototype/action/detail/food_menu__traits.hpp
-- Symlinking: /home/jayaaraju/waiter_robot_ws/src/install/prototype/include/prototype/prototype/action/detail/go_to__builder.hpp
-- Symlinking: /home/jayaaraju/waiter_robot_ws/src/install/prototype/include/prototype/prototype/action/detail/go_to__struct.hpp
-- Symlinking: /home/jayaaraju/waiter_robot_ws/src/install/prototype/include/prototype/prototype/action/detail/go_to__traits.hpp
-- Symlinking: /home/jayaaraju/waiter_robot_ws/src/install/prototype/include/prototype/prototype/action/food_menu.hpp
-- Symlinking: /home/jayaaraju/waiter_robot_ws/src/install/prototype/include/prototype/prototype/action/go_to.hpp
-- Symlinking: /home/jayaaraju/waiter_robot_ws/src/install/prototype/include/prototype/prototype/msg/detail/food__builder.hpp
-- Symlinking: /home/jayaaraju/waiter_robot_ws/src/install/prototype/include/prototype/prototype/msg/detail/food__struct.hpp
-- Symlinking: /home/jayaaraju/waiter_robot_ws/src/install/prototype/include/prototype/prototype/msg/detail/food__traits.hpp
-- Symlinking: /home/jayaaraju/waiter_robot_ws/src/install/prototype/include/prototype/prototype/msg/food.hpp
-- Symlinking: /home/jayaaraju/waiter_robot_ws/src/install/prototype/include/prototype/prototype/action/detail/confirmation__rosidl_typesupport_fastrtps_cpp.hpp
-- Symlinking: /home/jayaaraju/waiter_robot_ws/src/install/prototype/include/prototype/prototype/action/detail/food_menu__rosidl_typesupport_fastrtps_cpp.hpp
-- Symlinking: /home/jayaaraju/waiter_robot_ws/src/install/prototype/include/prototype/prototype/action/detail/go_to__rosidl_typesupport_fastrtps_cpp.hpp
-- Symlinking: /home/jayaaraju/waiter_robot_ws/src/install/prototype/include/prototype/prototype/msg/detail/food__rosidl_typesupport_fastrtps_cpp.hpp
-- Symlinking: /home/jayaaraju/waiter_robot_ws/src/install/prototype/include/prototype/prototype/msg/rosidl_typesupport_fastrtps_cpp__visibility_control.h
-- Symlinking: /home/jayaaraju/waiter_robot_ws/src/install/prototype/include/prototype/prototype/action/detail/confirmation__rosidl_typesupport_introspection_c.h
-- Symlinking: /home/jayaaraju/waiter_robot_ws/src/install/prototype/include/prototype/prototype/action/detail/food_menu__rosidl_typesupport_introspection_c.h
-- Symlinking: /home/jayaaraju/waiter_robot_ws/src/install/prototype/include/prototype/prototype/action/detail/go_to__rosidl_typesupport_introspection_c.h
-- Symlinking: /home/jayaaraju/waiter_robot_ws/src/install/prototype/include/prototype/prototype/msg/detail/food__rosidl_typesupport_introspection_c.h
-- Symlinking: /home/jayaaraju/waiter_robot_ws/src/install/prototype/include/prototype/prototype/msg/rosidl_typesupport_introspection_c__visibility_control.h
-- Symlinking: /home/jayaaraju/waiter_robot_ws/src/install/prototype/include/prototype/prototype/action/detail/confirmation__rosidl_typesupport_introspection_cpp.hpp
-- Symlinking: /home/jayaaraju/waiter_robot_ws/src/install/prototype/include/prototype/prototype/action/detail/food_menu__rosidl_typesupport_introspection_cpp.hpp
-- Symlinking: /home/jayaaraju/waiter_robot_ws/src/install/prototype/include/prototype/prototype/action/detail/go_to__rosidl_typesupport_introspection_cpp.hpp
-- Symlinking: /home/jayaaraju/waiter_robot_ws/src/install/prototype/include/prototype/prototype/msg/detail/food__rosidl_typesupport_introspection_cpp.hpp
-- Symlinking: /home/jayaaraju/waiter_robot_ws/src/install/prototype/share/prototype/environment/pythonpath.sh
-- Symlinking: /home/jayaaraju/waiter_robot_ws/src/install/prototype/share/prototype/environment/pythonpath.dsv
-- Symlinking: /home/jayaaraju/waiter_robot_ws/src/install/prototype/local/lib/python3.10/dist-packages/prototype-0.0.0-py3.10.egg-info/PKG-INFO
-- Symlinking: /home/jayaaraju/waiter_robot_ws/src/install/prototype/local/lib/python3.10/dist-packages/prototype-0.0.0-py3.10.egg-info/SOURCES.txt
-- Symlinking: /home/jayaaraju/waiter_robot_ws/src/install/prototype/local/lib/python3.10/dist-packages/prototype-0.0.0-py3.10.egg-info/dependency_links.txt
-- Symlinking: /home/jayaaraju/waiter_robot_ws/src/install/prototype/local/lib/python3.10/dist-packages/prototype-0.0.0-py3.10.egg-info/top_level.txt
-- Symlinking: /home/jayaaraju/waiter_robot_ws/src/install/prototype/local/lib/python3.10/dist-packages/prototype/__init__.py
-- Symlinking: /home/jayaaraju/waiter_robot_ws/src/install/prototype/local/lib/python3.10/dist-packages/prototype/_prototype_s.ep.rosidl_typesupport_c.c
-- Symlinking: /home/jayaaraju/waiter_robot_ws/src/install/prototype/local/lib/python3.10/dist-packages/prototype/_prototype_s.ep.rosidl_typesupport_fastrtps_c.c
-- Symlinking: /home/jayaaraju/waiter_robot_ws/src/install/prototype/local/lib/python3.10/dist-packages/prototype/_prototype_s.ep.rosidl_typesupport_introspection_c.c
-- Symlinking: /home/jayaaraju/waiter_robot_ws/src/install/prototype/local/lib/python3.10/dist-packages/prototype/action/__init__.py
-- Symlinking: /home/jayaaraju/waiter_robot_ws/src/install/prototype/local/lib/python3.10/dist-packages/prototype/action/_confirmation.py
-- Symlinking: /home/jayaaraju/waiter_robot_ws/src/install/prototype/local/lib/python3.10/dist-packages/prototype/action/_confirmation_s.c
-- Symlinking: /home/jayaaraju/waiter_robot_ws/src/install/prototype/local/lib/python3.10/dist-packages/prototype/action/_food_menu.py
-- Symlinking: /home/jayaaraju/waiter_robot_ws/src/install/prototype/local/lib/python3.10/dist-packages/prototype/action/_food_menu_s.c
-- Symlinking: /home/jayaaraju/waiter_robot_ws/src/install/prototype/local/lib/python3.10/dist-packages/prototype/action/_go_to.py
-- Symlinking: /home/jayaaraju/waiter_robot_ws/src/install/prototype/local/lib/python3.10/dist-packages/prototype/action/_go_to_s.c
-- Symlinking: /home/jayaaraju/waiter_robot_ws/src/install/prototype/local/lib/python3.10/dist-packages/prototype/libprototype__rosidl_generator_py.so
-- Symlinking: /home/jayaaraju/waiter_robot_ws/src/install/prototype/local/lib/python3.10/dist-packages/prototype/msg/__init__.py
-- Symlinking: /home/jayaaraju/waiter_robot_ws/src/install/prototype/local/lib/python3.10/dist-packages/prototype/msg/_food.py
-- Symlinking: /home/jayaaraju/waiter_robot_ws/src/install/prototype/local/lib/python3.10/dist-packages/prototype/msg/_food_s.c
-- Symlinking: /home/jayaaraju/waiter_robot_ws/src/install/prototype/local/lib/python3.10/dist-packages/prototype/prototype_s__rosidl_typesupport_c.cpython-310-x86_64-linux-gnu.so
-- Symlinking: /home/jayaaraju/waiter_robot_ws/src/install/prototype/local/lib/python3.10/dist-packages/prototype/prototype_s__rosidl_typesupport_fastrtps_c.cpython-310-x86_64-linux-gnu.so
-- Symlinking: /home/jayaaraju/waiter_robot_ws/src/install/prototype/local/lib/python3.10/dist-packages/prototype/prototype_s__rosidl_typesupport_introspection_c.cpython-310-x86_64-linux-gnu.so
-- Up-to-date symlink: /home/jayaaraju/waiter_robot_ws/src/install/prototype/local/lib/python3.10/dist-packages/prototype/prototype_s__rosidl_typesupport_fastrtps_c.cpython-310-x86_64-linux-gnu.so
-- Up-to-date symlink: /home/jayaaraju/waiter_robot_ws/src/install/prototype/local/lib/python3.10/dist-packages/prototype/prototype_s__rosidl_typesupport_introspection_c.cpython-310-x86_64-linux-gnu.so
-- Up-to-date symlink: /home/jayaaraju/waiter_robot_ws/src/install/prototype/local/lib/python3.10/dist-packages/prototype/prototype_s__rosidl_typesupport_c.cpython-310-x86_64-linux-gnu.so
-- Symlinking: /home/jayaaraju/waiter_robot_ws/src/install/prototype/share/prototype/action/GoTo.idl
-- Symlinking: /home/jayaaraju/waiter_robot_ws/src/install/prototype/share/prototype/action/FoodMenu.idl
-- Symlinking: /home/jayaaraju/waiter_robot_ws/src/install/prototype/share/prototype/action/Confirmation.idl
-- Symlinking: /home/jayaaraju/waiter_robot_ws/src/install/prototype/share/prototype/msg/Food.idl
-- Up-to-date symlink: /home/jayaaraju/waiter_robot_ws/src/install/prototype/share/prototype/action/GoTo.action
-- Up-to-date symlink: /home/jayaaraju/waiter_robot_ws/src/install/prototype/share/prototype/action/FoodMenu.action
-- Up-to-date symlink: /home/jayaaraju/waiter_robot_ws/src/install/prototype/share/prototype/action/Confirmation.action
-- Up-to-date symlink: /home/jayaaraju/waiter_robot_ws/src/install/prototype/share/prototype/msg/Food.msg
-- Symlinking: /home/jayaaraju/waiter_robot_ws/src/install/prototype/share/ament_index/resource_index/package_run_dependencies/prototype
-- Symlinking: /home/jayaaraju/waiter_robot_ws/src/install/prototype/share/ament_index/resource_index/parent_prefix_path/prototype
-- Symlinking: /home/jayaaraju/waiter_robot_ws/src/install/prototype/share/prototype/environment/ament_prefix_path.sh
-- Symlinking: /home/jayaaraju/waiter_robot_ws/src/install/prototype/share/prototype/environment/ament_prefix_path.dsv
-- Symlinking: /home/jayaaraju/waiter_robot_ws/src/install/prototype/share/prototype/environment/path.sh
-- Symlinking: /home/jayaaraju/waiter_robot_ws/src/install/prototype/share/prototype/environment/path.dsv
-- Symlinking: /home/jayaaraju/waiter_robot_ws/src/install/prototype/share/prototype/local_setup.bash
-- Symlinking: /home/jayaaraju/waiter_robot_ws/src/install/prototype/share/prototype/local_setup.sh
-- Symlinking: /home/jayaaraju/waiter_robot_ws/src/install/prototype/share/prototype/local_setup.zsh
-- Symlinking: /home/jayaaraju/waiter_robot_ws/src/install/prototype/share/prototype/local_setup.dsv
-- Symlinking: /home/jayaaraju/waiter_robot_ws/src/install/prototype/share/prototype/package.dsv
-- Symlinking: /home/jayaaraju/waiter_robot_ws/src/install/prototype/share/ament_index/resource_index/packages/prototype
-- Symlinking: /home/jayaaraju/waiter_robot_ws/src/install/prototype/share/prototype/cmake/rosidl_cmake-extras.cmake
-- Symlinking: /home/jayaaraju/waiter_robot_ws/src/install/prototype/share/prototype/cmake/ament_cmake_export_dependencies-extras.cmake
-- Symlinking: /home/jayaaraju/waiter_robot_ws/src/install/prototype/share/prototype/cmake/ament_cmake_export_include_directories-extras.cmake
-- Symlinking: /home/jayaaraju/waiter_robot_ws/src/install/prototype/share/prototype/cmake/ament_cmake_export_libraries-extras.cmake
-- Symlinking: /home/jayaaraju/waiter_robot_ws/src/install/prototype/share/prototype/cmake/ament_cmake_export_targets-extras.cmake
-- Symlinking: /home/jayaaraju/waiter_robot_ws/src/install/prototype/share/prototype/cmake/rosidl_cmake_export_typesupport_targets-extras.cmake
-- Symlinking: /home/jayaaraju/waiter_robot_ws/src/install/prototype/share/prototype/cmake/rosidl_cmake_export_typesupport_libraries-extras.cmake
-- Symlinking: /home/jayaaraju/waiter_robot_ws/src/install/prototype/share/prototype/cmake/prototypeConfig.cmake
-- Symlinking: /home/jayaaraju/waiter_robot_ws/src/install/prototype/share/prototype/cmake/prototypeConfig-version.cmake
-- Symlinking: /home/jayaaraju/waiter_robot_ws/src/install/prototype/share/prototype/package.xml
-- Installing: /home/jayaaraju/waiter_robot_ws/src/install/prototype/lib/libprototype__rosidl_generator_c.so
-- Set runtime path of "/home/jayaaraju/waiter_robot_ws/src/install/prototype/lib/libprototype__rosidl_generator_c.so" to ""
-- Installing: /home/jayaaraju/waiter_robot_ws/src/install/prototype/lib/libprototype__rosidl_typesupport_fastrtps_c.so
-- Set runtime path of "/home/jayaaraju/waiter_robot_ws/src/install/prototype/lib/libprototype__rosidl_typesupport_fastrtps_c.so" to ""
-- Installing: /home/jayaaraju/waiter_robot_ws/src/install/prototype/lib/libprototype__rosidl_typesupport_fastrtps_cpp.so
-- Set runtime path of "/home/jayaaraju/waiter_robot_ws/src/install/prototype/lib/libprototype__rosidl_typesupport_fastrtps_cpp.so" to ""
-- Installing: /home/jayaaraju/waiter_robot_ws/src/install/prototype/lib/libprototype__rosidl_typesupport_introspection_c.so
-- Set runtime path of "/home/jayaaraju/waiter_robot_ws/src/install/prototype/lib/libprototype__rosidl_typesupport_introspection_c.so" to ""
-- Installing: /home/jayaaraju/waiter_robot_ws/src/install/prototype/lib/libprototype__rosidl_typesupport_c.so
-- Set runtime path of "/home/jayaaraju/waiter_robot_ws/src/install/prototype/lib/libprototype__rosidl_typesupport_c.so" to ""
-- Installing: /home/jayaaraju/waiter_robot_ws/src/install/prototype/lib/libprototype__rosidl_typesupport_introspection_cpp.so
-- Set runtime path of "/home/jayaaraju/waiter_robot_ws/src/install/prototype/lib/libprototype__rosidl_typesupport_introspection_cpp.so" to ""
-- Installing: /home/jayaaraju/waiter_robot_ws/src/install/prototype/lib/libprototype__rosidl_typesupport_cpp.so
-- Set runtime path of "/home/jayaaraju/waiter_robot_ws/src/install/prototype/lib/libprototype__rosidl_typesupport_cpp.so" to ""
Listing '/home/jayaaraju/waiter_robot_ws/src/install/prototype/local/lib/python3.10/dist-packages/prototype'...
Compiling '/home/jayaaraju/waiter_robot_ws/src/install/prototype/local/lib/python3.10/dist-packages/prototype/__init__.py'...
Listing '/home/jayaaraju/waiter_robot_ws/src/install/prototype/local/lib/python3.10/dist-packages/prototype/action'...
Compiling '/home/jayaaraju/waiter_robot_ws/src/install/prototype/local/lib/python3.10/dist-packages/prototype/action/__init__.py'...
Compiling '/home/jayaaraju/waiter_robot_ws/src/install/prototype/local/lib/python3.10/dist-packages/prototype/action/_confirmation.py'...
Compiling '/home/jayaaraju/waiter_robot_ws/src/install/prototype/local/lib/python3.10/dist-packages/prototype/action/_food_menu.py'...
Compiling '/home/jayaaraju/waiter_robot_ws/src/install/prototype/local/lib/python3.10/dist-packages/prototype/action/_go_to.py'...
Listing '/home/jayaaraju/waiter_robot_ws/src/install/prototype/local/lib/python3.10/dist-packages/prototype/msg'...
Compiling '/home/jayaaraju/waiter_robot_ws/src/install/prototype/local/lib/python3.10/dist-packages/prototype/msg/__init__.py'...
Compiling '/home/jayaaraju/waiter_robot_ws/src/install/prototype/local/lib/python3.10/dist-packages/prototype/msg/_food.py'...
-- Installing: /home/jayaaraju/waiter_robot_ws/src/install/prototype/lib/libprototype__rosidl_generator_py.so
-- Set runtime path of "/home/jayaaraju/waiter_robot_ws/src/install/prototype/lib/libprototype__rosidl_generator_py.so" to ""
-- Installing: /home/jayaaraju/waiter_robot_ws/src/install/prototype/share/prototype/cmake/export_prototype__rosidl_generator_cExport.cmake
-- Installing: /home/jayaaraju/waiter_robot_ws/src/install/prototype/share/prototype/cmake/export_prototype__rosidl_generator_cExport-noconfig.cmake
-- Installing: /home/jayaaraju/waiter_robot_ws/src/install/prototype/share/prototype/cmake/export_prototype__rosidl_typesupport_fastrtps_cExport.cmake
-- Installing: /home/jayaaraju/waiter_robot_ws/src/install/prototype/share/prototype/cmake/export_prototype__rosidl_typesupport_fastrtps_cExport-noconfig.cmake
-- Installing: /home/jayaaraju/waiter_robot_ws/src/install/prototype/share/prototype/cmake/export_prototype__rosidl_generator_cppExport.cmake
-- Installing: /home/jayaaraju/waiter_robot_ws/src/install/prototype/share/prototype/cmake/export_prototype__rosidl_typesupport_fastrtps_cppExport.cmake
-- Installing: /home/jayaaraju/waiter_robot_ws/src/install/prototype/share/prototype/cmake/export_prototype__rosidl_typesupport_fastrtps_cppExport-noconfig.cmake
-- Installing: /home/jayaaraju/waiter_robot_ws/src/install/prototype/share/prototype/cmake/prototype__rosidl_typesupport_introspection_cExport.cmake
-- Installing: /home/jayaaraju/waiter_robot_ws/src/install/prototype/share/prototype/cmake/prototype__rosidl_typesupport_introspection_cExport-noconfig.cmake
-- Installing: /home/jayaaraju/waiter_robot_ws/src/install/prototype/share/prototype/cmake/prototype__rosidl_typesupport_cExport.cmake
-- Installing: /home/jayaaraju/waiter_robot_ws/src/install/prototype/share/prototype/cmake/prototype__rosidl_typesupport_cExport-noconfig.cmake
-- Installing: /home/jayaaraju/waiter_robot_ws/src/install/prototype/share/prototype/cmake/prototype__rosidl_typesupport_introspection_cppExport.cmake
-- Installing: /home/jayaaraju/waiter_robot_ws/src/install/prototype/share/prototype/cmake/prototype__rosidl_typesupport_introspection_cppExport-noconfig.cmake
-- Installing: /home/jayaaraju/waiter_robot_ws/src/install/prototype/share/prototype/cmake/prototype__rosidl_typesupport_cppExport.cmake
-- Installing: /home/jayaaraju/waiter_robot_ws/src/install/prototype/share/prototype/cmake/prototype__rosidl_typesupport_cppExport-noconfig.cmake
-- Installing: /home/jayaaraju/waiter_robot_ws/src/install/prototype/share/prototype/cmake/export_prototype__rosidl_generator_pyExport.cmake
-- Installing: /home/jayaaraju/waiter_robot_ws/src/install/prototype/share/prototype/cmake/export_prototype__rosidl_generator_pyExport-noconfig.cmake
