[0.630s] Invoking command in '/home/jayaaraju/waiter_robot_ws/src/build/ros2_mapping': CMAKE_PREFIX_PATH=/home/jayaaraju/waiter_robot_ws/src/install/py_trees_ros_tutorials:/home/jayaaraju/waiter_robot_ws/install/py_trees_ros_tutorials:/home/jayaaraju/ros2_ws/install/my_robot_controller:/home/jayaaraju/ros2_ws/src/install/my_robot_controller:/home/jayaaraju/pallet_ws/install/yolov5_ros:/opt/ros/humble:${CMAKE_PREFIX_PATH} /usr/bin/cmake --build /home/jayaaraju/waiter_robot_ws/src/build/ros2_mapping -- -j8 -l8
[0.718s] Invoked command in '/home/jayaaraju/waiter_robot_ws/src/build/ros2_mapping' returned '0': CMAKE_PREFIX_PATH=/home/jayaaraju/waiter_robot_ws/src/install/py_trees_ros_tutorials:/home/jayaaraju/waiter_robot_ws/install/py_trees_ros_tutorials:/home/jayaaraju/ros2_ws/install/my_robot_controller:/home/jayaaraju/ros2_ws/src/install/my_robot_controller:/home/jayaaraju/pallet_ws/install/yolov5_ros:/opt/ros/humble:${CMAKE_PREFIX_PATH} /usr/bin/cmake --build /home/jayaaraju/waiter_robot_ws/src/build/ros2_mapping -- -j8 -l8
[0.757s] Invoking command in '/home/jayaaraju/waiter_robot_ws/src/build/ros2_mapping': CMAKE_PREFIX_PATH=/home/jayaaraju/waiter_robot_ws/src/install/py_trees_ros_tutorials:/home/jayaaraju/waiter_robot_ws/install/py_trees_ros_tutorials:/home/jayaaraju/ros2_ws/install/my_robot_controller:/home/jayaaraju/ros2_ws/src/install/my_robot_controller:/home/jayaaraju/pallet_ws/install/yolov5_ros:/opt/ros/humble:${CMAKE_PREFIX_PATH} /usr/bin/cmake --install /home/jayaaraju/waiter_robot_ws/src/build/ros2_mapping
[0.768s] -- Install configuration: ""
[0.769s] -- Execute custom install script
[0.770s] -- Up-to-date symlink: /home/jayaaraju/waiter_robot_ws/src/install/ros2_mapping/share/ros2_mapping/launch/localization_launch.py
[0.771s] -- Up-to-date symlink: /home/jayaaraju/waiter_robot_ws/src/install/ros2_mapping/share/ros2_mapping/launch/nav2_map_server.launch.py
[0.771s] -- Up-to-date symlink: /home/jayaaraju/waiter_robot_ws/src/install/ros2_mapping/share/ros2_mapping/launch/online_async_launch.py
[0.771s] -- Up-to-date symlink: /home/jayaaraju/waiter_robot_ws/src/install/ros2_mapping/share/ros2_mapping/launch/online_sync_launch.py
[0.771s] -- Up-to-date symlink: /home/jayaaraju/waiter_robot_ws/src/install/ros2_mapping/share/ros2_mapping/config/amcl_config.yaml
[0.771s] -- Up-to-date symlink: /home/jayaaraju/waiter_robot_ws/src/install/ros2_mapping/share/ros2_mapping/config/mapper_params_online_async.yaml
[0.771s] -- Up-to-date symlink: /home/jayaaraju/waiter_robot_ws/src/install/ros2_mapping/share/ros2_mapping/config/mapper_params_online_sync.yaml
[0.772s] -- Up-to-date symlink: /home/jayaaraju/waiter_robot_ws/src/install/ros2_mapping/share/ros2_mapping/config/my_map.pgm
[0.772s] -- Up-to-date symlink: /home/jayaaraju/waiter_robot_ws/src/install/ros2_mapping/share/ros2_mapping/config/my_map.yaml
[0.773s] -- Up-to-date symlink: /home/jayaaraju/waiter_robot_ws/src/install/ros2_mapping/share/ament_index/resource_index/package_run_dependencies/ros2_mapping
[0.773s] -- Up-to-date symlink: /home/jayaaraju/waiter_robot_ws/src/install/ros2_mapping/share/ament_index/resource_index/parent_prefix_path/ros2_mapping
[0.773s] -- Up-to-date symlink: /home/jayaaraju/waiter_robot_ws/src/install/ros2_mapping/share/ros2_mapping/environment/ament_prefix_path.sh
[0.773s] -- Up-to-date symlink: /home/jayaaraju/waiter_robot_ws/src/install/ros2_mapping/share/ros2_mapping/environment/ament_prefix_path.dsv
[0.773s] -- Up-to-date symlink: /home/jayaaraju/waiter_robot_ws/src/install/ros2_mapping/share/ros2_mapping/environment/path.sh
[0.774s] -- Up-to-date symlink: /home/jayaaraju/waiter_robot_ws/src/install/ros2_mapping/share/ros2_mapping/environment/path.dsv
[0.774s] -- Up-to-date symlink: /home/jayaaraju/waiter_robot_ws/src/install/ros2_mapping/share/ros2_mapping/local_setup.bash
[0.775s] -- Up-to-date symlink: /home/jayaaraju/waiter_robot_ws/src/install/ros2_mapping/share/ros2_mapping/local_setup.sh
[0.775s] -- Up-to-date symlink: /home/jayaaraju/waiter_robot_ws/src/install/ros2_mapping/share/ros2_mapping/local_setup.zsh
[0.775s] -- Up-to-date symlink: /home/jayaaraju/waiter_robot_ws/src/install/ros2_mapping/share/ros2_mapping/local_setup.dsv
[0.776s] -- Symlinking: /home/jayaaraju/waiter_robot_ws/src/install/ros2_mapping/share/ros2_mapping/package.dsv
[0.789s] -- Up-to-date symlink: /home/jayaaraju/waiter_robot_ws/src/install/ros2_mapping/share/ament_index/resource_index/packages/ros2_mapping
[0.789s] -- Up-to-date symlink: /home/jayaaraju/waiter_robot_ws/src/install/ros2_mapping/share/ros2_mapping/cmake/ros2_mappingConfig.cmake
[0.790s] -- Up-to-date symlink: /home/jayaaraju/waiter_robot_ws/src/install/ros2_mapping/share/ros2_mapping/cmake/ros2_mappingConfig-version.cmake
[0.790s] -- Up-to-date symlink: /home/jayaaraju/waiter_robot_ws/src/install/ros2_mapping/share/ros2_mapping/package.xml
[0.800s] Invoked command in '/home/jayaaraju/waiter_robot_ws/src/build/ros2_mapping' returned '0': CMAKE_PREFIX_PATH=/home/jayaaraju/waiter_robot_ws/src/install/py_trees_ros_tutorials:/home/jayaaraju/waiter_robot_ws/install/py_trees_ros_tutorials:/home/jayaaraju/ros2_ws/install/my_robot_controller:/home/jayaaraju/ros2_ws/src/install/my_robot_controller:/home/jayaaraju/pallet_ws/install/yolov5_ros:/opt/ros/humble:${CMAKE_PREFIX_PATH} /usr/bin/cmake --install /home/jayaaraju/waiter_robot_ws/src/build/ros2_mapping
