-- Found ament_cmake: 1.3.9 (/opt/ros/humble/share/ament_cmake/cmake)
-- Override CMake install command with custom implementation using symlinks instead of copying resources
-- Found navigation2: 1.1.15 (/opt/ros/humble/share/navigation2/cmake)
-- Found slam_toolbox: 2.6.8 (/opt/ros/humble/share/slam_toolbox/cmake)
-- Found rosidl_generator_c: 3.1.5 (/opt/ros/humble/share/rosidl_generator_c/cmake)
-- Found rosidl_adapter: 3.1.5 (/opt/ros/humble/share/rosidl_adapter/cmake)
-- Found rosidl_generator_cpp: 3.1.5 (/opt/ros/humble/share/rosidl_generator_cpp/cmake)
-- Using all available rosidl_typesupport_c: rosidl_typesupport_fastrtps_c;rosidl_typesupport_introspection_c
-- Using all available rosidl_typesupport_cpp: rosidl_typesupport_fastrtps_cpp;rosidl_typesupport_introspection_cpp
-- Found rmw_implementation_cmake: 6.1.2 (/opt/ros/humble/share/rmw_implementation_cmake/cmake)
-- Found rmw_cyclonedds_cpp: 1.3.4 (/opt/ros/humble/share/rmw_cyclonedds_cpp/cmake)
-- Using RMW implementation 'rmw_cyclonedds_cpp' as default
-- Found eigen3_cmake_module: 0.1.1 (/opt/ros/humble/share/eigen3_cmake_module/cmake)
-- Ensuring Eigen3 include directory is part of orocos-kdl CMake target
-- Setting OGRE_DIR to: '/opt/ros/humble/share/rviz_ogre_vendor/cmake/../../../opt/rviz_ogre_vendor/lib/OGRE/cmake'
-- Found OGRE
--   static     : OFF
--   components : HLMS;MeshLodGenerator;Overlay;Paging;Property;RTShaderSystem;Terrain;Volume
--   plugins    : Plugin_BSPSceneManager;Plugin_OctreeSceneManager;Plugin_PCZSceneManager;Plugin_ParticleFX;RenderSystem_GL;RenderSystem_GL3Plus;Codec_STBI
--   media      : /opt/ros/humble/opt/rviz_ogre_vendor/share/OGRE/Media
-- OGRE_LIBRARIES: OgreHLMS;OgreMeshLodGenerator;OgreOverlay;OgrePaging;OgreProperty;OgreRTShaderSystem;OgreTerrain;OgreVolume;OgreMain
-- OGRE_LIBRARY_DIRS: /opt/ros/humble/opt/rviz_ogre_vendor/lib
-- OGRE_PLUGINS: Plugin_BSPSceneManager;Plugin_OctreeSceneManager;Plugin_PCZSceneManager;Plugin_ParticleFX;RenderSystem_GL;RenderSystem_GL3Plus;Codec_STBI
-- OGRE_PLUGIN_DIR: /opt/ros/humble/opt/rviz_ogre_vendor/lib/OGRE
-- rviz_ogre_vendor::OgreOverlay for IMPORTED_LOCATION_RELEASE: /opt/ros/humble/opt/rviz_ogre_vendor/lib/libOgreOverlay.so
-- rviz_ogre_vendor::OgreOverlay for IMPORTED_LOCATION_DEBUG: /opt/ros/humble/opt/rviz_ogre_vendor/lib/libOgreOverlay.so
-- rviz_ogre_vendor::OgreMain for IMPORTED_LOCATION_RELEASE: /opt/ros/humble/opt/rviz_ogre_vendor/lib/libOgreMain.so
-- rviz_ogre_vendor::OgreMain for IMPORTED_LOCATION_DEBUG: /opt/ros/humble/opt/rviz_ogre_vendor/lib/libOgreMain.so
-- rviz_ogre_vendor::RenderSystem_GL for IMPORTED_LOCATION_RELEASE: _render_system_gl_static_library_abs-NOTFOUND
-- rviz_ogre_vendor::RenderSystem_GL for IMPORTED_LOCATION_DEBUG: _render_system_gl_static_library_abs-NOTFOUND
-- library: /usr/lib/x86_64-linux-gnu/libcurl.so
-- Found rclpy: 3.3.13 (/opt/ros/humble/share/rclpy/cmake)
-- Found ament_lint_auto: 0.12.11 (/opt/ros/humble/share/ament_lint_auto/cmake)
-- Added test 'flake8' to check Python code syntax and style conventions
-- Added test 'lint_cmake' to check CMake code style
-- Added test 'pep257' to check Python code against some of the docstring style conventions in PEP 257
-- Added test 'xmllint' to check XML markup files
-- Configuring done
-- Generating done
-- Build files have been written to: /home/jayaaraju/waiter_robot_ws/build/navigator_planner
Built target ament_cmake_python_symlink_navigator_planner
running egg_info
writing navigator_planner.egg-info/PKG-INFO
writing dependency_links to navigator_planner.egg-info/dependency_links.txt
writing top-level names to navigator_planner.egg-info/top_level.txt
reading manifest file 'navigator_planner.egg-info/SOURCES.txt'
writing manifest file 'navigator_planner.egg-info/SOURCES.txt'
Built target ament_cmake_python_build_navigator_planner_egg
-- Install configuration: ""
-- Execute custom install script
-- Up-to-date symlink: /home/jayaaraju/waiter_robot_ws/install/navigator_planner/share/navigator_planner/launch/navigation.launch.py
-- Up-to-date symlink: /home/jayaaraju/waiter_robot_ws/install/navigator_planner/share/navigator_planner/config/ekf.yaml
-- Up-to-date symlink: /home/jayaaraju/waiter_robot_ws/install/navigator_planner/share/navigator_planner/config/follow_point.xml
-- Up-to-date symlink: /home/jayaaraju/waiter_robot_ws/install/navigator_planner/share/navigator_planner/config/nav2_params.yaml
-- Up-to-date symlink: /home/jayaaraju/waiter_robot_ws/install/navigator_planner/share/navigator_planner/config/navigate_through_poses_w_replanning_and_recovery.xml
-- Up-to-date symlink: /home/jayaaraju/waiter_robot_ws/install/navigator_planner/share/navigator_planner/config/navigate_to_pose_w_replanning_and_recovery.xml
-- Up-to-date symlink: /home/jayaaraju/waiter_robot_ws/install/navigator_planner/share/navigator_planner/config/output.json
-- Up-to-date symlink: /home/jayaaraju/waiter_robot_ws/install/navigator_planner/share/navigator_planner/config/twist_mux.yaml
-- Up-to-date symlink: /home/jayaaraju/waiter_robot_ws/install/navigator_planner/share/navigator_planner/scripts/table_navigation.py
-- Up-to-date symlink: /home/jayaaraju/waiter_robot_ws/install/navigator_planner/share/navigator_planner/navigator_planner/__init__.py
-- Up-to-date symlink: /home/jayaaraju/waiter_robot_ws/install/navigator_planner/share/navigator_planner/navigator_planner/robot_navigator.py
-- Up-to-date symlink: /home/jayaaraju/waiter_robot_ws/install/navigator_planner/share/navigator_planner/environment/pythonpath.sh
-- Up-to-date symlink: /home/jayaaraju/waiter_robot_ws/install/navigator_planner/share/navigator_planner/environment/pythonpath.dsv
-- Up-to-date symlink: /home/jayaaraju/waiter_robot_ws/install/navigator_planner/local/lib/python3.10/dist-packages/navigator_planner-0.0.0-py3.10.egg-info/PKG-INFO
-- Up-to-date symlink: /home/jayaaraju/waiter_robot_ws/install/navigator_planner/local/lib/python3.10/dist-packages/navigator_planner-0.0.0-py3.10.egg-info/SOURCES.txt
-- Up-to-date symlink: /home/jayaaraju/waiter_robot_ws/install/navigator_planner/local/lib/python3.10/dist-packages/navigator_planner-0.0.0-py3.10.egg-info/dependency_links.txt
-- Up-to-date symlink: /home/jayaaraju/waiter_robot_ws/install/navigator_planner/local/lib/python3.10/dist-packages/navigator_planner-0.0.0-py3.10.egg-info/top_level.txt
-- Up-to-date symlink: /home/jayaaraju/waiter_robot_ws/install/navigator_planner/local/lib/python3.10/dist-packages/navigator_planner/__init__.py
-- Up-to-date symlink: /home/jayaaraju/waiter_robot_ws/install/navigator_planner/local/lib/python3.10/dist-packages/navigator_planner/robot_navigator.py
-- Up-to-date symlink: /home/jayaaraju/waiter_robot_ws/install/navigator_planner/lib/navigator_planner/table_navigation.py
-- Up-to-date symlink: /home/jayaaraju/waiter_robot_ws/install/navigator_planner/share/ament_index/resource_index/package_run_dependencies/navigator_planner
-- Up-to-date symlink: /home/jayaaraju/waiter_robot_ws/install/navigator_planner/share/ament_index/resource_index/parent_prefix_path/navigator_planner
-- Up-to-date symlink: /home/jayaaraju/waiter_robot_ws/install/navigator_planner/share/navigator_planner/environment/ament_prefix_path.sh
-- Up-to-date symlink: /home/jayaaraju/waiter_robot_ws/install/navigator_planner/share/navigator_planner/environment/ament_prefix_path.dsv
-- Up-to-date symlink: /home/jayaaraju/waiter_robot_ws/install/navigator_planner/share/navigator_planner/environment/path.sh
-- Up-to-date symlink: /home/jayaaraju/waiter_robot_ws/install/navigator_planner/share/navigator_planner/environment/path.dsv
-- Up-to-date symlink: /home/jayaaraju/waiter_robot_ws/install/navigator_planner/share/navigator_planner/local_setup.bash
-- Up-to-date symlink: /home/jayaaraju/waiter_robot_ws/install/navigator_planner/share/navigator_planner/local_setup.sh
-- Up-to-date symlink: /home/jayaaraju/waiter_robot_ws/install/navigator_planner/share/navigator_planner/local_setup.zsh
-- Up-to-date symlink: /home/jayaaraju/waiter_robot_ws/install/navigator_planner/share/navigator_planner/local_setup.dsv
-- Symlinking: /home/jayaaraju/waiter_robot_ws/install/navigator_planner/share/navigator_planner/package.dsv
-- Up-to-date symlink: /home/jayaaraju/waiter_robot_ws/install/navigator_planner/share/ament_index/resource_index/packages/navigator_planner
-- Up-to-date symlink: /home/jayaaraju/waiter_robot_ws/install/navigator_planner/share/navigator_planner/cmake/navigator_plannerConfig.cmake
-- Up-to-date symlink: /home/jayaaraju/waiter_robot_ws/install/navigator_planner/share/navigator_planner/cmake/navigator_plannerConfig-version.cmake
-- Up-to-date symlink: /home/jayaaraju/waiter_robot_ws/install/navigator_planner/share/navigator_planner/package.xml
Listing '/home/jayaaraju/waiter_robot_ws/install/navigator_planner/local/lib/python3.10/dist-packages/navigator_planner'...
