[1.033s] Invoking command in '/home/jayaaraju/waiter_robot_ws/src/build/ros2_mapping': CMAKE_PREFIX_PATH=${CMAKE_PREFIX_PATH}:/home/jayaaraju/waiter_robot_ws/install/py_trees_ros_tutorials:/home/jayaaraju/ros2_ws/install/my_robot_controller:/home/jayaaraju/ros2_ws/src/install/my_robot_controller:/home/jayaaraju/pallet_ws/install/yolov5_ros:/opt/ros/humble /usr/bin/cmake /home/jayaaraju/waiter_robot_ws/src/ros2_mapping -DAMENT_CMAKE_SYMLINK_INSTALL=1 -DCMAKE_INSTALL_PREFIX=/home/jayaaraju/waiter_robot_ws/src/install/ros2_mapping
[1.286s] -- The C compiler identification is GNU 11.4.0
[1.564s] -- The CXX compiler identification is GNU 11.4.0
[1.596s] -- Detecting C compiler ABI info
[1.891s] -- Detecting C compiler ABI info - done
[1.918s] -- Check for working C compiler: /usr/bin/cc - skipped
[1.918s] -- Detecting C compile features
[1.919s] -- Detecting C compile features - done
[1.926s] -- Detecting CXX compiler ABI info
[2.116s] -- Detecting CXX compiler ABI info - done
[2.139s] -- Check for working CXX compiler: /usr/bin/c++ - skipped
[2.142s] -- Detecting CXX compile features
[2.143s] -- Detecting CXX compile features - done
[2.153s] -- Found ament_cmake: 1.3.9 (/opt/ros/humble/share/ament_cmake/cmake)
[2.481s] -- Found Python3: /usr/bin/python3 (found version "3.10.12") found components: Interpreter 
[2.629s] -- Override CMake install command with custom implementation using symlinks instead of copying resources
[2.722s] -- Found navigation2: 1.1.15 (/opt/ros/humble/share/navigation2/cmake)
[2.727s] -- Found slam_toolbox: 2.6.8 (/opt/ros/humble/share/slam_toolbox/cmake)
[2.811s] -- Found rosidl_generator_c: 3.1.5 (/opt/ros/humble/share/rosidl_generator_c/cmake)
[2.825s] -- Found rosidl_adapter: 3.1.5 (/opt/ros/humble/share/rosidl_adapter/cmake)
[2.850s] -- Found rosidl_generator_cpp: 3.1.5 (/opt/ros/humble/share/rosidl_generator_cpp/cmake)
[2.889s] -- Using all available rosidl_typesupport_c: rosidl_typesupport_fastrtps_c;rosidl_typesupport_introspection_c
[2.938s] -- Using all available rosidl_typesupport_cpp: rosidl_typesupport_fastrtps_cpp;rosidl_typesupport_introspection_cpp
[3.993s] -- Found rmw_implementation_cmake: 6.1.2 (/opt/ros/humble/share/rmw_implementation_cmake/cmake)
[4.000s] -- Found rmw_cyclonedds_cpp: 1.3.4 (/opt/ros/humble/share/rmw_cyclonedds_cpp/cmake)
[4.078s] -- Using RMW implementation 'rmw_cyclonedds_cpp' as default
[4.103s] -- Looking for pthread.h
[4.246s] -- Looking for pthread.h - found
[4.246s] -- Performing Test CMAKE_HAVE_LIBC_PTHREAD
[4.370s] -- Performing Test CMAKE_HAVE_LIBC_PTHREAD - Success
[4.371s] -- Found Threads: TRUE  
[5.247s] -- Found eigen3_cmake_module: 0.1.1 (/opt/ros/humble/share/eigen3_cmake_module/cmake)
[5.250s] -- Found Eigen3: TRUE (found version "3.4.0") 
[5.250s] -- Ensuring Eigen3 include directory is part of orocos-kdl CMake target
[5.508s] -- Setting OGRE_DIR to: '/opt/ros/humble/share/rviz_ogre_vendor/cmake/../../../opt/rviz_ogre_vendor/lib/OGRE/cmake'
[5.510s] -- Found OGRE
[5.510s] --   static     : OFF
[5.510s] --   components : HLMS;MeshLodGenerator;Overlay;Paging;Property;RTShaderSystem;Terrain;Volume
[5.510s] --   plugins    : Plugin_BSPSceneManager;Plugin_OctreeSceneManager;Plugin_PCZSceneManager;Plugin_ParticleFX;RenderSystem_GL;RenderSystem_GL3Plus;Codec_STBI
[5.511s] --   media      : /opt/ros/humble/opt/rviz_ogre_vendor/share/OGRE/Media
[5.511s] -- OGRE_LIBRARIES: OgreHLMS;OgreMeshLodGenerator;OgreOverlay;OgrePaging;OgreProperty;OgreRTShaderSystem;OgreTerrain;OgreVolume;OgreMain
[5.511s] -- OGRE_LIBRARY_DIRS: /opt/ros/humble/opt/rviz_ogre_vendor/lib
[5.511s] -- OGRE_PLUGINS: Plugin_BSPSceneManager;Plugin_OctreeSceneManager;Plugin_PCZSceneManager;Plugin_ParticleFX;RenderSystem_GL;RenderSystem_GL3Plus;Codec_STBI
[5.511s] -- OGRE_PLUGIN_DIR: /opt/ros/humble/opt/rviz_ogre_vendor/lib/OGRE
[5.511s] -- rviz_ogre_vendor::OgreOverlay for IMPORTED_LOCATION_RELEASE: /opt/ros/humble/opt/rviz_ogre_vendor/lib/libOgreOverlay.so
[5.511s] -- rviz_ogre_vendor::OgreOverlay for IMPORTED_LOCATION_DEBUG: /opt/ros/humble/opt/rviz_ogre_vendor/lib/libOgreOverlay.so
[5.511s] -- rviz_ogre_vendor::OgreMain for IMPORTED_LOCATION_RELEASE: /opt/ros/humble/opt/rviz_ogre_vendor/lib/libOgreMain.so
[5.511s] -- rviz_ogre_vendor::OgreMain for IMPORTED_LOCATION_DEBUG: /opt/ros/humble/opt/rviz_ogre_vendor/lib/libOgreMain.so
[5.567s] -- Found ZLIB: /usr/lib/x86_64-linux-gnu/libz.so (found version "1.2.11") 
[5.579s] -- Found OpenGL: /usr/lib/x86_64-linux-gnu/libOpenGL.so   
[5.840s] -- Found X11: /usr/include   
[5.840s] -- Looking for XOpenDisplay in /usr/lib/x86_64-linux-gnu/libX11.so;/usr/lib/x86_64-linux-gnu/libXext.so
[6.007s] -- Looking for XOpenDisplay in /usr/lib/x86_64-linux-gnu/libX11.so;/usr/lib/x86_64-linux-gnu/libXext.so - found
[6.008s] -- Looking for gethostbyname
[6.160s] -- Looking for gethostbyname - found
[6.160s] -- Looking for connect
[6.293s] -- Looking for connect - found
[6.293s] -- Looking for remove
[6.412s] -- Looking for remove - found
[6.412s] -- Looking for shmat
[6.511s] -- Looking for shmat - found
[6.511s] -- Looking for IceConnectionNumber in ICE
[6.617s] -- Looking for IceConnectionNumber in ICE - found
[6.622s] -- rviz_ogre_vendor::RenderSystem_GL for IMPORTED_LOCATION_RELEASE: _render_system_gl_static_library_abs-NOTFOUND
[6.622s] -- rviz_ogre_vendor::RenderSystem_GL for IMPORTED_LOCATION_DEBUG: _render_system_gl_static_library_abs-NOTFOUND
[6.752s] -- library: /usr/lib/x86_64-linux-gnu/libcurl.so
[7.385s] -- Found ament_lint_auto: 0.12.11 (/opt/ros/humble/share/ament_lint_auto/cmake)
[7.512s] -- Added test 'flake8' to check Python code syntax and style conventions
[7.514s] -- Added test 'lint_cmake' to check CMake code style
[7.516s] -- Added test 'pep257' to check Python code against some of the docstring style conventions in PEP 257
[7.519s] -- Added test 'xmllint' to check XML markup files
[7.523s] -- Configuring done
[7.529s] -- Generating done
[7.532s] -- Build files have been written to: /home/jayaaraju/waiter_robot_ws/src/build/ros2_mapping
