[0.159s] DEBUG:colcon:Command line arguments: ['/usr/bin/colcon', 'build', '--symlink-install']
[0.159s] DEBUG:colcon:Parsed command line arguments: Namespace(log_base=None, log_level=None, verb_name='build', build_base='build', install_base='install', merge_install=False, symlink_install=True, test_result_base=None, continue_on_error=False, executor='parallel', parallel_workers=8, event_handlers=None, ignore_user_meta=False, metas=['./colcon.meta'], base_paths=['.'], packages_ignore=None, packages_ignore_regex=None, paths=None, packages_up_to=None, packages_up_to_regex=None, packages_above=None, packages_above_and_dependencies=None, packages_above_depth=None, packages_select_by_dep=None, packages_skip_by_dep=None, packages_skip_up_to=None, packages_select_build_failed=False, packages_skip_build_finished=False, packages_select_test_failures=False, packages_skip_test_passed=False, packages_select=None, packages_skip=None, packages_select_regex=None, packages_skip_regex=None, packages_start=None, packages_end=None, allow_overriding=[], cmake_args=None, cmake_target=None, cmake_target_skip_unavailable=False, cmake_clean_cache=False, cmake_clean_first=False, cmake_force_configure=False, ament_cmake_args=None, catkin_cmake_args=None, catkin_skip_building_tests=False, mixin_files=None, mixin=None, verb_parser=<colcon_mixin.mixin.mixin_argument.MixinArgumentDecorator object at 0x7c79532daec0>, verb_extension=<colcon_core.verb.build.BuildVerb object at 0x7c79533d3610>, main=<bound method BuildVerb.main of <colcon_core.verb.build.BuildVerb object at 0x7c79533d3610>>, mixin_verb=('build',))
[0.392s] Level 1:colcon.colcon_core.package_discovery:discover_packages(colcon_meta) check parameters
[0.392s] Level 1:colcon.colcon_core.package_discovery:discover_packages(recursive) check parameters
[0.392s] Level 1:colcon.colcon_core.package_discovery:discover_packages(ignore) check parameters
[0.392s] Level 1:colcon.colcon_core.package_discovery:discover_packages(path) check parameters
[0.392s] Level 1:colcon.colcon_core.package_discovery:discover_packages(colcon_meta) discover
[0.392s] Level 1:colcon.colcon_core.package_discovery:discover_packages(recursive) discover
[0.392s] INFO:colcon.colcon_core.package_discovery:Crawling recursively for packages in '/home/jayaaraju/waiter_robot_ws/src'
[0.392s] Level 1:colcon.colcon_core.package_identification:_identify(.) by extensions ['ignore', 'ignore_ament_install']
[0.392s] Level 1:colcon.colcon_core.package_identification:_identify(.) by extension 'ignore'
[0.392s] Level 1:colcon.colcon_core.package_identification:_identify(.) by extension 'ignore_ament_install'
[0.392s] Level 1:colcon.colcon_core.package_identification:_identify(.) by extensions ['colcon_pkg']
[0.392s] Level 1:colcon.colcon_core.package_identification:_identify(.) by extension 'colcon_pkg'
[0.392s] Level 1:colcon.colcon_core.package_identification:_identify(.) by extensions ['colcon_meta']
[0.392s] Level 1:colcon.colcon_core.package_identification:_identify(.) by extension 'colcon_meta'
[0.392s] Level 1:colcon.colcon_core.package_identification:_identify(.) by extensions ['ros']
[0.393s] Level 1:colcon.colcon_core.package_identification:_identify(.) by extension 'ros'
[0.407s] Level 1:colcon.colcon_core.package_identification:_identify(.) by extensions ['cmake', 'python']
[0.407s] Level 1:colcon.colcon_core.package_identification:_identify(.) by extension 'cmake'
[0.407s] Level 1:colcon.colcon_core.package_identification:_identify(.) by extension 'python'
[0.407s] Level 1:colcon.colcon_core.package_identification:_identify(.) by extensions ['python_setup_py']
[0.407s] Level 1:colcon.colcon_core.package_identification:_identify(.) by extension 'python_setup_py'
[0.408s] Level 1:colcon.colcon_core.package_identification:_identify(arduino) by extensions ['ignore', 'ignore_ament_install']
[0.408s] Level 1:colcon.colcon_core.package_identification:_identify(arduino) by extension 'ignore'
[0.408s] Level 1:colcon.colcon_core.package_identification:_identify(arduino) by extension 'ignore_ament_install'
[0.408s] Level 1:colcon.colcon_core.package_identification:_identify(arduino) by extensions ['colcon_pkg']
[0.408s] Level 1:colcon.colcon_core.package_identification:_identify(arduino) by extension 'colcon_pkg'
[0.408s] Level 1:colcon.colcon_core.package_identification:_identify(arduino) by extensions ['colcon_meta']
[0.408s] Level 1:colcon.colcon_core.package_identification:_identify(arduino) by extension 'colcon_meta'
[0.408s] Level 1:colcon.colcon_core.package_identification:_identify(arduino) by extensions ['ros']
[0.408s] Level 1:colcon.colcon_core.package_identification:_identify(arduino) by extension 'ros'
[0.408s] Level 1:colcon.colcon_core.package_identification:_identify(arduino) by extensions ['cmake', 'python']
[0.408s] Level 1:colcon.colcon_core.package_identification:_identify(arduino) by extension 'cmake'
[0.408s] Level 1:colcon.colcon_core.package_identification:_identify(arduino) by extension 'python'
[0.408s] Level 1:colcon.colcon_core.package_identification:_identify(arduino) by extensions ['python_setup_py']
[0.408s] Level 1:colcon.colcon_core.package_identification:_identify(arduino) by extension 'python_setup_py'
[0.408s] Level 1:colcon.colcon_core.package_identification:_identify(arduino_4wd) by extensions ['ignore', 'ignore_ament_install']
[0.408s] Level 1:colcon.colcon_core.package_identification:_identify(arduino_4wd) by extension 'ignore'
[0.408s] Level 1:colcon.colcon_core.package_identification:_identify(arduino_4wd) by extension 'ignore_ament_install'
[0.408s] Level 1:colcon.colcon_core.package_identification:_identify(arduino_4wd) by extensions ['colcon_pkg']
[0.409s] Level 1:colcon.colcon_core.package_identification:_identify(arduino_4wd) by extension 'colcon_pkg'
[0.409s] Level 1:colcon.colcon_core.package_identification:_identify(arduino_4wd) by extensions ['colcon_meta']
[0.409s] Level 1:colcon.colcon_core.package_identification:_identify(arduino_4wd) by extension 'colcon_meta'
[0.409s] Level 1:colcon.colcon_core.package_identification:_identify(arduino_4wd) by extensions ['ros']
[0.409s] Level 1:colcon.colcon_core.package_identification:_identify(arduino_4wd) by extension 'ros'
[0.409s] Level 1:colcon.colcon_core.package_identification:_identify(arduino_4wd) by extensions ['cmake', 'python']
[0.409s] Level 1:colcon.colcon_core.package_identification:_identify(arduino_4wd) by extension 'cmake'
[0.409s] Level 1:colcon.colcon_core.package_identification:_identify(arduino_4wd) by extension 'python'
[0.409s] Level 1:colcon.colcon_core.package_identification:_identify(arduino_4wd) by extensions ['python_setup_py']
[0.409s] Level 1:colcon.colcon_core.package_identification:_identify(arduino_4wd) by extension 'python_setup_py'
[0.409s] Level 1:colcon.colcon_core.package_identification:_identify(build) by extensions ['ignore', 'ignore_ament_install']
[0.409s] Level 1:colcon.colcon_core.package_identification:_identify(build) by extension 'ignore'
[0.409s] Level 1:colcon.colcon_core.package_identification:_identify(build) ignored
[0.409s] Level 1:colcon.colcon_core.package_identification:_identify(install) by extensions ['ignore', 'ignore_ament_install']
[0.409s] Level 1:colcon.colcon_core.package_identification:_identify(install) by extension 'ignore'
[0.409s] Level 1:colcon.colcon_core.package_identification:_identify(install) ignored
[0.409s] Level 1:colcon.colcon_core.package_identification:_identify(log) by extensions ['ignore', 'ignore_ament_install']
[0.410s] Level 1:colcon.colcon_core.package_identification:_identify(log) by extension 'ignore'
[0.410s] Level 1:colcon.colcon_core.package_identification:_identify(log) ignored
[0.410s] Level 1:colcon.colcon_core.package_identification:_identify(motor_control) by extensions ['ignore', 'ignore_ament_install']
[0.410s] Level 1:colcon.colcon_core.package_identification:_identify(motor_control) by extension 'ignore'
[0.410s] Level 1:colcon.colcon_core.package_identification:_identify(motor_control) by extension 'ignore_ament_install'
[0.410s] Level 1:colcon.colcon_core.package_identification:_identify(motor_control) by extensions ['colcon_pkg']
[0.410s] Level 1:colcon.colcon_core.package_identification:_identify(motor_control) by extension 'colcon_pkg'
[0.410s] Level 1:colcon.colcon_core.package_identification:_identify(motor_control) by extensions ['colcon_meta']
[0.410s] Level 1:colcon.colcon_core.package_identification:_identify(motor_control) by extension 'colcon_meta'
[0.410s] Level 1:colcon.colcon_core.package_identification:_identify(motor_control) by extensions ['ros']
[0.410s] Level 1:colcon.colcon_core.package_identification:_identify(motor_control) by extension 'ros'
[0.415s] DEBUG:colcon.colcon_core.package_identification:Package 'motor_control' with type 'ros.ament_cmake' and name 'motor_control'
[0.415s] Level 1:colcon.colcon_core.package_identification:_identify(navigator_planner) by extensions ['ignore', 'ignore_ament_install']
[0.415s] Level 1:colcon.colcon_core.package_identification:_identify(navigator_planner) by extension 'ignore'
[0.415s] Level 1:colcon.colcon_core.package_identification:_identify(navigator_planner) by extension 'ignore_ament_install'
[0.415s] Level 1:colcon.colcon_core.package_identification:_identify(navigator_planner) by extensions ['colcon_pkg']
[0.415s] Level 1:colcon.colcon_core.package_identification:_identify(navigator_planner) by extension 'colcon_pkg'
[0.415s] Level 1:colcon.colcon_core.package_identification:_identify(navigator_planner) by extensions ['colcon_meta']
[0.415s] Level 1:colcon.colcon_core.package_identification:_identify(navigator_planner) by extension 'colcon_meta'
[0.416s] Level 1:colcon.colcon_core.package_identification:_identify(navigator_planner) by extensions ['ros']
[0.416s] Level 1:colcon.colcon_core.package_identification:_identify(navigator_planner) by extension 'ros'
[0.417s] DEBUG:colcon.colcon_core.package_identification:Package 'navigator_planner' with type 'ros.ament_cmake' and name 'navigator_planner'
[0.417s] Level 1:colcon.colcon_core.package_identification:_identify(prototype) by extensions ['ignore', 'ignore_ament_install']
[0.417s] Level 1:colcon.colcon_core.package_identification:_identify(prototype) by extension 'ignore'
[0.417s] Level 1:colcon.colcon_core.package_identification:_identify(prototype) by extension 'ignore_ament_install'
[0.417s] Level 1:colcon.colcon_core.package_identification:_identify(prototype) by extensions ['colcon_pkg']
[0.417s] Level 1:colcon.colcon_core.package_identification:_identify(prototype) by extension 'colcon_pkg'
[0.417s] Level 1:colcon.colcon_core.package_identification:_identify(prototype) by extensions ['colcon_meta']
[0.417s] Level 1:colcon.colcon_core.package_identification:_identify(prototype) by extension 'colcon_meta'
[0.417s] Level 1:colcon.colcon_core.package_identification:_identify(prototype) by extensions ['ros']
[0.417s] Level 1:colcon.colcon_core.package_identification:_identify(prototype) by extension 'ros'
[0.418s] DEBUG:colcon.colcon_core.package_identification:Package 'prototype' with type 'ros.ament_cmake' and name 'prototype'
[0.419s] Level 1:colcon.colcon_core.package_identification:_identify(py_trees_ros_tutorials) by extensions ['ignore', 'ignore_ament_install']
[0.419s] Level 1:colcon.colcon_core.package_identification:_identify(py_trees_ros_tutorials) by extension 'ignore'
[0.419s] Level 1:colcon.colcon_core.package_identification:_identify(py_trees_ros_tutorials) by extension 'ignore_ament_install'
[0.419s] Level 1:colcon.colcon_core.package_identification:_identify(py_trees_ros_tutorials) by extensions ['colcon_pkg']
[0.419s] Level 1:colcon.colcon_core.package_identification:_identify(py_trees_ros_tutorials) by extension 'colcon_pkg'
[0.419s] Level 1:colcon.colcon_core.package_identification:_identify(py_trees_ros_tutorials) by extensions ['colcon_meta']
[0.419s] Level 1:colcon.colcon_core.package_identification:_identify(py_trees_ros_tutorials) by extension 'colcon_meta'
[0.419s] Level 1:colcon.colcon_core.package_identification:_identify(py_trees_ros_tutorials) by extensions ['ros']
[0.419s] Level 1:colcon.colcon_core.package_identification:_identify(py_trees_ros_tutorials) by extension 'ros'
[0.420s] DEBUG:colcon.colcon_core.package_identification:Package 'py_trees_ros_tutorials' with type 'ros.ament_python' and name 'py_trees_ros_tutorials'
[0.420s] Level 1:colcon.colcon_core.package_identification:_identify(ros2_mapping) by extensions ['ignore', 'ignore_ament_install']
[0.420s] Level 1:colcon.colcon_core.package_identification:_identify(ros2_mapping) by extension 'ignore'
[0.420s] Level 1:colcon.colcon_core.package_identification:_identify(ros2_mapping) by extension 'ignore_ament_install'
[0.420s] Level 1:colcon.colcon_core.package_identification:_identify(ros2_mapping) by extensions ['colcon_pkg']
[0.420s] Level 1:colcon.colcon_core.package_identification:_identify(ros2_mapping) by extension 'colcon_pkg'
[0.421s] Level 1:colcon.colcon_core.package_identification:_identify(ros2_mapping) by extensions ['colcon_meta']
[0.421s] Level 1:colcon.colcon_core.package_identification:_identify(ros2_mapping) by extension 'colcon_meta'
[0.421s] Level 1:colcon.colcon_core.package_identification:_identify(ros2_mapping) by extensions ['ros']
[0.421s] Level 1:colcon.colcon_core.package_identification:_identify(ros2_mapping) by extension 'ros'
[0.421s] DEBUG:colcon.colcon_core.package_identification:Package 'ros2_mapping' with type 'ros.ament_cmake' and name 'ros2_mapping'
[0.421s] Level 1:colcon.colcon_core.package_identification:_identify(serial_driver) by extensions ['ignore', 'ignore_ament_install']
[0.422s] Level 1:colcon.colcon_core.package_identification:_identify(serial_driver) by extension 'ignore'
[0.422s] Level 1:colcon.colcon_core.package_identification:_identify(serial_driver) by extension 'ignore_ament_install'
[0.422s] Level 1:colcon.colcon_core.package_identification:_identify(serial_driver) by extensions ['colcon_pkg']
[0.422s] Level 1:colcon.colcon_core.package_identification:_identify(serial_driver) by extension 'colcon_pkg'
[0.422s] Level 1:colcon.colcon_core.package_identification:_identify(serial_driver) by extensions ['colcon_meta']
[0.422s] Level 1:colcon.colcon_core.package_identification:_identify(serial_driver) by extension 'colcon_meta'
[0.422s] Level 1:colcon.colcon_core.package_identification:_identify(serial_driver) by extensions ['ros']
[0.422s] Level 1:colcon.colcon_core.package_identification:_identify(serial_driver) by extension 'ros'
[0.423s] DEBUG:colcon.colcon_core.package_identification:Package 'serial_driver' with type 'ros.catkin' and name 'serial'
[0.423s] Level 1:colcon.colcon_core.package_identification:_identify(waiter_tree) by extensions ['ignore', 'ignore_ament_install']
[0.424s] Level 1:colcon.colcon_core.package_identification:_identify(waiter_tree) by extension 'ignore'
[0.424s] Level 1:colcon.colcon_core.package_identification:_identify(waiter_tree) by extension 'ignore_ament_install'
[0.424s] Level 1:colcon.colcon_core.package_identification:_identify(waiter_tree) by extensions ['colcon_pkg']
[0.424s] Level 1:colcon.colcon_core.package_identification:_identify(waiter_tree) by extension 'colcon_pkg'
[0.424s] Level 1:colcon.colcon_core.package_identification:_identify(waiter_tree) by extensions ['colcon_meta']
[0.424s] Level 1:colcon.colcon_core.package_identification:_identify(waiter_tree) by extension 'colcon_meta'
[0.424s] Level 1:colcon.colcon_core.package_identification:_identify(waiter_tree) by extensions ['ros']
[0.424s] Level 1:colcon.colcon_core.package_identification:_identify(waiter_tree) by extension 'ros'
[0.426s] DEBUG:colcon.colcon_core.package_identification:Package 'waiter_tree' with type 'ros.ament_cmake' and name 'waiter_tree'
[0.426s] Level 1:colcon.colcon_core.package_discovery:discover_packages(recursive) using defaults
[0.426s] Level 1:colcon.colcon_core.package_discovery:discover_packages(ignore) discover
[0.426s] Level 1:colcon.colcon_core.package_discovery:discover_packages(ignore) using defaults
[0.426s] Level 1:colcon.colcon_core.package_discovery:discover_packages(path) discover
[0.426s] Level 1:colcon.colcon_core.package_discovery:discover_packages(path) using defaults
[0.473s] Level 1:colcon.colcon_core.package_discovery:discover_packages(prefix_path) check parameters
[0.473s] Level 1:colcon.colcon_core.package_discovery:discover_packages(prefix_path) discover
[0.474s] WARNING:colcon.colcon_core.prefix_path.colcon:The path '/home/jayaaraju/dock_ws/install' in the environment variable COLCON_PREFIX_PATH doesn't exist
[0.475s] WARNING:colcon.colcon_core.prefix_path.colcon:The path '/home/jayaaraju/nav_ws/install' in the environment variable COLCON_PREFIX_PATH doesn't exist
[0.475s] WARNING:colcon.colcon_core.prefix_path.colcon:The path '/home/jayaaraju/proto_ws/install' in the environment variable COLCON_PREFIX_PATH doesn't exist
[0.475s] WARNING:colcon.colcon_core.prefix_path.colcon:The path '/home/jayaaraju/pallet_ws/install' in the environment variable COLCON_PREFIX_PATH doesn't exist
[0.475s] WARNING:colcon.colcon_core.prefix_path.colcon:The path '/home/jayaaraju/prototype/prototype/install' in the environment variable COLCON_PREFIX_PATH doesn't exist
[0.475s] WARNING:colcon.colcon_ros.prefix_path.ament:The path '/home/jayaaraju/nav_ws/install/sattva_bot' in the environment variable AMENT_PREFIX_PATH doesn't exist
[0.475s] WARNING:colcon.colcon_ros.prefix_path.ament:The path '/home/jayaaraju/nav_ws/install/ros2_mapping' in the environment variable AMENT_PREFIX_PATH doesn't exist
[0.475s] WARNING:colcon.colcon_ros.prefix_path.ament:The path '/home/jayaaraju/nav_ws/install/opennav_docking' in the environment variable AMENT_PREFIX_PATH doesn't exist
[0.475s] WARNING:colcon.colcon_ros.prefix_path.ament:The path '/home/jayaaraju/proto_ws/install/sattva_bot' in the environment variable AMENT_PREFIX_PATH doesn't exist
[0.475s] WARNING:colcon.colcon_ros.prefix_path.ament:The path '/home/jayaaraju/proto_ws/install/prototype' in the environment variable AMENT_PREFIX_PATH doesn't exist
[0.476s] WARNING:colcon.colcon_ros.prefix_path.ament:The path '/home/jayaaraju/proto_ws/install/pallet_loader' in the environment variable AMENT_PREFIX_PATH doesn't exist
[0.476s] WARNING:colcon.colcon_ros.prefix_path.ament:The path '/home/jayaaraju/pallet_ws/install/yolov5_ros' in the environment variable AMENT_PREFIX_PATH doesn't exist
[0.476s] WARNING:colcon.colcon_ros.prefix_path.ament:The path '/home/jayaaraju/pallet_ws/install/pallet_loader' in the environment variable AMENT_PREFIX_PATH doesn't exist
[0.476s] WARNING:colcon.colcon_ros.prefix_path.ament:The path '/home/jayaaraju/pallet_ws/install/bboxes_ex_msgs' in the environment variable AMENT_PREFIX_PATH doesn't exist
[0.476s] WARNING:colcon.colcon_ros.prefix_path.ament:The path '/home/jayaaraju/prototype/prototype/install/serial_driver' in the environment variable AMENT_PREFIX_PATH doesn't exist
[0.476s] WARNING:colcon.colcon_ros.prefix_path.ament:The path '/home/jayaaraju/prototype/prototype/install/prototype' in the environment variable AMENT_PREFIX_PATH doesn't exist
[0.476s] WARNING:colcon.colcon_ros.prefix_path.ament:The path '/home/jayaaraju/prototype/prototype/install/motor_control' in the environment variable AMENT_PREFIX_PATH doesn't exist
[0.476s] WARNING:colcon.colcon_ros.prefix_path.ament:The path '/home/jayaaraju/prototype/prototype/install/io_context' in the environment variable AMENT_PREFIX_PATH doesn't exist
[0.476s] WARNING:colcon.colcon_ros.prefix_path.ament:The path '/home/jayaaraju/prototype/prototype/install/asio_cmake_module' in the environment variable AMENT_PREFIX_PATH doesn't exist
[0.477s] WARNING:colcon.colcon_ros.prefix_path.catkin:The path '/home/jayaaraju/nav_ws/install/sattva_bot' in the environment variable CMAKE_PREFIX_PATH doesn't exist
[0.477s] WARNING:colcon.colcon_ros.prefix_path.catkin:The path '/home/jayaaraju/nav_ws/install/ros2_mapping' in the environment variable CMAKE_PREFIX_PATH doesn't exist
[0.477s] WARNING:colcon.colcon_ros.prefix_path.catkin:The path '/home/jayaaraju/nav_ws/install/opennav_docking' in the environment variable CMAKE_PREFIX_PATH doesn't exist
[0.477s] WARNING:colcon.colcon_ros.prefix_path.catkin:The path '/home/jayaaraju/proto_ws/install/sattva_bot' in the environment variable CMAKE_PREFIX_PATH doesn't exist
[0.477s] WARNING:colcon.colcon_ros.prefix_path.catkin:The path '/home/jayaaraju/proto_ws/install/prototype' in the environment variable CMAKE_PREFIX_PATH doesn't exist
[0.477s] WARNING:colcon.colcon_ros.prefix_path.catkin:The path '/home/jayaaraju/proto_ws/install/pallet_loader' in the environment variable CMAKE_PREFIX_PATH doesn't exist
[0.477s] WARNING:colcon.colcon_ros.prefix_path.catkin:The path '/home/jayaaraju/pallet_ws/install/serial' in the environment variable CMAKE_PREFIX_PATH doesn't exist
[0.477s] WARNING:colcon.colcon_ros.prefix_path.catkin:The path '/home/jayaaraju/pallet_ws/install/pallet_loader' in the environment variable CMAKE_PREFIX_PATH doesn't exist
[0.477s] WARNING:colcon.colcon_ros.prefix_path.catkin:The path '/home/jayaaraju/pallet_ws/install/bboxes_ex_msgs' in the environment variable CMAKE_PREFIX_PATH doesn't exist
[0.477s] WARNING:colcon.colcon_ros.prefix_path.catkin:The path '/home/jayaaraju/prototype/prototype/install/serial_driver' in the environment variable CMAKE_PREFIX_PATH doesn't exist
[0.477s] WARNING:colcon.colcon_ros.prefix_path.catkin:The path '/home/jayaaraju/prototype/prototype/install/prototype' in the environment variable CMAKE_PREFIX_PATH doesn't exist
[0.477s] WARNING:colcon.colcon_ros.prefix_path.catkin:The path '/home/jayaaraju/prototype/prototype/install/motor_control' in the environment variable CMAKE_PREFIX_PATH doesn't exist
[0.477s] WARNING:colcon.colcon_ros.prefix_path.catkin:The path '/home/jayaaraju/prototype/prototype/install/io_context' in the environment variable CMAKE_PREFIX_PATH doesn't exist
[0.477s] WARNING:colcon.colcon_ros.prefix_path.catkin:The path '/home/jayaaraju/prototype/prototype/install/asio_cmake_module' in the environment variable CMAKE_PREFIX_PATH doesn't exist
[0.480s] DEBUG:colcon.colcon_installed_package_information.package_discovery:Found 6 installed packages in /home/jayaaraju/waiter_robot_ws/install
[0.481s] DEBUG:colcon.colcon_installed_package_information.package_discovery:Found 2 installed packages in /home/jayaaraju/bt_demo/install
[0.482s] DEBUG:colcon.colcon_installed_package_information.package_discovery:Found 1 installed packages in /home/jayaaraju/code_ws/install
[0.482s] DEBUG:colcon.colcon_installed_package_information.package_discovery:Found 1 installed packages in /home/jayaaraju/ros2_ws/install
[0.483s] DEBUG:colcon.colcon_installed_package_information.package_discovery:Found 1 installed packages in /home/jayaaraju/ros2_ws/src/install
[0.484s] DEBUG:colcon.colcon_installed_package_information.package_discovery:Found 7 installed packages in /home/jayaaraju/main_ws/install
[0.485s] DEBUG:colcon.colcon_installed_package_information.package_discovery:Found 1 installed packages in /home/jayaaraju/led_ws/install
[0.487s] DEBUG:colcon.colcon_installed_package_information.package_discovery:Found 396 installed packages in /opt/ros/humble
[0.490s] Level 1:colcon.colcon_core.package_discovery:discover_packages(prefix_path) using defaults
[0.562s] Level 5:colcon.colcon_core.verb:set package 'navigator_planner' build argument 'cmake_args' from command line to 'None'
[0.562s] Level 5:colcon.colcon_core.verb:set package 'navigator_planner' build argument 'cmake_target' from command line to 'None'
[0.563s] Level 5:colcon.colcon_core.verb:set package 'navigator_planner' build argument 'cmake_target_skip_unavailable' from command line to 'False'
[0.563s] Level 5:colcon.colcon_core.verb:set package 'navigator_planner' build argument 'cmake_clean_cache' from command line to 'False'
[0.563s] Level 5:colcon.colcon_core.verb:set package 'navigator_planner' build argument 'cmake_clean_first' from command line to 'False'
[0.563s] Level 5:colcon.colcon_core.verb:set package 'navigator_planner' build argument 'cmake_force_configure' from command line to 'False'
[0.563s] Level 5:colcon.colcon_core.verb:set package 'navigator_planner' build argument 'ament_cmake_args' from command line to 'None'
[0.563s] Level 5:colcon.colcon_core.verb:set package 'navigator_planner' build argument 'catkin_cmake_args' from command line to 'None'
[0.563s] Level 5:colcon.colcon_core.verb:set package 'navigator_planner' build argument 'catkin_skip_building_tests' from command line to 'False'
[0.563s] DEBUG:colcon.colcon_core.verb:Building package 'navigator_planner' with the following arguments: {'ament_cmake_args': None, 'build_base': '/home/jayaaraju/waiter_robot_ws/src/build/navigator_planner', 'catkin_cmake_args': None, 'catkin_skip_building_tests': False, 'cmake_args': None, 'cmake_clean_cache': False, 'cmake_clean_first': False, 'cmake_force_configure': False, 'cmake_target': None, 'cmake_target_skip_unavailable': False, 'install_base': '/home/jayaaraju/waiter_robot_ws/src/install/navigator_planner', 'merge_install': False, 'path': '/home/jayaaraju/waiter_robot_ws/src/navigator_planner', 'symlink_install': True, 'test_result_base': None}
[0.563s] Level 5:colcon.colcon_core.verb:set package 'prototype' build argument 'cmake_args' from command line to 'None'
[0.563s] Level 5:colcon.colcon_core.verb:set package 'prototype' build argument 'cmake_target' from command line to 'None'
[0.563s] Level 5:colcon.colcon_core.verb:set package 'prototype' build argument 'cmake_target_skip_unavailable' from command line to 'False'
[0.564s] Level 5:colcon.colcon_core.verb:set package 'prototype' build argument 'cmake_clean_cache' from command line to 'False'
[0.564s] Level 5:colcon.colcon_core.verb:set package 'prototype' build argument 'cmake_clean_first' from command line to 'False'
[0.564s] Level 5:colcon.colcon_core.verb:set package 'prototype' build argument 'cmake_force_configure' from command line to 'False'
[0.564s] Level 5:colcon.colcon_core.verb:set package 'prototype' build argument 'ament_cmake_args' from command line to 'None'
[0.564s] Level 5:colcon.colcon_core.verb:set package 'prototype' build argument 'catkin_cmake_args' from command line to 'None'
[0.564s] Level 5:colcon.colcon_core.verb:set package 'prototype' build argument 'catkin_skip_building_tests' from command line to 'False'
[0.564s] DEBUG:colcon.colcon_core.verb:Building package 'prototype' with the following arguments: {'ament_cmake_args': None, 'build_base': '/home/jayaaraju/waiter_robot_ws/src/build/prototype', 'catkin_cmake_args': None, 'catkin_skip_building_tests': False, 'cmake_args': None, 'cmake_clean_cache': False, 'cmake_clean_first': False, 'cmake_force_configure': False, 'cmake_target': None, 'cmake_target_skip_unavailable': False, 'install_base': '/home/jayaaraju/waiter_robot_ws/src/install/prototype', 'merge_install': False, 'path': '/home/jayaaraju/waiter_robot_ws/src/prototype', 'symlink_install': True, 'test_result_base': None}
[0.564s] Level 5:colcon.colcon_core.verb:set package 'py_trees_ros_tutorials' build argument 'cmake_args' from command line to 'None'
[0.564s] Level 5:colcon.colcon_core.verb:set package 'py_trees_ros_tutorials' build argument 'cmake_target' from command line to 'None'
[0.564s] Level 5:colcon.colcon_core.verb:set package 'py_trees_ros_tutorials' build argument 'cmake_target_skip_unavailable' from command line to 'False'
[0.564s] Level 5:colcon.colcon_core.verb:set package 'py_trees_ros_tutorials' build argument 'cmake_clean_cache' from command line to 'False'
[0.565s] Level 5:colcon.colcon_core.verb:set package 'py_trees_ros_tutorials' build argument 'cmake_clean_first' from command line to 'False'
[0.565s] Level 5:colcon.colcon_core.verb:set package 'py_trees_ros_tutorials' build argument 'cmake_force_configure' from command line to 'False'
[0.565s] Level 5:colcon.colcon_core.verb:set package 'py_trees_ros_tutorials' build argument 'ament_cmake_args' from command line to 'None'
[0.565s] Level 5:colcon.colcon_core.verb:set package 'py_trees_ros_tutorials' build argument 'catkin_cmake_args' from command line to 'None'
[0.565s] Level 5:colcon.colcon_core.verb:set package 'py_trees_ros_tutorials' build argument 'catkin_skip_building_tests' from command line to 'False'
[0.565s] DEBUG:colcon.colcon_core.verb:Building package 'py_trees_ros_tutorials' with the following arguments: {'ament_cmake_args': None, 'build_base': '/home/jayaaraju/waiter_robot_ws/src/build/py_trees_ros_tutorials', 'catkin_cmake_args': None, 'catkin_skip_building_tests': False, 'cmake_args': None, 'cmake_clean_cache': False, 'cmake_clean_first': False, 'cmake_force_configure': False, 'cmake_target': None, 'cmake_target_skip_unavailable': False, 'install_base': '/home/jayaaraju/waiter_robot_ws/src/install/py_trees_ros_tutorials', 'merge_install': False, 'path': '/home/jayaaraju/waiter_robot_ws/src/py_trees_ros_tutorials', 'symlink_install': True, 'test_result_base': None}
[0.565s] Level 5:colcon.colcon_core.verb:set package 'ros2_mapping' build argument 'cmake_args' from command line to 'None'
[0.565s] Level 5:colcon.colcon_core.verb:set package 'ros2_mapping' build argument 'cmake_target' from command line to 'None'
[0.565s] Level 5:colcon.colcon_core.verb:set package 'ros2_mapping' build argument 'cmake_target_skip_unavailable' from command line to 'False'
[0.565s] Level 5:colcon.colcon_core.verb:set package 'ros2_mapping' build argument 'cmake_clean_cache' from command line to 'False'
[0.565s] Level 5:colcon.colcon_core.verb:set package 'ros2_mapping' build argument 'cmake_clean_first' from command line to 'False'
[0.565s] Level 5:colcon.colcon_core.verb:set package 'ros2_mapping' build argument 'cmake_force_configure' from command line to 'False'
[0.565s] Level 5:colcon.colcon_core.verb:set package 'ros2_mapping' build argument 'ament_cmake_args' from command line to 'None'
[0.565s] Level 5:colcon.colcon_core.verb:set package 'ros2_mapping' build argument 'catkin_cmake_args' from command line to 'None'
[0.565s] Level 5:colcon.colcon_core.verb:set package 'ros2_mapping' build argument 'catkin_skip_building_tests' from command line to 'False'
[0.565s] DEBUG:colcon.colcon_core.verb:Building package 'ros2_mapping' with the following arguments: {'ament_cmake_args': None, 'build_base': '/home/jayaaraju/waiter_robot_ws/src/build/ros2_mapping', 'catkin_cmake_args': None, 'catkin_skip_building_tests': False, 'cmake_args': None, 'cmake_clean_cache': False, 'cmake_clean_first': False, 'cmake_force_configure': False, 'cmake_target': None, 'cmake_target_skip_unavailable': False, 'install_base': '/home/jayaaraju/waiter_robot_ws/src/install/ros2_mapping', 'merge_install': False, 'path': '/home/jayaaraju/waiter_robot_ws/src/ros2_mapping', 'symlink_install': True, 'test_result_base': None}
[0.566s] Level 5:colcon.colcon_core.verb:set package 'serial' build argument 'cmake_args' from command line to 'None'
[0.566s] Level 5:colcon.colcon_core.verb:set package 'serial' build argument 'cmake_target' from command line to 'None'
[0.566s] Level 5:colcon.colcon_core.verb:set package 'serial' build argument 'cmake_target_skip_unavailable' from command line to 'False'
[0.566s] Level 5:colcon.colcon_core.verb:set package 'serial' build argument 'cmake_clean_cache' from command line to 'False'
[0.566s] Level 5:colcon.colcon_core.verb:set package 'serial' build argument 'cmake_clean_first' from command line to 'False'
[0.566s] Level 5:colcon.colcon_core.verb:set package 'serial' build argument 'cmake_force_configure' from command line to 'False'
[0.566s] Level 5:colcon.colcon_core.verb:set package 'serial' build argument 'ament_cmake_args' from command line to 'None'
[0.566s] Level 5:colcon.colcon_core.verb:set package 'serial' build argument 'catkin_cmake_args' from command line to 'None'
[0.566s] Level 5:colcon.colcon_core.verb:set package 'serial' build argument 'catkin_skip_building_tests' from command line to 'False'
[0.566s] DEBUG:colcon.colcon_core.verb:Building package 'serial' with the following arguments: {'ament_cmake_args': None, 'build_base': '/home/jayaaraju/waiter_robot_ws/src/build/serial', 'catkin_cmake_args': None, 'catkin_skip_building_tests': False, 'cmake_args': None, 'cmake_clean_cache': False, 'cmake_clean_first': False, 'cmake_force_configure': False, 'cmake_target': None, 'cmake_target_skip_unavailable': False, 'install_base': '/home/jayaaraju/waiter_robot_ws/src/install/serial', 'merge_install': False, 'path': '/home/jayaaraju/waiter_robot_ws/src/serial_driver', 'symlink_install': True, 'test_result_base': None}
[0.567s] Level 5:colcon.colcon_core.verb:set package 'waiter_tree' build argument 'cmake_args' from command line to 'None'
[0.567s] Level 5:colcon.colcon_core.verb:set package 'waiter_tree' build argument 'cmake_target' from command line to 'None'
[0.567s] Level 5:colcon.colcon_core.verb:set package 'waiter_tree' build argument 'cmake_target_skip_unavailable' from command line to 'False'
[0.567s] Level 5:colcon.colcon_core.verb:set package 'waiter_tree' build argument 'cmake_clean_cache' from command line to 'False'
[0.567s] Level 5:colcon.colcon_core.verb:set package 'waiter_tree' build argument 'cmake_clean_first' from command line to 'False'
[0.567s] Level 5:colcon.colcon_core.verb:set package 'waiter_tree' build argument 'cmake_force_configure' from command line to 'False'
[0.567s] Level 5:colcon.colcon_core.verb:set package 'waiter_tree' build argument 'ament_cmake_args' from command line to 'None'
[0.567s] Level 5:colcon.colcon_core.verb:set package 'waiter_tree' build argument 'catkin_cmake_args' from command line to 'None'
[0.567s] Level 5:colcon.colcon_core.verb:set package 'waiter_tree' build argument 'catkin_skip_building_tests' from command line to 'False'
[0.567s] DEBUG:colcon.colcon_core.verb:Building package 'waiter_tree' with the following arguments: {'ament_cmake_args': None, 'build_base': '/home/jayaaraju/waiter_robot_ws/src/build/waiter_tree', 'catkin_cmake_args': None, 'catkin_skip_building_tests': False, 'cmake_args': None, 'cmake_clean_cache': False, 'cmake_clean_first': False, 'cmake_force_configure': False, 'cmake_target': None, 'cmake_target_skip_unavailable': False, 'install_base': '/home/jayaaraju/waiter_robot_ws/src/install/waiter_tree', 'merge_install': False, 'path': '/home/jayaaraju/waiter_robot_ws/src/waiter_tree', 'symlink_install': True, 'test_result_base': None}
[0.567s] Level 5:colcon.colcon_core.verb:set package 'motor_control' build argument 'cmake_args' from command line to 'None'
[0.567s] Level 5:colcon.colcon_core.verb:set package 'motor_control' build argument 'cmake_target' from command line to 'None'
[0.567s] Level 5:colcon.colcon_core.verb:set package 'motor_control' build argument 'cmake_target_skip_unavailable' from command line to 'False'
[0.567s] Level 5:colcon.colcon_core.verb:set package 'motor_control' build argument 'cmake_clean_cache' from command line to 'False'
[0.567s] Level 5:colcon.colcon_core.verb:set package 'motor_control' build argument 'cmake_clean_first' from command line to 'False'
[0.567s] Level 5:colcon.colcon_core.verb:set package 'motor_control' build argument 'cmake_force_configure' from command line to 'False'
[0.567s] Level 5:colcon.colcon_core.verb:set package 'motor_control' build argument 'ament_cmake_args' from command line to 'None'
[0.568s] Level 5:colcon.colcon_core.verb:set package 'motor_control' build argument 'catkin_cmake_args' from command line to 'None'
[0.568s] Level 5:colcon.colcon_core.verb:set package 'motor_control' build argument 'catkin_skip_building_tests' from command line to 'False'
[0.568s] DEBUG:colcon.colcon_core.verb:Building package 'motor_control' with the following arguments: {'ament_cmake_args': None, 'build_base': '/home/jayaaraju/waiter_robot_ws/src/build/motor_control', 'catkin_cmake_args': None, 'catkin_skip_building_tests': False, 'cmake_args': None, 'cmake_clean_cache': False, 'cmake_clean_first': False, 'cmake_force_configure': False, 'cmake_target': None, 'cmake_target_skip_unavailable': False, 'install_base': '/home/jayaaraju/waiter_robot_ws/src/install/motor_control', 'merge_install': False, 'path': '/home/jayaaraju/waiter_robot_ws/src/motor_control', 'symlink_install': True, 'test_result_base': None}
[0.568s] INFO:colcon.colcon_core.executor:Executing jobs using 'parallel' executor
[0.569s] DEBUG:colcon.colcon_parallel_executor.executor.parallel:run_until_complete
[0.569s] INFO:colcon.colcon_ros.task.catkin.build:Building ROS package in '/home/jayaaraju/waiter_robot_ws/src/serial_driver' with build type 'catkin'
[0.569s] INFO:colcon.colcon_cmake.task.cmake.build:Building CMake package in '/home/jayaaraju/waiter_robot_ws/src/serial_driver'
[0.572s] INFO:colcon.colcon_core.plugin_system:Skipping extension 'colcon_core.shell.bat': Not used on non-Windows systems
[0.572s] INFO:colcon.colcon_core.shell:Skip shell extension 'powershell' for command environment: Not usable outside of PowerShell
[0.573s] DEBUG:colcon.colcon_core.shell:Skip shell extension 'dsv' for command environment
[0.580s] INFO:colcon.colcon_ros.task.ament_cmake.build:Building ROS package in '/home/jayaaraju/waiter_robot_ws/src/navigator_planner' with build type 'ament_cmake'
[0.580s] INFO:colcon.colcon_cmake.task.cmake.build:Building CMake package in '/home/jayaaraju/waiter_robot_ws/src/navigator_planner'
[0.581s] INFO:colcon.colcon_core.shell:Skip shell extension 'powershell' for command environment: Not usable outside of PowerShell
[0.581s] DEBUG:colcon.colcon_core.shell:Skip shell extension 'dsv' for command environment
[0.588s] INFO:colcon.colcon_ros.task.ament_cmake.build:Building ROS package in '/home/jayaaraju/waiter_robot_ws/src/prototype' with build type 'ament_cmake'
[0.589s] INFO:colcon.colcon_cmake.task.cmake.build:Building CMake package in '/home/jayaaraju/waiter_robot_ws/src/prototype'
[0.589s] INFO:colcon.colcon_core.shell:Skip shell extension 'powershell' for command environment: Not usable outside of PowerShell
[0.589s] DEBUG:colcon.colcon_core.shell:Skip shell extension 'dsv' for command environment
[0.598s] INFO:colcon.colcon_ros.task.ament_python.build:Building ROS package in '/home/jayaaraju/waiter_robot_ws/src/py_trees_ros_tutorials' with build type 'ament_python'
[0.599s] Level 1:colcon.colcon_core.shell:create_environment_hook('py_trees_ros_tutorials', 'ament_prefix_path')
[0.600s] INFO:colcon.colcon_core.shell:Creating environment hook '/home/jayaaraju/waiter_robot_ws/src/install/py_trees_ros_tutorials/share/py_trees_ros_tutorials/hook/ament_prefix_path.ps1'
[0.601s] INFO:colcon.colcon_core.shell:Creating environment descriptor '/home/jayaaraju/waiter_robot_ws/src/install/py_trees_ros_tutorials/share/py_trees_ros_tutorials/hook/ament_prefix_path.dsv'
[0.601s] INFO:colcon.colcon_core.shell:Creating environment hook '/home/jayaaraju/waiter_robot_ws/src/install/py_trees_ros_tutorials/share/py_trees_ros_tutorials/hook/ament_prefix_path.sh'
[0.603s] INFO:colcon.colcon_core.shell:Skip shell extension 'powershell' for command environment: Not usable outside of PowerShell
[0.603s] DEBUG:colcon.colcon_core.shell:Skip shell extension 'dsv' for command environment
[0.611s] INFO:colcon.colcon_ros.task.ament_cmake.build:Building ROS package in '/home/jayaaraju/waiter_robot_ws/src/ros2_mapping' with build type 'ament_cmake'
[0.612s] INFO:colcon.colcon_cmake.task.cmake.build:Building CMake package in '/home/jayaaraju/waiter_robot_ws/src/ros2_mapping'
[0.614s] INFO:colcon.colcon_core.shell:Skip shell extension 'powershell' for command environment: Not usable outside of PowerShell
[0.614s] DEBUG:colcon.colcon_core.shell:Skip shell extension 'dsv' for command environment
[0.623s] INFO:colcon.colcon_ros.task.ament_cmake.build:Building ROS package in '/home/jayaaraju/waiter_robot_ws/src/waiter_tree' with build type 'ament_cmake'
[0.623s] INFO:colcon.colcon_cmake.task.cmake.build:Building CMake package in '/home/jayaaraju/waiter_robot_ws/src/waiter_tree'
[0.623s] INFO:colcon.colcon_core.shell:Skip shell extension 'powershell' for command environment: Not usable outside of PowerShell
[0.623s] DEBUG:colcon.colcon_core.shell:Skip shell extension 'dsv' for command environment
[0.639s] DEBUG:colcon.colcon_core.event_handler.log_command:Invoking command in '/home/jayaaraju/waiter_robot_ws/src/build/serial': /usr/bin/cmake /home/jayaaraju/waiter_robot_ws/src/serial_driver -DCATKIN_INSTALL_INTO_PREFIX_ROOT=0 -DCATKIN_SYMLINK_INSTALL=ON -DCMAKE_INSTALL_PREFIX=/home/jayaaraju/waiter_robot_ws/src/install/serial
[0.644s] DEBUG:colcon.colcon_core.event_handler.log_command:Invoking command in '/home/jayaaraju/waiter_robot_ws/src/build/navigator_planner': CMAKE_PREFIX_PATH=${CMAKE_PREFIX_PATH}:/home/jayaaraju/waiter_robot_ws/install/py_trees_ros_tutorials:/home/jayaaraju/ros2_ws/install/my_robot_controller:/home/jayaaraju/ros2_ws/src/install/my_robot_controller:/home/jayaaraju/pallet_ws/install/yolov5_ros:/opt/ros/humble /usr/bin/cmake /home/jayaaraju/waiter_robot_ws/src/navigator_planner -DAMENT_CMAKE_SYMLINK_INSTALL=1 -DCMAKE_INSTALL_PREFIX=/home/jayaaraju/waiter_robot_ws/src/install/navigator_planner
[0.649s] DEBUG:colcon.colcon_core.event_handler.log_command:Invoking command in '/home/jayaaraju/waiter_robot_ws/src/build/prototype': CMAKE_PREFIX_PATH=${CMAKE_PREFIX_PATH}:/home/jayaaraju/waiter_robot_ws/install/py_trees_ros_tutorials:/home/jayaaraju/ros2_ws/install/my_robot_controller:/home/jayaaraju/ros2_ws/src/install/my_robot_controller:/home/jayaaraju/pallet_ws/install/yolov5_ros:/opt/ros/humble /usr/bin/cmake /home/jayaaraju/waiter_robot_ws/src/prototype -DAMENT_CMAKE_SYMLINK_INSTALL=1 -DCMAKE_INSTALL_PREFIX=/home/jayaaraju/waiter_robot_ws/src/install/prototype
[1.602s] INFO:colcon.colcon_core.task.python.build:Building Python package in '/home/jayaaraju/waiter_robot_ws/src/py_trees_ros_tutorials'
[1.604s] INFO:colcon.colcon_core.shell:Skip shell extension 'powershell' for command environment: Not usable outside of PowerShell
[1.604s] DEBUG:colcon.colcon_core.shell:Skip shell extension 'dsv' for command environment
[1.645s] DEBUG:colcon.colcon_core.event_handler.log_command:Invoking command in '/home/jayaaraju/waiter_robot_ws/src/build/ros2_mapping': CMAKE_PREFIX_PATH=${CMAKE_PREFIX_PATH}:/home/jayaaraju/waiter_robot_ws/install/py_trees_ros_tutorials:/home/jayaaraju/ros2_ws/install/my_robot_controller:/home/jayaaraju/ros2_ws/src/install/my_robot_controller:/home/jayaaraju/pallet_ws/install/yolov5_ros:/opt/ros/humble /usr/bin/cmake /home/jayaaraju/waiter_robot_ws/src/ros2_mapping -DAMENT_CMAKE_SYMLINK_INSTALL=1 -DCMAKE_INSTALL_PREFIX=/home/jayaaraju/waiter_robot_ws/src/install/ros2_mapping
[1.678s] DEBUG:colcon.colcon_core.event_handler.log_command:Invoking command in '/home/jayaaraju/waiter_robot_ws/src/build/waiter_tree': CMAKE_PREFIX_PATH=${CMAKE_PREFIX_PATH}:/home/jayaaraju/waiter_robot_ws/install/py_trees_ros_tutorials:/home/jayaaraju/ros2_ws/install/my_robot_controller:/home/jayaaraju/ros2_ws/src/install/my_robot_controller:/home/jayaaraju/pallet_ws/install/yolov5_ros:/opt/ros/humble /usr/bin/cmake /home/jayaaraju/waiter_robot_ws/src/waiter_tree -DAMENT_CMAKE_SYMLINK_INSTALL=1 -DCMAKE_INSTALL_PREFIX=/home/jayaaraju/waiter_robot_ws/src/install/waiter_tree
[1.681s] DEBUG:colcon.colcon_core.event_handler.log_command:Invoked command in '/home/jayaaraju/waiter_robot_ws/src/build/serial' returned '1': /usr/bin/cmake /home/jayaaraju/waiter_robot_ws/src/serial_driver -DCATKIN_INSTALL_INTO_PREFIX_ROOT=0 -DCATKIN_SYMLINK_INSTALL=ON -DCMAKE_INSTALL_PREFIX=/home/jayaaraju/waiter_robot_ws/src/install/serial
[9.497s] DEBUG:colcon.colcon_parallel_executor.executor.parallel:closing loop
[9.497s] DEBUG:colcon.colcon_parallel_executor.executor.parallel:loop closed
[9.497s] DEBUG:colcon.colcon_parallel_executor.executor.parallel:run_until_complete finished with 'argument of type 'NoneType' is not iterable'
[9.497s] DEBUG:colcon.colcon_core.event_reactor:joining thread
[9.506s] INFO:colcon.colcon_core.plugin_system:Skipping extension 'colcon_notification.desktop_notification.terminal_notifier': Not used on non-Darwin systems
[9.506s] INFO:colcon.colcon_core.plugin_system:Skipping extension 'colcon_notification.desktop_notification.win32': Not used on non-Windows systems
[9.506s] INFO:colcon.colcon_notification.desktop_notification:Sending desktop notification using 'notify2'
[9.528s] DEBUG:colcon.colcon_core.event_reactor:joined thread
[9.529s] INFO:colcon.colcon_core.shell:Creating prefix script '/home/jayaaraju/waiter_robot_ws/src/install/local_setup.ps1'
[9.531s] INFO:colcon.colcon_core.shell:Creating prefix util module '/home/jayaaraju/waiter_robot_ws/src/install/_local_setup_util_ps1.py'
[9.533s] INFO:colcon.colcon_core.shell:Creating prefix chain script '/home/jayaaraju/waiter_robot_ws/src/install/setup.ps1'
[9.537s] INFO:colcon.colcon_core.shell:Creating prefix script '/home/jayaaraju/waiter_robot_ws/src/install/local_setup.sh'
[9.538s] INFO:colcon.colcon_core.shell:Creating prefix util module '/home/jayaaraju/waiter_robot_ws/src/install/_local_setup_util_sh.py'
[9.539s] INFO:colcon.colcon_core.shell:Creating prefix chain script '/home/jayaaraju/waiter_robot_ws/src/install/setup.sh'
[9.541s] INFO:colcon.colcon_core.shell:Creating prefix script '/home/jayaaraju/waiter_robot_ws/src/install/local_setup.bash'
[9.542s] INFO:colcon.colcon_core.shell:Creating prefix chain script '/home/jayaaraju/waiter_robot_ws/src/install/setup.bash'
[9.547s] INFO:colcon.colcon_core.shell:Creating prefix script '/home/jayaaraju/waiter_robot_ws/src/install/local_setup.zsh'
[9.548s] INFO:colcon.colcon_core.shell:Creating prefix chain script '/home/jayaaraju/waiter_robot_ws/src/install/setup.zsh'
