Built target ament_cmake_python_symlink_navigator_planner
running egg_info
writing navigator_planner.egg-info/PKG-INFO
writing dependency_links to navigator_planner.egg-info/dependency_links.txt
writing top-level names to navigator_planner.egg-info/top_level.txt
reading manifest file 'navigator_planner.egg-info/SOURCES.txt'
writing manifest file 'navigator_planner.egg-info/SOURCES.txt'
Built target ament_cmake_python_build_navigator_planner_egg
-- Install configuration: ""
-- Execute custom install script
-- Symlinking: /home/jayaaraju/waiter_robot_ws/src/install/navigator_planner/share/navigator_planner/launch/navigation.launch.py
-- Symlinking: /home/jayaaraju/waiter_robot_ws/src/install/navigator_planner/share/navigator_planner/config/follow_point.xml
-- Symlinking: /home/jayaaraju/waiter_robot_ws/src/install/navigator_planner/share/navigator_planner/config/nav2_params.yaml
-- Symlinking: /home/jayaaraju/waiter_robot_ws/src/install/navigator_planner/share/navigator_planner/config/navigate_through_poses_w_replanning_and_recovery.xml
-- Symlinking: /home/jayaaraju/waiter_robot_ws/src/install/navigator_planner/share/navigator_planner/config/navigate_to_pose_w_replanning_and_recovery.xml
-- Symlinking: /home/jayaaraju/waiter_robot_ws/src/install/navigator_planner/share/navigator_planner/config/output.json
-- Symlinking: /home/jayaaraju/waiter_robot_ws/src/install/navigator_planner/share/navigator_planner/config/twist_mux.yaml
-- Symlinking: /home/jayaaraju/waiter_robot_ws/src/install/navigator_planner/share/navigator_planner/scripts/table_navigation.py
-- Symlinking: /home/jayaaraju/waiter_robot_ws/src/install/navigator_planner/share/navigator_planner/navigator_planner/__init__.py
-- Symlinking: /home/jayaaraju/waiter_robot_ws/src/install/navigator_planner/share/navigator_planner/navigator_planner/robot_navigator.py
-- Symlinking: /home/jayaaraju/waiter_robot_ws/src/install/navigator_planner/share/navigator_planner/environment/pythonpath.sh
-- Symlinking: /home/jayaaraju/waiter_robot_ws/src/install/navigator_planner/share/navigator_planner/environment/pythonpath.dsv
-- Symlinking: /home/jayaaraju/waiter_robot_ws/src/install/navigator_planner/local/lib/python3.10/dist-packages/navigator_planner-0.0.0-py3.10.egg-info/PKG-INFO
-- Symlinking: /home/jayaaraju/waiter_robot_ws/src/install/navigator_planner/local/lib/python3.10/dist-packages/navigator_planner-0.0.0-py3.10.egg-info/SOURCES.txt
-- Symlinking: /home/jayaaraju/waiter_robot_ws/src/install/navigator_planner/local/lib/python3.10/dist-packages/navigator_planner-0.0.0-py3.10.egg-info/dependency_links.txt
-- Symlinking: /home/jayaaraju/waiter_robot_ws/src/install/navigator_planner/local/lib/python3.10/dist-packages/navigator_planner-0.0.0-py3.10.egg-info/top_level.txt
-- Symlinking: /home/jayaaraju/waiter_robot_ws/src/install/navigator_planner/local/lib/python3.10/dist-packages/navigator_planner/__init__.py
-- Symlinking: /home/jayaaraju/waiter_robot_ws/src/install/navigator_planner/local/lib/python3.10/dist-packages/navigator_planner/robot_navigator.py
-- Symlinking: /home/jayaaraju/waiter_robot_ws/src/install/navigator_planner/lib/navigator_planner/table_navigation.py
-- Symlinking: /home/jayaaraju/waiter_robot_ws/src/install/navigator_planner/share/ament_index/resource_index/package_run_dependencies/navigator_planner
-- Symlinking: /home/jayaaraju/waiter_robot_ws/src/install/navigator_planner/share/ament_index/resource_index/parent_prefix_path/navigator_planner
-- Symlinking: /home/jayaaraju/waiter_robot_ws/src/install/navigator_planner/share/navigator_planner/environment/ament_prefix_path.sh
-- Symlinking: /home/jayaaraju/waiter_robot_ws/src/install/navigator_planner/share/navigator_planner/environment/ament_prefix_path.dsv
-- Symlinking: /home/jayaaraju/waiter_robot_ws/src/install/navigator_planner/share/navigator_planner/environment/path.sh
-- Symlinking: /home/jayaaraju/waiter_robot_ws/src/install/navigator_planner/share/navigator_planner/environment/path.dsv
-- Symlinking: /home/jayaaraju/waiter_robot_ws/src/install/navigator_planner/share/navigator_planner/local_setup.bash
-- Symlinking: /home/jayaaraju/waiter_robot_ws/src/install/navigator_planner/share/navigator_planner/local_setup.sh
-- Symlinking: /home/jayaaraju/waiter_robot_ws/src/install/navigator_planner/share/navigator_planner/local_setup.zsh
-- Symlinking: /home/jayaaraju/waiter_robot_ws/src/install/navigator_planner/share/navigator_planner/local_setup.dsv
-- Symlinking: /home/jayaaraju/waiter_robot_ws/src/install/navigator_planner/share/navigator_planner/package.dsv
-- Symlinking: /home/jayaaraju/waiter_robot_ws/src/install/navigator_planner/share/ament_index/resource_index/packages/navigator_planner
-- Symlinking: /home/jayaaraju/waiter_robot_ws/src/install/navigator_planner/share/navigator_planner/cmake/navigator_plannerConfig.cmake
-- Symlinking: /home/jayaaraju/waiter_robot_ws/src/install/navigator_planner/share/navigator_planner/cmake/navigator_plannerConfig-version.cmake
-- Symlinking: /home/jayaaraju/waiter_robot_ws/src/install/navigator_planner/share/navigator_planner/package.xml
Listing '/home/jayaaraju/waiter_robot_ws/src/install/navigator_planner/local/lib/python3.10/dist-packages/navigator_planner'...
Compiling '/home/jayaaraju/waiter_robot_ws/src/install/navigator_planner/local/lib/python3.10/dist-packages/navigator_planner/__init__.py'...
Compiling '/home/jayaaraju/waiter_robot_ws/src/install/navigator_planner/local/lib/python3.10/dist-packages/navigator_planner/robot_navigator.py'...
