[0.049s] Invoking command in '/home/jayaaraju/waiter_robot_ws/src/build/navigator_planner': CMAKE_PREFIX_PATH=${CMAKE_PREFIX_PATH}:/home/jayaaraju/waiter_robot_ws/install/py_trees_ros_tutorials:/home/jayaaraju/ros2_ws/install/my_robot_controller:/home/jayaaraju/ros2_ws/src/install/my_robot_controller:/home/jayaaraju/pallet_ws/install/yolov5_ros:/opt/ros/humble /usr/bin/cmake --build /home/jayaaraju/waiter_robot_ws/src/build/navigator_planner -- -j8 -l8
[0.640s] Built target ament_cmake_python_symlink_navigator_planner
[0.640s] running egg_info
[0.641s] writing navigator_planner.egg-info/PKG-INFO
[0.641s] writing dependency_links to navigator_planner.egg-info/dependency_links.txt
[0.641s] writing top-level names to navigator_planner.egg-info/top_level.txt
[0.641s] reading manifest file 'navigator_planner.egg-info/SOURCES.txt'
[0.641s] writing manifest file 'navigator_planner.egg-info/SOURCES.txt'
[0.681s] Built target ament_cmake_python_build_navigator_planner_egg
[0.705s] Invoked command in '/home/jayaaraju/waiter_robot_ws/src/build/navigator_planner' returned '0': CMAKE_PREFIX_PATH=${CMAKE_PREFIX_PATH}:/home/jayaaraju/waiter_robot_ws/install/py_trees_ros_tutorials:/home/jayaaraju/ros2_ws/install/my_robot_controller:/home/jayaaraju/ros2_ws/src/install/my_robot_controller:/home/jayaaraju/pallet_ws/install/yolov5_ros:/opt/ros/humble /usr/bin/cmake --build /home/jayaaraju/waiter_robot_ws/src/build/navigator_planner -- -j8 -l8
[0.762s] Invoking command in '/home/jayaaraju/waiter_robot_ws/src/build/navigator_planner': CMAKE_PREFIX_PATH=${CMAKE_PREFIX_PATH}:/home/jayaaraju/waiter_robot_ws/install/py_trees_ros_tutorials:/home/jayaaraju/ros2_ws/install/my_robot_controller:/home/jayaaraju/ros2_ws/src/install/my_robot_controller:/home/jayaaraju/pallet_ws/install/yolov5_ros:/opt/ros/humble /usr/bin/cmake --install /home/jayaaraju/waiter_robot_ws/src/build/navigator_planner
[0.772s] -- Install configuration: ""
[0.773s] -- Execute custom install script
[0.773s] -- Symlinking: /home/jayaaraju/waiter_robot_ws/src/install/navigator_planner/share/navigator_planner/launch/navigation.launch.py
[0.786s] -- Symlinking: /home/jayaaraju/waiter_robot_ws/src/install/navigator_planner/share/navigator_planner/config/follow_point.xml
[0.803s] -- Symlinking: /home/jayaaraju/waiter_robot_ws/src/install/navigator_planner/share/navigator_planner/config/nav2_params.yaml
[0.817s] -- Symlinking: /home/jayaaraju/waiter_robot_ws/src/install/navigator_planner/share/navigator_planner/config/navigate_through_poses_w_replanning_and_recovery.xml
[0.838s] -- Symlinking: /home/jayaaraju/waiter_robot_ws/src/install/navigator_planner/share/navigator_planner/config/navigate_to_pose_w_replanning_and_recovery.xml
[0.856s] -- Symlinking: /home/jayaaraju/waiter_robot_ws/src/install/navigator_planner/share/navigator_planner/config/output.json
[0.874s] -- Symlinking: /home/jayaaraju/waiter_robot_ws/src/install/navigator_planner/share/navigator_planner/config/twist_mux.yaml
[0.891s] -- Symlinking: /home/jayaaraju/waiter_robot_ws/src/install/navigator_planner/share/navigator_planner/scripts/table_navigation.py
[0.905s] -- Symlinking: /home/jayaaraju/waiter_robot_ws/src/install/navigator_planner/share/navigator_planner/navigator_planner/__init__.py
[0.917s] -- Symlinking: /home/jayaaraju/waiter_robot_ws/src/install/navigator_planner/share/navigator_planner/navigator_planner/robot_navigator.py
[0.934s] -- Symlinking: /home/jayaaraju/waiter_robot_ws/src/install/navigator_planner/share/navigator_planner/environment/pythonpath.sh
[0.951s] -- Symlinking: /home/jayaaraju/waiter_robot_ws/src/install/navigator_planner/share/navigator_planner/environment/pythonpath.dsv
[0.969s] -- Symlinking: /home/jayaaraju/waiter_robot_ws/src/install/navigator_planner/local/lib/python3.10/dist-packages/navigator_planner-0.0.0-py3.10.egg-info/PKG-INFO
[0.984s] -- Symlinking: /home/jayaaraju/waiter_robot_ws/src/install/navigator_planner/local/lib/python3.10/dist-packages/navigator_planner-0.0.0-py3.10.egg-info/SOURCES.txt
[0.998s] -- Symlinking: /home/jayaaraju/waiter_robot_ws/src/install/navigator_planner/local/lib/python3.10/dist-packages/navigator_planner-0.0.0-py3.10.egg-info/dependency_links.txt
[1.009s] -- Symlinking: /home/jayaaraju/waiter_robot_ws/src/install/navigator_planner/local/lib/python3.10/dist-packages/navigator_planner-0.0.0-py3.10.egg-info/top_level.txt
[1.020s] -- Symlinking: /home/jayaaraju/waiter_robot_ws/src/install/navigator_planner/local/lib/python3.10/dist-packages/navigator_planner/__init__.py
[1.034s] -- Symlinking: /home/jayaaraju/waiter_robot_ws/src/install/navigator_planner/local/lib/python3.10/dist-packages/navigator_planner/robot_navigator.py
[1.045s] -- Symlinking: /home/jayaaraju/waiter_robot_ws/src/install/navigator_planner/lib/navigator_planner/table_navigation.py
[1.058s] -- Symlinking: /home/jayaaraju/waiter_robot_ws/src/install/navigator_planner/share/ament_index/resource_index/package_run_dependencies/navigator_planner
[1.071s] -- Symlinking: /home/jayaaraju/waiter_robot_ws/src/install/navigator_planner/share/ament_index/resource_index/parent_prefix_path/navigator_planner
[1.082s] -- Symlinking: /home/jayaaraju/waiter_robot_ws/src/install/navigator_planner/share/navigator_planner/environment/ament_prefix_path.sh
[1.092s] -- Symlinking: /home/jayaaraju/waiter_robot_ws/src/install/navigator_planner/share/navigator_planner/environment/ament_prefix_path.dsv
[1.103s] -- Symlinking: /home/jayaaraju/waiter_robot_ws/src/install/navigator_planner/share/navigator_planner/environment/path.sh
[1.114s] -- Symlinking: /home/jayaaraju/waiter_robot_ws/src/install/navigator_planner/share/navigator_planner/environment/path.dsv
[1.133s] -- Symlinking: /home/jayaaraju/waiter_robot_ws/src/install/navigator_planner/share/navigator_planner/local_setup.bash
[1.144s] -- Symlinking: /home/jayaaraju/waiter_robot_ws/src/install/navigator_planner/share/navigator_planner/local_setup.sh
[1.155s] -- Symlinking: /home/jayaaraju/waiter_robot_ws/src/install/navigator_planner/share/navigator_planner/local_setup.zsh
[1.172s] -- Symlinking: /home/jayaaraju/waiter_robot_ws/src/install/navigator_planner/share/navigator_planner/local_setup.dsv
[1.187s] -- Symlinking: /home/jayaaraju/waiter_robot_ws/src/install/navigator_planner/share/navigator_planner/package.dsv
[1.199s] -- Symlinking: /home/jayaaraju/waiter_robot_ws/src/install/navigator_planner/share/ament_index/resource_index/packages/navigator_planner
[1.209s] -- Symlinking: /home/jayaaraju/waiter_robot_ws/src/install/navigator_planner/share/navigator_planner/cmake/navigator_plannerConfig.cmake
[1.225s] -- Symlinking: /home/jayaaraju/waiter_robot_ws/src/install/navigator_planner/share/navigator_planner/cmake/navigator_plannerConfig-version.cmake
[1.238s] -- Symlinking: /home/jayaaraju/waiter_robot_ws/src/install/navigator_planner/share/navigator_planner/package.xml
[1.302s] Listing '/home/jayaaraju/waiter_robot_ws/src/install/navigator_planner/local/lib/python3.10/dist-packages/navigator_planner'...
[1.302s] Compiling '/home/jayaaraju/waiter_robot_ws/src/install/navigator_planner/local/lib/python3.10/dist-packages/navigator_planner/__init__.py'...
[1.302s] Compiling '/home/jayaaraju/waiter_robot_ws/src/install/navigator_planner/local/lib/python3.10/dist-packages/navigator_planner/robot_navigator.py'...
[1.311s] Invoked command in '/home/jayaaraju/waiter_robot_ws/src/build/navigator_planner' returned '0': CMAKE_PREFIX_PATH=${CMAKE_PREFIX_PATH}:/home/jayaaraju/waiter_robot_ws/install/py_trees_ros_tutorials:/home/jayaaraju/ros2_ws/install/my_robot_controller:/home/jayaaraju/ros2_ws/src/install/my_robot_controller:/home/jayaaraju/pallet_ws/install/yolov5_ros:/opt/ros/humble /usr/bin/cmake --install /home/jayaaraju/waiter_robot_ws/src/build/navigator_planner
