[0.054s] Invoking command in '/home/jayaaraju/waiter_robot_ws/src/build/prototype': CMAKE_PREFIX_PATH=/home/jayaaraju/waiter_robot_ws/src/install/py_trees_ros_tutorials:/home/jayaaraju/waiter_robot_ws/install/py_trees_ros_tutorials:/home/jayaaraju/ros2_ws/install/my_robot_controller:/home/jayaaraju/ros2_ws/src/install/my_robot_controller:/home/jayaaraju/pallet_ws/install/yolov5_ros:/opt/ros/humble:${CMAKE_PREFIX_PATH} /usr/bin/cmake --build /home/jayaaraju/waiter_robot_ws/src/build/prototype -- -j8 -l8
[0.659s] [  1%] Built target prototype__cpp
[0.662s] [ 12%] Built target prototype__rosidl_generator_c
[0.663s] [ 12%] Built target ament_cmake_python_symlink_prototype
[0.664s] [ 23%] Built target prototype__rosidl_typesupport_cpp
[0.664s] [ 34%] Built target prototype__rosidl_typesupport_fastrtps_cpp
[0.664s] [ 45%] Built target prototype__rosidl_typesupport_introspection_cpp
[0.665s] [ 56%] Built target prototype__rosidl_typesupport_fastrtps_c
[0.665s] [ 67%] Built target prototype__rosidl_typesupport_c
[0.665s] [ 78%] Built target prototype__rosidl_typesupport_introspection_c
[0.665s] [ 78%] Built target prototype
[0.666s] [ 80%] Built target prototype__py
[0.666s] [ 89%] Built target prototype__rosidl_generator_py
[0.666s] [ 92%] Built target prototype__rosidl_typesupport_fastrtps_c__pyext
[0.666s] [ 96%] Built target prototype__rosidl_typesupport_introspection_c__pyext
[0.666s] [100%] Built target prototype__rosidl_typesupport_c__pyext
[0.666s] running egg_info
[0.667s] writing prototype.egg-info/PKG-INFO
[0.667s] writing dependency_links to prototype.egg-info/dependency_links.txt
[0.667s] writing top-level names to prototype.egg-info/top_level.txt
[0.667s] reading manifest file 'prototype.egg-info/SOURCES.txt'
[0.667s] writing manifest file 'prototype.egg-info/SOURCES.txt'
[0.700s] [100%] Built target ament_cmake_python_build_prototype_egg
[0.734s] Invoked command in '/home/jayaaraju/waiter_robot_ws/src/build/prototype' returned '0': CMAKE_PREFIX_PATH=/home/jayaaraju/waiter_robot_ws/src/install/py_trees_ros_tutorials:/home/jayaaraju/waiter_robot_ws/install/py_trees_ros_tutorials:/home/jayaaraju/ros2_ws/install/my_robot_controller:/home/jayaaraju/ros2_ws/src/install/my_robot_controller:/home/jayaaraju/pallet_ws/install/yolov5_ros:/opt/ros/humble:${CMAKE_PREFIX_PATH} /usr/bin/cmake --build /home/jayaaraju/waiter_robot_ws/src/build/prototype -- -j8 -l8
[0.958s] Invoking command in '/home/jayaaraju/waiter_robot_ws/src/build/prototype': CMAKE_PREFIX_PATH=/home/jayaaraju/waiter_robot_ws/src/install/py_trees_ros_tutorials:/home/jayaaraju/waiter_robot_ws/install/py_trees_ros_tutorials:/home/jayaaraju/ros2_ws/install/my_robot_controller:/home/jayaaraju/ros2_ws/src/install/my_robot_controller:/home/jayaaraju/pallet_ws/install/yolov5_ros:/opt/ros/humble:${CMAKE_PREFIX_PATH} /usr/bin/cmake --install /home/jayaaraju/waiter_robot_ws/src/build/prototype
[0.968s] -- Install configuration: ""
[0.969s] -- Execute custom install script
[0.970s] -- Up-to-date symlink: /home/jayaaraju/waiter_robot_ws/src/install/prototype/share/prototype//urdf/camera.xacro
[0.970s] -- Up-to-date symlink: /home/jayaaraju/waiter_robot_ws/src/install/prototype/share/prototype//urdf/hardware_interface.xacro
[0.971s] -- Up-to-date symlink: /home/jayaaraju/waiter_robot_ws/src/install/prototype/share/prototype//urdf/joint_macros.xacro
[0.971s] -- Up-to-date symlink: /home/jayaaraju/waiter_robot_ws/src/install/prototype/share/prototype//urdf/lidar.xacro
[0.971s] -- Up-to-date symlink: /home/jayaaraju/waiter_robot_ws/src/install/prototype/share/prototype//urdf/link_macros.xacro
[0.971s] -- Up-to-date symlink: /home/jayaaraju/waiter_robot_ws/src/install/prototype/share/prototype//urdf/robot_core.xacro
[0.971s] -- Up-to-date symlink: /home/jayaaraju/waiter_robot_ws/src/install/prototype/share/prototype//urdf/sattava_main.xacro
[0.971s] -- Up-to-date symlink: /home/jayaaraju/waiter_robot_ws/src/install/prototype/share/prototype//urdf/wheel.xacro
[0.972s] -- Up-to-date symlink: /home/jayaaraju/waiter_robot_ws/src/install/prototype/share/prototype//launch/rsp_launch.py
[0.972s] -- Up-to-date symlink: /home/jayaaraju/waiter_robot_ws/src/install/prototype/share/prototype//action/Confirmation.action
[0.972s] -- Up-to-date symlink: /home/jayaaraju/waiter_robot_ws/src/install/prototype/share/prototype//action/FoodMenu.action
[0.973s] -- Up-to-date symlink: /home/jayaaraju/waiter_robot_ws/src/install/prototype/share/prototype//action/GoTo.action
[0.973s] -- Up-to-date symlink: /home/jayaaraju/waiter_robot_ws/src/install/prototype/share/prototype//action/singlemo.pdf
[0.973s] -- Up-to-date symlink: /home/jayaaraju/waiter_robot_ws/src/install/prototype/share/prototype//msg/DistanceAngle.msg
[0.973s] -- Up-to-date symlink: /home/jayaaraju/waiter_robot_ws/src/install/prototype/share/prototype//msg/Food.msg
[0.974s] -- Up-to-date symlink: /home/jayaaraju/waiter_robot_ws/src/install/prototype/share/ament_index/resource_index/rosidl_interfaces/prototype
[0.974s] -- Up-to-date symlink: /home/jayaaraju/waiter_robot_ws/src/install/prototype/include/prototype/prototype/action/confirmation.h
[0.975s] -- Up-to-date symlink: /home/jayaaraju/waiter_robot_ws/src/install/prototype/include/prototype/prototype/action/detail/confirmation__functions.h
[0.975s] -- Up-to-date symlink: /home/jayaaraju/waiter_robot_ws/src/install/prototype/include/prototype/prototype/action/detail/confirmation__struct.h
[0.975s] -- Up-to-date symlink: /home/jayaaraju/waiter_robot_ws/src/install/prototype/include/prototype/prototype/action/detail/confirmation__type_support.h
[0.975s] -- Up-to-date symlink: /home/jayaaraju/waiter_robot_ws/src/install/prototype/include/prototype/prototype/action/detail/food_menu__functions.h
[0.975s] -- Up-to-date symlink: /home/jayaaraju/waiter_robot_ws/src/install/prototype/include/prototype/prototype/action/detail/food_menu__struct.h
[0.975s] -- Up-to-date symlink: /home/jayaaraju/waiter_robot_ws/src/install/prototype/include/prototype/prototype/action/detail/food_menu__type_support.h
[0.976s] -- Up-to-date symlink: /home/jayaaraju/waiter_robot_ws/src/install/prototype/include/prototype/prototype/action/detail/go_to__functions.h
[0.976s] -- Up-to-date symlink: /home/jayaaraju/waiter_robot_ws/src/install/prototype/include/prototype/prototype/action/detail/go_to__struct.h
[0.976s] -- Up-to-date symlink: /home/jayaaraju/waiter_robot_ws/src/install/prototype/include/prototype/prototype/action/detail/go_to__type_support.h
[0.977s] -- Up-to-date symlink: /home/jayaaraju/waiter_robot_ws/src/install/prototype/include/prototype/prototype/action/food_menu.h
[0.977s] -- Up-to-date symlink: /home/jayaaraju/waiter_robot_ws/src/install/prototype/include/prototype/prototype/action/go_to.h
[0.977s] -- Up-to-date symlink: /home/jayaaraju/waiter_robot_ws/src/install/prototype/include/prototype/prototype/msg/detail/food__functions.h
[0.978s] -- Up-to-date symlink: /home/jayaaraju/waiter_robot_ws/src/install/prototype/include/prototype/prototype/msg/detail/food__struct.h
[0.978s] -- Up-to-date symlink: /home/jayaaraju/waiter_robot_ws/src/install/prototype/include/prototype/prototype/msg/detail/food__type_support.h
[0.978s] -- Up-to-date symlink: /home/jayaaraju/waiter_robot_ws/src/install/prototype/include/prototype/prototype/msg/food.h
[0.978s] -- Up-to-date symlink: /home/jayaaraju/waiter_robot_ws/src/install/prototype/include/prototype/prototype/msg/rosidl_generator_c__visibility_control.h
[0.978s] -- Up-to-date symlink: /home/jayaaraju/waiter_robot_ws/src/install/prototype/share/prototype/environment/library_path.sh
[0.978s] -- Up-to-date symlink: /home/jayaaraju/waiter_robot_ws/src/install/prototype/share/prototype/environment/library_path.dsv
[0.979s] -- Up-to-date symlink: /home/jayaaraju/waiter_robot_ws/src/install/prototype/include/prototype/prototype/action/detail/confirmation__rosidl_typesupport_fastrtps_c.h
[0.979s] -- Up-to-date symlink: /home/jayaaraju/waiter_robot_ws/src/install/prototype/include/prototype/prototype/action/detail/food_menu__rosidl_typesupport_fastrtps_c.h
[0.980s] -- Up-to-date symlink: /home/jayaaraju/waiter_robot_ws/src/install/prototype/include/prototype/prototype/action/detail/go_to__rosidl_typesupport_fastrtps_c.h
[0.980s] -- Up-to-date symlink: /home/jayaaraju/waiter_robot_ws/src/install/prototype/include/prototype/prototype/msg/detail/food__rosidl_typesupport_fastrtps_c.h
[0.980s] -- Up-to-date symlink: /home/jayaaraju/waiter_robot_ws/src/install/prototype/include/prototype/prototype/msg/rosidl_typesupport_fastrtps_c__visibility_control.h
[0.981s] -- Up-to-date symlink: /home/jayaaraju/waiter_robot_ws/src/install/prototype/include/prototype/prototype/action/confirmation.hpp
[0.982s] -- Up-to-date symlink: /home/jayaaraju/waiter_robot_ws/src/install/prototype/include/prototype/prototype/action/detail/confirmation__builder.hpp
[0.983s] -- Up-to-date symlink: /home/jayaaraju/waiter_robot_ws/src/install/prototype/include/prototype/prototype/action/detail/confirmation__struct.hpp
[0.983s] -- Up-to-date symlink: /home/jayaaraju/waiter_robot_ws/src/install/prototype/include/prototype/prototype/action/detail/confirmation__traits.hpp
[0.984s] -- Up-to-date symlink: /home/jayaaraju/waiter_robot_ws/src/install/prototype/include/prototype/prototype/action/detail/food_menu__builder.hpp
[0.984s] -- Up-to-date symlink: /home/jayaaraju/waiter_robot_ws/src/install/prototype/include/prototype/prototype/action/detail/food_menu__struct.hpp
[0.984s] -- Up-to-date symlink: /home/jayaaraju/waiter_robot_ws/src/install/prototype/include/prototype/prototype/action/detail/food_menu__traits.hpp
[0.985s] -- Up-to-date symlink: /home/jayaaraju/waiter_robot_ws/src/install/prototype/include/prototype/prototype/action/detail/go_to__builder.hpp
[0.985s] -- Up-to-date symlink: /home/jayaaraju/waiter_robot_ws/src/install/prototype/include/prototype/prototype/action/detail/go_to__struct.hpp
[0.985s] -- Up-to-date symlink: /home/jayaaraju/waiter_robot_ws/src/install/prototype/include/prototype/prototype/action/detail/go_to__traits.hpp
[0.985s] -- Up-to-date symlink: /home/jayaaraju/waiter_robot_ws/src/install/prototype/include/prototype/prototype/action/food_menu.hpp
[0.985s] -- Up-to-date symlink: /home/jayaaraju/waiter_robot_ws/src/install/prototype/include/prototype/prototype/action/go_to.hpp
[0.985s] -- Up-to-date symlink: /home/jayaaraju/waiter_robot_ws/src/install/prototype/include/prototype/prototype/msg/detail/food__builder.hpp
[0.986s] -- Up-to-date symlink: /home/jayaaraju/waiter_robot_ws/src/install/prototype/include/prototype/prototype/msg/detail/food__struct.hpp
[0.986s] -- Up-to-date symlink: /home/jayaaraju/waiter_robot_ws/src/install/prototype/include/prototype/prototype/msg/detail/food__traits.hpp
[0.986s] -- Up-to-date symlink: /home/jayaaraju/waiter_robot_ws/src/install/prototype/include/prototype/prototype/msg/food.hpp
[0.986s] -- Up-to-date symlink: /home/jayaaraju/waiter_robot_ws/src/install/prototype/include/prototype/prototype/action/detail/confirmation__rosidl_typesupport_fastrtps_cpp.hpp
[0.986s] -- Up-to-date symlink: /home/jayaaraju/waiter_robot_ws/src/install/prototype/include/prototype/prototype/action/detail/food_menu__rosidl_typesupport_fastrtps_cpp.hpp
[0.986s] -- Up-to-date symlink: /home/jayaaraju/waiter_robot_ws/src/install/prototype/include/prototype/prototype/action/detail/go_to__rosidl_typesupport_fastrtps_cpp.hpp
[0.987s] -- Up-to-date symlink: /home/jayaaraju/waiter_robot_ws/src/install/prototype/include/prototype/prototype/msg/detail/food__rosidl_typesupport_fastrtps_cpp.hpp
[0.987s] -- Up-to-date symlink: /home/jayaaraju/waiter_robot_ws/src/install/prototype/include/prototype/prototype/msg/rosidl_typesupport_fastrtps_cpp__visibility_control.h
[0.988s] -- Up-to-date symlink: /home/jayaaraju/waiter_robot_ws/src/install/prototype/include/prototype/prototype/action/detail/confirmation__rosidl_typesupport_introspection_c.h
[0.988s] -- Up-to-date symlink: /home/jayaaraju/waiter_robot_ws/src/install/prototype/include/prototype/prototype/action/detail/food_menu__rosidl_typesupport_introspection_c.h
[0.988s] -- Up-to-date symlink: /home/jayaaraju/waiter_robot_ws/src/install/prototype/include/prototype/prototype/action/detail/go_to__rosidl_typesupport_introspection_c.h
[0.988s] -- Up-to-date symlink: /home/jayaaraju/waiter_robot_ws/src/install/prototype/include/prototype/prototype/msg/detail/food__rosidl_typesupport_introspection_c.h
[0.988s] -- Up-to-date symlink: /home/jayaaraju/waiter_robot_ws/src/install/prototype/include/prototype/prototype/msg/rosidl_typesupport_introspection_c__visibility_control.h
[0.989s] -- Up-to-date symlink: /home/jayaaraju/waiter_robot_ws/src/install/prototype/include/prototype/prototype/action/detail/confirmation__rosidl_typesupport_introspection_cpp.hpp
[0.989s] -- Up-to-date symlink: /home/jayaaraju/waiter_robot_ws/src/install/prototype/include/prototype/prototype/action/detail/food_menu__rosidl_typesupport_introspection_cpp.hpp
[0.989s] -- Up-to-date symlink: /home/jayaaraju/waiter_robot_ws/src/install/prototype/include/prototype/prototype/action/detail/go_to__rosidl_typesupport_introspection_cpp.hpp
[0.989s] -- Up-to-date symlink: /home/jayaaraju/waiter_robot_ws/src/install/prototype/include/prototype/prototype/msg/detail/food__rosidl_typesupport_introspection_cpp.hpp
[0.990s] -- Up-to-date symlink: /home/jayaaraju/waiter_robot_ws/src/install/prototype/share/prototype/environment/pythonpath.sh
[0.990s] -- Up-to-date symlink: /home/jayaaraju/waiter_robot_ws/src/install/prototype/share/prototype/environment/pythonpath.dsv
[0.990s] -- Up-to-date symlink: /home/jayaaraju/waiter_robot_ws/src/install/prototype/local/lib/python3.10/dist-packages/prototype-0.0.0-py3.10.egg-info/PKG-INFO
[0.991s] -- Up-to-date symlink: /home/jayaaraju/waiter_robot_ws/src/install/prototype/local/lib/python3.10/dist-packages/prototype-0.0.0-py3.10.egg-info/SOURCES.txt
[0.991s] -- Up-to-date symlink: /home/jayaaraju/waiter_robot_ws/src/install/prototype/local/lib/python3.10/dist-packages/prototype-0.0.0-py3.10.egg-info/dependency_links.txt
[0.991s] -- Up-to-date symlink: /home/jayaaraju/waiter_robot_ws/src/install/prototype/local/lib/python3.10/dist-packages/prototype-0.0.0-py3.10.egg-info/top_level.txt
[0.992s] -- Up-to-date symlink: /home/jayaaraju/waiter_robot_ws/src/install/prototype/local/lib/python3.10/dist-packages/prototype/__init__.py
[0.992s] -- Up-to-date symlink: /home/jayaaraju/waiter_robot_ws/src/install/prototype/local/lib/python3.10/dist-packages/prototype/_prototype_s.ep.rosidl_typesupport_c.c
[0.992s] -- Up-to-date symlink: /home/jayaaraju/waiter_robot_ws/src/install/prototype/local/lib/python3.10/dist-packages/prototype/_prototype_s.ep.rosidl_typesupport_fastrtps_c.c
[0.993s] -- Up-to-date symlink: /home/jayaaraju/waiter_robot_ws/src/install/prototype/local/lib/python3.10/dist-packages/prototype/_prototype_s.ep.rosidl_typesupport_introspection_c.c
[0.993s] -- Up-to-date symlink: /home/jayaaraju/waiter_robot_ws/src/install/prototype/local/lib/python3.10/dist-packages/prototype/action/__init__.py
[0.993s] -- Up-to-date symlink: /home/jayaaraju/waiter_robot_ws/src/install/prototype/local/lib/python3.10/dist-packages/prototype/action/_confirmation.py
[0.993s] -- Up-to-date symlink: /home/jayaaraju/waiter_robot_ws/src/install/prototype/local/lib/python3.10/dist-packages/prototype/action/_confirmation_s.c
[0.993s] -- Up-to-date symlink: /home/jayaaraju/waiter_robot_ws/src/install/prototype/local/lib/python3.10/dist-packages/prototype/action/_food_menu.py
[0.994s] -- Up-to-date symlink: /home/jayaaraju/waiter_robot_ws/src/install/prototype/local/lib/python3.10/dist-packages/prototype/action/_food_menu_s.c
[0.994s] -- Up-to-date symlink: /home/jayaaraju/waiter_robot_ws/src/install/prototype/local/lib/python3.10/dist-packages/prototype/action/_go_to.py
[0.994s] -- Up-to-date symlink: /home/jayaaraju/waiter_robot_ws/src/install/prototype/local/lib/python3.10/dist-packages/prototype/action/_go_to_s.c
[0.994s] -- Up-to-date symlink: /home/jayaaraju/waiter_robot_ws/src/install/prototype/local/lib/python3.10/dist-packages/prototype/libprototype__rosidl_generator_py.so
[0.995s] -- Up-to-date symlink: /home/jayaaraju/waiter_robot_ws/src/install/prototype/local/lib/python3.10/dist-packages/prototype/msg/__init__.py
[0.995s] -- Up-to-date symlink: /home/jayaaraju/waiter_robot_ws/src/install/prototype/local/lib/python3.10/dist-packages/prototype/msg/_food.py
[0.995s] -- Up-to-date symlink: /home/jayaaraju/waiter_robot_ws/src/install/prototype/local/lib/python3.10/dist-packages/prototype/msg/_food_s.c
[0.995s] -- Up-to-date symlink: /home/jayaaraju/waiter_robot_ws/src/install/prototype/local/lib/python3.10/dist-packages/prototype/prototype_s__rosidl_typesupport_c.cpython-310-x86_64-linux-gnu.so
[0.996s] -- Up-to-date symlink: /home/jayaaraju/waiter_robot_ws/src/install/prototype/local/lib/python3.10/dist-packages/prototype/prototype_s__rosidl_typesupport_fastrtps_c.cpython-310-x86_64-linux-gnu.so
[0.996s] -- Up-to-date symlink: /home/jayaaraju/waiter_robot_ws/src/install/prototype/local/lib/python3.10/dist-packages/prototype/prototype_s__rosidl_typesupport_introspection_c.cpython-310-x86_64-linux-gnu.so
[0.996s] -- Up-to-date symlink: /home/jayaaraju/waiter_robot_ws/src/install/prototype/local/lib/python3.10/dist-packages/prototype/prototype_s__rosidl_typesupport_fastrtps_c.cpython-310-x86_64-linux-gnu.so
[0.997s] -- Up-to-date symlink: /home/jayaaraju/waiter_robot_ws/src/install/prototype/local/lib/python3.10/dist-packages/prototype/prototype_s__rosidl_typesupport_introspection_c.cpython-310-x86_64-linux-gnu.so
[0.997s] -- Up-to-date symlink: /home/jayaaraju/waiter_robot_ws/src/install/prototype/local/lib/python3.10/dist-packages/prototype/prototype_s__rosidl_typesupport_c.cpython-310-x86_64-linux-gnu.so
[0.997s] -- Up-to-date symlink: /home/jayaaraju/waiter_robot_ws/src/install/prototype/share/prototype/action/GoTo.idl
[0.998s] -- Up-to-date symlink: /home/jayaaraju/waiter_robot_ws/src/install/prototype/share/prototype/action/FoodMenu.idl
[0.998s] -- Up-to-date symlink: /home/jayaaraju/waiter_robot_ws/src/install/prototype/share/prototype/action/Confirmation.idl
[0.998s] -- Up-to-date symlink: /home/jayaaraju/waiter_robot_ws/src/install/prototype/share/prototype/msg/Food.idl
[0.999s] -- Up-to-date symlink: /home/jayaaraju/waiter_robot_ws/src/install/prototype/share/prototype/action/GoTo.action
[0.999s] -- Up-to-date symlink: /home/jayaaraju/waiter_robot_ws/src/install/prototype/share/prototype/action/FoodMenu.action
[0.999s] -- Up-to-date symlink: /home/jayaaraju/waiter_robot_ws/src/install/prototype/share/prototype/action/Confirmation.action
[1.000s] -- Up-to-date symlink: /home/jayaaraju/waiter_robot_ws/src/install/prototype/share/prototype/msg/Food.msg
[1.000s] -- Up-to-date symlink: /home/jayaaraju/waiter_robot_ws/src/install/prototype/share/ament_index/resource_index/package_run_dependencies/prototype
[1.000s] -- Up-to-date symlink: /home/jayaaraju/waiter_robot_ws/src/install/prototype/share/ament_index/resource_index/parent_prefix_path/prototype
[1.000s] -- Up-to-date symlink: /home/jayaaraju/waiter_robot_ws/src/install/prototype/share/prototype/environment/ament_prefix_path.sh
[1.001s] -- Up-to-date symlink: /home/jayaaraju/waiter_robot_ws/src/install/prototype/share/prototype/environment/ament_prefix_path.dsv
[1.001s] -- Up-to-date symlink: /home/jayaaraju/waiter_robot_ws/src/install/prototype/share/prototype/environment/path.sh
[1.001s] -- Up-to-date symlink: /home/jayaaraju/waiter_robot_ws/src/install/prototype/share/prototype/environment/path.dsv
[1.001s] -- Up-to-date symlink: /home/jayaaraju/waiter_robot_ws/src/install/prototype/share/prototype/local_setup.bash
[1.002s] -- Up-to-date symlink: /home/jayaaraju/waiter_robot_ws/src/install/prototype/share/prototype/local_setup.sh
[1.002s] -- Up-to-date symlink: /home/jayaaraju/waiter_robot_ws/src/install/prototype/share/prototype/local_setup.zsh
[1.002s] -- Up-to-date symlink: /home/jayaaraju/waiter_robot_ws/src/install/prototype/share/prototype/local_setup.dsv
[1.002s] -- Symlinking: /home/jayaaraju/waiter_robot_ws/src/install/prototype/share/prototype/package.dsv
[1.020s] -- Up-to-date symlink: /home/jayaaraju/waiter_robot_ws/src/install/prototype/share/ament_index/resource_index/packages/prototype
[1.020s] -- Up-to-date symlink: /home/jayaaraju/waiter_robot_ws/src/install/prototype/share/prototype/cmake/rosidl_cmake-extras.cmake
[1.021s] -- Up-to-date symlink: /home/jayaaraju/waiter_robot_ws/src/install/prototype/share/prototype/cmake/ament_cmake_export_dependencies-extras.cmake
[1.021s] -- Up-to-date symlink: /home/jayaaraju/waiter_robot_ws/src/install/prototype/share/prototype/cmake/ament_cmake_export_include_directories-extras.cmake
[1.021s] -- Up-to-date symlink: /home/jayaaraju/waiter_robot_ws/src/install/prototype/share/prototype/cmake/ament_cmake_export_libraries-extras.cmake
[1.021s] -- Up-to-date symlink: /home/jayaaraju/waiter_robot_ws/src/install/prototype/share/prototype/cmake/ament_cmake_export_targets-extras.cmake
[1.021s] -- Up-to-date symlink: /home/jayaaraju/waiter_robot_ws/src/install/prototype/share/prototype/cmake/rosidl_cmake_export_typesupport_targets-extras.cmake
[1.021s] -- Up-to-date symlink: /home/jayaaraju/waiter_robot_ws/src/install/prototype/share/prototype/cmake/rosidl_cmake_export_typesupport_libraries-extras.cmake
[1.022s] -- Up-to-date symlink: /home/jayaaraju/waiter_robot_ws/src/install/prototype/share/prototype/cmake/prototypeConfig.cmake
[1.022s] -- Up-to-date symlink: /home/jayaaraju/waiter_robot_ws/src/install/prototype/share/prototype/cmake/prototypeConfig-version.cmake
[1.022s] -- Up-to-date symlink: /home/jayaaraju/waiter_robot_ws/src/install/prototype/share/prototype/package.xml
[1.022s] -- Up-to-date: /home/jayaaraju/waiter_robot_ws/src/install/prototype/lib/libprototype__rosidl_generator_c.so
[1.022s] -- Up-to-date: /home/jayaaraju/waiter_robot_ws/src/install/prototype/lib/libprototype__rosidl_typesupport_fastrtps_c.so
[1.023s] -- Up-to-date: /home/jayaaraju/waiter_robot_ws/src/install/prototype/lib/libprototype__rosidl_typesupport_fastrtps_cpp.so
[1.023s] -- Up-to-date: /home/jayaaraju/waiter_robot_ws/src/install/prototype/lib/libprototype__rosidl_typesupport_introspection_c.so
[1.023s] -- Up-to-date: /home/jayaaraju/waiter_robot_ws/src/install/prototype/lib/libprototype__rosidl_typesupport_c.so
[1.023s] -- Up-to-date: /home/jayaaraju/waiter_robot_ws/src/install/prototype/lib/libprototype__rosidl_typesupport_introspection_cpp.so
[1.023s] -- Up-to-date: /home/jayaaraju/waiter_robot_ws/src/install/prototype/lib/libprototype__rosidl_typesupport_cpp.so
[1.069s] Listing '/home/jayaaraju/waiter_robot_ws/src/install/prototype/local/lib/python3.10/dist-packages/prototype'...
[1.069s] Listing '/home/jayaaraju/waiter_robot_ws/src/install/prototype/local/lib/python3.10/dist-packages/prototype/action'...
[1.070s] Listing '/home/jayaaraju/waiter_robot_ws/src/install/prototype/local/lib/python3.10/dist-packages/prototype/msg'...
[1.077s] -- Up-to-date: /home/jayaaraju/waiter_robot_ws/src/install/prototype/lib/libprototype__rosidl_generator_py.so
[1.077s] -- Up-to-date: /home/jayaaraju/waiter_robot_ws/src/install/prototype/share/prototype/cmake/export_prototype__rosidl_generator_cExport.cmake
[1.077s] -- Up-to-date: /home/jayaaraju/waiter_robot_ws/src/install/prototype/share/prototype/cmake/export_prototype__rosidl_generator_cExport-noconfig.cmake
[1.077s] -- Up-to-date: /home/jayaaraju/waiter_robot_ws/src/install/prototype/share/prototype/cmake/export_prototype__rosidl_typesupport_fastrtps_cExport.cmake
[1.077s] -- Up-to-date: /home/jayaaraju/waiter_robot_ws/src/install/prototype/share/prototype/cmake/export_prototype__rosidl_typesupport_fastrtps_cExport-noconfig.cmake
[1.078s] -- Up-to-date: /home/jayaaraju/waiter_robot_ws/src/install/prototype/share/prototype/cmake/export_prototype__rosidl_generator_cppExport.cmake
[1.078s] -- Up-to-date: /home/jayaaraju/waiter_robot_ws/src/install/prototype/share/prototype/cmake/export_prototype__rosidl_typesupport_fastrtps_cppExport.cmake
[1.078s] -- Up-to-date: /home/jayaaraju/waiter_robot_ws/src/install/prototype/share/prototype/cmake/export_prototype__rosidl_typesupport_fastrtps_cppExport-noconfig.cmake
[1.078s] -- Up-to-date: /home/jayaaraju/waiter_robot_ws/src/install/prototype/share/prototype/cmake/prototype__rosidl_typesupport_introspection_cExport.cmake
[1.078s] -- Up-to-date: /home/jayaaraju/waiter_robot_ws/src/install/prototype/share/prototype/cmake/prototype__rosidl_typesupport_introspection_cExport-noconfig.cmake
[1.078s] -- Up-to-date: /home/jayaaraju/waiter_robot_ws/src/install/prototype/share/prototype/cmake/prototype__rosidl_typesupport_cExport.cmake
[1.079s] -- Up-to-date: /home/jayaaraju/waiter_robot_ws/src/install/prototype/share/prototype/cmake/prototype__rosidl_typesupport_cExport-noconfig.cmake
[1.079s] -- Up-to-date: /home/jayaaraju/waiter_robot_ws/src/install/prototype/share/prototype/cmake/prototype__rosidl_typesupport_introspection_cppExport.cmake
[1.079s] -- Up-to-date: /home/jayaaraju/waiter_robot_ws/src/install/prototype/share/prototype/cmake/prototype__rosidl_typesupport_introspection_cppExport-noconfig.cmake
[1.079s] -- Up-to-date: /home/jayaaraju/waiter_robot_ws/src/install/prototype/share/prototype/cmake/prototype__rosidl_typesupport_cppExport.cmake
[1.079s] -- Up-to-date: /home/jayaaraju/waiter_robot_ws/src/install/prototype/share/prototype/cmake/prototype__rosidl_typesupport_cppExport-noconfig.cmake
[1.079s] -- Up-to-date: /home/jayaaraju/waiter_robot_ws/src/install/prototype/share/prototype/cmake/export_prototype__rosidl_generator_pyExport.cmake
[1.079s] -- Up-to-date: /home/jayaaraju/waiter_robot_ws/src/install/prototype/share/prototype/cmake/export_prototype__rosidl_generator_pyExport-noconfig.cmake
[1.081s] Invoked command in '/home/jayaaraju/waiter_robot_ws/src/build/prototype' returned '0': CMAKE_PREFIX_PATH=/home/jayaaraju/waiter_robot_ws/src/install/py_trees_ros_tutorials:/home/jayaaraju/waiter_robot_ws/install/py_trees_ros_tutorials:/home/jayaaraju/ros2_ws/install/my_robot_controller:/home/jayaaraju/ros2_ws/src/install/my_robot_controller:/home/jayaaraju/pallet_ws/install/yolov5_ros:/opt/ros/humble:${CMAKE_PREFIX_PATH} /usr/bin/cmake --install /home/jayaaraju/waiter_robot_ws/src/build/prototype
