[0.106s] Invoking command in '/home/jayaaraju/waiter_robot_ws/build/navigator_planner': CMAKE_PREFIX_PATH=/home/jayaaraju/waiter_robot_ws/install/waiter_tree:/home/jayaaraju/waiter_robot_ws/install/ros2_mapping:/home/jayaaraju/waiter_robot_ws/install/prototype:/home/jayaaraju/waiter_robot_ws/install/navigator_planner:/home/jayaaraju/waiter_robot_ws/install/motor_control:/home/jayaaraju/bt_demo/install/simple_bt:/home/jayaaraju/bt_demo/install/behaviortree_cpp:/home/jayaaraju/code_ws/install/udemy:/home/jayaaraju/nav_ws/install/sattva_bot:/home/jayaaraju/nav_ws/install/ros2_mapping:/home/jayaaraju/nav_ws/install/opennav_docking:/home/jayaaraju/proto_ws/install/sattva_bot:/home/jayaaraju/proto_ws/install/prototype:/home/jayaaraju/proto_ws/install/pallet_loader:/home/jayaaraju/waiter_robot_ws/install/py_trees_ros_tutorials:/home/jayaaraju/ros2_ws/install/my_robot_controller:/home/jayaaraju/ros2_ws/src/install/my_robot_controller:/home/jayaaraju/pallet_ws/install/yolov5_ros:/opt/ros/humble:/home/jayaaraju/pallet_ws/install/serial:/home/jayaaraju/pallet_ws/install/pallet_loader:/home/jayaaraju/pallet_ws/install/bboxes_ex_msgs:/home/jayaaraju/main_ws/install/two_wheeled_robot:/home/jayaaraju/main_ws/install/sllidar_ros2:/home/jayaaraju/main_ws/install/ros2_control_test_assets:/home/jayaaraju/main_ws/install/ros2_control_demo_description:/home/jayaaraju/main_ws/install/my_own_robot:/home/jayaaraju/prototype/prototype/install/serial_driver:/home/jayaaraju/prototype/prototype/install/prototype:/home/jayaaraju/prototype/prototype/install/motor_control:/home/jayaaraju/prototype/prototype/install/io_context:/home/jayaaraju/prototype/prototype/install/asio_cmake_module:/home/jayaaraju/led_ws/install/led_node /usr/bin/cmake --build /home/jayaaraju/waiter_robot_ws/build/navigator_planner -- -j8 -l8
[0.901s] Built target ament_cmake_python_symlink_navigator_planner
[0.918s] running egg_info
[0.920s] creating navigator_planner.egg-info
[0.922s] writing navigator_planner.egg-info/PKG-INFO
[0.923s] writing dependency_links to navigator_planner.egg-info/dependency_links.txt
[0.923s] writing top-level names to navigator_planner.egg-info/top_level.txt
[0.923s] writing manifest file 'navigator_planner.egg-info/SOURCES.txt'
[0.926s] reading manifest file 'navigator_planner.egg-info/SOURCES.txt'
[0.926s] writing manifest file 'navigator_planner.egg-info/SOURCES.txt'
[1.018s] Built target ament_cmake_python_build_navigator_planner_egg
[1.055s] Invoked command in '/home/jayaaraju/waiter_robot_ws/build/navigator_planner' returned '0': CMAKE_PREFIX_PATH=/home/jayaaraju/waiter_robot_ws/install/waiter_tree:/home/jayaaraju/waiter_robot_ws/install/ros2_mapping:/home/jayaaraju/waiter_robot_ws/install/prototype:/home/jayaaraju/waiter_robot_ws/install/navigator_planner:/home/jayaaraju/waiter_robot_ws/install/motor_control:/home/jayaaraju/bt_demo/install/simple_bt:/home/jayaaraju/bt_demo/install/behaviortree_cpp:/home/jayaaraju/code_ws/install/udemy:/home/jayaaraju/nav_ws/install/sattva_bot:/home/jayaaraju/nav_ws/install/ros2_mapping:/home/jayaaraju/nav_ws/install/opennav_docking:/home/jayaaraju/proto_ws/install/sattva_bot:/home/jayaaraju/proto_ws/install/prototype:/home/jayaaraju/proto_ws/install/pallet_loader:/home/jayaaraju/waiter_robot_ws/install/py_trees_ros_tutorials:/home/jayaaraju/ros2_ws/install/my_robot_controller:/home/jayaaraju/ros2_ws/src/install/my_robot_controller:/home/jayaaraju/pallet_ws/install/yolov5_ros:/opt/ros/humble:/home/jayaaraju/pallet_ws/install/serial:/home/jayaaraju/pallet_ws/install/pallet_loader:/home/jayaaraju/pallet_ws/install/bboxes_ex_msgs:/home/jayaaraju/main_ws/install/two_wheeled_robot:/home/jayaaraju/main_ws/install/sllidar_ros2:/home/jayaaraju/main_ws/install/ros2_control_test_assets:/home/jayaaraju/main_ws/install/ros2_control_demo_description:/home/jayaaraju/main_ws/install/my_own_robot:/home/jayaaraju/prototype/prototype/install/serial_driver:/home/jayaaraju/prototype/prototype/install/prototype:/home/jayaaraju/prototype/prototype/install/motor_control:/home/jayaaraju/prototype/prototype/install/io_context:/home/jayaaraju/prototype/prototype/install/asio_cmake_module:/home/jayaaraju/led_ws/install/led_node /usr/bin/cmake --build /home/jayaaraju/waiter_robot_ws/build/navigator_planner -- -j8 -l8
[1.167s] Invoking command in '/home/jayaaraju/waiter_robot_ws/build/navigator_planner': CMAKE_PREFIX_PATH=/home/jayaaraju/waiter_robot_ws/install/waiter_tree:/home/jayaaraju/waiter_robot_ws/install/ros2_mapping:/home/jayaaraju/waiter_robot_ws/install/prototype:/home/jayaaraju/waiter_robot_ws/install/navigator_planner:/home/jayaaraju/waiter_robot_ws/install/motor_control:/home/jayaaraju/bt_demo/install/simple_bt:/home/jayaaraju/bt_demo/install/behaviortree_cpp:/home/jayaaraju/code_ws/install/udemy:/home/jayaaraju/nav_ws/install/sattva_bot:/home/jayaaraju/nav_ws/install/ros2_mapping:/home/jayaaraju/nav_ws/install/opennav_docking:/home/jayaaraju/proto_ws/install/sattva_bot:/home/jayaaraju/proto_ws/install/prototype:/home/jayaaraju/proto_ws/install/pallet_loader:/home/jayaaraju/waiter_robot_ws/install/py_trees_ros_tutorials:/home/jayaaraju/ros2_ws/install/my_robot_controller:/home/jayaaraju/ros2_ws/src/install/my_robot_controller:/home/jayaaraju/pallet_ws/install/yolov5_ros:/opt/ros/humble:/home/jayaaraju/pallet_ws/install/serial:/home/jayaaraju/pallet_ws/install/pallet_loader:/home/jayaaraju/pallet_ws/install/bboxes_ex_msgs:/home/jayaaraju/main_ws/install/two_wheeled_robot:/home/jayaaraju/main_ws/install/sllidar_ros2:/home/jayaaraju/main_ws/install/ros2_control_test_assets:/home/jayaaraju/main_ws/install/ros2_control_demo_description:/home/jayaaraju/main_ws/install/my_own_robot:/home/jayaaraju/prototype/prototype/install/serial_driver:/home/jayaaraju/prototype/prototype/install/prototype:/home/jayaaraju/prototype/prototype/install/motor_control:/home/jayaaraju/prototype/prototype/install/io_context:/home/jayaaraju/prototype/prototype/install/asio_cmake_module:/home/jayaaraju/led_ws/install/led_node /usr/bin/cmake --install /home/jayaaraju/waiter_robot_ws/build/navigator_planner
[1.190s] -- Install configuration: ""
[1.205s] -- Execute custom install script
[1.206s] -- Symlinking: /home/jayaaraju/waiter_robot_ws/install/navigator_planner/share/navigator_planner/launch/navigation.launch.py
[1.235s] -- Symlinking: /home/jayaaraju/waiter_robot_ws/install/navigator_planner/share/navigator_planner/config/follow_point.xml
[1.264s] -- Symlinking: /home/jayaaraju/waiter_robot_ws/install/navigator_planner/share/navigator_planner/config/nav2_params.yaml
[1.285s] -- Symlinking: /home/jayaaraju/waiter_robot_ws/install/navigator_planner/share/navigator_planner/config/navigate_through_poses_w_replanning_and_recovery.xml
[1.308s] -- Symlinking: /home/jayaaraju/waiter_robot_ws/install/navigator_planner/share/navigator_planner/config/navigate_to_pose_w_replanning_and_recovery.xml
[1.332s] -- Symlinking: /home/jayaaraju/waiter_robot_ws/install/navigator_planner/share/navigator_planner/config/output.json
[1.354s] -- Symlinking: /home/jayaaraju/waiter_robot_ws/install/navigator_planner/share/navigator_planner/config/twist_mux.yaml
[1.379s] -- Symlinking: /home/jayaaraju/waiter_robot_ws/install/navigator_planner/share/navigator_planner/scripts/table_navigation.py
[1.405s] -- Symlinking: /home/jayaaraju/waiter_robot_ws/install/navigator_planner/share/navigator_planner/navigator_planner/__init__.py
[1.441s] -- Symlinking: /home/jayaaraju/waiter_robot_ws/install/navigator_planner/share/navigator_planner/navigator_planner/robot_navigator.py
[1.474s] -- Symlinking: /home/jayaaraju/waiter_robot_ws/install/navigator_planner/share/navigator_planner/environment/pythonpath.sh
[1.494s] -- Symlinking: /home/jayaaraju/waiter_robot_ws/install/navigator_planner/share/navigator_planner/environment/pythonpath.dsv
[1.517s] -- Symlinking: /home/jayaaraju/waiter_robot_ws/install/navigator_planner/local/lib/python3.10/dist-packages/navigator_planner-0.0.0-py3.10.egg-info/PKG-INFO
[1.537s] -- Symlinking: /home/jayaaraju/waiter_robot_ws/install/navigator_planner/local/lib/python3.10/dist-packages/navigator_planner-0.0.0-py3.10.egg-info/SOURCES.txt
[1.558s] -- Symlinking: /home/jayaaraju/waiter_robot_ws/install/navigator_planner/local/lib/python3.10/dist-packages/navigator_planner-0.0.0-py3.10.egg-info/dependency_links.txt
[1.579s] -- Symlinking: /home/jayaaraju/waiter_robot_ws/install/navigator_planner/local/lib/python3.10/dist-packages/navigator_planner-0.0.0-py3.10.egg-info/top_level.txt
[1.612s] -- Symlinking: /home/jayaaraju/waiter_robot_ws/install/navigator_planner/local/lib/python3.10/dist-packages/navigator_planner/__init__.py
[1.634s] -- Symlinking: /home/jayaaraju/waiter_robot_ws/install/navigator_planner/local/lib/python3.10/dist-packages/navigator_planner/robot_navigator.py
[1.656s] -- Symlinking: /home/jayaaraju/waiter_robot_ws/install/navigator_planner/lib/navigator_planner/table_navigation.py
[1.678s] -- Symlinking: /home/jayaaraju/waiter_robot_ws/install/navigator_planner/share/ament_index/resource_index/package_run_dependencies/navigator_planner
[1.700s] -- Symlinking: /home/jayaaraju/waiter_robot_ws/install/navigator_planner/share/ament_index/resource_index/parent_prefix_path/navigator_planner
[1.724s] -- Symlinking: /home/jayaaraju/waiter_robot_ws/install/navigator_planner/share/navigator_planner/environment/ament_prefix_path.sh
[1.749s] -- Symlinking: /home/jayaaraju/waiter_robot_ws/install/navigator_planner/share/navigator_planner/environment/ament_prefix_path.dsv
[1.770s] -- Symlinking: /home/jayaaraju/waiter_robot_ws/install/navigator_planner/share/navigator_planner/environment/path.sh
[1.789s] -- Symlinking: /home/jayaaraju/waiter_robot_ws/install/navigator_planner/share/navigator_planner/environment/path.dsv
[1.819s] -- Symlinking: /home/jayaaraju/waiter_robot_ws/install/navigator_planner/share/navigator_planner/local_setup.bash
[1.841s] -- Symlinking: /home/jayaaraju/waiter_robot_ws/install/navigator_planner/share/navigator_planner/local_setup.sh
[1.862s] -- Symlinking: /home/jayaaraju/waiter_robot_ws/install/navigator_planner/share/navigator_planner/local_setup.zsh
[1.884s] -- Symlinking: /home/jayaaraju/waiter_robot_ws/install/navigator_planner/share/navigator_planner/local_setup.dsv
[1.911s] -- Symlinking: /home/jayaaraju/waiter_robot_ws/install/navigator_planner/share/navigator_planner/package.dsv
[1.934s] -- Symlinking: /home/jayaaraju/waiter_robot_ws/install/navigator_planner/share/ament_index/resource_index/packages/navigator_planner
[1.955s] -- Symlinking: /home/jayaaraju/waiter_robot_ws/install/navigator_planner/share/navigator_planner/cmake/navigator_plannerConfig.cmake
[1.982s] -- Symlinking: /home/jayaaraju/waiter_robot_ws/install/navigator_planner/share/navigator_planner/cmake/navigator_plannerConfig-version.cmake
[2.010s] -- Symlinking: /home/jayaaraju/waiter_robot_ws/install/navigator_planner/share/navigator_planner/package.xml
[2.145s] Listing '/home/jayaaraju/waiter_robot_ws/install/navigator_planner/local/lib/python3.10/dist-packages/navigator_planner'...
[2.145s] Compiling '/home/jayaaraju/waiter_robot_ws/install/navigator_planner/local/lib/python3.10/dist-packages/navigator_planner/__init__.py'...
[2.145s] Compiling '/home/jayaaraju/waiter_robot_ws/install/navigator_planner/local/lib/python3.10/dist-packages/navigator_planner/robot_navigator.py'...
[2.163s] Invoked command in '/home/jayaaraju/waiter_robot_ws/build/navigator_planner' returned '0': CMAKE_PREFIX_PATH=/home/jayaaraju/waiter_robot_ws/install/waiter_tree:/home/jayaaraju/waiter_robot_ws/install/ros2_mapping:/home/jayaaraju/waiter_robot_ws/install/prototype:/home/jayaaraju/waiter_robot_ws/install/navigator_planner:/home/jayaaraju/waiter_robot_ws/install/motor_control:/home/jayaaraju/bt_demo/install/simple_bt:/home/jayaaraju/bt_demo/install/behaviortree_cpp:/home/jayaaraju/code_ws/install/udemy:/home/jayaaraju/nav_ws/install/sattva_bot:/home/jayaaraju/nav_ws/install/ros2_mapping:/home/jayaaraju/nav_ws/install/opennav_docking:/home/jayaaraju/proto_ws/install/sattva_bot:/home/jayaaraju/proto_ws/install/prototype:/home/jayaaraju/proto_ws/install/pallet_loader:/home/jayaaraju/waiter_robot_ws/install/py_trees_ros_tutorials:/home/jayaaraju/ros2_ws/install/my_robot_controller:/home/jayaaraju/ros2_ws/src/install/my_robot_controller:/home/jayaaraju/pallet_ws/install/yolov5_ros:/opt/ros/humble:/home/jayaaraju/pallet_ws/install/serial:/home/jayaaraju/pallet_ws/install/pallet_loader:/home/jayaaraju/pallet_ws/install/bboxes_ex_msgs:/home/jayaaraju/main_ws/install/two_wheeled_robot:/home/jayaaraju/main_ws/install/sllidar_ros2:/home/jayaaraju/main_ws/install/ros2_control_test_assets:/home/jayaaraju/main_ws/install/ros2_control_demo_description:/home/jayaaraju/main_ws/install/my_own_robot:/home/jayaaraju/prototype/prototype/install/serial_driver:/home/jayaaraju/prototype/prototype/install/prototype:/home/jayaaraju/prototype/prototype/install/motor_control:/home/jayaaraju/prototype/prototype/install/io_context:/home/jayaaraju/prototype/prototype/install/asio_cmake_module:/home/jayaaraju/led_ws/install/led_node /usr/bin/cmake --install /home/jayaaraju/waiter_robot_ws/build/navigator_planner
