[1.425s] Invoking command in '/home/jayaaraju/waiter_robot_ws/src/build/py_trees_ros_tutorials': PYTHONPATH=/home/jayaaraju/waiter_robot_ws/src/build/py_trees_ros_tutorials/prefix_override:/usr/lib/python3/dist-packages/colcon_core/task/python/colcon_distutils_commands:/home/jayaaraju/waiter_robot_ws/src/install/py_trees_ros_tutorials/lib/python3.10/site-packages:${PYTHONPATH} /usr/bin/python3 -W ignore:setup.py install is deprecated setup.py develop --editable --build-directory /home/jayaaraju/waiter_robot_ws/src/build/py_trees_ros_tutorials/build --no-deps symlink_data
[1.468s] /home/jayaaraju/waiter_robot_ws/src/build/py_trees_ros_tutorials/setup.py:5: DeprecationWarning: The distutils package is deprecated and slated for removal in Python 3.12. Use setuptools or check PEP 632 for potential alternatives
[1.469s]   from distutils import log
[1.938s] running develop
[2.407s] redirecting scripts
[2.407s]   from: /home/jayaaraju/waiter_robot_ws/src/install/py_trees_ros_tutorials/bin
[2.407s]     to: /home/jayaaraju/waiter_robot_ws/src/install/py_trees_ros_tutorials/lib/py_trees_ros_tutorials
[2.408s] running egg_info
[2.408s] creating py_trees_ros_tutorials.egg-info
[2.409s] writing py_trees_ros_tutorials.egg-info/PKG-INFO
[2.409s] writing dependency_links to py_trees_ros_tutorials.egg-info/dependency_links.txt
[2.411s] writing entry points to py_trees_ros_tutorials.egg-info/entry_points.txt
[2.412s] writing top-level names to py_trees_ros_tutorials.egg-info/top_level.txt
[2.415s] writing manifest file 'py_trees_ros_tutorials.egg-info/SOURCES.txt'
[2.428s] reading manifest file 'py_trees_ros_tutorials.egg-info/SOURCES.txt'
[2.431s] writing manifest file 'py_trees_ros_tutorials.egg-info/SOURCES.txt'
[2.434s] running build_ext
[2.435s] Creating /home/jayaaraju/waiter_robot_ws/src/install/py_trees_ros_tutorials/lib/python3.10/site-packages/py-trees-ros-tutorials.egg-link (link to .)
[2.437s] Installing mock-battery script to /home/jayaaraju/waiter_robot_ws/src/install/py_trees_ros_tutorials/lib/py_trees_ros_tutorials
[2.437s] Installing mock-dashboard script to /home/jayaaraju/waiter_robot_ws/src/install/py_trees_ros_tutorials/lib/py_trees_ros_tutorials
[2.438s] Installing mock-dock-client script to /home/jayaaraju/waiter_robot_ws/src/install/py_trees_ros_tutorials/lib/py_trees_ros_tutorials
[2.438s] Installing mock-docking-controller script to /home/jayaaraju/waiter_robot_ws/src/install/py_trees_ros_tutorials/lib/py_trees_ros_tutorials
[2.438s] Installing mock-led-strip script to /home/jayaaraju/waiter_robot_ws/src/install/py_trees_ros_tutorials/lib/py_trees_ros_tutorials
[2.438s] Installing mock-move-base script to /home/jayaaraju/waiter_robot_ws/src/install/py_trees_ros_tutorials/lib/py_trees_ros_tutorials
[2.439s] Installing mock-move-base-client script to /home/jayaaraju/waiter_robot_ws/src/install/py_trees_ros_tutorials/lib/py_trees_ros_tutorials
[2.441s] Installing mock-rotate-client script to /home/jayaaraju/waiter_robot_ws/src/install/py_trees_ros_tutorials/lib/py_trees_ros_tutorials
[2.441s] Installing mock-rotation-controller script to /home/jayaaraju/waiter_robot_ws/src/install/py_trees_ros_tutorials/lib/py_trees_ros_tutorials
[2.442s] Installing mock-safety-sensors script to /home/jayaaraju/waiter_robot_ws/src/install/py_trees_ros_tutorials/lib/py_trees_ros_tutorials
[2.443s] Installing tree-action-clients script to /home/jayaaraju/waiter_robot_ws/src/install/py_trees_ros_tutorials/lib/py_trees_ros_tutorials
[2.443s] Installing tree-battery-check script to /home/jayaaraju/waiter_robot_ws/src/install/py_trees_ros_tutorials/lib/py_trees_ros_tutorials
[2.443s] Installing tree-context-switching script to /home/jayaaraju/waiter_robot_ws/src/install/py_trees_ros_tutorials/lib/py_trees_ros_tutorials
[2.443s] Installing tree-data-gathering script to /home/jayaaraju/waiter_robot_ws/src/install/py_trees_ros_tutorials/lib/py_trees_ros_tutorials
[2.443s] Installing tree-docking-cancelling-failing script to /home/jayaaraju/waiter_robot_ws/src/install/py_trees_ros_tutorials/lib/py_trees_ros_tutorials
[2.443s] Installing tree-dynamic-application-loading script to /home/jayaaraju/waiter_robot_ws/src/install/py_trees_ros_tutorials/lib/py_trees_ros_tutorials
[2.444s] 
[2.444s] Installed /home/jayaaraju/waiter_robot_ws/src/build/py_trees_ros_tutorials
[2.444s] running symlink_data
[2.444s] symbolically linking /home/jayaaraju/waiter_robot_ws/src/build/py_trees_ros_tutorials/package.xml -> /home/jayaaraju/waiter_robot_ws/src/install/py_trees_ros_tutorials/share/py_trees_ros_tutorials
[2.444s] creating /home/jayaaraju/waiter_robot_ws/src/install/py_trees_ros_tutorials/share/ament_index
[2.444s] creating /home/jayaaraju/waiter_robot_ws/src/install/py_trees_ros_tutorials/share/ament_index/resource_index
[2.445s] creating /home/jayaaraju/waiter_robot_ws/src/install/py_trees_ros_tutorials/share/ament_index/resource_index/packages
[2.445s] symbolically linking /home/jayaaraju/waiter_robot_ws/src/build/py_trees_ros_tutorials/resources/py_trees_ros_tutorials -> /home/jayaaraju/waiter_robot_ws/src/install/py_trees_ros_tutorials/share/ament_index/resource_index/packages
[2.445s] creating /home/jayaaraju/waiter_robot_ws/src/install/py_trees_ros_tutorials/share/py_trees_ros_tutorials/launch
[2.445s] symbolically linking /home/jayaaraju/waiter_robot_ws/src/build/py_trees_ros_tutorials/launch/tutorial_three_introspect_the_blackboard_launch.py -> /home/jayaaraju/waiter_robot_ws/src/install/py_trees_ros_tutorials/share/py_trees_ros_tutorials/launch
[2.445s] symbolically linking /home/jayaaraju/waiter_robot_ws/src/build/py_trees_ros_tutorials/launch/tutorial_two_battery_check_launch.py -> /home/jayaaraju/waiter_robot_ws/src/install/py_trees_ros_tutorials/share/py_trees_ros_tutorials/launch
[2.445s] symbolically linking /home/jayaaraju/waiter_robot_ws/src/build/py_trees_ros_tutorials/launch/tutorial_five_action_clients_launch.py -> /home/jayaaraju/waiter_robot_ws/src/install/py_trees_ros_tutorials/share/py_trees_ros_tutorials/launch
[2.445s] symbolically linking /home/jayaaraju/waiter_robot_ws/src/build/py_trees_ros_tutorials/launch/tutorial_eight_dynamic_application_loading_launch.py -> /home/jayaaraju/waiter_robot_ws/src/install/py_trees_ros_tutorials/share/py_trees_ros_tutorials/launch
[2.446s] symbolically linking /home/jayaaraju/waiter_robot_ws/src/build/py_trees_ros_tutorials/launch/tutorial_seven_docking_cancelling_failing_launch.py -> /home/jayaaraju/waiter_robot_ws/src/install/py_trees_ros_tutorials/share/py_trees_ros_tutorials/launch
[2.446s] symbolically linking /home/jayaaraju/waiter_robot_ws/src/build/py_trees_ros_tutorials/launch/tutorial_six_context_switching_launch.py -> /home/jayaaraju/waiter_robot_ws/src/install/py_trees_ros_tutorials/share/py_trees_ros_tutorials/launch
[2.446s] symbolically linking /home/jayaaraju/waiter_robot_ws/src/build/py_trees_ros_tutorials/launch/mock_robot_launch.py -> /home/jayaaraju/waiter_robot_ws/src/install/py_trees_ros_tutorials/share/py_trees_ros_tutorials/launch
[2.446s] symbolically linking /home/jayaaraju/waiter_robot_ws/src/build/py_trees_ros_tutorials/launch/tutorial_one_data_gathering_launch.py -> /home/jayaaraju/waiter_robot_ws/src/install/py_trees_ros_tutorials/share/py_trees_ros_tutorials/launch
[2.446s] symbolically linking /home/jayaaraju/waiter_robot_ws/src/build/py_trees_ros_tutorials/launch/tutorial_four_introspect_the_tree_launch.py -> /home/jayaaraju/waiter_robot_ws/src/install/py_trees_ros_tutorials/share/py_trees_ros_tutorials/launch
[2.567s] Invoked command in '/home/jayaaraju/waiter_robot_ws/src/build/py_trees_ros_tutorials' returned '0': PYTHONPATH=/home/jayaaraju/waiter_robot_ws/src/build/py_trees_ros_tutorials/prefix_override:/usr/lib/python3/dist-packages/colcon_core/task/python/colcon_distutils_commands:/home/jayaaraju/waiter_robot_ws/src/install/py_trees_ros_tutorials/lib/python3.10/site-packages:${PYTHONPATH} /usr/bin/python3 -W ignore:setup.py install is deprecated setup.py develop --editable --build-directory /home/jayaaraju/waiter_robot_ws/src/build/py_trees_ros_tutorials/build --no-deps symlink_data
