-- The C compiler identification is GNU 11.4.0
-- The CXX compiler identification is GNU 11.4.0
-- Detecting C compiler ABI info
-- Detecting C compiler ABI info - done
-- Check for working C compiler: /usr/bin/cc - skipped
-- Detecting C compile features
-- Detecting C compile features - done
-- Detecting CXX compiler ABI info
-- Detecting CXX compiler ABI info - done
-- Check for working CXX compiler: /usr/bin/c++ - skipped
-- Detecting CXX compile features
-- Detecting CXX compile features - done
-- Found ament_cmake: 1.3.9 (/opt/ros/humble/share/ament_cmake/cmake)
-- Found Python3: /usr/bin/python3 (found version "3.10.12") found components: Interpreter 
-- Override CMake install command with custom implementation using symlinks instead of copying resources
-- Found hardware_interface: 2.41.0 (/opt/ros/humble/share/hardware_interface/cmake)
-- Found rosidl_generator_c: 3.1.5 (/opt/ros/humble/share/rosidl_generator_c/cmake)
-- Found rosidl_adapter: 3.1.5 (/opt/ros/humble/share/rosidl_adapter/cmake)
-- Found rosidl_generator_cpp: 3.1.5 (/opt/ros/humble/share/rosidl_generator_cpp/cmake)
-- Using all available rosidl_typesupport_c: rosidl_typesupport_fastrtps_c;rosidl_typesupport_introspection_c
-- Using all available rosidl_typesupport_cpp: rosidl_typesupport_fastrtps_cpp;rosidl_typesupport_introspection_cpp
-- Found rmw_implementation_cmake: 6.1.2 (/opt/ros/humble/share/rmw_implementation_cmake/cmake)
-- Found rmw_cyclonedds_cpp: 1.3.4 (/opt/ros/humble/share/rmw_cyclonedds_cpp/cmake)
-- Using RMW implementation 'rmw_cyclonedds_cpp' as default
-- Looking for pthread.h
-- Looking for pthread.h - found
-- Performing Test CMAKE_HAVE_LIBC_PTHREAD
-- Performing Test CMAKE_HAVE_LIBC_PTHREAD - Success
-- Found Threads: TRUE  
-- Found serial: 1.2.1 (/home/jayaaraju/waiter_robot_ws/src/install/serial/share/serial/cmake)
-- Found ament_cmake_gtest: 1.3.9 (/opt/ros/humble/share/ament_cmake_gtest/cmake)
-- Configuring done
-- Generating done
-- Build files have been written to: /home/jayaaraju/waiter_robot_ws/src/build/motor_control
[ 75%] [32mBuilding CXX object CMakeFiles/motor_control.dir/src/comms.cpp.o[0m
[ 75%] [32mBuilding CXX object CMakeFiles/motor_control.dir/src/wheel.cpp.o[0m
[ 75%] [32mBuilding CXX object CMakeFiles/motor_control.dir/src/motor_interface.cpp.o[0m
[100%] [32m[1mLinking CXX shared library libmotor_control.so[0m
[100%] Built target motor_control
-- Install configuration: ""
-- Execute custom install script
-- Symlinking: /home/jayaaraju/waiter_robot_ws/src/install/motor_control/share/motor_control//motor_interface.xml
-- Symlinking: /home/jayaaraju/waiter_robot_ws/src/install/motor_control/lib/libmotor_control.so
-- Symlinking: /home/jayaaraju/waiter_robot_ws/src/install/motor_control/include/motor_control/comms.h
-- Symlinking: /home/jayaaraju/waiter_robot_ws/src/install/motor_control/include/motor_control/config.h
-- Symlinking: /home/jayaaraju/waiter_robot_ws/src/install/motor_control/include/motor_control/motor_interface.hpp
-- Symlinking: /home/jayaaraju/waiter_robot_ws/src/install/motor_control/include/motor_control/wheel.h
-- Symlinking: /home/jayaaraju/waiter_robot_ws/src/install/motor_control/share/motor_control//launch/motor_launch.py
-- Symlinking: /home/jayaaraju/waiter_robot_ws/src/install/motor_control/share/motor_control//config/controller_config.yaml
-- Symlinking: /home/jayaaraju/waiter_robot_ws/src/install/motor_control/share/motor_control/environment/library_path.sh
-- Symlinking: /home/jayaaraju/waiter_robot_ws/src/install/motor_control/share/motor_control/environment/library_path.dsv
-- Symlinking: /home/jayaaraju/waiter_robot_ws/src/install/motor_control/share/ament_index/resource_index/package_run_dependencies/motor_control
-- Symlinking: /home/jayaaraju/waiter_robot_ws/src/install/motor_control/share/ament_index/resource_index/parent_prefix_path/motor_control
-- Symlinking: /home/jayaaraju/waiter_robot_ws/src/install/motor_control/share/motor_control/environment/ament_prefix_path.sh
-- Symlinking: /home/jayaaraju/waiter_robot_ws/src/install/motor_control/share/motor_control/environment/ament_prefix_path.dsv
-- Symlinking: /home/jayaaraju/waiter_robot_ws/src/install/motor_control/share/motor_control/environment/path.sh
-- Symlinking: /home/jayaaraju/waiter_robot_ws/src/install/motor_control/share/motor_control/environment/path.dsv
-- Symlinking: /home/jayaaraju/waiter_robot_ws/src/install/motor_control/share/motor_control/local_setup.bash
-- Symlinking: /home/jayaaraju/waiter_robot_ws/src/install/motor_control/share/motor_control/local_setup.sh
-- Symlinking: /home/jayaaraju/waiter_robot_ws/src/install/motor_control/share/motor_control/local_setup.zsh
-- Symlinking: /home/jayaaraju/waiter_robot_ws/src/install/motor_control/share/motor_control/local_setup.dsv
-- Symlinking: /home/jayaaraju/waiter_robot_ws/src/install/motor_control/share/motor_control/package.dsv
-- Symlinking: /home/jayaaraju/waiter_robot_ws/src/install/motor_control/share/ament_index/resource_index/packages/motor_control
-- Symlinking: /home/jayaaraju/waiter_robot_ws/src/install/motor_control/share/ament_index/resource_index/hardware_interface__pluginlib__plugin/motor_control
-- Symlinking: /home/jayaaraju/waiter_robot_ws/src/install/motor_control/share/motor_control/cmake/ament_cmake_export_include_directories-extras.cmake
-- Symlinking: /home/jayaaraju/waiter_robot_ws/src/install/motor_control/share/motor_control/cmake/ament_cmake_export_libraries-extras.cmake
-- Symlinking: /home/jayaaraju/waiter_robot_ws/src/install/motor_control/share/motor_control/cmake/ament_cmake_export_dependencies-extras.cmake
-- Symlinking: /home/jayaaraju/waiter_robot_ws/src/install/motor_control/share/motor_control/cmake/motor_controlConfig.cmake
-- Symlinking: /home/jayaaraju/waiter_robot_ws/src/install/motor_control/share/motor_control/cmake/motor_controlConfig-version.cmake
-- Symlinking: /home/jayaaraju/waiter_robot_ws/src/install/motor_control/share/motor_control/package.xml
