[1.479s] Invoking command in '/home/jayaaraju/waiter_robot_ws/build/waiter_tree': CMAKE_PREFIX_PATH=/home/jayaaraju/waiter_robot_ws/install/waiter_tree:/home/jayaaraju/waiter_robot_ws/install/ros2_mapping:/home/jayaaraju/waiter_robot_ws/install/prototype:/home/jayaaraju/waiter_robot_ws/install/navigator_planner:/home/jayaaraju/code_ws/install/udemy:/home/jayaaraju/nav_ws/install/sattva_bot:/home/jayaaraju/nav_ws/install/ros2_mapping:/home/jayaaraju/nav_ws/install/opennav_docking:/home/jayaaraju/main_ws/install/two_wheeled_robot:/home/jayaaraju/main_ws/install/sllidar_ros2:/home/jayaaraju/main_ws/install/ros2_control_test_assets:/home/jayaaraju/main_ws/install/ros2_control_demo_description:/home/jayaaraju/main_ws/install/my_own_robot:/home/jayaaraju/proto_ws/install/sattva_bot:/home/jayaaraju/proto_ws/install/prototype:/home/jayaaraju/proto_ws/install/pallet_loader:/home/jayaaraju/waiter_robot_ws/install/py_trees_ros_tutorials:/home/jayaaraju/ros2_ws/install/my_robot_controller:/home/jayaaraju/ros2_ws/src/install/my_robot_controller:/home/jayaaraju/pallet_ws/install/yolov5_ros:/opt/ros/humble:/home/jayaaraju/pallet_ws/install/serial:/home/jayaaraju/pallet_ws/install/pallet_loader:/home/jayaaraju/pallet_ws/install/bboxes_ex_msgs /usr/bin/cmake --build /home/jayaaraju/waiter_robot_ws/build/waiter_tree -- -j8 -l8
[1.723s] Built target ament_cmake_python_symlink_waiter_tree
[3.009s] running egg_info
[3.011s] writing waiter_tree.egg-info/PKG-INFO
[3.011s] writing dependency_links to waiter_tree.egg-info/dependency_links.txt
[3.011s] writing top-level names to waiter_tree.egg-info/top_level.txt
[3.022s] reading manifest file 'waiter_tree.egg-info/SOURCES.txt'
[3.024s] writing manifest file 'waiter_tree.egg-info/SOURCES.txt'
[3.127s] Built target ament_cmake_python_build_waiter_tree_egg
[3.157s] Invoked command in '/home/jayaaraju/waiter_robot_ws/build/waiter_tree' returned '0': CMAKE_PREFIX_PATH=/home/jayaaraju/waiter_robot_ws/install/waiter_tree:/home/jayaaraju/waiter_robot_ws/install/ros2_mapping:/home/jayaaraju/waiter_robot_ws/install/prototype:/home/jayaaraju/waiter_robot_ws/install/navigator_planner:/home/jayaaraju/code_ws/install/udemy:/home/jayaaraju/nav_ws/install/sattva_bot:/home/jayaaraju/nav_ws/install/ros2_mapping:/home/jayaaraju/nav_ws/install/opennav_docking:/home/jayaaraju/main_ws/install/two_wheeled_robot:/home/jayaaraju/main_ws/install/sllidar_ros2:/home/jayaaraju/main_ws/install/ros2_control_test_assets:/home/jayaaraju/main_ws/install/ros2_control_demo_description:/home/jayaaraju/main_ws/install/my_own_robot:/home/jayaaraju/proto_ws/install/sattva_bot:/home/jayaaraju/proto_ws/install/prototype:/home/jayaaraju/proto_ws/install/pallet_loader:/home/jayaaraju/waiter_robot_ws/install/py_trees_ros_tutorials:/home/jayaaraju/ros2_ws/install/my_robot_controller:/home/jayaaraju/ros2_ws/src/install/my_robot_controller:/home/jayaaraju/pallet_ws/install/yolov5_ros:/opt/ros/humble:/home/jayaaraju/pallet_ws/install/serial:/home/jayaaraju/pallet_ws/install/pallet_loader:/home/jayaaraju/pallet_ws/install/bboxes_ex_msgs /usr/bin/cmake --build /home/jayaaraju/waiter_robot_ws/build/waiter_tree -- -j8 -l8
[3.259s] Invoking command in '/home/jayaaraju/waiter_robot_ws/build/waiter_tree': CMAKE_PREFIX_PATH=/home/jayaaraju/waiter_robot_ws/install/waiter_tree:/home/jayaaraju/waiter_robot_ws/install/ros2_mapping:/home/jayaaraju/waiter_robot_ws/install/prototype:/home/jayaaraju/waiter_robot_ws/install/navigator_planner:/home/jayaaraju/code_ws/install/udemy:/home/jayaaraju/nav_ws/install/sattva_bot:/home/jayaaraju/nav_ws/install/ros2_mapping:/home/jayaaraju/nav_ws/install/opennav_docking:/home/jayaaraju/main_ws/install/two_wheeled_robot:/home/jayaaraju/main_ws/install/sllidar_ros2:/home/jayaaraju/main_ws/install/ros2_control_test_assets:/home/jayaaraju/main_ws/install/ros2_control_demo_description:/home/jayaaraju/main_ws/install/my_own_robot:/home/jayaaraju/proto_ws/install/sattva_bot:/home/jayaaraju/proto_ws/install/prototype:/home/jayaaraju/proto_ws/install/pallet_loader:/home/jayaaraju/waiter_robot_ws/install/py_trees_ros_tutorials:/home/jayaaraju/ros2_ws/install/my_robot_controller:/home/jayaaraju/ros2_ws/src/install/my_robot_controller:/home/jayaaraju/pallet_ws/install/yolov5_ros:/opt/ros/humble:/home/jayaaraju/pallet_ws/install/serial:/home/jayaaraju/pallet_ws/install/pallet_loader:/home/jayaaraju/pallet_ws/install/bboxes_ex_msgs /usr/bin/cmake --install /home/jayaaraju/waiter_robot_ws/build/waiter_tree
[3.280s] -- Install configuration: ""
[3.281s] -- Execute custom install script
[3.283s] -- Up-to-date symlink: /home/jayaaraju/waiter_robot_ws/install/waiter_tree/share/waiter_tree/config/controller_manager.yaml
[3.283s] -- Up-to-date symlink: /home/jayaaraju/waiter_robot_ws/install/waiter_tree/share/waiter_tree/config/ekf_map.yaml
[3.284s] -- Up-to-date symlink: /home/jayaaraju/waiter_robot_ws/install/waiter_tree/share/waiter_tree/config/gazebo_params.yaml
[3.284s] -- Up-to-date symlink: /home/jayaaraju/waiter_robot_ws/install/waiter_tree/share/waiter_tree/config/joystick.yaml
[3.284s] -- Up-to-date symlink: /home/jayaaraju/waiter_robot_ws/install/waiter_tree/share/waiter_tree/config/ros2_control.yaml
[3.285s] -- Up-to-date symlink: /home/jayaaraju/waiter_robot_ws/install/waiter_tree/share/waiter_tree/config/twist_mux.yaml
[3.285s] -- Up-to-date symlink: /home/jayaaraju/waiter_robot_ws/install/waiter_tree/share/waiter_tree/src/__init__.py
[3.286s] -- Up-to-date symlink: /home/jayaaraju/waiter_robot_ws/install/waiter_tree/share/waiter_tree/waiter_tree/__init__.py
[3.290s] -- Up-to-date symlink: /home/jayaaraju/waiter_robot_ws/install/waiter_tree/share/waiter_tree/waiter_tree/confirmations.yaml
[3.292s] -- Up-to-date symlink: /home/jayaaraju/waiter_robot_ws/install/waiter_tree/share/waiter_tree/waiter_tree/order_detected.yaml
[3.293s] -- Up-to-date symlink: /home/jayaaraju/waiter_robot_ws/install/waiter_tree/share/waiter_tree/waiter_tree/order_detection_node.py
[3.294s] -- Up-to-date symlink: /home/jayaaraju/waiter_robot_ws/install/waiter_tree/share/waiter_tree/worlds/hotel_world.world
[3.295s] -- Up-to-date symlink: /home/jayaaraju/waiter_robot_ws/install/waiter_tree/share/waiter_tree/urdf/camera.xacro
[3.296s] -- Up-to-date symlink: /home/jayaaraju/waiter_robot_ws/install/waiter_tree/share/waiter_tree/urdf/gazebo_control.xacro
[3.296s] -- Up-to-date symlink: /home/jayaaraju/waiter_robot_ws/install/waiter_tree/share/waiter_tree/urdf/inertial_macros.xacro
[3.296s] -- Up-to-date symlink: /home/jayaaraju/waiter_robot_ws/install/waiter_tree/share/waiter_tree/urdf/lidar.xacro
[3.296s] -- Up-to-date symlink: /home/jayaaraju/waiter_robot_ws/install/waiter_tree/share/waiter_tree/urdf/nav_test.gazebo.xacro
[3.297s] -- Up-to-date symlink: /home/jayaaraju/waiter_robot_ws/install/waiter_tree/share/waiter_tree/urdf/robot_core.xacro
[3.297s] -- Up-to-date symlink: /home/jayaaraju/waiter_robot_ws/install/waiter_tree/share/waiter_tree/urdf/robot_urdf.xacro
[3.297s] -- Up-to-date symlink: /home/jayaaraju/waiter_robot_ws/install/waiter_tree/share/waiter_tree/urdf/ros2_control.xacro
[3.298s] -- Up-to-date symlink: /home/jayaaraju/waiter_robot_ws/install/waiter_tree/share/waiter_tree/launch/joystick_launch.py
[3.299s] -- Up-to-date symlink: /home/jayaaraju/waiter_robot_ws/install/waiter_tree/share/waiter_tree/launch/rsp_launch.py
[3.300s] -- Up-to-date symlink: /home/jayaaraju/waiter_robot_ws/install/waiter_tree/share/waiter_tree/launch/rviz2_launch.py
[3.300s] -- Up-to-date symlink: /home/jayaaraju/waiter_robot_ws/install/waiter_tree/share/waiter_tree/launch/simulation_launch.py
[3.300s] -- Up-to-date symlink: /home/jayaaraju/waiter_robot_ws/install/waiter_tree/share/waiter_tree/launch/waiter_tree_launch.py
[3.301s] -- Up-to-date symlink: /home/jayaaraju/waiter_robot_ws/install/waiter_tree/share/waiter_tree/scripts/motor_controller.py
[3.301s] -- Up-to-date symlink: /home/jayaaraju/waiter_robot_ws/install/waiter_tree/share/waiter_tree/scripts/waiter_robot_bt.py
[3.301s] -- Up-to-date symlink: /home/jayaaraju/waiter_robot_ws/install/waiter_tree/share/waiter_tree/environment/pythonpath.sh
[3.302s] -- Up-to-date symlink: /home/jayaaraju/waiter_robot_ws/install/waiter_tree/share/waiter_tree/environment/pythonpath.dsv
[3.303s] -- Up-to-date symlink: /home/jayaaraju/waiter_robot_ws/install/waiter_tree/local/lib/python3.10/dist-packages/waiter_tree-0.0.0-py3.10.egg-info/PKG-INFO
[3.303s] -- Up-to-date symlink: /home/jayaaraju/waiter_robot_ws/install/waiter_tree/local/lib/python3.10/dist-packages/waiter_tree-0.0.0-py3.10.egg-info/SOURCES.txt
[3.304s] -- Up-to-date symlink: /home/jayaaraju/waiter_robot_ws/install/waiter_tree/local/lib/python3.10/dist-packages/waiter_tree-0.0.0-py3.10.egg-info/dependency_links.txt
[3.304s] -- Up-to-date symlink: /home/jayaaraju/waiter_robot_ws/install/waiter_tree/local/lib/python3.10/dist-packages/waiter_tree-0.0.0-py3.10.egg-info/top_level.txt
[3.310s] -- Up-to-date symlink: /home/jayaaraju/waiter_robot_ws/install/waiter_tree/local/lib/python3.10/dist-packages/waiter_tree/__init__.py
[3.311s] -- Up-to-date symlink: /home/jayaaraju/waiter_robot_ws/install/waiter_tree/local/lib/python3.10/dist-packages/waiter_tree/confirmations.yaml
[3.311s] -- Up-to-date symlink: /home/jayaaraju/waiter_robot_ws/install/waiter_tree/local/lib/python3.10/dist-packages/waiter_tree/order_detected.yaml
[3.311s] -- Up-to-date symlink: /home/jayaaraju/waiter_robot_ws/install/waiter_tree/local/lib/python3.10/dist-packages/waiter_tree/order_detection_node.py
[3.312s] -- Up-to-date symlink: /home/jayaaraju/waiter_robot_ws/install/waiter_tree/lib/waiter_tree/waiter_robot_bt.py
[3.312s] -- Up-to-date symlink: /home/jayaaraju/waiter_robot_ws/install/waiter_tree/lib/waiter_tree/motor_controller.py
[3.313s] -- Up-to-date symlink: /home/jayaaraju/waiter_robot_ws/install/waiter_tree/share/ament_index/resource_index/package_run_dependencies/waiter_tree
[3.313s] -- Up-to-date symlink: /home/jayaaraju/waiter_robot_ws/install/waiter_tree/share/ament_index/resource_index/parent_prefix_path/waiter_tree
[3.313s] -- Up-to-date symlink: /home/jayaaraju/waiter_robot_ws/install/waiter_tree/share/waiter_tree/environment/ament_prefix_path.sh
[3.313s] -- Up-to-date symlink: /home/jayaaraju/waiter_robot_ws/install/waiter_tree/share/waiter_tree/environment/ament_prefix_path.dsv
[3.313s] -- Up-to-date symlink: /home/jayaaraju/waiter_robot_ws/install/waiter_tree/share/waiter_tree/environment/path.sh
[3.314s] -- Up-to-date symlink: /home/jayaaraju/waiter_robot_ws/install/waiter_tree/share/waiter_tree/environment/path.dsv
[3.314s] -- Up-to-date symlink: /home/jayaaraju/waiter_robot_ws/install/waiter_tree/share/waiter_tree/local_setup.bash
[3.314s] -- Up-to-date symlink: /home/jayaaraju/waiter_robot_ws/install/waiter_tree/share/waiter_tree/local_setup.sh
[3.314s] -- Up-to-date symlink: /home/jayaaraju/waiter_robot_ws/install/waiter_tree/share/waiter_tree/local_setup.zsh
[3.314s] -- Up-to-date symlink: /home/jayaaraju/waiter_robot_ws/install/waiter_tree/share/waiter_tree/local_setup.dsv
[3.314s] -- Symlinking: /home/jayaaraju/waiter_robot_ws/install/waiter_tree/share/waiter_tree/package.dsv
[3.356s] -- Up-to-date symlink: /home/jayaaraju/waiter_robot_ws/install/waiter_tree/share/ament_index/resource_index/packages/waiter_tree
[3.357s] -- Up-to-date symlink: /home/jayaaraju/waiter_robot_ws/install/waiter_tree/share/waiter_tree/cmake/waiter_treeConfig.cmake
[3.357s] -- Up-to-date symlink: /home/jayaaraju/waiter_robot_ws/install/waiter_tree/share/waiter_tree/cmake/waiter_treeConfig-version.cmake
[3.357s] -- Up-to-date symlink: /home/jayaaraju/waiter_robot_ws/install/waiter_tree/share/waiter_tree/package.xml
[3.513s] Listing '/home/jayaaraju/waiter_robot_ws/install/waiter_tree/local/lib/python3.10/dist-packages/waiter_tree'...
[3.513s] Listing '/home/jayaaraju/waiter_robot_ws/install/waiter_tree/local/lib/python3.10/dist-packages/waiter_tree/build'...
[3.514s] Listing '/home/jayaaraju/waiter_robot_ws/install/waiter_tree/local/lib/python3.10/dist-packages/waiter_tree/install'...
[3.514s] Listing '/home/jayaaraju/waiter_robot_ws/install/waiter_tree/local/lib/python3.10/dist-packages/waiter_tree/log'...
[3.514s] Listing '/home/jayaaraju/waiter_robot_ws/install/waiter_tree/local/lib/python3.10/dist-packages/waiter_tree/log/build_2024-07-23_00-35-50'...
[3.514s] Listing '/home/jayaaraju/waiter_robot_ws/install/waiter_tree/local/lib/python3.10/dist-packages/waiter_tree/log/build_2024-07-23_00-36-03'...
[3.514s] Listing '/home/jayaaraju/waiter_robot_ws/install/waiter_tree/local/lib/python3.10/dist-packages/waiter_tree/log/latest'...
[3.515s] Listing '/home/jayaaraju/waiter_robot_ws/install/waiter_tree/local/lib/python3.10/dist-packages/waiter_tree/log/latest_build'...
[3.538s] Invoked command in '/home/jayaaraju/waiter_robot_ws/build/waiter_tree' returned '0': CMAKE_PREFIX_PATH=/home/jayaaraju/waiter_robot_ws/install/waiter_tree:/home/jayaaraju/waiter_robot_ws/install/ros2_mapping:/home/jayaaraju/waiter_robot_ws/install/prototype:/home/jayaaraju/waiter_robot_ws/install/navigator_planner:/home/jayaaraju/code_ws/install/udemy:/home/jayaaraju/nav_ws/install/sattva_bot:/home/jayaaraju/nav_ws/install/ros2_mapping:/home/jayaaraju/nav_ws/install/opennav_docking:/home/jayaaraju/main_ws/install/two_wheeled_robot:/home/jayaaraju/main_ws/install/sllidar_ros2:/home/jayaaraju/main_ws/install/ros2_control_test_assets:/home/jayaaraju/main_ws/install/ros2_control_demo_description:/home/jayaaraju/main_ws/install/my_own_robot:/home/jayaaraju/proto_ws/install/sattva_bot:/home/jayaaraju/proto_ws/install/prototype:/home/jayaaraju/proto_ws/install/pallet_loader:/home/jayaaraju/waiter_robot_ws/install/py_trees_ros_tutorials:/home/jayaaraju/ros2_ws/install/my_robot_controller:/home/jayaaraju/ros2_ws/src/install/my_robot_controller:/home/jayaaraju/pallet_ws/install/yolov5_ros:/opt/ros/humble:/home/jayaaraju/pallet_ws/install/serial:/home/jayaaraju/pallet_ws/install/pallet_loader:/home/jayaaraju/pallet_ws/install/bboxes_ex_msgs /usr/bin/cmake --install /home/jayaaraju/waiter_robot_ws/build/waiter_tree
