[0.179s] Invoking command in '/home/jayaaraju/waiter_robot_ws/build/prototype': CMAKE_PREFIX_PATH=/home/jayaaraju/waiter_robot_ws/install/waiter_tree:/home/jayaaraju/waiter_robot_ws/install/ros2_mapping:/home/jayaaraju/waiter_robot_ws/install/prototype:/home/jayaaraju/waiter_robot_ws/install/navigator_planner:/home/jayaaraju/code_ws/install/udemy:/home/jayaaraju/nav_ws/install/sattva_bot:/home/jayaaraju/nav_ws/install/ros2_mapping:/home/jayaaraju/nav_ws/install/opennav_docking:/home/jayaaraju/main_ws/install/two_wheeled_robot:/home/jayaaraju/main_ws/install/sllidar_ros2:/home/jayaaraju/main_ws/install/ros2_control_test_assets:/home/jayaaraju/main_ws/install/ros2_control_demo_description:/home/jayaaraju/main_ws/install/my_own_robot:/home/jayaaraju/proto_ws/install/sattva_bot:/home/jayaaraju/proto_ws/install/prototype:/home/jayaaraju/proto_ws/install/pallet_loader:/home/jayaaraju/waiter_robot_ws/install/py_trees_ros_tutorials:/home/jayaaraju/ros2_ws/install/my_robot_controller:/home/jayaaraju/ros2_ws/src/install/my_robot_controller:/home/jayaaraju/pallet_ws/install/yolov5_ros:/opt/ros/humble:/home/jayaaraju/pallet_ws/install/serial:/home/jayaaraju/pallet_ws/install/pallet_loader:/home/jayaaraju/pallet_ws/install/bboxes_ex_msgs /usr/bin/cmake --build /home/jayaaraju/waiter_robot_ws/build/prototype -- -j8 -l8
[1.685s] [  1%] Built target prototype__cpp
[1.685s] [  1%] Built target ament_cmake_python_symlink_prototype
[1.685s] [ 12%] Built target prototype__rosidl_typesupport_introspection_cpp
[1.773s] running egg_info
[1.775s] writing prototype.egg-info/PKG-INFO
[1.776s] writing dependency_links to prototype.egg-info/dependency_links.txt
[1.779s] writing top-level names to prototype.egg-info/top_level.txt
[1.791s] reading manifest file 'prototype.egg-info/SOURCES.txt'
[1.798s] writing manifest file 'prototype.egg-info/SOURCES.txt'
[1.900s] [ 12%] Built target ament_cmake_python_build_prototype_egg
[1.998s] [ 23%] Built target prototype__rosidl_typesupport_fastrtps_cpp
[2.099s] [ 34%] Built target prototype__rosidl_typesupport_cpp
[2.195s] [ 45%] Built target prototype__rosidl_generator_c
[2.357s] [ 56%] Built target prototype__rosidl_typesupport_fastrtps_c
[2.439s] [ 67%] Built target prototype__rosidl_typesupport_c
[2.516s] [ 78%] Built target prototype__rosidl_typesupport_introspection_c
[2.585s] [ 78%] Built target prototype
[2.655s] [ 80%] Built target prototype__py
[2.729s] [ 89%] Built target prototype__rosidl_generator_py
[2.805s] [ 92%] Built target prototype__rosidl_typesupport_fastrtps_c__pyext
[2.881s] [ 96%] Built target prototype__rosidl_typesupport_c__pyext
[2.959s] [100%] Built target prototype__rosidl_typesupport_introspection_c__pyext
[2.990s] Invoked command in '/home/jayaaraju/waiter_robot_ws/build/prototype' returned '0': CMAKE_PREFIX_PATH=/home/jayaaraju/waiter_robot_ws/install/waiter_tree:/home/jayaaraju/waiter_robot_ws/install/ros2_mapping:/home/jayaaraju/waiter_robot_ws/install/prototype:/home/jayaaraju/waiter_robot_ws/install/navigator_planner:/home/jayaaraju/code_ws/install/udemy:/home/jayaaraju/nav_ws/install/sattva_bot:/home/jayaaraju/nav_ws/install/ros2_mapping:/home/jayaaraju/nav_ws/install/opennav_docking:/home/jayaaraju/main_ws/install/two_wheeled_robot:/home/jayaaraju/main_ws/install/sllidar_ros2:/home/jayaaraju/main_ws/install/ros2_control_test_assets:/home/jayaaraju/main_ws/install/ros2_control_demo_description:/home/jayaaraju/main_ws/install/my_own_robot:/home/jayaaraju/proto_ws/install/sattva_bot:/home/jayaaraju/proto_ws/install/prototype:/home/jayaaraju/proto_ws/install/pallet_loader:/home/jayaaraju/waiter_robot_ws/install/py_trees_ros_tutorials:/home/jayaaraju/ros2_ws/install/my_robot_controller:/home/jayaaraju/ros2_ws/src/install/my_robot_controller:/home/jayaaraju/pallet_ws/install/yolov5_ros:/opt/ros/humble:/home/jayaaraju/pallet_ws/install/serial:/home/jayaaraju/pallet_ws/install/pallet_loader:/home/jayaaraju/pallet_ws/install/bboxes_ex_msgs /usr/bin/cmake --build /home/jayaaraju/waiter_robot_ws/build/prototype -- -j8 -l8
[3.449s] Invoking command in '/home/jayaaraju/waiter_robot_ws/build/prototype': CMAKE_PREFIX_PATH=/home/jayaaraju/waiter_robot_ws/install/waiter_tree:/home/jayaaraju/waiter_robot_ws/install/ros2_mapping:/home/jayaaraju/waiter_robot_ws/install/prototype:/home/jayaaraju/waiter_robot_ws/install/navigator_planner:/home/jayaaraju/code_ws/install/udemy:/home/jayaaraju/nav_ws/install/sattva_bot:/home/jayaaraju/nav_ws/install/ros2_mapping:/home/jayaaraju/nav_ws/install/opennav_docking:/home/jayaaraju/main_ws/install/two_wheeled_robot:/home/jayaaraju/main_ws/install/sllidar_ros2:/home/jayaaraju/main_ws/install/ros2_control_test_assets:/home/jayaaraju/main_ws/install/ros2_control_demo_description:/home/jayaaraju/main_ws/install/my_own_robot:/home/jayaaraju/proto_ws/install/sattva_bot:/home/jayaaraju/proto_ws/install/prototype:/home/jayaaraju/proto_ws/install/pallet_loader:/home/jayaaraju/waiter_robot_ws/install/py_trees_ros_tutorials:/home/jayaaraju/ros2_ws/install/my_robot_controller:/home/jayaaraju/ros2_ws/src/install/my_robot_controller:/home/jayaaraju/pallet_ws/install/yolov5_ros:/opt/ros/humble:/home/jayaaraju/pallet_ws/install/serial:/home/jayaaraju/pallet_ws/install/pallet_loader:/home/jayaaraju/pallet_ws/install/bboxes_ex_msgs /usr/bin/cmake --install /home/jayaaraju/waiter_robot_ws/build/prototype
[3.474s] -- Install configuration: ""
[3.477s] -- Execute custom install script
[3.477s] -- Up-to-date symlink: /home/jayaaraju/waiter_robot_ws/install/prototype/share/prototype//action/Confirmation.action
[3.477s] -- Up-to-date symlink: /home/jayaaraju/waiter_robot_ws/install/prototype/share/prototype//action/FoodMenu.action
[3.478s] -- Up-to-date symlink: /home/jayaaraju/waiter_robot_ws/install/prototype/share/prototype//action/GoTo.action
[3.480s] -- Up-to-date symlink: /home/jayaaraju/waiter_robot_ws/install/prototype/share/prototype//msg/DistanceAngle.msg
[3.480s] -- Up-to-date symlink: /home/jayaaraju/waiter_robot_ws/install/prototype/share/prototype//msg/Food.msg
[3.481s] -- Up-to-date symlink: /home/jayaaraju/waiter_robot_ws/install/prototype/share/ament_index/resource_index/rosidl_interfaces/prototype
[3.481s] -- Up-to-date symlink: /home/jayaaraju/waiter_robot_ws/install/prototype/include/prototype/prototype/action/confirmation.h
[3.482s] -- Up-to-date symlink: /home/jayaaraju/waiter_robot_ws/install/prototype/include/prototype/prototype/action/detail/confirmation__functions.h
[3.482s] -- Up-to-date symlink: /home/jayaaraju/waiter_robot_ws/install/prototype/include/prototype/prototype/action/detail/confirmation__struct.h
[3.482s] -- Up-to-date symlink: /home/jayaaraju/waiter_robot_ws/install/prototype/include/prototype/prototype/action/detail/confirmation__type_support.h
[3.484s] -- Up-to-date symlink: /home/jayaaraju/waiter_robot_ws/install/prototype/include/prototype/prototype/action/detail/food_menu__functions.h
[3.489s] -- Up-to-date symlink: /home/jayaaraju/waiter_robot_ws/install/prototype/include/prototype/prototype/action/detail/food_menu__struct.h
[3.490s] -- Up-to-date symlink: /home/jayaaraju/waiter_robot_ws/install/prototype/include/prototype/prototype/action/detail/food_menu__type_support.h
[3.490s] -- Up-to-date symlink: /home/jayaaraju/waiter_robot_ws/install/prototype/include/prototype/prototype/action/detail/go_to__functions.h
[3.490s] -- Up-to-date symlink: /home/jayaaraju/waiter_robot_ws/install/prototype/include/prototype/prototype/action/detail/go_to__struct.h
[3.490s] -- Up-to-date symlink: /home/jayaaraju/waiter_robot_ws/install/prototype/include/prototype/prototype/action/detail/go_to__type_support.h
[3.491s] -- Up-to-date symlink: /home/jayaaraju/waiter_robot_ws/install/prototype/include/prototype/prototype/action/food_menu.h
[3.491s] -- Up-to-date symlink: /home/jayaaraju/waiter_robot_ws/install/prototype/include/prototype/prototype/action/go_to.h
[3.491s] -- Up-to-date symlink: /home/jayaaraju/waiter_robot_ws/install/prototype/include/prototype/prototype/msg/detail/food__functions.h
[3.491s] -- Up-to-date symlink: /home/jayaaraju/waiter_robot_ws/install/prototype/include/prototype/prototype/msg/detail/food__struct.h
[3.491s] -- Up-to-date symlink: /home/jayaaraju/waiter_robot_ws/install/prototype/include/prototype/prototype/msg/detail/food__type_support.h
[3.491s] -- Up-to-date symlink: /home/jayaaraju/waiter_robot_ws/install/prototype/include/prototype/prototype/msg/food.h
[3.492s] -- Up-to-date symlink: /home/jayaaraju/waiter_robot_ws/install/prototype/include/prototype/prototype/msg/rosidl_generator_c__visibility_control.h
[3.492s] -- Up-to-date symlink: /home/jayaaraju/waiter_robot_ws/install/prototype/share/prototype/environment/library_path.sh
[3.492s] -- Up-to-date symlink: /home/jayaaraju/waiter_robot_ws/install/prototype/share/prototype/environment/library_path.dsv
[3.494s] -- Up-to-date symlink: /home/jayaaraju/waiter_robot_ws/install/prototype/include/prototype/prototype/action/detail/confirmation__rosidl_typesupport_fastrtps_c.h
[3.494s] -- Up-to-date symlink: /home/jayaaraju/waiter_robot_ws/install/prototype/include/prototype/prototype/action/detail/food_menu__rosidl_typesupport_fastrtps_c.h
[3.494s] -- Up-to-date symlink: /home/jayaaraju/waiter_robot_ws/install/prototype/include/prototype/prototype/action/detail/go_to__rosidl_typesupport_fastrtps_c.h
[3.495s] -- Up-to-date symlink: /home/jayaaraju/waiter_robot_ws/install/prototype/include/prototype/prototype/msg/detail/food__rosidl_typesupport_fastrtps_c.h
[3.495s] -- Up-to-date symlink: /home/jayaaraju/waiter_robot_ws/install/prototype/include/prototype/prototype/msg/rosidl_typesupport_fastrtps_c__visibility_control.h
[3.497s] -- Up-to-date symlink: /home/jayaaraju/waiter_robot_ws/install/prototype/include/prototype/prototype/action/confirmation.hpp
[3.497s] -- Up-to-date symlink: /home/jayaaraju/waiter_robot_ws/install/prototype/include/prototype/prototype/action/detail/confirmation__builder.hpp
[3.497s] -- Up-to-date symlink: /home/jayaaraju/waiter_robot_ws/install/prototype/include/prototype/prototype/action/detail/confirmation__struct.hpp
[3.497s] -- Up-to-date symlink: /home/jayaaraju/waiter_robot_ws/install/prototype/include/prototype/prototype/action/detail/confirmation__traits.hpp
[3.498s] -- Up-to-date symlink: /home/jayaaraju/waiter_robot_ws/install/prototype/include/prototype/prototype/action/detail/food_menu__builder.hpp
[3.498s] -- Up-to-date symlink: /home/jayaaraju/waiter_robot_ws/install/prototype/include/prototype/prototype/action/detail/food_menu__struct.hpp
[3.498s] -- Up-to-date symlink: /home/jayaaraju/waiter_robot_ws/install/prototype/include/prototype/prototype/action/detail/food_menu__traits.hpp
[3.498s] -- Up-to-date symlink: /home/jayaaraju/waiter_robot_ws/install/prototype/include/prototype/prototype/action/detail/go_to__builder.hpp
[3.499s] -- Up-to-date symlink: /home/jayaaraju/waiter_robot_ws/install/prototype/include/prototype/prototype/action/detail/go_to__struct.hpp
[3.499s] -- Up-to-date symlink: /home/jayaaraju/waiter_robot_ws/install/prototype/include/prototype/prototype/action/detail/go_to__traits.hpp
[3.499s] -- Up-to-date symlink: /home/jayaaraju/waiter_robot_ws/install/prototype/include/prototype/prototype/action/food_menu.hpp
[3.499s] -- Up-to-date symlink: /home/jayaaraju/waiter_robot_ws/install/prototype/include/prototype/prototype/action/go_to.hpp
[3.500s] -- Up-to-date symlink: /home/jayaaraju/waiter_robot_ws/install/prototype/include/prototype/prototype/msg/detail/food__builder.hpp
[3.500s] -- Up-to-date symlink: /home/jayaaraju/waiter_robot_ws/install/prototype/include/prototype/prototype/msg/detail/food__struct.hpp
[3.500s] -- Up-to-date symlink: /home/jayaaraju/waiter_robot_ws/install/prototype/include/prototype/prototype/msg/detail/food__traits.hpp
[3.500s] -- Up-to-date symlink: /home/jayaaraju/waiter_robot_ws/install/prototype/include/prototype/prototype/msg/food.hpp
[3.503s] -- Up-to-date symlink: /home/jayaaraju/waiter_robot_ws/install/prototype/include/prototype/prototype/action/detail/confirmation__rosidl_typesupport_fastrtps_cpp.hpp
[3.503s] -- Up-to-date symlink: /home/jayaaraju/waiter_robot_ws/install/prototype/include/prototype/prototype/action/detail/food_menu__rosidl_typesupport_fastrtps_cpp.hpp
[3.503s] -- Up-to-date symlink: /home/jayaaraju/waiter_robot_ws/install/prototype/include/prototype/prototype/action/detail/go_to__rosidl_typesupport_fastrtps_cpp.hpp
[3.503s] -- Up-to-date symlink: /home/jayaaraju/waiter_robot_ws/install/prototype/include/prototype/prototype/msg/detail/food__rosidl_typesupport_fastrtps_cpp.hpp
[3.503s] -- Up-to-date symlink: /home/jayaaraju/waiter_robot_ws/install/prototype/include/prototype/prototype/msg/rosidl_typesupport_fastrtps_cpp__visibility_control.h
[3.504s] -- Up-to-date symlink: /home/jayaaraju/waiter_robot_ws/install/prototype/include/prototype/prototype/action/detail/confirmation__rosidl_typesupport_introspection_c.h
[3.504s] -- Up-to-date symlink: /home/jayaaraju/waiter_robot_ws/install/prototype/include/prototype/prototype/action/detail/food_menu__rosidl_typesupport_introspection_c.h
[3.504s] -- Up-to-date symlink: /home/jayaaraju/waiter_robot_ws/install/prototype/include/prototype/prototype/action/detail/go_to__rosidl_typesupport_introspection_c.h
[3.505s] -- Up-to-date symlink: /home/jayaaraju/waiter_robot_ws/install/prototype/include/prototype/prototype/msg/detail/food__rosidl_typesupport_introspection_c.h
[3.505s] -- Up-to-date symlink: /home/jayaaraju/waiter_robot_ws/install/prototype/include/prototype/prototype/msg/rosidl_typesupport_introspection_c__visibility_control.h
[3.506s] -- Up-to-date symlink: /home/jayaaraju/waiter_robot_ws/install/prototype/include/prototype/prototype/action/detail/confirmation__rosidl_typesupport_introspection_cpp.hpp
[3.507s] -- Up-to-date symlink: /home/jayaaraju/waiter_robot_ws/install/prototype/include/prototype/prototype/action/detail/food_menu__rosidl_typesupport_introspection_cpp.hpp
[3.507s] -- Up-to-date symlink: /home/jayaaraju/waiter_robot_ws/install/prototype/include/prototype/prototype/action/detail/go_to__rosidl_typesupport_introspection_cpp.hpp
[3.507s] -- Up-to-date symlink: /home/jayaaraju/waiter_robot_ws/install/prototype/include/prototype/prototype/msg/detail/food__rosidl_typesupport_introspection_cpp.hpp
[3.508s] -- Up-to-date symlink: /home/jayaaraju/waiter_robot_ws/install/prototype/share/prototype/environment/pythonpath.sh
[3.508s] -- Up-to-date symlink: /home/jayaaraju/waiter_robot_ws/install/prototype/share/prototype/environment/pythonpath.dsv
[3.508s] -- Up-to-date symlink: /home/jayaaraju/waiter_robot_ws/install/prototype/local/lib/python3.10/dist-packages/prototype-0.0.0-py3.10.egg-info/PKG-INFO
[3.509s] -- Up-to-date symlink: /home/jayaaraju/waiter_robot_ws/install/prototype/local/lib/python3.10/dist-packages/prototype-0.0.0-py3.10.egg-info/SOURCES.txt
[3.511s] -- Up-to-date symlink: /home/jayaaraju/waiter_robot_ws/install/prototype/local/lib/python3.10/dist-packages/prototype-0.0.0-py3.10.egg-info/dependency_links.txt
[3.518s] -- Up-to-date symlink: /home/jayaaraju/waiter_robot_ws/install/prototype/local/lib/python3.10/dist-packages/prototype-0.0.0-py3.10.egg-info/top_level.txt
[3.520s] -- Up-to-date symlink: /home/jayaaraju/waiter_robot_ws/install/prototype/local/lib/python3.10/dist-packages/prototype/__init__.py
[3.520s] -- Up-to-date symlink: /home/jayaaraju/waiter_robot_ws/install/prototype/local/lib/python3.10/dist-packages/prototype/_prototype_s.ep.rosidl_typesupport_c.c
[3.521s] -- Up-to-date symlink: /home/jayaaraju/waiter_robot_ws/install/prototype/local/lib/python3.10/dist-packages/prototype/_prototype_s.ep.rosidl_typesupport_fastrtps_c.c
[3.521s] -- Up-to-date symlink: /home/jayaaraju/waiter_robot_ws/install/prototype/local/lib/python3.10/dist-packages/prototype/_prototype_s.ep.rosidl_typesupport_introspection_c.c
[3.521s] -- Up-to-date symlink: /home/jayaaraju/waiter_robot_ws/install/prototype/local/lib/python3.10/dist-packages/prototype/action/__init__.py
[3.522s] -- Up-to-date symlink: /home/jayaaraju/waiter_robot_ws/install/prototype/local/lib/python3.10/dist-packages/prototype/action/_confirmation.py
[3.522s] -- Up-to-date symlink: /home/jayaaraju/waiter_robot_ws/install/prototype/local/lib/python3.10/dist-packages/prototype/action/_confirmation_s.c
[3.522s] -- Up-to-date symlink: /home/jayaaraju/waiter_robot_ws/install/prototype/local/lib/python3.10/dist-packages/prototype/action/_food_menu.py
[3.524s] -- Up-to-date symlink: /home/jayaaraju/waiter_robot_ws/install/prototype/local/lib/python3.10/dist-packages/prototype/action/_food_menu_s.c
[3.524s] -- Up-to-date symlink: /home/jayaaraju/waiter_robot_ws/install/prototype/local/lib/python3.10/dist-packages/prototype/action/_go_to.py
[3.525s] -- Up-to-date symlink: /home/jayaaraju/waiter_robot_ws/install/prototype/local/lib/python3.10/dist-packages/prototype/action/_go_to_s.c
[3.527s] -- Up-to-date symlink: /home/jayaaraju/waiter_robot_ws/install/prototype/local/lib/python3.10/dist-packages/prototype/libprototype__rosidl_generator_py.so
[3.527s] -- Up-to-date symlink: /home/jayaaraju/waiter_robot_ws/install/prototype/local/lib/python3.10/dist-packages/prototype/msg/__init__.py
[3.527s] -- Up-to-date symlink: /home/jayaaraju/waiter_robot_ws/install/prototype/local/lib/python3.10/dist-packages/prototype/msg/_food.py
[3.528s] -- Up-to-date symlink: /home/jayaaraju/waiter_robot_ws/install/prototype/local/lib/python3.10/dist-packages/prototype/msg/_food_s.c
[3.528s] -- Up-to-date symlink: /home/jayaaraju/waiter_robot_ws/install/prototype/local/lib/python3.10/dist-packages/prototype/prototype_s__rosidl_typesupport_c.cpython-310-x86_64-linux-gnu.so
[3.528s] -- Up-to-date symlink: /home/jayaaraju/waiter_robot_ws/install/prototype/local/lib/python3.10/dist-packages/prototype/prototype_s__rosidl_typesupport_fastrtps_c.cpython-310-x86_64-linux-gnu.so
[3.528s] -- Up-to-date symlink: /home/jayaaraju/waiter_robot_ws/install/prototype/local/lib/python3.10/dist-packages/prototype/prototype_s__rosidl_typesupport_introspection_c.cpython-310-x86_64-linux-gnu.so
[3.529s] -- Up-to-date symlink: /home/jayaaraju/waiter_robot_ws/install/prototype/local/lib/python3.10/dist-packages/prototype/prototype_s__rosidl_typesupport_fastrtps_c.cpython-310-x86_64-linux-gnu.so
[3.529s] -- Up-to-date symlink: /home/jayaaraju/waiter_robot_ws/install/prototype/local/lib/python3.10/dist-packages/prototype/prototype_s__rosidl_typesupport_introspection_c.cpython-310-x86_64-linux-gnu.so
[3.529s] -- Up-to-date symlink: /home/jayaaraju/waiter_robot_ws/install/prototype/local/lib/python3.10/dist-packages/prototype/prototype_s__rosidl_typesupport_c.cpython-310-x86_64-linux-gnu.so
[3.529s] -- Up-to-date symlink: /home/jayaaraju/waiter_robot_ws/install/prototype/share/prototype/action/GoTo.idl
[3.529s] -- Up-to-date symlink: /home/jayaaraju/waiter_robot_ws/install/prototype/share/prototype/action/FoodMenu.idl
[3.529s] -- Up-to-date symlink: /home/jayaaraju/waiter_robot_ws/install/prototype/share/prototype/action/Confirmation.idl
[3.530s] -- Up-to-date symlink: /home/jayaaraju/waiter_robot_ws/install/prototype/share/prototype/msg/Food.idl
[3.530s] -- Up-to-date symlink: /home/jayaaraju/waiter_robot_ws/install/prototype/share/prototype/action/GoTo.action
[3.530s] -- Up-to-date symlink: /home/jayaaraju/waiter_robot_ws/install/prototype/share/prototype/action/FoodMenu.action
[3.530s] -- Up-to-date symlink: /home/jayaaraju/waiter_robot_ws/install/prototype/share/prototype/action/Confirmation.action
[3.531s] -- Up-to-date symlink: /home/jayaaraju/waiter_robot_ws/install/prototype/share/prototype/msg/Food.msg
[3.531s] -- Up-to-date symlink: /home/jayaaraju/waiter_robot_ws/install/prototype/share/ament_index/resource_index/package_run_dependencies/prototype
[3.531s] -- Up-to-date symlink: /home/jayaaraju/waiter_robot_ws/install/prototype/share/ament_index/resource_index/parent_prefix_path/prototype
[3.531s] -- Up-to-date symlink: /home/jayaaraju/waiter_robot_ws/install/prototype/share/prototype/environment/ament_prefix_path.sh
[3.531s] -- Up-to-date symlink: /home/jayaaraju/waiter_robot_ws/install/prototype/share/prototype/environment/ament_prefix_path.dsv
[3.532s] -- Up-to-date symlink: /home/jayaaraju/waiter_robot_ws/install/prototype/share/prototype/environment/path.sh
[3.533s] -- Up-to-date symlink: /home/jayaaraju/waiter_robot_ws/install/prototype/share/prototype/environment/path.dsv
[3.533s] -- Up-to-date symlink: /home/jayaaraju/waiter_robot_ws/install/prototype/share/prototype/local_setup.bash
[3.536s] -- Up-to-date symlink: /home/jayaaraju/waiter_robot_ws/install/prototype/share/prototype/local_setup.sh
[3.536s] -- Up-to-date symlink: /home/jayaaraju/waiter_robot_ws/install/prototype/share/prototype/local_setup.zsh
[3.537s] -- Up-to-date symlink: /home/jayaaraju/waiter_robot_ws/install/prototype/share/prototype/local_setup.dsv
[3.537s] -- Symlinking: /home/jayaaraju/waiter_robot_ws/install/prototype/share/prototype/package.dsv
[3.562s] -- Up-to-date symlink: /home/jayaaraju/waiter_robot_ws/install/prototype/share/ament_index/resource_index/packages/prototype
[3.563s] -- Up-to-date symlink: /home/jayaaraju/waiter_robot_ws/install/prototype/share/prototype/cmake/rosidl_cmake-extras.cmake
[3.564s] -- Up-to-date symlink: /home/jayaaraju/waiter_robot_ws/install/prototype/share/prototype/cmake/ament_cmake_export_dependencies-extras.cmake
[3.566s] -- Up-to-date symlink: /home/jayaaraju/waiter_robot_ws/install/prototype/share/prototype/cmake/ament_cmake_export_include_directories-extras.cmake
[3.566s] -- Up-to-date symlink: /home/jayaaraju/waiter_robot_ws/install/prototype/share/prototype/cmake/ament_cmake_export_libraries-extras.cmake
[3.566s] -- Up-to-date symlink: /home/jayaaraju/waiter_robot_ws/install/prototype/share/prototype/cmake/ament_cmake_export_targets-extras.cmake
[3.573s] -- Up-to-date symlink: /home/jayaaraju/waiter_robot_ws/install/prototype/share/prototype/cmake/rosidl_cmake_export_typesupport_targets-extras.cmake
[3.575s] -- Up-to-date symlink: /home/jayaaraju/waiter_robot_ws/install/prototype/share/prototype/cmake/rosidl_cmake_export_typesupport_libraries-extras.cmake
[3.576s] -- Up-to-date symlink: /home/jayaaraju/waiter_robot_ws/install/prototype/share/prototype/cmake/prototypeConfig.cmake
[3.577s] -- Up-to-date symlink: /home/jayaaraju/waiter_robot_ws/install/prototype/share/prototype/cmake/prototypeConfig-version.cmake
[3.578s] -- Up-to-date symlink: /home/jayaaraju/waiter_robot_ws/install/prototype/share/prototype/package.xml
[3.578s] -- Up-to-date: /home/jayaaraju/waiter_robot_ws/install/prototype/lib/libprototype__rosidl_generator_c.so
[3.579s] -- Up-to-date: /home/jayaaraju/waiter_robot_ws/install/prototype/lib/libprototype__rosidl_typesupport_fastrtps_c.so
[3.581s] -- Up-to-date: /home/jayaaraju/waiter_robot_ws/install/prototype/lib/libprototype__rosidl_typesupport_fastrtps_cpp.so
[3.586s] -- Up-to-date: /home/jayaaraju/waiter_robot_ws/install/prototype/lib/libprototype__rosidl_typesupport_introspection_c.so
[3.590s] -- Up-to-date: /home/jayaaraju/waiter_robot_ws/install/prototype/lib/libprototype__rosidl_typesupport_c.so
[3.590s] -- Up-to-date: /home/jayaaraju/waiter_robot_ws/install/prototype/lib/libprototype__rosidl_typesupport_introspection_cpp.so
[3.591s] -- Up-to-date: /home/jayaaraju/waiter_robot_ws/install/prototype/lib/libprototype__rosidl_typesupport_cpp.so
[3.761s] Listing '/home/jayaaraju/waiter_robot_ws/install/prototype/local/lib/python3.10/dist-packages/prototype'...
[3.761s] Listing '/home/jayaaraju/waiter_robot_ws/install/prototype/local/lib/python3.10/dist-packages/prototype/action'...
[3.762s] Listing '/home/jayaaraju/waiter_robot_ws/install/prototype/local/lib/python3.10/dist-packages/prototype/msg'...
[3.797s] -- Up-to-date: /home/jayaaraju/waiter_robot_ws/install/prototype/lib/libprototype__rosidl_generator_py.so
[3.797s] -- Up-to-date: /home/jayaaraju/waiter_robot_ws/install/prototype/share/prototype/cmake/export_prototype__rosidl_generator_cExport.cmake
[3.798s] -- Up-to-date: /home/jayaaraju/waiter_robot_ws/install/prototype/share/prototype/cmake/export_prototype__rosidl_generator_cExport-noconfig.cmake
[3.798s] -- Up-to-date: /home/jayaaraju/waiter_robot_ws/install/prototype/share/prototype/cmake/export_prototype__rosidl_typesupport_fastrtps_cExport.cmake
[3.798s] -- Up-to-date: /home/jayaaraju/waiter_robot_ws/install/prototype/share/prototype/cmake/export_prototype__rosidl_typesupport_fastrtps_cExport-noconfig.cmake
[3.799s] -- Up-to-date: /home/jayaaraju/waiter_robot_ws/install/prototype/share/prototype/cmake/export_prototype__rosidl_generator_cppExport.cmake
[3.800s] -- Up-to-date: /home/jayaaraju/waiter_robot_ws/install/prototype/share/prototype/cmake/export_prototype__rosidl_typesupport_fastrtps_cppExport.cmake
[3.801s] -- Up-to-date: /home/jayaaraju/waiter_robot_ws/install/prototype/share/prototype/cmake/export_prototype__rosidl_typesupport_fastrtps_cppExport-noconfig.cmake
[3.801s] -- Up-to-date: /home/jayaaraju/waiter_robot_ws/install/prototype/share/prototype/cmake/prototype__rosidl_typesupport_introspection_cExport.cmake
[3.801s] -- Up-to-date: /home/jayaaraju/waiter_robot_ws/install/prototype/share/prototype/cmake/prototype__rosidl_typesupport_introspection_cExport-noconfig.cmake
[3.802s] -- Up-to-date: /home/jayaaraju/waiter_robot_ws/install/prototype/share/prototype/cmake/prototype__rosidl_typesupport_cExport.cmake
[3.802s] -- Up-to-date: /home/jayaaraju/waiter_robot_ws/install/prototype/share/prototype/cmake/prototype__rosidl_typesupport_cExport-noconfig.cmake
[3.803s] -- Up-to-date: /home/jayaaraju/waiter_robot_ws/install/prototype/share/prototype/cmake/prototype__rosidl_typesupport_introspection_cppExport.cmake
[3.803s] -- Up-to-date: /home/jayaaraju/waiter_robot_ws/install/prototype/share/prototype/cmake/prototype__rosidl_typesupport_introspection_cppExport-noconfig.cmake
[3.804s] -- Up-to-date: /home/jayaaraju/waiter_robot_ws/install/prototype/share/prototype/cmake/prototype__rosidl_typesupport_cppExport.cmake
[3.804s] -- Up-to-date: /home/jayaaraju/waiter_robot_ws/install/prototype/share/prototype/cmake/prototype__rosidl_typesupport_cppExport-noconfig.cmake
[3.804s] -- Up-to-date: /home/jayaaraju/waiter_robot_ws/install/prototype/share/prototype/cmake/export_prototype__rosidl_generator_pyExport.cmake
[3.805s] -- Up-to-date: /home/jayaaraju/waiter_robot_ws/install/prototype/share/prototype/cmake/export_prototype__rosidl_generator_pyExport-noconfig.cmake
[3.838s] Invoked command in '/home/jayaaraju/waiter_robot_ws/build/prototype' returned '0': CMAKE_PREFIX_PATH=/home/jayaaraju/waiter_robot_ws/install/waiter_tree:/home/jayaaraju/waiter_robot_ws/install/ros2_mapping:/home/jayaaraju/waiter_robot_ws/install/prototype:/home/jayaaraju/waiter_robot_ws/install/navigator_planner:/home/jayaaraju/code_ws/install/udemy:/home/jayaaraju/nav_ws/install/sattva_bot:/home/jayaaraju/nav_ws/install/ros2_mapping:/home/jayaaraju/nav_ws/install/opennav_docking:/home/jayaaraju/main_ws/install/two_wheeled_robot:/home/jayaaraju/main_ws/install/sllidar_ros2:/home/jayaaraju/main_ws/install/ros2_control_test_assets:/home/jayaaraju/main_ws/install/ros2_control_demo_description:/home/jayaaraju/main_ws/install/my_own_robot:/home/jayaaraju/proto_ws/install/sattva_bot:/home/jayaaraju/proto_ws/install/prototype:/home/jayaaraju/proto_ws/install/pallet_loader:/home/jayaaraju/waiter_robot_ws/install/py_trees_ros_tutorials:/home/jayaaraju/ros2_ws/install/my_robot_controller:/home/jayaaraju/ros2_ws/src/install/my_robot_controller:/home/jayaaraju/pallet_ws/install/yolov5_ros:/opt/ros/humble:/home/jayaaraju/pallet_ws/install/serial:/home/jayaaraju/pallet_ws/install/pallet_loader:/home/jayaaraju/pallet_ws/install/bboxes_ex_msgs /usr/bin/cmake --install /home/jayaaraju/waiter_robot_ws/build/prototype
