[0.126s] DEBUG:colcon:Command line arguments: ['/usr/bin/colcon', 'build', '--packages-select', 'asio_cmake_module', 'io_context']
[0.126s] DEBUG:colcon:Parsed command line arguments: Namespace(log_base=None, log_level=None, verb_name='build', build_base='build', install_base='install', merge_install=False, symlink_install=False, test_result_base=None, continue_on_error=False, executor='parallel', parallel_workers=8, event_handlers=None, ignore_user_meta=False, metas=['./colcon.meta'], base_paths=['.'], packages_ignore=None, packages_ignore_regex=None, paths=None, packages_up_to=None, packages_up_to_regex=None, packages_above=None, packages_above_and_dependencies=None, packages_above_depth=None, packages_select_by_dep=None, packages_skip_by_dep=None, packages_skip_up_to=None, packages_select_build_failed=False, packages_skip_build_finished=False, packages_select_test_failures=False, packages_skip_test_passed=False, packages_select=['asio_cmake_module', 'io_context'], packages_skip=None, packages_select_regex=None, packages_skip_regex=None, packages_start=None, packages_end=None, allow_overriding=[], cmake_args=None, cmake_target=None, cmake_target_skip_unavailable=False, cmake_clean_cache=False, cmake_clean_first=False, cmake_force_configure=False, ament_cmake_args=None, catkin_cmake_args=None, catkin_skip_building_tests=False, mixin_files=None, mixin=None, verb_parser=<colcon_mixin.mixin.mixin_argument.MixinArgumentDecorator object at 0x722067072f20>, verb_extension=<colcon_core.verb.build.BuildVerb object at 0x72206716f670>, main=<bound method BuildVerb.main of <colcon_core.verb.build.BuildVerb object at 0x72206716f670>>, mixin_verb=('build',))
[0.322s] Level 1:colcon.colcon_core.package_discovery:discover_packages(colcon_meta) check parameters
[0.322s] Level 1:colcon.colcon_core.package_discovery:discover_packages(recursive) check parameters
[0.322s] Level 1:colcon.colcon_core.package_discovery:discover_packages(ignore) check parameters
[0.322s] Level 1:colcon.colcon_core.package_discovery:discover_packages(path) check parameters
[0.322s] Level 1:colcon.colcon_core.package_discovery:discover_packages(colcon_meta) discover
[0.322s] Level 1:colcon.colcon_core.package_discovery:discover_packages(recursive) discover
[0.322s] INFO:colcon.colcon_core.package_discovery:Crawling recursively for packages in '/home/jayaaraju/waiter_robot_ws/src'
[0.322s] Level 1:colcon.colcon_core.package_identification:_identify(.) by extensions ['ignore', 'ignore_ament_install']
[0.322s] Level 1:colcon.colcon_core.package_identification:_identify(.) by extension 'ignore'
[0.322s] Level 1:colcon.colcon_core.package_identification:_identify(.) by extension 'ignore_ament_install'
[0.323s] Level 1:colcon.colcon_core.package_identification:_identify(.) by extensions ['colcon_pkg']
[0.323s] Level 1:colcon.colcon_core.package_identification:_identify(.) by extension 'colcon_pkg'
[0.323s] Level 1:colcon.colcon_core.package_identification:_identify(.) by extensions ['colcon_meta']
[0.323s] Level 1:colcon.colcon_core.package_identification:_identify(.) by extension 'colcon_meta'
[0.323s] Level 1:colcon.colcon_core.package_identification:_identify(.) by extensions ['ros']
[0.323s] Level 1:colcon.colcon_core.package_identification:_identify(.) by extension 'ros'
[0.334s] Level 1:colcon.colcon_core.package_identification:_identify(.) by extensions ['cmake', 'python']
[0.334s] Level 1:colcon.colcon_core.package_identification:_identify(.) by extension 'cmake'
[0.334s] Level 1:colcon.colcon_core.package_identification:_identify(.) by extension 'python'
[0.334s] Level 1:colcon.colcon_core.package_identification:_identify(.) by extensions ['python_setup_py']
[0.334s] Level 1:colcon.colcon_core.package_identification:_identify(.) by extension 'python_setup_py'
[0.334s] Level 1:colcon.colcon_core.package_identification:_identify(arduino) by extensions ['ignore', 'ignore_ament_install']
[0.334s] Level 1:colcon.colcon_core.package_identification:_identify(arduino) by extension 'ignore'
[0.334s] Level 1:colcon.colcon_core.package_identification:_identify(arduino) by extension 'ignore_ament_install'
[0.335s] Level 1:colcon.colcon_core.package_identification:_identify(arduino) by extensions ['colcon_pkg']
[0.335s] Level 1:colcon.colcon_core.package_identification:_identify(arduino) by extension 'colcon_pkg'
[0.335s] Level 1:colcon.colcon_core.package_identification:_identify(arduino) by extensions ['colcon_meta']
[0.335s] Level 1:colcon.colcon_core.package_identification:_identify(arduino) by extension 'colcon_meta'
[0.335s] Level 1:colcon.colcon_core.package_identification:_identify(arduino) by extensions ['ros']
[0.335s] Level 1:colcon.colcon_core.package_identification:_identify(arduino) by extension 'ros'
[0.335s] Level 1:colcon.colcon_core.package_identification:_identify(arduino) by extensions ['cmake', 'python']
[0.335s] Level 1:colcon.colcon_core.package_identification:_identify(arduino) by extension 'cmake'
[0.335s] Level 1:colcon.colcon_core.package_identification:_identify(arduino) by extension 'python'
[0.335s] Level 1:colcon.colcon_core.package_identification:_identify(arduino) by extensions ['python_setup_py']
[0.335s] Level 1:colcon.colcon_core.package_identification:_identify(arduino) by extension 'python_setup_py'
[0.335s] Level 1:colcon.colcon_core.package_identification:_identify(arduino_4wd) by extensions ['ignore', 'ignore_ament_install']
[0.335s] Level 1:colcon.colcon_core.package_identification:_identify(arduino_4wd) by extension 'ignore'
[0.335s] Level 1:colcon.colcon_core.package_identification:_identify(arduino_4wd) by extension 'ignore_ament_install'
[0.335s] Level 1:colcon.colcon_core.package_identification:_identify(arduino_4wd) by extensions ['colcon_pkg']
[0.335s] Level 1:colcon.colcon_core.package_identification:_identify(arduino_4wd) by extension 'colcon_pkg'
[0.335s] Level 1:colcon.colcon_core.package_identification:_identify(arduino_4wd) by extensions ['colcon_meta']
[0.335s] Level 1:colcon.colcon_core.package_identification:_identify(arduino_4wd) by extension 'colcon_meta'
[0.335s] Level 1:colcon.colcon_core.package_identification:_identify(arduino_4wd) by extensions ['ros']
[0.335s] Level 1:colcon.colcon_core.package_identification:_identify(arduino_4wd) by extension 'ros'
[0.336s] Level 1:colcon.colcon_core.package_identification:_identify(arduino_4wd) by extensions ['cmake', 'python']
[0.336s] Level 1:colcon.colcon_core.package_identification:_identify(arduino_4wd) by extension 'cmake'
[0.336s] Level 1:colcon.colcon_core.package_identification:_identify(arduino_4wd) by extension 'python'
[0.336s] Level 1:colcon.colcon_core.package_identification:_identify(arduino_4wd) by extensions ['python_setup_py']
[0.336s] Level 1:colcon.colcon_core.package_identification:_identify(arduino_4wd) by extension 'python_setup_py'
[0.336s] Level 1:colcon.colcon_core.package_identification:_identify(build) by extensions ['ignore', 'ignore_ament_install']
[0.336s] Level 1:colcon.colcon_core.package_identification:_identify(build) by extension 'ignore'
[0.336s] Level 1:colcon.colcon_core.package_identification:_identify(build) ignored
[0.336s] Level 1:colcon.colcon_core.package_identification:_identify(install) by extensions ['ignore', 'ignore_ament_install']
[0.336s] Level 1:colcon.colcon_core.package_identification:_identify(install) by extension 'ignore'
[0.336s] Level 1:colcon.colcon_core.package_identification:_identify(install) ignored
[0.336s] Level 1:colcon.colcon_core.package_identification:_identify(log) by extensions ['ignore', 'ignore_ament_install']
[0.337s] Level 1:colcon.colcon_core.package_identification:_identify(log) by extension 'ignore'
[0.337s] Level 1:colcon.colcon_core.package_identification:_identify(log) ignored
[0.337s] Level 1:colcon.colcon_core.package_identification:_identify(motor_control) by extensions ['ignore', 'ignore_ament_install']
[0.337s] Level 1:colcon.colcon_core.package_identification:_identify(motor_control) by extension 'ignore'
[0.337s] Level 1:colcon.colcon_core.package_identification:_identify(motor_control) by extension 'ignore_ament_install'
[0.337s] Level 1:colcon.colcon_core.package_identification:_identify(motor_control) by extensions ['colcon_pkg']
[0.337s] Level 1:colcon.colcon_core.package_identification:_identify(motor_control) by extension 'colcon_pkg'
[0.337s] Level 1:colcon.colcon_core.package_identification:_identify(motor_control) by extensions ['colcon_meta']
[0.337s] Level 1:colcon.colcon_core.package_identification:_identify(motor_control) by extension 'colcon_meta'
[0.337s] Level 1:colcon.colcon_core.package_identification:_identify(motor_control) by extensions ['ros']
[0.337s] Level 1:colcon.colcon_core.package_identification:_identify(motor_control) by extension 'ros'
[0.340s] DEBUG:colcon.colcon_core.package_identification:Package 'motor_control' with type 'ros.ament_cmake' and name 'motor_control'
[0.340s] Level 1:colcon.colcon_core.package_identification:_identify(navigator_planner) by extensions ['ignore', 'ignore_ament_install']
[0.340s] Level 1:colcon.colcon_core.package_identification:_identify(navigator_planner) by extension 'ignore'
[0.340s] Level 1:colcon.colcon_core.package_identification:_identify(navigator_planner) by extension 'ignore_ament_install'
[0.340s] Level 1:colcon.colcon_core.package_identification:_identify(navigator_planner) by extensions ['colcon_pkg']
[0.340s] Level 1:colcon.colcon_core.package_identification:_identify(navigator_planner) by extension 'colcon_pkg'
[0.341s] Level 1:colcon.colcon_core.package_identification:_identify(navigator_planner) by extensions ['colcon_meta']
[0.341s] Level 1:colcon.colcon_core.package_identification:_identify(navigator_planner) by extension 'colcon_meta'
[0.341s] Level 1:colcon.colcon_core.package_identification:_identify(navigator_planner) by extensions ['ros']
[0.341s] Level 1:colcon.colcon_core.package_identification:_identify(navigator_planner) by extension 'ros'
[0.341s] DEBUG:colcon.colcon_core.package_identification:Package 'navigator_planner' with type 'ros.ament_cmake' and name 'navigator_planner'
[0.341s] Level 1:colcon.colcon_core.package_identification:_identify(prototype) by extensions ['ignore', 'ignore_ament_install']
[0.342s] Level 1:colcon.colcon_core.package_identification:_identify(prototype) by extension 'ignore'
[0.342s] Level 1:colcon.colcon_core.package_identification:_identify(prototype) by extension 'ignore_ament_install'
[0.342s] Level 1:colcon.colcon_core.package_identification:_identify(prototype) by extensions ['colcon_pkg']
[0.342s] Level 1:colcon.colcon_core.package_identification:_identify(prototype) by extension 'colcon_pkg'
[0.342s] Level 1:colcon.colcon_core.package_identification:_identify(prototype) by extensions ['colcon_meta']
[0.342s] Level 1:colcon.colcon_core.package_identification:_identify(prototype) by extension 'colcon_meta'
[0.342s] Level 1:colcon.colcon_core.package_identification:_identify(prototype) by extensions ['ros']
[0.342s] Level 1:colcon.colcon_core.package_identification:_identify(prototype) by extension 'ros'
[0.343s] DEBUG:colcon.colcon_core.package_identification:Package 'prototype' with type 'ros.ament_cmake' and name 'prototype'
[0.343s] Level 1:colcon.colcon_core.package_identification:_identify(py_trees_ros_tutorials) by extensions ['ignore', 'ignore_ament_install']
[0.343s] Level 1:colcon.colcon_core.package_identification:_identify(py_trees_ros_tutorials) by extension 'ignore'
[0.343s] Level 1:colcon.colcon_core.package_identification:_identify(py_trees_ros_tutorials) by extension 'ignore_ament_install'
[0.343s] Level 1:colcon.colcon_core.package_identification:_identify(py_trees_ros_tutorials) by extensions ['colcon_pkg']
[0.343s] Level 1:colcon.colcon_core.package_identification:_identify(py_trees_ros_tutorials) by extension 'colcon_pkg'
[0.343s] Level 1:colcon.colcon_core.package_identification:_identify(py_trees_ros_tutorials) by extensions ['colcon_meta']
[0.343s] Level 1:colcon.colcon_core.package_identification:_identify(py_trees_ros_tutorials) by extension 'colcon_meta'
[0.343s] Level 1:colcon.colcon_core.package_identification:_identify(py_trees_ros_tutorials) by extensions ['ros']
[0.343s] Level 1:colcon.colcon_core.package_identification:_identify(py_trees_ros_tutorials) by extension 'ros'
[0.344s] DEBUG:colcon.colcon_core.package_identification:Package 'py_trees_ros_tutorials' with type 'ros.ament_python' and name 'py_trees_ros_tutorials'
[0.344s] Level 1:colcon.colcon_core.package_identification:_identify(ros2_mapping) by extensions ['ignore', 'ignore_ament_install']
[0.344s] Level 1:colcon.colcon_core.package_identification:_identify(ros2_mapping) by extension 'ignore'
[0.344s] Level 1:colcon.colcon_core.package_identification:_identify(ros2_mapping) by extension 'ignore_ament_install'
[0.344s] Level 1:colcon.colcon_core.package_identification:_identify(ros2_mapping) by extensions ['colcon_pkg']
[0.345s] Level 1:colcon.colcon_core.package_identification:_identify(ros2_mapping) by extension 'colcon_pkg'
[0.345s] Level 1:colcon.colcon_core.package_identification:_identify(ros2_mapping) by extensions ['colcon_meta']
[0.345s] Level 1:colcon.colcon_core.package_identification:_identify(ros2_mapping) by extension 'colcon_meta'
[0.345s] Level 1:colcon.colcon_core.package_identification:_identify(ros2_mapping) by extensions ['ros']
[0.345s] Level 1:colcon.colcon_core.package_identification:_identify(ros2_mapping) by extension 'ros'
[0.345s] DEBUG:colcon.colcon_core.package_identification:Package 'ros2_mapping' with type 'ros.ament_cmake' and name 'ros2_mapping'
[0.345s] Level 1:colcon.colcon_core.package_identification:_identify(serial_driver) by extensions ['ignore', 'ignore_ament_install']
[0.346s] Level 1:colcon.colcon_core.package_identification:_identify(serial_driver) by extension 'ignore'
[0.346s] Level 1:colcon.colcon_core.package_identification:_identify(serial_driver) by extension 'ignore_ament_install'
[0.346s] Level 1:colcon.colcon_core.package_identification:_identify(serial_driver) by extensions ['colcon_pkg']
[0.346s] Level 1:colcon.colcon_core.package_identification:_identify(serial_driver) by extension 'colcon_pkg'
[0.346s] Level 1:colcon.colcon_core.package_identification:_identify(serial_driver) by extensions ['colcon_meta']
[0.346s] Level 1:colcon.colcon_core.package_identification:_identify(serial_driver) by extension 'colcon_meta'
[0.346s] Level 1:colcon.colcon_core.package_identification:_identify(serial_driver) by extensions ['ros']
[0.346s] Level 1:colcon.colcon_core.package_identification:_identify(serial_driver) by extension 'ros'
[0.346s] DEBUG:colcon.colcon_core.package_identification:Package 'serial_driver' with type 'ros.catkin' and name 'serial'
[0.347s] Level 1:colcon.colcon_core.package_identification:_identify(waiter_tree) by extensions ['ignore', 'ignore_ament_install']
[0.347s] Level 1:colcon.colcon_core.package_identification:_identify(waiter_tree) by extension 'ignore'
[0.347s] Level 1:colcon.colcon_core.package_identification:_identify(waiter_tree) by extension 'ignore_ament_install'
[0.347s] Level 1:colcon.colcon_core.package_identification:_identify(waiter_tree) by extensions ['colcon_pkg']
[0.347s] Level 1:colcon.colcon_core.package_identification:_identify(waiter_tree) by extension 'colcon_pkg'
[0.347s] Level 1:colcon.colcon_core.package_identification:_identify(waiter_tree) by extensions ['colcon_meta']
[0.347s] Level 1:colcon.colcon_core.package_identification:_identify(waiter_tree) by extension 'colcon_meta'
[0.347s] Level 1:colcon.colcon_core.package_identification:_identify(waiter_tree) by extensions ['ros']
[0.347s] Level 1:colcon.colcon_core.package_identification:_identify(waiter_tree) by extension 'ros'
[0.349s] DEBUG:colcon.colcon_core.package_identification:Package 'waiter_tree' with type 'ros.ament_cmake' and name 'waiter_tree'
[0.349s] Level 1:colcon.colcon_core.package_discovery:discover_packages(recursive) using defaults
[0.349s] Level 1:colcon.colcon_core.package_discovery:discover_packages(ignore) discover
[0.349s] Level 1:colcon.colcon_core.package_discovery:discover_packages(ignore) using defaults
[0.349s] Level 1:colcon.colcon_core.package_discovery:discover_packages(path) discover
[0.349s] Level 1:colcon.colcon_core.package_discovery:discover_packages(path) using defaults
[0.350s] WARNING:colcon.colcon_core.package_selection:ignoring unknown package 'asio_cmake_module' in --packages-select
[0.350s] WARNING:colcon.colcon_core.package_selection:ignoring unknown package 'io_context' in --packages-select
[0.390s] INFO:colcon.colcon_core.package_selection:Skipping not selected package 'navigator_planner' in 'navigator_planner'
[0.390s] INFO:colcon.colcon_core.package_selection:Skipping not selected package 'prototype' in 'prototype'
[0.390s] INFO:colcon.colcon_core.package_selection:Skipping not selected package 'py_trees_ros_tutorials' in 'py_trees_ros_tutorials'
[0.390s] INFO:colcon.colcon_core.package_selection:Skipping not selected package 'ros2_mapping' in 'ros2_mapping'
[0.390s] INFO:colcon.colcon_core.package_selection:Skipping not selected package 'serial' in 'serial_driver'
[0.390s] INFO:colcon.colcon_core.package_selection:Skipping not selected package 'waiter_tree' in 'waiter_tree'
[0.390s] INFO:colcon.colcon_core.package_selection:Skipping not selected package 'motor_control' in 'motor_control'
[0.390s] Level 1:colcon.colcon_core.package_discovery:discover_packages(prefix_path) check parameters
[0.390s] Level 1:colcon.colcon_core.package_discovery:discover_packages(prefix_path) discover
[0.392s] WARNING:colcon.colcon_core.prefix_path.colcon:The path '/home/jayaaraju/dock_ws/install' in the environment variable COLCON_PREFIX_PATH doesn't exist
[0.392s] WARNING:colcon.colcon_core.prefix_path.colcon:The path '/home/jayaaraju/nav_ws/install' in the environment variable COLCON_PREFIX_PATH doesn't exist
[0.392s] WARNING:colcon.colcon_core.prefix_path.colcon:The path '/home/jayaaraju/proto_ws/install' in the environment variable COLCON_PREFIX_PATH doesn't exist
[0.392s] WARNING:colcon.colcon_core.prefix_path.colcon:The path '/home/jayaaraju/pallet_ws/install' in the environment variable COLCON_PREFIX_PATH doesn't exist
[0.392s] WARNING:colcon.colcon_core.prefix_path.colcon:The path '/home/jayaaraju/prototype/prototype/install' in the environment variable COLCON_PREFIX_PATH doesn't exist
[0.392s] WARNING:colcon.colcon_ros.prefix_path.ament:The path '/home/jayaaraju/nav_ws/install/sattva_bot' in the environment variable AMENT_PREFIX_PATH doesn't exist
[0.392s] WARNING:colcon.colcon_ros.prefix_path.ament:The path '/home/jayaaraju/nav_ws/install/ros2_mapping' in the environment variable AMENT_PREFIX_PATH doesn't exist
[0.393s] WARNING:colcon.colcon_ros.prefix_path.ament:The path '/home/jayaaraju/nav_ws/install/opennav_docking' in the environment variable AMENT_PREFIX_PATH doesn't exist
[0.393s] WARNING:colcon.colcon_ros.prefix_path.ament:The path '/home/jayaaraju/proto_ws/install/sattva_bot' in the environment variable AMENT_PREFIX_PATH doesn't exist
[0.393s] WARNING:colcon.colcon_ros.prefix_path.ament:The path '/home/jayaaraju/proto_ws/install/prototype' in the environment variable AMENT_PREFIX_PATH doesn't exist
[0.393s] WARNING:colcon.colcon_ros.prefix_path.ament:The path '/home/jayaaraju/proto_ws/install/pallet_loader' in the environment variable AMENT_PREFIX_PATH doesn't exist
[0.393s] WARNING:colcon.colcon_ros.prefix_path.ament:The path '/home/jayaaraju/pallet_ws/install/yolov5_ros' in the environment variable AMENT_PREFIX_PATH doesn't exist
[0.393s] WARNING:colcon.colcon_ros.prefix_path.ament:The path '/home/jayaaraju/pallet_ws/install/pallet_loader' in the environment variable AMENT_PREFIX_PATH doesn't exist
[0.393s] WARNING:colcon.colcon_ros.prefix_path.ament:The path '/home/jayaaraju/pallet_ws/install/bboxes_ex_msgs' in the environment variable AMENT_PREFIX_PATH doesn't exist
[0.393s] WARNING:colcon.colcon_ros.prefix_path.ament:The path '/home/jayaaraju/prototype/prototype/install/serial_driver' in the environment variable AMENT_PREFIX_PATH doesn't exist
[0.393s] WARNING:colcon.colcon_ros.prefix_path.ament:The path '/home/jayaaraju/prototype/prototype/install/prototype' in the environment variable AMENT_PREFIX_PATH doesn't exist
[0.393s] WARNING:colcon.colcon_ros.prefix_path.ament:The path '/home/jayaaraju/prototype/prototype/install/motor_control' in the environment variable AMENT_PREFIX_PATH doesn't exist
[0.393s] WARNING:colcon.colcon_ros.prefix_path.ament:The path '/home/jayaaraju/prototype/prototype/install/io_context' in the environment variable AMENT_PREFIX_PATH doesn't exist
[0.393s] WARNING:colcon.colcon_ros.prefix_path.ament:The path '/home/jayaaraju/prototype/prototype/install/asio_cmake_module' in the environment variable AMENT_PREFIX_PATH doesn't exist
[0.394s] WARNING:colcon.colcon_ros.prefix_path.catkin:The path '/home/jayaaraju/nav_ws/install/sattva_bot' in the environment variable CMAKE_PREFIX_PATH doesn't exist
[0.394s] WARNING:colcon.colcon_ros.prefix_path.catkin:The path '/home/jayaaraju/nav_ws/install/ros2_mapping' in the environment variable CMAKE_PREFIX_PATH doesn't exist
[0.394s] WARNING:colcon.colcon_ros.prefix_path.catkin:The path '/home/jayaaraju/nav_ws/install/opennav_docking' in the environment variable CMAKE_PREFIX_PATH doesn't exist
[0.394s] WARNING:colcon.colcon_ros.prefix_path.catkin:The path '/home/jayaaraju/proto_ws/install/sattva_bot' in the environment variable CMAKE_PREFIX_PATH doesn't exist
[0.394s] WARNING:colcon.colcon_ros.prefix_path.catkin:The path '/home/jayaaraju/proto_ws/install/prototype' in the environment variable CMAKE_PREFIX_PATH doesn't exist
[0.394s] WARNING:colcon.colcon_ros.prefix_path.catkin:The path '/home/jayaaraju/proto_ws/install/pallet_loader' in the environment variable CMAKE_PREFIX_PATH doesn't exist
[0.394s] WARNING:colcon.colcon_ros.prefix_path.catkin:The path '/home/jayaaraju/pallet_ws/install/serial' in the environment variable CMAKE_PREFIX_PATH doesn't exist
[0.394s] WARNING:colcon.colcon_ros.prefix_path.catkin:The path '/home/jayaaraju/pallet_ws/install/pallet_loader' in the environment variable CMAKE_PREFIX_PATH doesn't exist
[0.394s] WARNING:colcon.colcon_ros.prefix_path.catkin:The path '/home/jayaaraju/pallet_ws/install/bboxes_ex_msgs' in the environment variable CMAKE_PREFIX_PATH doesn't exist
[0.394s] WARNING:colcon.colcon_ros.prefix_path.catkin:The path '/home/jayaaraju/prototype/prototype/install/serial_driver' in the environment variable CMAKE_PREFIX_PATH doesn't exist
[0.394s] WARNING:colcon.colcon_ros.prefix_path.catkin:The path '/home/jayaaraju/prototype/prototype/install/prototype' in the environment variable CMAKE_PREFIX_PATH doesn't exist
[0.394s] WARNING:colcon.colcon_ros.prefix_path.catkin:The path '/home/jayaaraju/prototype/prototype/install/motor_control' in the environment variable CMAKE_PREFIX_PATH doesn't exist
[0.394s] WARNING:colcon.colcon_ros.prefix_path.catkin:The path '/home/jayaaraju/prototype/prototype/install/io_context' in the environment variable CMAKE_PREFIX_PATH doesn't exist
[0.394s] WARNING:colcon.colcon_ros.prefix_path.catkin:The path '/home/jayaaraju/prototype/prototype/install/asio_cmake_module' in the environment variable CMAKE_PREFIX_PATH doesn't exist
[0.395s] DEBUG:colcon.colcon_installed_package_information.package_discovery:Found 6 installed packages in /home/jayaaraju/waiter_robot_ws/install
[0.396s] DEBUG:colcon.colcon_installed_package_information.package_discovery:Found 2 installed packages in /home/jayaaraju/bt_demo/install
[0.396s] DEBUG:colcon.colcon_installed_package_information.package_discovery:Found 1 installed packages in /home/jayaaraju/code_ws/install
[0.397s] DEBUG:colcon.colcon_installed_package_information.package_discovery:Found 1 installed packages in /home/jayaaraju/ros2_ws/install
[0.397s] DEBUG:colcon.colcon_installed_package_information.package_discovery:Found 1 installed packages in /home/jayaaraju/ros2_ws/src/install
[0.398s] DEBUG:colcon.colcon_installed_package_information.package_discovery:Found 7 installed packages in /home/jayaaraju/main_ws/install
[0.399s] DEBUG:colcon.colcon_installed_package_information.package_discovery:Found 1 installed packages in /home/jayaaraju/led_ws/install
[0.400s] DEBUG:colcon.colcon_installed_package_information.package_discovery:Found 396 installed packages in /opt/ros/humble
[0.403s] Level 1:colcon.colcon_core.package_discovery:discover_packages(prefix_path) using defaults
[0.454s] INFO:colcon.colcon_core.executor:Executing jobs using 'parallel' executor
[0.455s] DEBUG:colcon.colcon_parallel_executor.executor.parallel:run_until_complete
[0.455s] DEBUG:colcon.colcon_parallel_executor.executor.parallel:closing loop
[0.455s] DEBUG:colcon.colcon_parallel_executor.executor.parallel:loop closed
[0.455s] DEBUG:colcon.colcon_parallel_executor.executor.parallel:run_until_complete finished with '0'
[0.455s] DEBUG:colcon.colcon_core.event_reactor:joining thread
[0.461s] INFO:colcon.colcon_core.plugin_system:Skipping extension 'colcon_notification.desktop_notification.terminal_notifier': Not used on non-Darwin systems
[0.461s] INFO:colcon.colcon_core.plugin_system:Skipping extension 'colcon_notification.desktop_notification.win32': Not used on non-Windows systems
[0.461s] INFO:colcon.colcon_notification.desktop_notification:Sending desktop notification using 'notify2'
[0.472s] DEBUG:colcon.colcon_core.event_reactor:joined thread
[0.474s] INFO:colcon.colcon_core.plugin_system:Skipping extension 'colcon_core.shell.bat': Not used on non-Windows systems
[0.474s] INFO:colcon.colcon_core.shell:Creating prefix script '/home/jayaaraju/waiter_robot_ws/src/install/local_setup.ps1'
[0.475s] INFO:colcon.colcon_core.shell:Creating prefix util module '/home/jayaaraju/waiter_robot_ws/src/install/_local_setup_util_ps1.py'
[0.476s] INFO:colcon.colcon_core.shell:Creating prefix chain script '/home/jayaaraju/waiter_robot_ws/src/install/setup.ps1'
[0.478s] INFO:colcon.colcon_core.shell:Creating prefix script '/home/jayaaraju/waiter_robot_ws/src/install/local_setup.sh'
[0.479s] INFO:colcon.colcon_core.shell:Creating prefix util module '/home/jayaaraju/waiter_robot_ws/src/install/_local_setup_util_sh.py'
[0.479s] INFO:colcon.colcon_core.shell:Creating prefix chain script '/home/jayaaraju/waiter_robot_ws/src/install/setup.sh'
[0.481s] INFO:colcon.colcon_core.shell:Creating prefix script '/home/jayaaraju/waiter_robot_ws/src/install/local_setup.bash'
[0.481s] INFO:colcon.colcon_core.shell:Creating prefix chain script '/home/jayaaraju/waiter_robot_ws/src/install/setup.bash'
[0.483s] INFO:colcon.colcon_core.shell:Creating prefix script '/home/jayaaraju/waiter_robot_ws/src/install/local_setup.zsh'
[0.483s] INFO:colcon.colcon_core.shell:Creating prefix chain script '/home/jayaaraju/waiter_robot_ws/src/install/setup.zsh'
