[1.147s] Invoking command in '/home/jayaaraju/waiter_robot_ws/build/py_trees_ros_tutorials': PYTHONPATH=/home/jayaaraju/waiter_robot_ws/build/py_trees_ros_tutorials/prefix_override:/usr/lib/python3/dist-packages/colcon_core/task/python/colcon_distutils_commands:/home/jayaaraju/waiter_robot_ws/install/py_trees_ros_tutorials/lib/python3.10/site-packages:${PYTHONPATH} /usr/bin/python3 -W ignore:setup.py install is deprecated setup.py develop --editable --build-directory /home/jayaaraju/waiter_robot_ws/build/py_trees_ros_tutorials/build --no-deps symlink_data
[1.171s] /home/jayaaraju/waiter_robot_ws/build/py_trees_ros_tutorials/setup.py:5: DeprecationWarning: The distutils package is deprecated and slated for removal in Python 3.12. Use setuptools or check PEP 632 for potential alternatives
[1.171s]   from distutils import log
[1.574s] running develop
[1.886s] redirecting scripts
[1.886s]   from: /home/jayaaraju/waiter_robot_ws/install/py_trees_ros_tutorials/bin
[1.886s]     to: /home/jayaaraju/waiter_robot_ws/install/py_trees_ros_tutorials/lib/py_trees_ros_tutorials
[1.887s] running egg_info
[1.887s] creating py_trees_ros_tutorials.egg-info
[1.887s] writing py_trees_ros_tutorials.egg-info/PKG-INFO
[1.887s] writing dependency_links to py_trees_ros_tutorials.egg-info/dependency_links.txt
[1.887s] writing entry points to py_trees_ros_tutorials.egg-info/entry_points.txt
[1.887s] writing top-level names to py_trees_ros_tutorials.egg-info/top_level.txt
[1.888s] writing manifest file 'py_trees_ros_tutorials.egg-info/SOURCES.txt'
[1.891s] reading manifest file 'py_trees_ros_tutorials.egg-info/SOURCES.txt'
[1.892s] writing manifest file 'py_trees_ros_tutorials.egg-info/SOURCES.txt'
[1.893s] running build_ext
[1.894s] Creating /home/jayaaraju/waiter_robot_ws/install/py_trees_ros_tutorials/lib/python3.10/site-packages/py-trees-ros-tutorials.egg-link (link to .)
[1.895s] Installing mock-battery script to /home/jayaaraju/waiter_robot_ws/install/py_trees_ros_tutorials/lib/py_trees_ros_tutorials
[1.895s] Installing mock-dashboard script to /home/jayaaraju/waiter_robot_ws/install/py_trees_ros_tutorials/lib/py_trees_ros_tutorials
[1.895s] Installing mock-dock-client script to /home/jayaaraju/waiter_robot_ws/install/py_trees_ros_tutorials/lib/py_trees_ros_tutorials
[1.895s] Installing mock-docking-controller script to /home/jayaaraju/waiter_robot_ws/install/py_trees_ros_tutorials/lib/py_trees_ros_tutorials
[1.895s] Installing mock-led-strip script to /home/jayaaraju/waiter_robot_ws/install/py_trees_ros_tutorials/lib/py_trees_ros_tutorials
[1.895s] Installing mock-move-base script to /home/jayaaraju/waiter_robot_ws/install/py_trees_ros_tutorials/lib/py_trees_ros_tutorials
[1.895s] Installing mock-move-base-client script to /home/jayaaraju/waiter_robot_ws/install/py_trees_ros_tutorials/lib/py_trees_ros_tutorials
[1.896s] Installing mock-rotate-client script to /home/jayaaraju/waiter_robot_ws/install/py_trees_ros_tutorials/lib/py_trees_ros_tutorials
[1.896s] Installing mock-rotation-controller script to /home/jayaaraju/waiter_robot_ws/install/py_trees_ros_tutorials/lib/py_trees_ros_tutorials
[1.896s] Installing mock-safety-sensors script to /home/jayaaraju/waiter_robot_ws/install/py_trees_ros_tutorials/lib/py_trees_ros_tutorials
[1.896s] Installing tree-action-clients script to /home/jayaaraju/waiter_robot_ws/install/py_trees_ros_tutorials/lib/py_trees_ros_tutorials
[1.896s] Installing tree-battery-check script to /home/jayaaraju/waiter_robot_ws/install/py_trees_ros_tutorials/lib/py_trees_ros_tutorials
[1.896s] Installing tree-context-switching script to /home/jayaaraju/waiter_robot_ws/install/py_trees_ros_tutorials/lib/py_trees_ros_tutorials
[1.897s] Installing tree-data-gathering script to /home/jayaaraju/waiter_robot_ws/install/py_trees_ros_tutorials/lib/py_trees_ros_tutorials
[1.897s] Installing tree-docking-cancelling-failing script to /home/jayaaraju/waiter_robot_ws/install/py_trees_ros_tutorials/lib/py_trees_ros_tutorials
[1.897s] Installing tree-dynamic-application-loading script to /home/jayaaraju/waiter_robot_ws/install/py_trees_ros_tutorials/lib/py_trees_ros_tutorials
[1.897s] 
[1.897s] Installed /home/jayaaraju/waiter_robot_ws/build/py_trees_ros_tutorials
[1.897s] running symlink_data
[1.897s] symbolically linking /home/jayaaraju/waiter_robot_ws/build/py_trees_ros_tutorials/package.xml -> /home/jayaaraju/waiter_robot_ws/install/py_trees_ros_tutorials/share/py_trees_ros_tutorials
[1.898s] creating /home/jayaaraju/waiter_robot_ws/install/py_trees_ros_tutorials/share/ament_index
[1.898s] creating /home/jayaaraju/waiter_robot_ws/install/py_trees_ros_tutorials/share/ament_index/resource_index
[1.898s] creating /home/jayaaraju/waiter_robot_ws/install/py_trees_ros_tutorials/share/ament_index/resource_index/packages
[1.898s] symbolically linking /home/jayaaraju/waiter_robot_ws/build/py_trees_ros_tutorials/resources/py_trees_ros_tutorials -> /home/jayaaraju/waiter_robot_ws/install/py_trees_ros_tutorials/share/ament_index/resource_index/packages
[1.898s] creating /home/jayaaraju/waiter_robot_ws/install/py_trees_ros_tutorials/share/py_trees_ros_tutorials/launch
[1.898s] symbolically linking /home/jayaaraju/waiter_robot_ws/build/py_trees_ros_tutorials/launch/tutorial_three_introspect_the_blackboard_launch.py -> /home/jayaaraju/waiter_robot_ws/install/py_trees_ros_tutorials/share/py_trees_ros_tutorials/launch
[1.898s] symbolically linking /home/jayaaraju/waiter_robot_ws/build/py_trees_ros_tutorials/launch/tutorial_two_battery_check_launch.py -> /home/jayaaraju/waiter_robot_ws/install/py_trees_ros_tutorials/share/py_trees_ros_tutorials/launch
[1.898s] symbolically linking /home/jayaaraju/waiter_robot_ws/build/py_trees_ros_tutorials/launch/tutorial_five_action_clients_launch.py -> /home/jayaaraju/waiter_robot_ws/install/py_trees_ros_tutorials/share/py_trees_ros_tutorials/launch
[1.899s] symbolically linking /home/jayaaraju/waiter_robot_ws/build/py_trees_ros_tutorials/launch/tutorial_eight_dynamic_application_loading_launch.py -> /home/jayaaraju/waiter_robot_ws/install/py_trees_ros_tutorials/share/py_trees_ros_tutorials/launch
[1.899s] symbolically linking /home/jayaaraju/waiter_robot_ws/build/py_trees_ros_tutorials/launch/tutorial_seven_docking_cancelling_failing_launch.py -> /home/jayaaraju/waiter_robot_ws/install/py_trees_ros_tutorials/share/py_trees_ros_tutorials/launch
[1.899s] symbolically linking /home/jayaaraju/waiter_robot_ws/build/py_trees_ros_tutorials/launch/tutorial_six_context_switching_launch.py -> /home/jayaaraju/waiter_robot_ws/install/py_trees_ros_tutorials/share/py_trees_ros_tutorials/launch
[1.899s] symbolically linking /home/jayaaraju/waiter_robot_ws/build/py_trees_ros_tutorials/launch/mock_robot_launch.py -> /home/jayaaraju/waiter_robot_ws/install/py_trees_ros_tutorials/share/py_trees_ros_tutorials/launch
[1.899s] symbolically linking /home/jayaaraju/waiter_robot_ws/build/py_trees_ros_tutorials/launch/tutorial_one_data_gathering_launch.py -> /home/jayaaraju/waiter_robot_ws/install/py_trees_ros_tutorials/share/py_trees_ros_tutorials/launch
[1.899s] symbolically linking /home/jayaaraju/waiter_robot_ws/build/py_trees_ros_tutorials/launch/tutorial_four_introspect_the_tree_launch.py -> /home/jayaaraju/waiter_robot_ws/install/py_trees_ros_tutorials/share/py_trees_ros_tutorials/launch
[1.946s] Invoked command in '/home/jayaaraju/waiter_robot_ws/build/py_trees_ros_tutorials' returned '0': PYTHONPATH=/home/jayaaraju/waiter_robot_ws/build/py_trees_ros_tutorials/prefix_override:/usr/lib/python3/dist-packages/colcon_core/task/python/colcon_distutils_commands:/home/jayaaraju/waiter_robot_ws/install/py_trees_ros_tutorials/lib/python3.10/site-packages:${PYTHONPATH} /usr/bin/python3 -W ignore:setup.py install is deprecated setup.py develop --editable --build-directory /home/jayaaraju/waiter_robot_ws/build/py_trees_ros_tutorials/build --no-deps symlink_data
