[0.048s] Invoking command in '/home/jayaaraju/waiter_robot_ws/src/build/prototype': CMAKE_PREFIX_PATH=${CMAKE_PREFIX_PATH}:/home/jayaaraju/waiter_robot_ws/install/py_trees_ros_tutorials:/home/jayaaraju/ros2_ws/install/my_robot_controller:/home/jayaaraju/ros2_ws/src/install/my_robot_controller:/home/jayaaraju/pallet_ws/install/yolov5_ros:/opt/ros/humble /usr/bin/cmake --build /home/jayaaraju/waiter_robot_ws/src/build/prototype -- -j8 -l8
[0.571s] [35m[1mConsolidate compiler generated dependencies of target prototype__rosidl_generator_c[0m
[0.571s] [  1%] Built target prototype__cpp
[0.572s] [ 12%] Built target prototype__rosidl_generator_c
[0.572s] [35m[1mConsolidate compiler generated dependencies of target prototype__rosidl_typesupport_cpp[0m
[0.572s] [35m[1mConsolidate compiler generated dependencies of target prototype__rosidl_typesupport_fastrtps_cpp[0m
[0.573s] [ 12%] Built target ament_cmake_python_symlink_prototype
[0.573s] [35m[1mConsolidate compiler generated dependencies of target prototype__rosidl_typesupport_fastrtps_c[0m
[0.573s] [35m[1mConsolidate compiler generated dependencies of target prototype__rosidl_typesupport_introspection_cpp[0m
[0.573s] [35m[1mConsolidate compiler generated dependencies of target prototype__rosidl_typesupport_introspection_c[0m
[0.575s] [35m[1mConsolidate compiler generated dependencies of target prototype__rosidl_typesupport_c[0m
[0.575s] [ 23%] Built target prototype__rosidl_typesupport_cpp
[0.575s] [ 34%] Built target prototype__rosidl_typesupport_fastrtps_cpp
[0.575s] [ 45%] Built target prototype__rosidl_typesupport_fastrtps_c
[0.575s] [ 56%] Built target prototype__rosidl_typesupport_introspection_c
[0.575s] [ 67%] Built target prototype__rosidl_typesupport_introspection_cpp
[0.576s] [ 78%] Built target prototype__rosidl_typesupport_c
[0.576s] [ 78%] Built target prototype
[0.576s] [ 80%] Built target prototype__py
[0.576s] [35m[1mConsolidate compiler generated dependencies of target prototype__rosidl_generator_py[0m
[0.576s] [ 89%] Built target prototype__rosidl_generator_py
[0.576s] [35m[1mConsolidate compiler generated dependencies of target prototype__rosidl_typesupport_introspection_c__pyext[0m
[0.577s] [35m[1mConsolidate compiler generated dependencies of target prototype__rosidl_typesupport_fastrtps_c__pyext[0m
[0.577s] [35m[1mConsolidate compiler generated dependencies of target prototype__rosidl_typesupport_c__pyext[0m
[0.577s] [ 92%] Built target prototype__rosidl_typesupport_introspection_c__pyext
[0.578s] [ 96%] Built target prototype__rosidl_typesupport_fastrtps_c__pyext
[0.578s] [100%] Built target prototype__rosidl_typesupport_c__pyext
[0.684s] running egg_info
[0.685s] writing prototype.egg-info/PKG-INFO
[0.685s] writing dependency_links to prototype.egg-info/dependency_links.txt
[0.685s] writing top-level names to prototype.egg-info/top_level.txt
[0.691s] reading manifest file 'prototype.egg-info/SOURCES.txt'
[0.691s] writing manifest file 'prototype.egg-info/SOURCES.txt'
[0.755s] [100%] Built target ament_cmake_python_build_prototype_egg
