[0.619s] Invoking command in '/home/jayaaraju/waiter_robot_ws/src/build/waiter_tree': CMAKE_PREFIX_PATH=${CMAKE_PREFIX_PATH}:/home/jayaaraju/waiter_robot_ws/install/py_trees_ros_tutorials:/home/jayaaraju/ros2_ws/install/my_robot_controller:/home/jayaaraju/ros2_ws/src/install/my_robot_controller:/home/jayaaraju/pallet_ws/install/yolov5_ros:/opt/ros/humble /usr/bin/cmake --build /home/jayaaraju/waiter_robot_ws/src/build/waiter_tree -- -j8 -l8
[0.732s] Built target ament_cmake_python_symlink_waiter_tree
[1.345s] running egg_info
[1.348s] writing waiter_tree.egg-info/PKG-INFO
[1.349s] writing dependency_links to waiter_tree.egg-info/dependency_links.txt
[1.349s] writing top-level names to waiter_tree.egg-info/top_level.txt
[1.355s] reading manifest file 'waiter_tree.egg-info/SOURCES.txt'
[1.356s] writing manifest file 'waiter_tree.egg-info/SOURCES.txt'
[1.428s] Built target ament_cmake_python_build_waiter_tree_egg
[1.447s] Invoked command in '/home/jayaaraju/waiter_robot_ws/src/build/waiter_tree' returned '0': CMAKE_PREFIX_PATH=${CMAKE_PREFIX_PATH}:/home/jayaaraju/waiter_robot_ws/install/py_trees_ros_tutorials:/home/jayaaraju/ros2_ws/install/my_robot_controller:/home/jayaaraju/ros2_ws/src/install/my_robot_controller:/home/jayaaraju/pallet_ws/install/yolov5_ros:/opt/ros/humble /usr/bin/cmake --build /home/jayaaraju/waiter_robot_ws/src/build/waiter_tree -- -j8 -l8
[1.479s] Invoking command in '/home/jayaaraju/waiter_robot_ws/src/build/waiter_tree': CMAKE_PREFIX_PATH=${CMAKE_PREFIX_PATH}:/home/jayaaraju/waiter_robot_ws/install/py_trees_ros_tutorials:/home/jayaaraju/ros2_ws/install/my_robot_controller:/home/jayaaraju/ros2_ws/src/install/my_robot_controller:/home/jayaaraju/pallet_ws/install/yolov5_ros:/opt/ros/humble /usr/bin/cmake --install /home/jayaaraju/waiter_robot_ws/src/build/waiter_tree
[1.487s] -- Install configuration: ""
[1.488s] -- Execute custom install script
[1.488s] -- Symlinking: /home/jayaaraju/waiter_robot_ws/src/install/waiter_tree/share/waiter_tree/config/controller_manager.yaml
[1.502s] -- Symlinking: /home/jayaaraju/waiter_robot_ws/src/install/waiter_tree/share/waiter_tree/config/ekf_map.yaml
[1.512s] -- Symlinking: /home/jayaaraju/waiter_robot_ws/src/install/waiter_tree/share/waiter_tree/config/gazebo_params.yaml
[1.521s] -- Symlinking: /home/jayaaraju/waiter_robot_ws/src/install/waiter_tree/share/waiter_tree/config/joystick.yaml
[1.530s] -- Symlinking: /home/jayaaraju/waiter_robot_ws/src/install/waiter_tree/share/waiter_tree/config/ros2_control.yaml
[1.540s] -- Symlinking: /home/jayaaraju/waiter_robot_ws/src/install/waiter_tree/share/waiter_tree/config/twist_mux.yaml
[1.551s] -- Symlinking: /home/jayaaraju/waiter_robot_ws/src/install/waiter_tree/share/waiter_tree/src/__init__.py
[1.562s] -- Symlinking: /home/jayaaraju/waiter_robot_ws/src/install/waiter_tree/share/waiter_tree/waiter_tree/__init__.py
[1.572s] -- Symlinking: /home/jayaaraju/waiter_robot_ws/src/install/waiter_tree/share/waiter_tree/waiter_tree/confirmations.yaml
[1.584s] -- Symlinking: /home/jayaaraju/waiter_robot_ws/src/install/waiter_tree/share/waiter_tree/waiter_tree/order_detected.yaml
[1.599s] -- Symlinking: /home/jayaaraju/waiter_robot_ws/src/install/waiter_tree/share/waiter_tree/waiter_tree/order_detection_node.py
[1.609s] -- Symlinking: /home/jayaaraju/waiter_robot_ws/src/install/waiter_tree/share/waiter_tree/worlds/hotel_world.world
[1.618s] -- Symlinking: /home/jayaaraju/waiter_robot_ws/src/install/waiter_tree/share/waiter_tree/urdf/camera.xacro
[1.630s] -- Symlinking: /home/jayaaraju/waiter_robot_ws/src/install/waiter_tree/share/waiter_tree/urdf/gazebo_control.xacro
[1.647s] -- Symlinking: /home/jayaaraju/waiter_robot_ws/src/install/waiter_tree/share/waiter_tree/urdf/inertial_macros.xacro
[1.662s] -- Symlinking: /home/jayaaraju/waiter_robot_ws/src/install/waiter_tree/share/waiter_tree/urdf/lidar.xacro
[1.677s] -- Symlinking: /home/jayaaraju/waiter_robot_ws/src/install/waiter_tree/share/waiter_tree/urdf/nav_test.gazebo.xacro
[1.689s] -- Symlinking: /home/jayaaraju/waiter_robot_ws/src/install/waiter_tree/share/waiter_tree/urdf/robot_core.xacro
[1.707s] -- Symlinking: /home/jayaaraju/waiter_robot_ws/src/install/waiter_tree/share/waiter_tree/urdf/robot_urdf.xacro
[1.722s] -- Symlinking: /home/jayaaraju/waiter_robot_ws/src/install/waiter_tree/share/waiter_tree/urdf/ros2_control.xacro
[1.737s] -- Symlinking: /home/jayaaraju/waiter_robot_ws/src/install/waiter_tree/share/waiter_tree/launch/joystick_launch.py
[1.753s] -- Symlinking: /home/jayaaraju/waiter_robot_ws/src/install/waiter_tree/share/waiter_tree/launch/rsp_launch.py
[1.779s] -- Symlinking: /home/jayaaraju/waiter_robot_ws/src/install/waiter_tree/share/waiter_tree/launch/rviz2_launch.py
[1.802s] -- Symlinking: /home/jayaaraju/waiter_robot_ws/src/install/waiter_tree/share/waiter_tree/launch/simulation_launch.py
[1.829s] -- Symlinking: /home/jayaaraju/waiter_robot_ws/src/install/waiter_tree/share/waiter_tree/launch/waiter_tree_launch.py
[1.840s] -- Symlinking: /home/jayaaraju/waiter_robot_ws/src/install/waiter_tree/share/waiter_tree/scripts/motor_controller.py
[1.851s] -- Symlinking: /home/jayaaraju/waiter_robot_ws/src/install/waiter_tree/share/waiter_tree/scripts/waiter_robot_bt.py
[1.862s] -- Symlinking: /home/jayaaraju/waiter_robot_ws/src/install/waiter_tree/share/waiter_tree/environment/pythonpath.sh
[1.871s] -- Symlinking: /home/jayaaraju/waiter_robot_ws/src/install/waiter_tree/share/waiter_tree/environment/pythonpath.dsv
[1.883s] -- Symlinking: /home/jayaaraju/waiter_robot_ws/src/install/waiter_tree/local/lib/python3.10/dist-packages/waiter_tree-0.0.0-py3.10.egg-info/PKG-INFO
[1.900s] -- Symlinking: /home/jayaaraju/waiter_robot_ws/src/install/waiter_tree/local/lib/python3.10/dist-packages/waiter_tree-0.0.0-py3.10.egg-info/SOURCES.txt
[1.910s] -- Symlinking: /home/jayaaraju/waiter_robot_ws/src/install/waiter_tree/local/lib/python3.10/dist-packages/waiter_tree-0.0.0-py3.10.egg-info/dependency_links.txt
[1.921s] -- Symlinking: /home/jayaaraju/waiter_robot_ws/src/install/waiter_tree/local/lib/python3.10/dist-packages/waiter_tree-0.0.0-py3.10.egg-info/top_level.txt
[1.930s] -- Symlinking: /home/jayaaraju/waiter_robot_ws/src/install/waiter_tree/local/lib/python3.10/dist-packages/waiter_tree/__init__.py
[1.943s] -- Symlinking: /home/jayaaraju/waiter_robot_ws/src/install/waiter_tree/local/lib/python3.10/dist-packages/waiter_tree/confirmations.yaml
[1.956s] -- Symlinking: /home/jayaaraju/waiter_robot_ws/src/install/waiter_tree/local/lib/python3.10/dist-packages/waiter_tree/order_detected.yaml
[1.968s] -- Symlinking: /home/jayaaraju/waiter_robot_ws/src/install/waiter_tree/local/lib/python3.10/dist-packages/waiter_tree/order_detection_node.py
[1.979s] -- Symlinking: /home/jayaaraju/waiter_robot_ws/src/install/waiter_tree/lib/waiter_tree/waiter_robot_bt.py
[1.994s] -- Symlinking: /home/jayaaraju/waiter_robot_ws/src/install/waiter_tree/lib/waiter_tree/motor_controller.py
[2.007s] -- Symlinking: /home/jayaaraju/waiter_robot_ws/src/install/waiter_tree/share/ament_index/resource_index/package_run_dependencies/waiter_tree
[2.021s] -- Symlinking: /home/jayaaraju/waiter_robot_ws/src/install/waiter_tree/share/ament_index/resource_index/parent_prefix_path/waiter_tree
[2.032s] -- Symlinking: /home/jayaaraju/waiter_robot_ws/src/install/waiter_tree/share/waiter_tree/environment/ament_prefix_path.sh
[2.048s] -- Symlinking: /home/jayaaraju/waiter_robot_ws/src/install/waiter_tree/share/waiter_tree/environment/ament_prefix_path.dsv
[2.060s] -- Symlinking: /home/jayaaraju/waiter_robot_ws/src/install/waiter_tree/share/waiter_tree/environment/path.sh
[2.071s] -- Symlinking: /home/jayaaraju/waiter_robot_ws/src/install/waiter_tree/share/waiter_tree/environment/path.dsv
[2.084s] -- Symlinking: /home/jayaaraju/waiter_robot_ws/src/install/waiter_tree/share/waiter_tree/local_setup.bash
[2.098s] -- Symlinking: /home/jayaaraju/waiter_robot_ws/src/install/waiter_tree/share/waiter_tree/local_setup.sh
[2.110s] -- Symlinking: /home/jayaaraju/waiter_robot_ws/src/install/waiter_tree/share/waiter_tree/local_setup.zsh
[2.119s] -- Symlinking: /home/jayaaraju/waiter_robot_ws/src/install/waiter_tree/share/waiter_tree/local_setup.dsv
[2.128s] -- Symlinking: /home/jayaaraju/waiter_robot_ws/src/install/waiter_tree/share/waiter_tree/package.dsv
[2.143s] -- Symlinking: /home/jayaaraju/waiter_robot_ws/src/install/waiter_tree/share/ament_index/resource_index/packages/waiter_tree
[2.162s] -- Symlinking: /home/jayaaraju/waiter_robot_ws/src/install/waiter_tree/share/waiter_tree/cmake/waiter_treeConfig.cmake
[2.177s] -- Symlinking: /home/jayaaraju/waiter_robot_ws/src/install/waiter_tree/share/waiter_tree/cmake/waiter_treeConfig-version.cmake
[2.196s] -- Symlinking: /home/jayaaraju/waiter_robot_ws/src/install/waiter_tree/share/waiter_tree/package.xml
[2.295s] Listing '/home/jayaaraju/waiter_robot_ws/src/install/waiter_tree/local/lib/python3.10/dist-packages/waiter_tree'...
[2.296s] Compiling '/home/jayaaraju/waiter_robot_ws/src/install/waiter_tree/local/lib/python3.10/dist-packages/waiter_tree/__init__.py'...
[2.296s] Compiling '/home/jayaaraju/waiter_robot_ws/src/install/waiter_tree/local/lib/python3.10/dist-packages/waiter_tree/order_detection_node.py'...
[2.319s] Invoked command in '/home/jayaaraju/waiter_robot_ws/src/build/waiter_tree' returned '0': CMAKE_PREFIX_PATH=${CMAKE_PREFIX_PATH}:/home/jayaaraju/waiter_robot_ws/install/py_trees_ros_tutorials:/home/jayaaraju/ros2_ws/install/my_robot_controller:/home/jayaaraju/ros2_ws/src/install/my_robot_controller:/home/jayaaraju/pallet_ws/install/yolov5_ros:/opt/ros/humble /usr/bin/cmake --install /home/jayaaraju/waiter_robot_ws/src/build/waiter_tree
