[2.127s] Invoking command in '/home/jayaaraju/waiter_robot_ws/build/py_trees_ros_tutorials': PYTHONPATH=/home/jayaaraju/waiter_robot_ws/build/py_trees_ros_tutorials/prefix_override:/usr/lib/python3/dist-packages/colcon_core/task/python/colcon_distutils_commands:/home/jayaaraju/waiter_robot_ws/install/py_trees_ros_tutorials/lib/python3.10/site-packages:${PYTHONPATH} /usr/bin/python3 -W ignore:setup.py install is deprecated setup.py develop --editable --build-directory /home/jayaaraju/waiter_robot_ws/build/py_trees_ros_tutorials/build --no-deps symlink_data
[2.194s] /home/jayaaraju/waiter_robot_ws/build/py_trees_ros_tutorials/setup.py:5: DeprecationWarning: The distutils package is deprecated and slated for removal in Python 3.12. Use setuptools or check PEP 632 for potential alternatives
[2.194s]   from distutils import log
[3.119s] running develop
[3.748s] redirecting scripts
[3.749s]   from: /home/jayaaraju/waiter_robot_ws/install/py_trees_ros_tutorials/bin
[3.749s]     to: /home/jayaaraju/waiter_robot_ws/install/py_trees_ros_tutorials/lib/py_trees_ros_tutorials
[3.749s] running egg_info
[3.749s] creating py_trees_ros_tutorials.egg-info
[3.750s] writing py_trees_ros_tutorials.egg-info/PKG-INFO
[3.751s] writing dependency_links to py_trees_ros_tutorials.egg-info/dependency_links.txt
[3.752s] writing entry points to py_trees_ros_tutorials.egg-info/entry_points.txt
[3.753s] writing top-level names to py_trees_ros_tutorials.egg-info/top_level.txt
[3.754s] writing manifest file 'py_trees_ros_tutorials.egg-info/SOURCES.txt'
[3.761s] reading manifest file 'py_trees_ros_tutorials.egg-info/SOURCES.txt'
[3.763s] writing manifest file 'py_trees_ros_tutorials.egg-info/SOURCES.txt'
[3.767s] running build_ext
[3.767s] Creating /home/jayaaraju/waiter_robot_ws/install/py_trees_ros_tutorials/lib/python3.10/site-packages/py-trees-ros-tutorials.egg-link (link to .)
[3.770s] Installing mock-battery script to /home/jayaaraju/waiter_robot_ws/install/py_trees_ros_tutorials/lib/py_trees_ros_tutorials
[3.770s] Installing mock-dashboard script to /home/jayaaraju/waiter_robot_ws/install/py_trees_ros_tutorials/lib/py_trees_ros_tutorials
[3.771s] Installing mock-dock-client script to /home/jayaaraju/waiter_robot_ws/install/py_trees_ros_tutorials/lib/py_trees_ros_tutorials
[3.771s] Installing mock-docking-controller script to /home/jayaaraju/waiter_robot_ws/install/py_trees_ros_tutorials/lib/py_trees_ros_tutorials
[3.771s] Installing mock-led-strip script to /home/jayaaraju/waiter_robot_ws/install/py_trees_ros_tutorials/lib/py_trees_ros_tutorials
[3.772s] Installing mock-move-base script to /home/jayaaraju/waiter_robot_ws/install/py_trees_ros_tutorials/lib/py_trees_ros_tutorials
[3.773s] Installing mock-move-base-client script to /home/jayaaraju/waiter_robot_ws/install/py_trees_ros_tutorials/lib/py_trees_ros_tutorials
[3.774s] Installing mock-rotate-client script to /home/jayaaraju/waiter_robot_ws/install/py_trees_ros_tutorials/lib/py_trees_ros_tutorials
[3.774s] Installing mock-rotation-controller script to /home/jayaaraju/waiter_robot_ws/install/py_trees_ros_tutorials/lib/py_trees_ros_tutorials
[3.774s] Installing mock-safety-sensors script to /home/jayaaraju/waiter_robot_ws/install/py_trees_ros_tutorials/lib/py_trees_ros_tutorials
[3.775s] Installing tree-action-clients script to /home/jayaaraju/waiter_robot_ws/install/py_trees_ros_tutorials/lib/py_trees_ros_tutorials
[3.775s] Installing tree-battery-check script to /home/jayaaraju/waiter_robot_ws/install/py_trees_ros_tutorials/lib/py_trees_ros_tutorials
[3.776s] Installing tree-context-switching script to /home/jayaaraju/waiter_robot_ws/install/py_trees_ros_tutorials/lib/py_trees_ros_tutorials
[3.776s] Installing tree-data-gathering script to /home/jayaaraju/waiter_robot_ws/install/py_trees_ros_tutorials/lib/py_trees_ros_tutorials
[3.776s] Installing tree-docking-cancelling-failing script to /home/jayaaraju/waiter_robot_ws/install/py_trees_ros_tutorials/lib/py_trees_ros_tutorials
[3.777s] Installing tree-dynamic-application-loading script to /home/jayaaraju/waiter_robot_ws/install/py_trees_ros_tutorials/lib/py_trees_ros_tutorials
[3.777s] 
[3.777s] Installed /home/jayaaraju/waiter_robot_ws/build/py_trees_ros_tutorials
[3.777s] running symlink_data
[3.778s] symbolically linking /home/jayaaraju/waiter_robot_ws/build/py_trees_ros_tutorials/package.xml -> /home/jayaaraju/waiter_robot_ws/install/py_trees_ros_tutorials/share/py_trees_ros_tutorials
[3.778s] creating /home/jayaaraju/waiter_robot_ws/install/py_trees_ros_tutorials/share/ament_index
[3.778s] creating /home/jayaaraju/waiter_robot_ws/install/py_trees_ros_tutorials/share/ament_index/resource_index
[3.778s] creating /home/jayaaraju/waiter_robot_ws/install/py_trees_ros_tutorials/share/ament_index/resource_index/packages
[3.779s] symbolically linking /home/jayaaraju/waiter_robot_ws/build/py_trees_ros_tutorials/resources/py_trees_ros_tutorials -> /home/jayaaraju/waiter_robot_ws/install/py_trees_ros_tutorials/share/ament_index/resource_index/packages
[3.779s] creating /home/jayaaraju/waiter_robot_ws/install/py_trees_ros_tutorials/share/py_trees_ros_tutorials/launch
[3.779s] symbolically linking /home/jayaaraju/waiter_robot_ws/build/py_trees_ros_tutorials/launch/tutorial_three_introspect_the_blackboard_launch.py -> /home/jayaaraju/waiter_robot_ws/install/py_trees_ros_tutorials/share/py_trees_ros_tutorials/launch
[3.779s] symbolically linking /home/jayaaraju/waiter_robot_ws/build/py_trees_ros_tutorials/launch/tutorial_two_battery_check_launch.py -> /home/jayaaraju/waiter_robot_ws/install/py_trees_ros_tutorials/share/py_trees_ros_tutorials/launch
[3.779s] symbolically linking /home/jayaaraju/waiter_robot_ws/build/py_trees_ros_tutorials/launch/tutorial_five_action_clients_launch.py -> /home/jayaaraju/waiter_robot_ws/install/py_trees_ros_tutorials/share/py_trees_ros_tutorials/launch
[3.779s] symbolically linking /home/jayaaraju/waiter_robot_ws/build/py_trees_ros_tutorials/launch/tutorial_eight_dynamic_application_loading_launch.py -> /home/jayaaraju/waiter_robot_ws/install/py_trees_ros_tutorials/share/py_trees_ros_tutorials/launch
[3.780s] symbolically linking /home/jayaaraju/waiter_robot_ws/build/py_trees_ros_tutorials/launch/tutorial_seven_docking_cancelling_failing_launch.py -> /home/jayaaraju/waiter_robot_ws/install/py_trees_ros_tutorials/share/py_trees_ros_tutorials/launch
[3.780s] symbolically linking /home/jayaaraju/waiter_robot_ws/build/py_trees_ros_tutorials/launch/tutorial_six_context_switching_launch.py -> /home/jayaaraju/waiter_robot_ws/install/py_trees_ros_tutorials/share/py_trees_ros_tutorials/launch
[3.780s] symbolically linking /home/jayaaraju/waiter_robot_ws/build/py_trees_ros_tutorials/launch/mock_robot_launch.py -> /home/jayaaraju/waiter_robot_ws/install/py_trees_ros_tutorials/share/py_trees_ros_tutorials/launch
[3.780s] symbolically linking /home/jayaaraju/waiter_robot_ws/build/py_trees_ros_tutorials/launch/tutorial_one_data_gathering_launch.py -> /home/jayaaraju/waiter_robot_ws/install/py_trees_ros_tutorials/share/py_trees_ros_tutorials/launch
[3.780s] symbolically linking /home/jayaaraju/waiter_robot_ws/build/py_trees_ros_tutorials/launch/tutorial_four_introspect_the_tree_launch.py -> /home/jayaaraju/waiter_robot_ws/install/py_trees_ros_tutorials/share/py_trees_ros_tutorials/launch
[3.890s] Invoked command in '/home/jayaaraju/waiter_robot_ws/build/py_trees_ros_tutorials' returned '0': PYTHONPATH=/home/jayaaraju/waiter_robot_ws/build/py_trees_ros_tutorials/prefix_override:/usr/lib/python3/dist-packages/colcon_core/task/python/colcon_distutils_commands:/home/jayaaraju/waiter_robot_ws/install/py_trees_ros_tutorials/lib/python3.10/site-packages:${PYTHONPATH} /usr/bin/python3 -W ignore:setup.py install is deprecated setup.py develop --editable --build-directory /home/jayaaraju/waiter_robot_ws/build/py_trees_ros_tutorials/build --no-deps symlink_data
