[0.126s] Invoking command in '/home/jayaaraju/waiter_robot_ws/build/navigator_planner': CMAKE_PREFIX_PATH=/home/jayaaraju/waiter_robot_ws/install/waiter_tree:/home/jayaaraju/waiter_robot_ws/install/ros2_mapping:/home/jayaaraju/waiter_robot_ws/install/prototype:/home/jayaaraju/waiter_robot_ws/install/navigator_planner:/home/jayaaraju/waiter_robot_ws/install/motor_control:/home/jayaaraju/bt_demo/install/simple_bt:/home/jayaaraju/bt_demo/install/behaviortree_cpp:/home/jayaaraju/code_ws/install/udemy:/home/jayaaraju/nav_ws/install/sattva_bot:/home/jayaaraju/nav_ws/install/ros2_mapping:/home/jayaaraju/nav_ws/install/opennav_docking:/home/jayaaraju/proto_ws/install/sattva_bot:/home/jayaaraju/proto_ws/install/prototype:/home/jayaaraju/proto_ws/install/pallet_loader:/home/jayaaraju/waiter_robot_ws/install/py_trees_ros_tutorials:/home/jayaaraju/ros2_ws/install/my_robot_controller:/home/jayaaraju/ros2_ws/src/install/my_robot_controller:/home/jayaaraju/pallet_ws/install/yolov5_ros:/opt/ros/humble:/home/jayaaraju/pallet_ws/install/serial:/home/jayaaraju/pallet_ws/install/pallet_loader:/home/jayaaraju/pallet_ws/install/bboxes_ex_msgs:/home/jayaaraju/main_ws/install/two_wheeled_robot:/home/jayaaraju/main_ws/install/sllidar_ros2:/home/jayaaraju/main_ws/install/ros2_control_test_assets:/home/jayaaraju/main_ws/install/ros2_control_demo_description:/home/jayaaraju/main_ws/install/my_own_robot:/home/jayaaraju/prototype/prototype/install/serial_driver:/home/jayaaraju/prototype/prototype/install/prototype:/home/jayaaraju/prototype/prototype/install/motor_control:/home/jayaaraju/prototype/prototype/install/io_context:/home/jayaaraju/prototype/prototype/install/asio_cmake_module:/home/jayaaraju/led_ws/install/led_node /usr/bin/cmake --build /home/jayaaraju/waiter_robot_ws/build/navigator_planner -- -j8 -l8
[0.785s] Built target ament_cmake_python_symlink_navigator_planner
[0.802s] running egg_info
[0.805s] writing navigator_planner.egg-info/PKG-INFO
[0.805s] writing dependency_links to navigator_planner.egg-info/dependency_links.txt
[0.806s] writing top-level names to navigator_planner.egg-info/top_level.txt
[0.814s] reading manifest file 'navigator_planner.egg-info/SOURCES.txt'
[0.816s] writing manifest file 'navigator_planner.egg-info/SOURCES.txt'
[0.902s] Built target ament_cmake_python_build_navigator_planner_egg
[0.922s] Invoked command in '/home/jayaaraju/waiter_robot_ws/build/navigator_planner' returned '0': CMAKE_PREFIX_PATH=/home/jayaaraju/waiter_robot_ws/install/waiter_tree:/home/jayaaraju/waiter_robot_ws/install/ros2_mapping:/home/jayaaraju/waiter_robot_ws/install/prototype:/home/jayaaraju/waiter_robot_ws/install/navigator_planner:/home/jayaaraju/waiter_robot_ws/install/motor_control:/home/jayaaraju/bt_demo/install/simple_bt:/home/jayaaraju/bt_demo/install/behaviortree_cpp:/home/jayaaraju/code_ws/install/udemy:/home/jayaaraju/nav_ws/install/sattva_bot:/home/jayaaraju/nav_ws/install/ros2_mapping:/home/jayaaraju/nav_ws/install/opennav_docking:/home/jayaaraju/proto_ws/install/sattva_bot:/home/jayaaraju/proto_ws/install/prototype:/home/jayaaraju/proto_ws/install/pallet_loader:/home/jayaaraju/waiter_robot_ws/install/py_trees_ros_tutorials:/home/jayaaraju/ros2_ws/install/my_robot_controller:/home/jayaaraju/ros2_ws/src/install/my_robot_controller:/home/jayaaraju/pallet_ws/install/yolov5_ros:/opt/ros/humble:/home/jayaaraju/pallet_ws/install/serial:/home/jayaaraju/pallet_ws/install/pallet_loader:/home/jayaaraju/pallet_ws/install/bboxes_ex_msgs:/home/jayaaraju/main_ws/install/two_wheeled_robot:/home/jayaaraju/main_ws/install/sllidar_ros2:/home/jayaaraju/main_ws/install/ros2_control_test_assets:/home/jayaaraju/main_ws/install/ros2_control_demo_description:/home/jayaaraju/main_ws/install/my_own_robot:/home/jayaaraju/prototype/prototype/install/serial_driver:/home/jayaaraju/prototype/prototype/install/prototype:/home/jayaaraju/prototype/prototype/install/motor_control:/home/jayaaraju/prototype/prototype/install/io_context:/home/jayaaraju/prototype/prototype/install/asio_cmake_module:/home/jayaaraju/led_ws/install/led_node /usr/bin/cmake --build /home/jayaaraju/waiter_robot_ws/build/navigator_planner -- -j8 -l8
[1.018s] Invoking command in '/home/jayaaraju/waiter_robot_ws/build/navigator_planner': CMAKE_PREFIX_PATH=/home/jayaaraju/waiter_robot_ws/install/waiter_tree:/home/jayaaraju/waiter_robot_ws/install/ros2_mapping:/home/jayaaraju/waiter_robot_ws/install/prototype:/home/jayaaraju/waiter_robot_ws/install/navigator_planner:/home/jayaaraju/waiter_robot_ws/install/motor_control:/home/jayaaraju/bt_demo/install/simple_bt:/home/jayaaraju/bt_demo/install/behaviortree_cpp:/home/jayaaraju/code_ws/install/udemy:/home/jayaaraju/nav_ws/install/sattva_bot:/home/jayaaraju/nav_ws/install/ros2_mapping:/home/jayaaraju/nav_ws/install/opennav_docking:/home/jayaaraju/proto_ws/install/sattva_bot:/home/jayaaraju/proto_ws/install/prototype:/home/jayaaraju/proto_ws/install/pallet_loader:/home/jayaaraju/waiter_robot_ws/install/py_trees_ros_tutorials:/home/jayaaraju/ros2_ws/install/my_robot_controller:/home/jayaaraju/ros2_ws/src/install/my_robot_controller:/home/jayaaraju/pallet_ws/install/yolov5_ros:/opt/ros/humble:/home/jayaaraju/pallet_ws/install/serial:/home/jayaaraju/pallet_ws/install/pallet_loader:/home/jayaaraju/pallet_ws/install/bboxes_ex_msgs:/home/jayaaraju/main_ws/install/two_wheeled_robot:/home/jayaaraju/main_ws/install/sllidar_ros2:/home/jayaaraju/main_ws/install/ros2_control_test_assets:/home/jayaaraju/main_ws/install/ros2_control_demo_description:/home/jayaaraju/main_ws/install/my_own_robot:/home/jayaaraju/prototype/prototype/install/serial_driver:/home/jayaaraju/prototype/prototype/install/prototype:/home/jayaaraju/prototype/prototype/install/motor_control:/home/jayaaraju/prototype/prototype/install/io_context:/home/jayaaraju/prototype/prototype/install/asio_cmake_module:/home/jayaaraju/led_ws/install/led_node /usr/bin/cmake --install /home/jayaaraju/waiter_robot_ws/build/navigator_planner
[1.035s] -- Install configuration: ""
[1.036s] -- Execute custom install script
[1.037s] -- Up-to-date symlink: /home/jayaaraju/waiter_robot_ws/install/navigator_planner/share/navigator_planner/launch/navigation.launch.py
[1.038s] -- Up-to-date symlink: /home/jayaaraju/waiter_robot_ws/install/navigator_planner/share/navigator_planner/config/follow_point.xml
[1.038s] -- Up-to-date symlink: /home/jayaaraju/waiter_robot_ws/install/navigator_planner/share/navigator_planner/config/nav2_params.yaml
[1.038s] -- Up-to-date symlink: /home/jayaaraju/waiter_robot_ws/install/navigator_planner/share/navigator_planner/config/navigate_through_poses_w_replanning_and_recovery.xml
[1.039s] -- Up-to-date symlink: /home/jayaaraju/waiter_robot_ws/install/navigator_planner/share/navigator_planner/config/navigate_to_pose_w_replanning_and_recovery.xml
[1.039s] -- Up-to-date symlink: /home/jayaaraju/waiter_robot_ws/install/navigator_planner/share/navigator_planner/config/output.json
[1.039s] -- Up-to-date symlink: /home/jayaaraju/waiter_robot_ws/install/navigator_planner/share/navigator_planner/config/twist_mux.yaml
[1.040s] -- Up-to-date symlink: /home/jayaaraju/waiter_robot_ws/install/navigator_planner/share/navigator_planner/scripts/table_navigation.py
[1.040s] -- Up-to-date symlink: /home/jayaaraju/waiter_robot_ws/install/navigator_planner/share/navigator_planner/navigator_planner/__init__.py
[1.041s] -- Up-to-date symlink: /home/jayaaraju/waiter_robot_ws/install/navigator_planner/share/navigator_planner/navigator_planner/robot_navigator.py
[1.041s] -- Up-to-date symlink: /home/jayaaraju/waiter_robot_ws/install/navigator_planner/share/navigator_planner/environment/pythonpath.sh
[1.042s] -- Up-to-date symlink: /home/jayaaraju/waiter_robot_ws/install/navigator_planner/share/navigator_planner/environment/pythonpath.dsv
[1.042s] -- Up-to-date symlink: /home/jayaaraju/waiter_robot_ws/install/navigator_planner/local/lib/python3.10/dist-packages/navigator_planner-0.0.0-py3.10.egg-info/PKG-INFO
[1.042s] -- Up-to-date symlink: /home/jayaaraju/waiter_robot_ws/install/navigator_planner/local/lib/python3.10/dist-packages/navigator_planner-0.0.0-py3.10.egg-info/SOURCES.txt
[1.043s] -- Up-to-date symlink: /home/jayaaraju/waiter_robot_ws/install/navigator_planner/local/lib/python3.10/dist-packages/navigator_planner-0.0.0-py3.10.egg-info/dependency_links.txt
[1.043s] -- Up-to-date symlink: /home/jayaaraju/waiter_robot_ws/install/navigator_planner/local/lib/python3.10/dist-packages/navigator_planner-0.0.0-py3.10.egg-info/top_level.txt
[1.043s] -- Up-to-date symlink: /home/jayaaraju/waiter_robot_ws/install/navigator_planner/local/lib/python3.10/dist-packages/navigator_planner/__init__.py
[1.044s] -- Up-to-date symlink: /home/jayaaraju/waiter_robot_ws/install/navigator_planner/local/lib/python3.10/dist-packages/navigator_planner/robot_navigator.py
[1.044s] -- Up-to-date symlink: /home/jayaaraju/waiter_robot_ws/install/navigator_planner/lib/navigator_planner/table_navigation.py
[1.044s] -- Up-to-date symlink: /home/jayaaraju/waiter_robot_ws/install/navigator_planner/share/ament_index/resource_index/package_run_dependencies/navigator_planner
[1.045s] -- Up-to-date symlink: /home/jayaaraju/waiter_robot_ws/install/navigator_planner/share/ament_index/resource_index/parent_prefix_path/navigator_planner
[1.045s] -- Up-to-date symlink: /home/jayaaraju/waiter_robot_ws/install/navigator_planner/share/navigator_planner/environment/ament_prefix_path.sh
[1.046s] -- Up-to-date symlink: /home/jayaaraju/waiter_robot_ws/install/navigator_planner/share/navigator_planner/environment/ament_prefix_path.dsv
[1.046s] -- Up-to-date symlink: /home/jayaaraju/waiter_robot_ws/install/navigator_planner/share/navigator_planner/environment/path.sh
[1.046s] -- Up-to-date symlink: /home/jayaaraju/waiter_robot_ws/install/navigator_planner/share/navigator_planner/environment/path.dsv
[1.047s] -- Up-to-date symlink: /home/jayaaraju/waiter_robot_ws/install/navigator_planner/share/navigator_planner/local_setup.bash
[1.047s] -- Up-to-date symlink: /home/jayaaraju/waiter_robot_ws/install/navigator_planner/share/navigator_planner/local_setup.sh
[1.048s] -- Up-to-date symlink: /home/jayaaraju/waiter_robot_ws/install/navigator_planner/share/navigator_planner/local_setup.zsh
[1.048s] -- Up-to-date symlink: /home/jayaaraju/waiter_robot_ws/install/navigator_planner/share/navigator_planner/local_setup.dsv
[1.049s] -- Symlinking: /home/jayaaraju/waiter_robot_ws/install/navigator_planner/share/navigator_planner/package.dsv
[1.074s] -- Up-to-date symlink: /home/jayaaraju/waiter_robot_ws/install/navigator_planner/share/ament_index/resource_index/packages/navigator_planner
[1.075s] -- Up-to-date symlink: /home/jayaaraju/waiter_robot_ws/install/navigator_planner/share/navigator_planner/cmake/navigator_plannerConfig.cmake
[1.077s] -- Up-to-date symlink: /home/jayaaraju/waiter_robot_ws/install/navigator_planner/share/navigator_planner/cmake/navigator_plannerConfig-version.cmake
[1.077s] -- Up-to-date symlink: /home/jayaaraju/waiter_robot_ws/install/navigator_planner/share/navigator_planner/package.xml
[1.162s] Listing '/home/jayaaraju/waiter_robot_ws/install/navigator_planner/local/lib/python3.10/dist-packages/navigator_planner'...
[1.173s] Invoked command in '/home/jayaaraju/waiter_robot_ws/build/navigator_planner' returned '0': CMAKE_PREFIX_PATH=/home/jayaaraju/waiter_robot_ws/install/waiter_tree:/home/jayaaraju/waiter_robot_ws/install/ros2_mapping:/home/jayaaraju/waiter_robot_ws/install/prototype:/home/jayaaraju/waiter_robot_ws/install/navigator_planner:/home/jayaaraju/waiter_robot_ws/install/motor_control:/home/jayaaraju/bt_demo/install/simple_bt:/home/jayaaraju/bt_demo/install/behaviortree_cpp:/home/jayaaraju/code_ws/install/udemy:/home/jayaaraju/nav_ws/install/sattva_bot:/home/jayaaraju/nav_ws/install/ros2_mapping:/home/jayaaraju/nav_ws/install/opennav_docking:/home/jayaaraju/proto_ws/install/sattva_bot:/home/jayaaraju/proto_ws/install/prototype:/home/jayaaraju/proto_ws/install/pallet_loader:/home/jayaaraju/waiter_robot_ws/install/py_trees_ros_tutorials:/home/jayaaraju/ros2_ws/install/my_robot_controller:/home/jayaaraju/ros2_ws/src/install/my_robot_controller:/home/jayaaraju/pallet_ws/install/yolov5_ros:/opt/ros/humble:/home/jayaaraju/pallet_ws/install/serial:/home/jayaaraju/pallet_ws/install/pallet_loader:/home/jayaaraju/pallet_ws/install/bboxes_ex_msgs:/home/jayaaraju/main_ws/install/two_wheeled_robot:/home/jayaaraju/main_ws/install/sllidar_ros2:/home/jayaaraju/main_ws/install/ros2_control_test_assets:/home/jayaaraju/main_ws/install/ros2_control_demo_description:/home/jayaaraju/main_ws/install/my_own_robot:/home/jayaaraju/prototype/prototype/install/serial_driver:/home/jayaaraju/prototype/prototype/install/prototype:/home/jayaaraju/prototype/prototype/install/motor_control:/home/jayaaraju/prototype/prototype/install/io_context:/home/jayaaraju/prototype/prototype/install/asio_cmake_module:/home/jayaaraju/led_ws/install/led_node /usr/bin/cmake --install /home/jayaaraju/waiter_robot_ws/build/navigator_planner
