[  1%] [34m[1mGenerating C code for ROS interfaces[0m
[  3%] [34m[1mGenerating C++ code for ROS interfaces[0m
[  3%] Built target ament_cmake_python_symlink_prototype
running egg_info
creating prototype.egg-info
writing prototype.egg-info/PKG-INFO
writing dependency_links to prototype.egg-info/dependency_links.txt
writing top-level names to prototype.egg-info/top_level.txt
writing manifest file 'prototype.egg-info/SOURCES.txt'
reading manifest file 'prototype.egg-info/SOURCES.txt'
writing manifest file 'prototype.egg-info/SOURCES.txt'
[  3%] Built target ament_cmake_python_build_prototype_egg
[  5%] [32mBuilding C object CMakeFiles/prototype__rosidl_generator_c.dir/rosidl_generator_c/prototype/action/detail/go_to__functions.c.o[0m
[  7%] [32mBuilding C object CMakeFiles/prototype__rosidl_generator_c.dir/rosidl_generator_c/prototype/msg/detail/food__functions.c.o[0m
[  9%] [32mBuilding C object CMakeFiles/prototype__rosidl_generator_c.dir/rosidl_generator_c/prototype/action/detail/food_menu__functions.c.o[0m
[ 10%] [32mBuilding C object CMakeFiles/prototype__rosidl_generator_c.dir/rosidl_generator_c/prototype/action/detail/confirmation__functions.c.o[0m
[ 10%] Built target prototype__cpp
[ 12%] [34m[1mGenerating C++ type support dispatch for ROS interfaces[0m
[ 14%] [34m[1mGenerating C++ type support for eProsima Fast-RTPS[0m
[ 16%] [34m[1mGenerating C++ introspection for ROS interfaces[0m
[ 18%] [32m[1mLinking C shared library libprototype__rosidl_generator_c.so[0m
[ 18%] Built target prototype__rosidl_generator_c
[ 20%] [34m[1mGenerating C introspection for ROS interfaces[0m
[ 21%] [34m[1mGenerating C type support for eProsima Fast-RTPS[0m
[ 23%] [34m[1mGenerating C type support dispatch for ROS interfaces[0m
[ 25%] [32mBuilding CXX object CMakeFiles/prototype__rosidl_typesupport_cpp.dir/rosidl_typesupport_cpp/prototype/action/go_to__type_support.cpp.o[0m
[ 27%] [32mBuilding CXX object CMakeFiles/prototype__rosidl_typesupport_cpp.dir/rosidl_typesupport_cpp/prototype/action/food_menu__type_support.cpp.o[0m
[ 29%] [32mBuilding CXX object CMakeFiles/prototype__rosidl_typesupport_cpp.dir/rosidl_typesupport_cpp/prototype/action/confirmation__type_support.cpp.o[0m
[ 30%] [32mBuilding CXX object CMakeFiles/prototype__rosidl_typesupport_c.dir/rosidl_typesupport_c/prototype/action/go_to__type_support.cpp.o[0m
[ 32%] [32mBuilding CXX object CMakeFiles/prototype__rosidl_typesupport_c.dir/rosidl_typesupport_c/prototype/action/food_menu__type_support.cpp.o[0m
[ 34%] [32mBuilding CXX object CMakeFiles/prototype__rosidl_typesupport_introspection_cpp.dir/rosidl_typesupport_introspection_cpp/prototype/action/detail/go_to__type_support.cpp.o[0m
[ 36%] [32mBuilding CXX object CMakeFiles/prototype__rosidl_typesupport_c.dir/rosidl_typesupport_c/prototype/action/confirmation__type_support.cpp.o[0m
[ 38%] [32mBuilding CXX object CMakeFiles/prototype__rosidl_typesupport_c.dir/rosidl_typesupport_c/prototype/msg/food__type_support.cpp.o[0m
[ 40%] [32m[1mLinking CXX shared library libprototype__rosidl_typesupport_c.so[0m
[ 41%] [32mBuilding C object CMakeFiles/prototype__rosidl_typesupport_introspection_c.dir/rosidl_typesupport_introspection_c/prototype/action/detail/go_to__type_support.c.o[0m
[ 41%] Built target prototype__rosidl_typesupport_c
[ 43%] [32mBuilding CXX object CMakeFiles/prototype__rosidl_typesupport_fastrtps_cpp.dir/rosidl_typesupport_fastrtps_cpp/prototype/action/detail/dds_fastrtps/go_to__type_support.cpp.o[0m
[ 45%] [32mBuilding CXX object CMakeFiles/prototype__rosidl_typesupport_fastrtps_cpp.dir/rosidl_typesupport_fastrtps_cpp/prototype/action/detail/dds_fastrtps/food_menu__type_support.cpp.o[0m
[ 47%] [32mBuilding C object CMakeFiles/prototype__rosidl_typesupport_introspection_c.dir/rosidl_typesupport_introspection_c/prototype/action/detail/food_menu__type_support.c.o[0m
[ 49%] [32mBuilding C object CMakeFiles/prototype__rosidl_typesupport_introspection_c.dir/rosidl_typesupport_introspection_c/prototype/action/detail/confirmation__type_support.c.o[0m
[ 50%] [32mBuilding CXX object CMakeFiles/prototype__rosidl_typesupport_fastrtps_c.dir/rosidl_typesupport_fastrtps_c/prototype/action/detail/go_to__type_support_c.cpp.o[0m
[ 52%] [32mBuilding CXX object CMakeFiles/prototype__rosidl_typesupport_cpp.dir/rosidl_typesupport_cpp/prototype/msg/food__type_support.cpp.o[0m
[ 54%] [32mBuilding C object CMakeFiles/prototype__rosidl_typesupport_introspection_c.dir/rosidl_typesupport_introspection_c/prototype/msg/detail/food__type_support.c.o[0m
[ 56%] [32m[1mLinking C shared library libprototype__rosidl_typesupport_introspection_c.so[0m
[ 58%] [32mBuilding CXX object CMakeFiles/prototype__rosidl_typesupport_fastrtps_c.dir/rosidl_typesupport_fastrtps_c/prototype/action/detail/food_menu__type_support_c.cpp.o[0m
[ 60%] [32mBuilding CXX object CMakeFiles/prototype__rosidl_typesupport_fastrtps_c.dir/rosidl_typesupport_fastrtps_c/prototype/action/detail/confirmation__type_support_c.cpp.o[0m
[ 60%] Built target prototype__rosidl_typesupport_introspection_c
[ 61%] [32mBuilding CXX object CMakeFiles/prototype__rosidl_typesupport_introspection_cpp.dir/rosidl_typesupport_introspection_cpp/prototype/action/detail/food_menu__type_support.cpp.o[0m
[ 63%] [32m[1mLinking CXX shared library libprototype__rosidl_typesupport_cpp.so[0m
[ 65%] [32mBuilding CXX object CMakeFiles/prototype__rosidl_typesupport_introspection_cpp.dir/rosidl_typesupport_introspection_cpp/prototype/action/detail/confirmation__type_support.cpp.o[0m
[ 67%] [32mBuilding CXX object CMakeFiles/prototype__rosidl_typesupport_fastrtps_c.dir/rosidl_typesupport_fastrtps_c/prototype/msg/detail/food__type_support_c.cpp.o[0m
[ 67%] Built target prototype__rosidl_typesupport_cpp
[ 69%] [32mBuilding CXX object CMakeFiles/prototype__rosidl_typesupport_introspection_cpp.dir/rosidl_typesupport_introspection_cpp/prototype/msg/detail/food__type_support.cpp.o[0m
[ 70%] [32mBuilding CXX object CMakeFiles/prototype__rosidl_typesupport_fastrtps_cpp.dir/rosidl_typesupport_fastrtps_cpp/prototype/action/detail/dds_fastrtps/confirmation__type_support.cpp.o[0m
[ 72%] [32mBuilding CXX object CMakeFiles/prototype__rosidl_typesupport_fastrtps_cpp.dir/rosidl_typesupport_fastrtps_cpp/prototype/msg/detail/dds_fastrtps/food__type_support.cpp.o[0m
[ 74%] [32m[1mLinking CXX shared library libprototype__rosidl_typesupport_fastrtps_c.so[0m
[ 74%] Built target prototype__rosidl_typesupport_fastrtps_c
[ 76%] [32m[1mLinking CXX shared library libprototype__rosidl_typesupport_introspection_cpp.so[0m
[ 78%] [32m[1mLinking CXX shared library libprototype__rosidl_typesupport_fastrtps_cpp.so[0m
[ 78%] Built target prototype__rosidl_typesupport_introspection_cpp
[ 78%] Built target prototype__rosidl_typesupport_fastrtps_cpp
[ 78%] Built target prototype
[ 80%] [34m[1mGenerating Python code for ROS interfaces[0m
[ 80%] Built target prototype__py
[ 83%] [32mBuilding C object CMakeFiles/prototype__rosidl_generator_py.dir/rosidl_generator_py/prototype/action/_go_to_s.c.o[0m
[ 83%] [32mBuilding C object CMakeFiles/prototype__rosidl_generator_py.dir/rosidl_generator_py/prototype/action/_food_menu_s.c.o[0m
[ 85%] [32mBuilding C object CMakeFiles/prototype__rosidl_generator_py.dir/rosidl_generator_py/prototype/msg/_food_s.c.o[0m
[ 87%] [32mBuilding C object CMakeFiles/prototype__rosidl_generator_py.dir/rosidl_generator_py/prototype/action/_confirmation_s.c.o[0m
[ 89%] [32m[1mLinking C shared library rosidl_generator_py/prototype/libprototype__rosidl_generator_py.so[0m
[ 89%] Built target prototype__rosidl_generator_py
[ 94%] [32mBuilding C object CMakeFiles/prototype__rosidl_typesupport_introspection_c__pyext.dir/rosidl_generator_py/prototype/_prototype_s.ep.rosidl_typesupport_introspection_c.c.o[0m
[ 94%] [32mBuilding C object CMakeFiles/prototype__rosidl_typesupport_c__pyext.dir/rosidl_generator_py/prototype/_prototype_s.ep.rosidl_typesupport_c.c.o[0m
[ 94%] [32mBuilding C object CMakeFiles/prototype__rosidl_typesupport_fastrtps_c__pyext.dir/rosidl_generator_py/prototype/_prototype_s.ep.rosidl_typesupport_fastrtps_c.c.o[0m
[ 96%] [32m[1mLinking C shared library rosidl_generator_py/prototype/prototype_s__rosidl_typesupport_introspection_c.cpython-310-x86_64-linux-gnu.so[0m
[ 98%] [32m[1mLinking C shared library rosidl_generator_py/prototype/prototype_s__rosidl_typesupport_c.cpython-310-x86_64-linux-gnu.so[0m
[100%] [32m[1mLinking C shared library rosidl_generator_py/prototype/prototype_s__rosidl_typesupport_fastrtps_c.cpython-310-x86_64-linux-gnu.so[0m
[100%] Built target prototype__rosidl_typesupport_c__pyext
[100%] Built target prototype__rosidl_typesupport_fastrtps_c__pyext
[100%] Built target prototype__rosidl_typesupport_introspection_c__pyext
-- Install configuration: ""
-- Execute custom install script
-- Symlinking: /home/jayaaraju/waiter_robot_ws/install/prototype/share/prototype//action/Confirmation.action
-- Symlinking: /home/jayaaraju/waiter_robot_ws/install/prototype/share/prototype//action/FoodMenu.action
-- Symlinking: /home/jayaaraju/waiter_robot_ws/install/prototype/share/prototype//action/GoTo.action
-- Symlinking: /home/jayaaraju/waiter_robot_ws/install/prototype/share/prototype//action/singlemo.pdf
-- Symlinking: /home/jayaaraju/waiter_robot_ws/install/prototype/share/prototype//msg/DistanceAngle.msg
-- Symlinking: /home/jayaaraju/waiter_robot_ws/install/prototype/share/prototype//msg/Food.msg
-- Symlinking: /home/jayaaraju/waiter_robot_ws/install/prototype/share/ament_index/resource_index/rosidl_interfaces/prototype
-- Symlinking: /home/jayaaraju/waiter_robot_ws/install/prototype/include/prototype/prototype/action/confirmation.h
-- Symlinking: /home/jayaaraju/waiter_robot_ws/install/prototype/include/prototype/prototype/action/detail/confirmation__functions.h
-- Symlinking: /home/jayaaraju/waiter_robot_ws/install/prototype/include/prototype/prototype/action/detail/confirmation__struct.h
-- Symlinking: /home/jayaaraju/waiter_robot_ws/install/prototype/include/prototype/prototype/action/detail/confirmation__type_support.h
-- Symlinking: /home/jayaaraju/waiter_robot_ws/install/prototype/include/prototype/prototype/action/detail/food_menu__functions.h
-- Symlinking: /home/jayaaraju/waiter_robot_ws/install/prototype/include/prototype/prototype/action/detail/food_menu__struct.h
-- Symlinking: /home/jayaaraju/waiter_robot_ws/install/prototype/include/prototype/prototype/action/detail/food_menu__type_support.h
-- Symlinking: /home/jayaaraju/waiter_robot_ws/install/prototype/include/prototype/prototype/action/detail/go_to__functions.h
-- Symlinking: /home/jayaaraju/waiter_robot_ws/install/prototype/include/prototype/prototype/action/detail/go_to__struct.h
-- Symlinking: /home/jayaaraju/waiter_robot_ws/install/prototype/include/prototype/prototype/action/detail/go_to__type_support.h
-- Symlinking: /home/jayaaraju/waiter_robot_ws/install/prototype/include/prototype/prototype/action/food_menu.h
-- Symlinking: /home/jayaaraju/waiter_robot_ws/install/prototype/include/prototype/prototype/action/go_to.h
-- Symlinking: /home/jayaaraju/waiter_robot_ws/install/prototype/include/prototype/prototype/msg/detail/food__functions.h
-- Symlinking: /home/jayaaraju/waiter_robot_ws/install/prototype/include/prototype/prototype/msg/detail/food__struct.h
-- Symlinking: /home/jayaaraju/waiter_robot_ws/install/prototype/include/prototype/prototype/msg/detail/food__type_support.h
-- Symlinking: /home/jayaaraju/waiter_robot_ws/install/prototype/include/prototype/prototype/msg/food.h
-- Symlinking: /home/jayaaraju/waiter_robot_ws/install/prototype/include/prototype/prototype/msg/rosidl_generator_c__visibility_control.h
-- Symlinking: /home/jayaaraju/waiter_robot_ws/install/prototype/share/prototype/environment/library_path.sh
-- Symlinking: /home/jayaaraju/waiter_robot_ws/install/prototype/share/prototype/environment/library_path.dsv
-- Symlinking: /home/jayaaraju/waiter_robot_ws/install/prototype/include/prototype/prototype/action/detail/confirmation__rosidl_typesupport_fastrtps_c.h
-- Symlinking: /home/jayaaraju/waiter_robot_ws/install/prototype/include/prototype/prototype/action/detail/food_menu__rosidl_typesupport_fastrtps_c.h
-- Symlinking: /home/jayaaraju/waiter_robot_ws/install/prototype/include/prototype/prototype/action/detail/go_to__rosidl_typesupport_fastrtps_c.h
-- Symlinking: /home/jayaaraju/waiter_robot_ws/install/prototype/include/prototype/prototype/msg/detail/food__rosidl_typesupport_fastrtps_c.h
-- Symlinking: /home/jayaaraju/waiter_robot_ws/install/prototype/include/prototype/prototype/msg/rosidl_typesupport_fastrtps_c__visibility_control.h
-- Symlinking: /home/jayaaraju/waiter_robot_ws/install/prototype/include/prototype/prototype/action/confirmation.hpp
-- Symlinking: /home/jayaaraju/waiter_robot_ws/install/prototype/include/prototype/prototype/action/detail/confirmation__builder.hpp
-- Symlinking: /home/jayaaraju/waiter_robot_ws/install/prototype/include/prototype/prototype/action/detail/confirmation__struct.hpp
-- Symlinking: /home/jayaaraju/waiter_robot_ws/install/prototype/include/prototype/prototype/action/detail/confirmation__traits.hpp
-- Symlinking: /home/jayaaraju/waiter_robot_ws/install/prototype/include/prototype/prototype/action/detail/food_menu__builder.hpp
-- Symlinking: /home/jayaaraju/waiter_robot_ws/install/prototype/include/prototype/prototype/action/detail/food_menu__struct.hpp
-- Symlinking: /home/jayaaraju/waiter_robot_ws/install/prototype/include/prototype/prototype/action/detail/food_menu__traits.hpp
-- Symlinking: /home/jayaaraju/waiter_robot_ws/install/prototype/include/prototype/prototype/action/detail/go_to__builder.hpp
-- Symlinking: /home/jayaaraju/waiter_robot_ws/install/prototype/include/prototype/prototype/action/detail/go_to__struct.hpp
-- Symlinking: /home/jayaaraju/waiter_robot_ws/install/prototype/include/prototype/prototype/action/detail/go_to__traits.hpp
-- Symlinking: /home/jayaaraju/waiter_robot_ws/install/prototype/include/prototype/prototype/action/food_menu.hpp
-- Symlinking: /home/jayaaraju/waiter_robot_ws/install/prototype/include/prototype/prototype/action/go_to.hpp
-- Symlinking: /home/jayaaraju/waiter_robot_ws/install/prototype/include/prototype/prototype/msg/detail/food__builder.hpp
-- Symlinking: /home/jayaaraju/waiter_robot_ws/install/prototype/include/prototype/prototype/msg/detail/food__struct.hpp
-- Symlinking: /home/jayaaraju/waiter_robot_ws/install/prototype/include/prototype/prototype/msg/detail/food__traits.hpp
-- Symlinking: /home/jayaaraju/waiter_robot_ws/install/prototype/include/prototype/prototype/msg/food.hpp
-- Symlinking: /home/jayaaraju/waiter_robot_ws/install/prototype/include/prototype/prototype/action/detail/confirmation__rosidl_typesupport_fastrtps_cpp.hpp
-- Symlinking: /home/jayaaraju/waiter_robot_ws/install/prototype/include/prototype/prototype/action/detail/food_menu__rosidl_typesupport_fastrtps_cpp.hpp
-- Symlinking: /home/jayaaraju/waiter_robot_ws/install/prototype/include/prototype/prototype/action/detail/go_to__rosidl_typesupport_fastrtps_cpp.hpp
-- Symlinking: /home/jayaaraju/waiter_robot_ws/install/prototype/include/prototype/prototype/msg/detail/food__rosidl_typesupport_fastrtps_cpp.hpp
-- Symlinking: /home/jayaaraju/waiter_robot_ws/install/prototype/include/prototype/prototype/msg/rosidl_typesupport_fastrtps_cpp__visibility_control.h
-- Symlinking: /home/jayaaraju/waiter_robot_ws/install/prototype/include/prototype/prototype/action/detail/confirmation__rosidl_typesupport_introspection_c.h
-- Symlinking: /home/jayaaraju/waiter_robot_ws/install/prototype/include/prototype/prototype/action/detail/food_menu__rosidl_typesupport_introspection_c.h
-- Symlinking: /home/jayaaraju/waiter_robot_ws/install/prototype/include/prototype/prototype/action/detail/go_to__rosidl_typesupport_introspection_c.h
-- Symlinking: /home/jayaaraju/waiter_robot_ws/install/prototype/include/prototype/prototype/msg/detail/food__rosidl_typesupport_introspection_c.h
-- Symlinking: /home/jayaaraju/waiter_robot_ws/install/prototype/include/prototype/prototype/msg/rosidl_typesupport_introspection_c__visibility_control.h
-- Symlinking: /home/jayaaraju/waiter_robot_ws/install/prototype/include/prototype/prototype/action/detail/confirmation__rosidl_typesupport_introspection_cpp.hpp
-- Symlinking: /home/jayaaraju/waiter_robot_ws/install/prototype/include/prototype/prototype/action/detail/food_menu__rosidl_typesupport_introspection_cpp.hpp
-- Symlinking: /home/jayaaraju/waiter_robot_ws/install/prototype/include/prototype/prototype/action/detail/go_to__rosidl_typesupport_introspection_cpp.hpp
-- Symlinking: /home/jayaaraju/waiter_robot_ws/install/prototype/include/prototype/prototype/msg/detail/food__rosidl_typesupport_introspection_cpp.hpp
-- Symlinking: /home/jayaaraju/waiter_robot_ws/install/prototype/share/prototype/environment/pythonpath.sh
-- Symlinking: /home/jayaaraju/waiter_robot_ws/install/prototype/share/prototype/environment/pythonpath.dsv
-- Symlinking: /home/jayaaraju/waiter_robot_ws/install/prototype/local/lib/python3.10/dist-packages/prototype-0.0.0-py3.10.egg-info/PKG-INFO
-- Symlinking: /home/jayaaraju/waiter_robot_ws/install/prototype/local/lib/python3.10/dist-packages/prototype-0.0.0-py3.10.egg-info/SOURCES.txt
-- Symlinking: /home/jayaaraju/waiter_robot_ws/install/prototype/local/lib/python3.10/dist-packages/prototype-0.0.0-py3.10.egg-info/dependency_links.txt
-- Symlinking: /home/jayaaraju/waiter_robot_ws/install/prototype/local/lib/python3.10/dist-packages/prototype-0.0.0-py3.10.egg-info/top_level.txt
-- Symlinking: /home/jayaaraju/waiter_robot_ws/install/prototype/local/lib/python3.10/dist-packages/prototype/__init__.py
-- Symlinking: /home/jayaaraju/waiter_robot_ws/install/prototype/local/lib/python3.10/dist-packages/prototype/_prototype_s.ep.rosidl_typesupport_c.c
-- Symlinking: /home/jayaaraju/waiter_robot_ws/install/prototype/local/lib/python3.10/dist-packages/prototype/_prototype_s.ep.rosidl_typesupport_fastrtps_c.c
-- Symlinking: /home/jayaaraju/waiter_robot_ws/install/prototype/local/lib/python3.10/dist-packages/prototype/_prototype_s.ep.rosidl_typesupport_introspection_c.c
-- Symlinking: /home/jayaaraju/waiter_robot_ws/install/prototype/local/lib/python3.10/dist-packages/prototype/action/__init__.py
-- Symlinking: /home/jayaaraju/waiter_robot_ws/install/prototype/local/lib/python3.10/dist-packages/prototype/action/_confirmation.py
-- Symlinking: /home/jayaaraju/waiter_robot_ws/install/prototype/local/lib/python3.10/dist-packages/prototype/action/_confirmation_s.c
-- Symlinking: /home/jayaaraju/waiter_robot_ws/install/prototype/local/lib/python3.10/dist-packages/prototype/action/_food_menu.py
-- Symlinking: /home/jayaaraju/waiter_robot_ws/install/prototype/local/lib/python3.10/dist-packages/prototype/action/_food_menu_s.c
-- Symlinking: /home/jayaaraju/waiter_robot_ws/install/prototype/local/lib/python3.10/dist-packages/prototype/action/_go_to.py
-- Symlinking: /home/jayaaraju/waiter_robot_ws/install/prototype/local/lib/python3.10/dist-packages/prototype/action/_go_to_s.c
-- Symlinking: /home/jayaaraju/waiter_robot_ws/install/prototype/local/lib/python3.10/dist-packages/prototype/libprototype__rosidl_generator_py.so
-- Symlinking: /home/jayaaraju/waiter_robot_ws/install/prototype/local/lib/python3.10/dist-packages/prototype/msg/__init__.py
-- Symlinking: /home/jayaaraju/waiter_robot_ws/install/prototype/local/lib/python3.10/dist-packages/prototype/msg/_food.py
-- Symlinking: /home/jayaaraju/waiter_robot_ws/install/prototype/local/lib/python3.10/dist-packages/prototype/msg/_food_s.c
-- Symlinking: /home/jayaaraju/waiter_robot_ws/install/prototype/local/lib/python3.10/dist-packages/prototype/prototype_s__rosidl_typesupport_c.cpython-310-x86_64-linux-gnu.so
-- Symlinking: /home/jayaaraju/waiter_robot_ws/install/prototype/local/lib/python3.10/dist-packages/prototype/prototype_s__rosidl_typesupport_fastrtps_c.cpython-310-x86_64-linux-gnu.so
-- Symlinking: /home/jayaaraju/waiter_robot_ws/install/prototype/local/lib/python3.10/dist-packages/prototype/prototype_s__rosidl_typesupport_introspection_c.cpython-310-x86_64-linux-gnu.so
-- Up-to-date symlink: /home/jayaaraju/waiter_robot_ws/install/prototype/local/lib/python3.10/dist-packages/prototype/prototype_s__rosidl_typesupport_fastrtps_c.cpython-310-x86_64-linux-gnu.so
-- Up-to-date symlink: /home/jayaaraju/waiter_robot_ws/install/prototype/local/lib/python3.10/dist-packages/prototype/prototype_s__rosidl_typesupport_introspection_c.cpython-310-x86_64-linux-gnu.so
-- Up-to-date symlink: /home/jayaaraju/waiter_robot_ws/install/prototype/local/lib/python3.10/dist-packages/prototype/prototype_s__rosidl_typesupport_c.cpython-310-x86_64-linux-gnu.so
-- Symlinking: /home/jayaaraju/waiter_robot_ws/install/prototype/share/prototype/action/GoTo.idl
-- Symlinking: /home/jayaaraju/waiter_robot_ws/install/prototype/share/prototype/action/FoodMenu.idl
-- Symlinking: /home/jayaaraju/waiter_robot_ws/install/prototype/share/prototype/action/Confirmation.idl
-- Symlinking: /home/jayaaraju/waiter_robot_ws/install/prototype/share/prototype/msg/Food.idl
-- Up-to-date symlink: /home/jayaaraju/waiter_robot_ws/install/prototype/share/prototype/action/GoTo.action
-- Up-to-date symlink: /home/jayaaraju/waiter_robot_ws/install/prototype/share/prototype/action/FoodMenu.action
-- Up-to-date symlink: /home/jayaaraju/waiter_robot_ws/install/prototype/share/prototype/action/Confirmation.action
-- Up-to-date symlink: /home/jayaaraju/waiter_robot_ws/install/prototype/share/prototype/msg/Food.msg
-- Symlinking: /home/jayaaraju/waiter_robot_ws/install/prototype/share/ament_index/resource_index/package_run_dependencies/prototype
-- Symlinking: /home/jayaaraju/waiter_robot_ws/install/prototype/share/ament_index/resource_index/parent_prefix_path/prototype
-- Symlinking: /home/jayaaraju/waiter_robot_ws/install/prototype/share/prototype/environment/ament_prefix_path.sh
-- Symlinking: /home/jayaaraju/waiter_robot_ws/install/prototype/share/prototype/environment/ament_prefix_path.dsv
-- Symlinking: /home/jayaaraju/waiter_robot_ws/install/prototype/share/prototype/environment/path.sh
-- Symlinking: /home/jayaaraju/waiter_robot_ws/install/prototype/share/prototype/environment/path.dsv
-- Symlinking: /home/jayaaraju/waiter_robot_ws/install/prototype/share/prototype/local_setup.bash
-- Symlinking: /home/jayaaraju/waiter_robot_ws/install/prototype/share/prototype/local_setup.sh
-- Symlinking: /home/jayaaraju/waiter_robot_ws/install/prototype/share/prototype/local_setup.zsh
-- Symlinking: /home/jayaaraju/waiter_robot_ws/install/prototype/share/prototype/local_setup.dsv
-- Symlinking: /home/jayaaraju/waiter_robot_ws/install/prototype/share/prototype/package.dsv
-- Symlinking: /home/jayaaraju/waiter_robot_ws/install/prototype/share/ament_index/resource_index/packages/prototype
-- Symlinking: /home/jayaaraju/waiter_robot_ws/install/prototype/share/prototype/cmake/rosidl_cmake-extras.cmake
-- Symlinking: /home/jayaaraju/waiter_robot_ws/install/prototype/share/prototype/cmake/ament_cmake_export_dependencies-extras.cmake
-- Symlinking: /home/jayaaraju/waiter_robot_ws/install/prototype/share/prototype/cmake/ament_cmake_export_include_directories-extras.cmake
-- Symlinking: /home/jayaaraju/waiter_robot_ws/install/prototype/share/prototype/cmake/ament_cmake_export_libraries-extras.cmake
-- Symlinking: /home/jayaaraju/waiter_robot_ws/install/prototype/share/prototype/cmake/ament_cmake_export_targets-extras.cmake
-- Symlinking: /home/jayaaraju/waiter_robot_ws/install/prototype/share/prototype/cmake/rosidl_cmake_export_typesupport_targets-extras.cmake
-- Symlinking: /home/jayaaraju/waiter_robot_ws/install/prototype/share/prototype/cmake/rosidl_cmake_export_typesupport_libraries-extras.cmake
-- Symlinking: /home/jayaaraju/waiter_robot_ws/install/prototype/share/prototype/cmake/prototypeConfig.cmake
-- Symlinking: /home/jayaaraju/waiter_robot_ws/install/prototype/share/prototype/cmake/prototypeConfig-version.cmake
-- Symlinking: /home/jayaaraju/waiter_robot_ws/install/prototype/share/prototype/package.xml
-- Installing: /home/jayaaraju/waiter_robot_ws/install/prototype/lib/libprototype__rosidl_generator_c.so
-- Set runtime path of "/home/jayaaraju/waiter_robot_ws/install/prototype/lib/libprototype__rosidl_generator_c.so" to ""
-- Installing: /home/jayaaraju/waiter_robot_ws/install/prototype/lib/libprototype__rosidl_typesupport_fastrtps_c.so
-- Set runtime path of "/home/jayaaraju/waiter_robot_ws/install/prototype/lib/libprototype__rosidl_typesupport_fastrtps_c.so" to ""
-- Installing: /home/jayaaraju/waiter_robot_ws/install/prototype/lib/libprototype__rosidl_typesupport_fastrtps_cpp.so
-- Set runtime path of "/home/jayaaraju/waiter_robot_ws/install/prototype/lib/libprototype__rosidl_typesupport_fastrtps_cpp.so" to ""
-- Installing: /home/jayaaraju/waiter_robot_ws/install/prototype/lib/libprototype__rosidl_typesupport_introspection_c.so
-- Set runtime path of "/home/jayaaraju/waiter_robot_ws/install/prototype/lib/libprototype__rosidl_typesupport_introspection_c.so" to ""
-- Installing: /home/jayaaraju/waiter_robot_ws/install/prototype/lib/libprototype__rosidl_typesupport_c.so
-- Set runtime path of "/home/jayaaraju/waiter_robot_ws/install/prototype/lib/libprototype__rosidl_typesupport_c.so" to ""
-- Installing: /home/jayaaraju/waiter_robot_ws/install/prototype/lib/libprototype__rosidl_typesupport_introspection_cpp.so
-- Set runtime path of "/home/jayaaraju/waiter_robot_ws/install/prototype/lib/libprototype__rosidl_typesupport_introspection_cpp.so" to ""
-- Installing: /home/jayaaraju/waiter_robot_ws/install/prototype/lib/libprototype__rosidl_typesupport_cpp.so
-- Set runtime path of "/home/jayaaraju/waiter_robot_ws/install/prototype/lib/libprototype__rosidl_typesupport_cpp.so" to ""
Listing '/home/jayaaraju/waiter_robot_ws/install/prototype/local/lib/python3.10/dist-packages/prototype'...
Compiling '/home/jayaaraju/waiter_robot_ws/install/prototype/local/lib/python3.10/dist-packages/prototype/__init__.py'...
Listing '/home/jayaaraju/waiter_robot_ws/install/prototype/local/lib/python3.10/dist-packages/prototype/action'...
Compiling '/home/jayaaraju/waiter_robot_ws/install/prototype/local/lib/python3.10/dist-packages/prototype/action/__init__.py'...
Compiling '/home/jayaaraju/waiter_robot_ws/install/prototype/local/lib/python3.10/dist-packages/prototype/action/_confirmation.py'...
Compiling '/home/jayaaraju/waiter_robot_ws/install/prototype/local/lib/python3.10/dist-packages/prototype/action/_food_menu.py'...
Compiling '/home/jayaaraju/waiter_robot_ws/install/prototype/local/lib/python3.10/dist-packages/prototype/action/_go_to.py'...
Listing '/home/jayaaraju/waiter_robot_ws/install/prototype/local/lib/python3.10/dist-packages/prototype/msg'...
Compiling '/home/jayaaraju/waiter_robot_ws/install/prototype/local/lib/python3.10/dist-packages/prototype/msg/__init__.py'...
Compiling '/home/jayaaraju/waiter_robot_ws/install/prototype/local/lib/python3.10/dist-packages/prototype/msg/_food.py'...
-- Installing: /home/jayaaraju/waiter_robot_ws/install/prototype/lib/libprototype__rosidl_generator_py.so
-- Set runtime path of "/home/jayaaraju/waiter_robot_ws/install/prototype/lib/libprototype__rosidl_generator_py.so" to ""
-- Installing: /home/jayaaraju/waiter_robot_ws/install/prototype/share/prototype/cmake/export_prototype__rosidl_generator_cExport.cmake
-- Installing: /home/jayaaraju/waiter_robot_ws/install/prototype/share/prototype/cmake/export_prototype__rosidl_generator_cExport-noconfig.cmake
-- Installing: /home/jayaaraju/waiter_robot_ws/install/prototype/share/prototype/cmake/export_prototype__rosidl_typesupport_fastrtps_cExport.cmake
-- Installing: /home/jayaaraju/waiter_robot_ws/install/prototype/share/prototype/cmake/export_prototype__rosidl_typesupport_fastrtps_cExport-noconfig.cmake
-- Installing: /home/jayaaraju/waiter_robot_ws/install/prototype/share/prototype/cmake/export_prototype__rosidl_generator_cppExport.cmake
-- Installing: /home/jayaaraju/waiter_robot_ws/install/prototype/share/prototype/cmake/export_prototype__rosidl_typesupport_fastrtps_cppExport.cmake
-- Installing: /home/jayaaraju/waiter_robot_ws/install/prototype/share/prototype/cmake/export_prototype__rosidl_typesupport_fastrtps_cppExport-noconfig.cmake
-- Installing: /home/jayaaraju/waiter_robot_ws/install/prototype/share/prototype/cmake/prototype__rosidl_typesupport_introspection_cExport.cmake
-- Installing: /home/jayaaraju/waiter_robot_ws/install/prototype/share/prototype/cmake/prototype__rosidl_typesupport_introspection_cExport-noconfig.cmake
-- Installing: /home/jayaaraju/waiter_robot_ws/install/prototype/share/prototype/cmake/prototype__rosidl_typesupport_cExport.cmake
-- Installing: /home/jayaaraju/waiter_robot_ws/install/prototype/share/prototype/cmake/prototype__rosidl_typesupport_cExport-noconfig.cmake
-- Installing: /home/jayaaraju/waiter_robot_ws/install/prototype/share/prototype/cmake/prototype__rosidl_typesupport_introspection_cppExport.cmake
-- Installing: /home/jayaaraju/waiter_robot_ws/install/prototype/share/prototype/cmake/prototype__rosidl_typesupport_introspection_cppExport-noconfig.cmake
-- Installing: /home/jayaaraju/waiter_robot_ws/install/prototype/share/prototype/cmake/prototype__rosidl_typesupport_cppExport.cmake
-- Installing: /home/jayaaraju/waiter_robot_ws/install/prototype/share/prototype/cmake/prototype__rosidl_typesupport_cppExport-noconfig.cmake
-- Installing: /home/jayaaraju/waiter_robot_ws/install/prototype/share/prototype/cmake/export_prototype__rosidl_generator_pyExport.cmake
-- Installing: /home/jayaaraju/waiter_robot_ws/install/prototype/share/prototype/cmake/export_prototype__rosidl_generator_pyExport-noconfig.cmake
