[0.096s] Invoking command in '/home/jayaaraju/waiter_robot_ws/build/prototype': CMAKE_PREFIX_PATH=/home/jayaaraju/waiter_robot_ws/install/waiter_tree:/home/jayaaraju/waiter_robot_ws/install/ros2_mapping:/home/jayaaraju/waiter_robot_ws/install/prototype:/home/jayaaraju/waiter_robot_ws/install/navigator_planner:/home/jayaaraju/waiter_robot_ws/install/motor_control:/home/jayaaraju/bt_demo/install/simple_bt:/home/jayaaraju/bt_demo/install/behaviortree_cpp:/home/jayaaraju/code_ws/install/udemy:/home/jayaaraju/nav_ws/install/sattva_bot:/home/jayaaraju/nav_ws/install/ros2_mapping:/home/jayaaraju/nav_ws/install/opennav_docking:/home/jayaaraju/proto_ws/install/sattva_bot:/home/jayaaraju/proto_ws/install/prototype:/home/jayaaraju/proto_ws/install/pallet_loader:/home/jayaaraju/waiter_robot_ws/install/py_trees_ros_tutorials:/home/jayaaraju/ros2_ws/install/my_robot_controller:/home/jayaaraju/ros2_ws/src/install/my_robot_controller:/home/jayaaraju/pallet_ws/install/yolov5_ros:/opt/ros/humble:/home/jayaaraju/pallet_ws/install/serial:/home/jayaaraju/pallet_ws/install/pallet_loader:/home/jayaaraju/pallet_ws/install/bboxes_ex_msgs:/home/jayaaraju/main_ws/install/two_wheeled_robot:/home/jayaaraju/main_ws/install/sllidar_ros2:/home/jayaaraju/main_ws/install/ros2_control_test_assets:/home/jayaaraju/main_ws/install/ros2_control_demo_description:/home/jayaaraju/main_ws/install/my_own_robot:/home/jayaaraju/prototype/prototype/install/serial_driver:/home/jayaaraju/prototype/prototype/install/prototype:/home/jayaaraju/prototype/prototype/install/motor_control:/home/jayaaraju/prototype/prototype/install/io_context:/home/jayaaraju/prototype/prototype/install/asio_cmake_module:/home/jayaaraju/led_ws/install/led_node /usr/bin/cmake --build /home/jayaaraju/waiter_robot_ws/build/prototype -- -j8 -l8
[0.887s] [  1%] [34m[1mGenerating C code for ROS interfaces[0m
[0.887s] [  3%] [34m[1mGenerating C++ code for ROS interfaces[0m
[0.887s] [  3%] Built target ament_cmake_python_symlink_prototype
[1.081s] running egg_info
[1.084s] creating prototype.egg-info
[1.085s] writing prototype.egg-info/PKG-INFO
[1.087s] writing dependency_links to prototype.egg-info/dependency_links.txt
[1.087s] writing top-level names to prototype.egg-info/top_level.txt
[1.089s] writing manifest file 'prototype.egg-info/SOURCES.txt'
[1.096s] reading manifest file 'prototype.egg-info/SOURCES.txt'
[1.099s] writing manifest file 'prototype.egg-info/SOURCES.txt'
[1.229s] [  3%] Built target ament_cmake_python_build_prototype_egg
[2.676s] [  5%] [32mBuilding C object CMakeFiles/prototype__rosidl_generator_c.dir/rosidl_generator_c/prototype/action/detail/go_to__functions.c.o[0m
[2.678s] [  7%] [32mBuilding C object CMakeFiles/prototype__rosidl_generator_c.dir/rosidl_generator_c/prototype/msg/detail/food__functions.c.o[0m
[2.681s] [  9%] [32mBuilding C object CMakeFiles/prototype__rosidl_generator_c.dir/rosidl_generator_c/prototype/action/detail/food_menu__functions.c.o[0m
[2.681s] [ 10%] [32mBuilding C object CMakeFiles/prototype__rosidl_generator_c.dir/rosidl_generator_c/prototype/action/detail/confirmation__functions.c.o[0m
[3.033s] [ 10%] Built target prototype__cpp
[3.061s] [ 12%] [34m[1mGenerating C++ type support dispatch for ROS interfaces[0m
[3.069s] [ 14%] [34m[1mGenerating C++ type support for eProsima Fast-RTPS[0m
[3.072s] [ 16%] [34m[1mGenerating C++ introspection for ROS interfaces[0m
[3.115s] [ 18%] [32m[1mLinking C shared library libprototype__rosidl_generator_c.so[0m
[3.234s] [ 18%] Built target prototype__rosidl_generator_c
[3.275s] [ 20%] [34m[1mGenerating C introspection for ROS interfaces[0m
[3.286s] [ 21%] [34m[1mGenerating C type support for eProsima Fast-RTPS[0m
[3.335s] [ 23%] [34m[1mGenerating C type support dispatch for ROS interfaces[0m
[4.632s] [ 25%] [32mBuilding CXX object CMakeFiles/prototype__rosidl_typesupport_cpp.dir/rosidl_typesupport_cpp/prototype/action/go_to__type_support.cpp.o[0m
[4.635s] [ 27%] [32mBuilding CXX object CMakeFiles/prototype__rosidl_typesupport_cpp.dir/rosidl_typesupport_cpp/prototype/action/food_menu__type_support.cpp.o[0m
[4.649s] [ 29%] [32mBuilding CXX object CMakeFiles/prototype__rosidl_typesupport_cpp.dir/rosidl_typesupport_cpp/prototype/action/confirmation__type_support.cpp.o[0m
[4.864s] [ 30%] [32mBuilding CXX object CMakeFiles/prototype__rosidl_typesupport_c.dir/rosidl_typesupport_c/prototype/action/go_to__type_support.cpp.o[0m
[5.062s] [ 32%] [32mBuilding CXX object CMakeFiles/prototype__rosidl_typesupport_c.dir/rosidl_typesupport_c/prototype/action/food_menu__type_support.cpp.o[0m
[5.088s] [ 34%] [32mBuilding CXX object CMakeFiles/prototype__rosidl_typesupport_introspection_cpp.dir/rosidl_typesupport_introspection_cpp/prototype/action/detail/go_to__type_support.cpp.o[0m
[5.281s] [ 36%] [32mBuilding CXX object CMakeFiles/prototype__rosidl_typesupport_c.dir/rosidl_typesupport_c/prototype/action/confirmation__type_support.cpp.o[0m
[5.437s] [ 38%] [32mBuilding CXX object CMakeFiles/prototype__rosidl_typesupport_c.dir/rosidl_typesupport_c/prototype/msg/food__type_support.cpp.o[0m
[5.526s] [ 40%] [32m[1mLinking CXX shared library libprototype__rosidl_typesupport_c.so[0m
[5.627s] [ 41%] [32mBuilding C object CMakeFiles/prototype__rosidl_typesupport_introspection_c.dir/rosidl_typesupport_introspection_c/prototype/action/detail/go_to__type_support.c.o[0m
[5.756s] [ 41%] Built target prototype__rosidl_typesupport_c
[5.822s] [ 43%] [32mBuilding CXX object CMakeFiles/prototype__rosidl_typesupport_fastrtps_cpp.dir/rosidl_typesupport_fastrtps_cpp/prototype/action/detail/dds_fastrtps/go_to__type_support.cpp.o[0m
[5.849s] [ 45%] [32mBuilding CXX object CMakeFiles/prototype__rosidl_typesupport_fastrtps_cpp.dir/rosidl_typesupport_fastrtps_cpp/prototype/action/detail/dds_fastrtps/food_menu__type_support.cpp.o[0m
[5.893s] [ 47%] [32mBuilding C object CMakeFiles/prototype__rosidl_typesupport_introspection_c.dir/rosidl_typesupport_introspection_c/prototype/action/detail/food_menu__type_support.c.o[0m
[6.130s] [ 49%] [32mBuilding C object CMakeFiles/prototype__rosidl_typesupport_introspection_c.dir/rosidl_typesupport_introspection_c/prototype/action/detail/confirmation__type_support.c.o[0m
[6.150s] [ 50%] [32mBuilding CXX object CMakeFiles/prototype__rosidl_typesupport_fastrtps_c.dir/rosidl_typesupport_fastrtps_c/prototype/action/detail/go_to__type_support_c.cpp.o[0m
[6.296s] [ 52%] [32mBuilding CXX object CMakeFiles/prototype__rosidl_typesupport_cpp.dir/rosidl_typesupport_cpp/prototype/msg/food__type_support.cpp.o[0m
[6.370s] [ 54%] [32mBuilding C object CMakeFiles/prototype__rosidl_typesupport_introspection_c.dir/rosidl_typesupport_introspection_c/prototype/msg/detail/food__type_support.c.o[0m
[6.628s] [ 56%] [32m[1mLinking C shared library libprototype__rosidl_typesupport_introspection_c.so[0m
[6.667s] [ 58%] [32mBuilding CXX object CMakeFiles/prototype__rosidl_typesupport_fastrtps_c.dir/rosidl_typesupport_fastrtps_c/prototype/action/detail/food_menu__type_support_c.cpp.o[0m
[6.679s] [ 60%] [32mBuilding CXX object CMakeFiles/prototype__rosidl_typesupport_fastrtps_c.dir/rosidl_typesupport_fastrtps_c/prototype/action/detail/confirmation__type_support_c.cpp.o[0m
[6.903s] [ 60%] Built target prototype__rosidl_typesupport_introspection_c
[6.964s] [ 61%] [32mBuilding CXX object CMakeFiles/prototype__rosidl_typesupport_introspection_cpp.dir/rosidl_typesupport_introspection_cpp/prototype/action/detail/food_menu__type_support.cpp.o[0m
[7.719s] [ 63%] [32m[1mLinking CXX shared library libprototype__rosidl_typesupport_cpp.so[0m
[7.823s] [ 65%] [32mBuilding CXX object CMakeFiles/prototype__rosidl_typesupport_introspection_cpp.dir/rosidl_typesupport_introspection_cpp/prototype/action/detail/confirmation__type_support.cpp.o[0m
[7.923s] [ 67%] [32mBuilding CXX object CMakeFiles/prototype__rosidl_typesupport_fastrtps_c.dir/rosidl_typesupport_fastrtps_c/prototype/msg/detail/food__type_support_c.cpp.o[0m
[7.970s] [ 67%] Built target prototype__rosidl_typesupport_cpp
[8.006s] [ 69%] [32mBuilding CXX object CMakeFiles/prototype__rosidl_typesupport_introspection_cpp.dir/rosidl_typesupport_introspection_cpp/prototype/msg/detail/food__type_support.cpp.o[0m
[8.172s] [ 70%] [32mBuilding CXX object CMakeFiles/prototype__rosidl_typesupport_fastrtps_cpp.dir/rosidl_typesupport_fastrtps_cpp/prototype/action/detail/dds_fastrtps/confirmation__type_support.cpp.o[0m
[8.397s] [ 72%] [32mBuilding CXX object CMakeFiles/prototype__rosidl_typesupport_fastrtps_cpp.dir/rosidl_typesupport_fastrtps_cpp/prototype/msg/detail/dds_fastrtps/food__type_support.cpp.o[0m
[9.771s] [ 74%] [32m[1mLinking CXX shared library libprototype__rosidl_typesupport_fastrtps_c.so[0m
[10.086s] [ 74%] Built target prototype__rosidl_typesupport_fastrtps_c
[10.353s] [ 76%] [32m[1mLinking CXX shared library libprototype__rosidl_typesupport_introspection_cpp.so[0m
[10.480s] [ 78%] [32m[1mLinking CXX shared library libprototype__rosidl_typesupport_fastrtps_cpp.so[0m
[10.563s] [ 78%] Built target prototype__rosidl_typesupport_introspection_cpp
[10.666s] [ 78%] Built target prototype__rosidl_typesupport_fastrtps_cpp
[10.704s] [ 78%] Built target prototype
[10.744s] [ 80%] [34m[1mGenerating Python code for ROS interfaces[0m
[14.377s] [ 80%] Built target prototype__py
[14.413s] [ 83%] [32mBuilding C object CMakeFiles/prototype__rosidl_generator_py.dir/rosidl_generator_py/prototype/action/_go_to_s.c.o[0m
[14.413s] [ 83%] [32mBuilding C object CMakeFiles/prototype__rosidl_generator_py.dir/rosidl_generator_py/prototype/action/_food_menu_s.c.o[0m
[14.414s] [ 85%] [32mBuilding C object CMakeFiles/prototype__rosidl_generator_py.dir/rosidl_generator_py/prototype/msg/_food_s.c.o[0m
[14.418s] [ 87%] [32mBuilding C object CMakeFiles/prototype__rosidl_generator_py.dir/rosidl_generator_py/prototype/action/_confirmation_s.c.o[0m
[14.785s] [ 89%] [32m[1mLinking C shared library rosidl_generator_py/prototype/libprototype__rosidl_generator_py.so[0m
[14.855s] [ 89%] Built target prototype__rosidl_generator_py
[14.896s] [ 94%] [32mBuilding C object CMakeFiles/prototype__rosidl_typesupport_introspection_c__pyext.dir/rosidl_generator_py/prototype/_prototype_s.ep.rosidl_typesupport_introspection_c.c.o[0m
[14.896s] [ 94%] [32mBuilding C object CMakeFiles/prototype__rosidl_typesupport_c__pyext.dir/rosidl_generator_py/prototype/_prototype_s.ep.rosidl_typesupport_c.c.o[0m
[14.896s] [ 94%] [32mBuilding C object CMakeFiles/prototype__rosidl_typesupport_fastrtps_c__pyext.dir/rosidl_generator_py/prototype/_prototype_s.ep.rosidl_typesupport_fastrtps_c.c.o[0m
[15.240s] [ 96%] [32m[1mLinking C shared library rosidl_generator_py/prototype/prototype_s__rosidl_typesupport_introspection_c.cpython-310-x86_64-linux-gnu.so[0m
[15.242s] [ 98%] [32m[1mLinking C shared library rosidl_generator_py/prototype/prototype_s__rosidl_typesupport_c.cpython-310-x86_64-linux-gnu.so[0m
[15.245s] [100%] [32m[1mLinking C shared library rosidl_generator_py/prototype/prototype_s__rosidl_typesupport_fastrtps_c.cpython-310-x86_64-linux-gnu.so[0m
[15.365s] [100%] Built target prototype__rosidl_typesupport_c__pyext
[15.368s] [100%] Built target prototype__rosidl_typesupport_fastrtps_c__pyext
[15.380s] [100%] Built target prototype__rosidl_typesupport_introspection_c__pyext
[15.406s] Invoked command in '/home/jayaaraju/waiter_robot_ws/build/prototype' returned '0': CMAKE_PREFIX_PATH=/home/jayaaraju/waiter_robot_ws/install/waiter_tree:/home/jayaaraju/waiter_robot_ws/install/ros2_mapping:/home/jayaaraju/waiter_robot_ws/install/prototype:/home/jayaaraju/waiter_robot_ws/install/navigator_planner:/home/jayaaraju/waiter_robot_ws/install/motor_control:/home/jayaaraju/bt_demo/install/simple_bt:/home/jayaaraju/bt_demo/install/behaviortree_cpp:/home/jayaaraju/code_ws/install/udemy:/home/jayaaraju/nav_ws/install/sattva_bot:/home/jayaaraju/nav_ws/install/ros2_mapping:/home/jayaaraju/nav_ws/install/opennav_docking:/home/jayaaraju/proto_ws/install/sattva_bot:/home/jayaaraju/proto_ws/install/prototype:/home/jayaaraju/proto_ws/install/pallet_loader:/home/jayaaraju/waiter_robot_ws/install/py_trees_ros_tutorials:/home/jayaaraju/ros2_ws/install/my_robot_controller:/home/jayaaraju/ros2_ws/src/install/my_robot_controller:/home/jayaaraju/pallet_ws/install/yolov5_ros:/opt/ros/humble:/home/jayaaraju/pallet_ws/install/serial:/home/jayaaraju/pallet_ws/install/pallet_loader:/home/jayaaraju/pallet_ws/install/bboxes_ex_msgs:/home/jayaaraju/main_ws/install/two_wheeled_robot:/home/jayaaraju/main_ws/install/sllidar_ros2:/home/jayaaraju/main_ws/install/ros2_control_test_assets:/home/jayaaraju/main_ws/install/ros2_control_demo_description:/home/jayaaraju/main_ws/install/my_own_robot:/home/jayaaraju/prototype/prototype/install/serial_driver:/home/jayaaraju/prototype/prototype/install/prototype:/home/jayaaraju/prototype/prototype/install/motor_control:/home/jayaaraju/prototype/prototype/install/io_context:/home/jayaaraju/prototype/prototype/install/asio_cmake_module:/home/jayaaraju/led_ws/install/led_node /usr/bin/cmake --build /home/jayaaraju/waiter_robot_ws/build/prototype -- -j8 -l8
[15.654s] Invoking command in '/home/jayaaraju/waiter_robot_ws/build/prototype': CMAKE_PREFIX_PATH=/home/jayaaraju/waiter_robot_ws/install/waiter_tree:/home/jayaaraju/waiter_robot_ws/install/ros2_mapping:/home/jayaaraju/waiter_robot_ws/install/prototype:/home/jayaaraju/waiter_robot_ws/install/navigator_planner:/home/jayaaraju/waiter_robot_ws/install/motor_control:/home/jayaaraju/bt_demo/install/simple_bt:/home/jayaaraju/bt_demo/install/behaviortree_cpp:/home/jayaaraju/code_ws/install/udemy:/home/jayaaraju/nav_ws/install/sattva_bot:/home/jayaaraju/nav_ws/install/ros2_mapping:/home/jayaaraju/nav_ws/install/opennav_docking:/home/jayaaraju/proto_ws/install/sattva_bot:/home/jayaaraju/proto_ws/install/prototype:/home/jayaaraju/proto_ws/install/pallet_loader:/home/jayaaraju/waiter_robot_ws/install/py_trees_ros_tutorials:/home/jayaaraju/ros2_ws/install/my_robot_controller:/home/jayaaraju/ros2_ws/src/install/my_robot_controller:/home/jayaaraju/pallet_ws/install/yolov5_ros:/opt/ros/humble:/home/jayaaraju/pallet_ws/install/serial:/home/jayaaraju/pallet_ws/install/pallet_loader:/home/jayaaraju/pallet_ws/install/bboxes_ex_msgs:/home/jayaaraju/main_ws/install/two_wheeled_robot:/home/jayaaraju/main_ws/install/sllidar_ros2:/home/jayaaraju/main_ws/install/ros2_control_test_assets:/home/jayaaraju/main_ws/install/ros2_control_demo_description:/home/jayaaraju/main_ws/install/my_own_robot:/home/jayaaraju/prototype/prototype/install/serial_driver:/home/jayaaraju/prototype/prototype/install/prototype:/home/jayaaraju/prototype/prototype/install/motor_control:/home/jayaaraju/prototype/prototype/install/io_context:/home/jayaaraju/prototype/prototype/install/asio_cmake_module:/home/jayaaraju/led_ws/install/led_node /usr/bin/cmake --install /home/jayaaraju/waiter_robot_ws/build/prototype
[15.668s] -- Install configuration: ""
[15.669s] -- Execute custom install script
[15.670s] -- Symlinking: /home/jayaaraju/waiter_robot_ws/install/prototype/share/prototype//action/Confirmation.action
[15.685s] -- Symlinking: /home/jayaaraju/waiter_robot_ws/install/prototype/share/prototype//action/FoodMenu.action
[15.699s] -- Symlinking: /home/jayaaraju/waiter_robot_ws/install/prototype/share/prototype//action/GoTo.action
[15.714s] -- Symlinking: /home/jayaaraju/waiter_robot_ws/install/prototype/share/prototype//action/singlemo.pdf
[15.729s] -- Symlinking: /home/jayaaraju/waiter_robot_ws/install/prototype/share/prototype//msg/DistanceAngle.msg
[15.745s] -- Symlinking: /home/jayaaraju/waiter_robot_ws/install/prototype/share/prototype//msg/Food.msg
[15.763s] -- Symlinking: /home/jayaaraju/waiter_robot_ws/install/prototype/share/ament_index/resource_index/rosidl_interfaces/prototype
[15.780s] -- Symlinking: /home/jayaaraju/waiter_robot_ws/install/prototype/include/prototype/prototype/action/confirmation.h
[15.796s] -- Symlinking: /home/jayaaraju/waiter_robot_ws/install/prototype/include/prototype/prototype/action/detail/confirmation__functions.h
[15.810s] -- Symlinking: /home/jayaaraju/waiter_robot_ws/install/prototype/include/prototype/prototype/action/detail/confirmation__struct.h
[15.825s] -- Symlinking: /home/jayaaraju/waiter_robot_ws/install/prototype/include/prototype/prototype/action/detail/confirmation__type_support.h
[15.839s] -- Symlinking: /home/jayaaraju/waiter_robot_ws/install/prototype/include/prototype/prototype/action/detail/food_menu__functions.h
[15.855s] -- Symlinking: /home/jayaaraju/waiter_robot_ws/install/prototype/include/prototype/prototype/action/detail/food_menu__struct.h
[15.871s] -- Symlinking: /home/jayaaraju/waiter_robot_ws/install/prototype/include/prototype/prototype/action/detail/food_menu__type_support.h
[15.885s] -- Symlinking: /home/jayaaraju/waiter_robot_ws/install/prototype/include/prototype/prototype/action/detail/go_to__functions.h
[15.900s] -- Symlinking: /home/jayaaraju/waiter_robot_ws/install/prototype/include/prototype/prototype/action/detail/go_to__struct.h
[15.923s] -- Symlinking: /home/jayaaraju/waiter_robot_ws/install/prototype/include/prototype/prototype/action/detail/go_to__type_support.h
[15.947s] -- Symlinking: /home/jayaaraju/waiter_robot_ws/install/prototype/include/prototype/prototype/action/food_menu.h
[15.972s] -- Symlinking: /home/jayaaraju/waiter_robot_ws/install/prototype/include/prototype/prototype/action/go_to.h
[15.988s] -- Symlinking: /home/jayaaraju/waiter_robot_ws/install/prototype/include/prototype/prototype/msg/detail/food__functions.h
[16.002s] -- Symlinking: /home/jayaaraju/waiter_robot_ws/install/prototype/include/prototype/prototype/msg/detail/food__struct.h
[16.015s] -- Symlinking: /home/jayaaraju/waiter_robot_ws/install/prototype/include/prototype/prototype/msg/detail/food__type_support.h
[16.029s] -- Symlinking: /home/jayaaraju/waiter_robot_ws/install/prototype/include/prototype/prototype/msg/food.h
[16.041s] -- Symlinking: /home/jayaaraju/waiter_robot_ws/install/prototype/include/prototype/prototype/msg/rosidl_generator_c__visibility_control.h
[16.056s] -- Symlinking: /home/jayaaraju/waiter_robot_ws/install/prototype/share/prototype/environment/library_path.sh
[16.070s] -- Symlinking: /home/jayaaraju/waiter_robot_ws/install/prototype/share/prototype/environment/library_path.dsv
[16.082s] -- Symlinking: /home/jayaaraju/waiter_robot_ws/install/prototype/include/prototype/prototype/action/detail/confirmation__rosidl_typesupport_fastrtps_c.h
[16.095s] -- Symlinking: /home/jayaaraju/waiter_robot_ws/install/prototype/include/prototype/prototype/action/detail/food_menu__rosidl_typesupport_fastrtps_c.h
[16.108s] -- Symlinking: /home/jayaaraju/waiter_robot_ws/install/prototype/include/prototype/prototype/action/detail/go_to__rosidl_typesupport_fastrtps_c.h
[16.123s] -- Symlinking: /home/jayaaraju/waiter_robot_ws/install/prototype/include/prototype/prototype/msg/detail/food__rosidl_typesupport_fastrtps_c.h
[16.133s] -- Symlinking: /home/jayaaraju/waiter_robot_ws/install/prototype/include/prototype/prototype/msg/rosidl_typesupport_fastrtps_c__visibility_control.h
[16.146s] -- Symlinking: /home/jayaaraju/waiter_robot_ws/install/prototype/include/prototype/prototype/action/confirmation.hpp
[16.163s] -- Symlinking: /home/jayaaraju/waiter_robot_ws/install/prototype/include/prototype/prototype/action/detail/confirmation__builder.hpp
[16.178s] -- Symlinking: /home/jayaaraju/waiter_robot_ws/install/prototype/include/prototype/prototype/action/detail/confirmation__struct.hpp
[16.193s] -- Symlinking: /home/jayaaraju/waiter_robot_ws/install/prototype/include/prototype/prototype/action/detail/confirmation__traits.hpp
[16.211s] -- Symlinking: /home/jayaaraju/waiter_robot_ws/install/prototype/include/prototype/prototype/action/detail/food_menu__builder.hpp
[16.228s] -- Symlinking: /home/jayaaraju/waiter_robot_ws/install/prototype/include/prototype/prototype/action/detail/food_menu__struct.hpp
[16.248s] -- Symlinking: /home/jayaaraju/waiter_robot_ws/install/prototype/include/prototype/prototype/action/detail/food_menu__traits.hpp
[16.264s] -- Symlinking: /home/jayaaraju/waiter_robot_ws/install/prototype/include/prototype/prototype/action/detail/go_to__builder.hpp
[16.281s] -- Symlinking: /home/jayaaraju/waiter_robot_ws/install/prototype/include/prototype/prototype/action/detail/go_to__struct.hpp
[16.296s] -- Symlinking: /home/jayaaraju/waiter_robot_ws/install/prototype/include/prototype/prototype/action/detail/go_to__traits.hpp
[16.311s] -- Symlinking: /home/jayaaraju/waiter_robot_ws/install/prototype/include/prototype/prototype/action/food_menu.hpp
[16.325s] -- Symlinking: /home/jayaaraju/waiter_robot_ws/install/prototype/include/prototype/prototype/action/go_to.hpp
[16.339s] -- Symlinking: /home/jayaaraju/waiter_robot_ws/install/prototype/include/prototype/prototype/msg/detail/food__builder.hpp
[16.354s] -- Symlinking: /home/jayaaraju/waiter_robot_ws/install/prototype/include/prototype/prototype/msg/detail/food__struct.hpp
[16.370s] -- Symlinking: /home/jayaaraju/waiter_robot_ws/install/prototype/include/prototype/prototype/msg/detail/food__traits.hpp
[16.384s] -- Symlinking: /home/jayaaraju/waiter_robot_ws/install/prototype/include/prototype/prototype/msg/food.hpp
[16.398s] -- Symlinking: /home/jayaaraju/waiter_robot_ws/install/prototype/include/prototype/prototype/action/detail/confirmation__rosidl_typesupport_fastrtps_cpp.hpp
[16.411s] -- Symlinking: /home/jayaaraju/waiter_robot_ws/install/prototype/include/prototype/prototype/action/detail/food_menu__rosidl_typesupport_fastrtps_cpp.hpp
[16.423s] -- Symlinking: /home/jayaaraju/waiter_robot_ws/install/prototype/include/prototype/prototype/action/detail/go_to__rosidl_typesupport_fastrtps_cpp.hpp
[16.434s] -- Symlinking: /home/jayaaraju/waiter_robot_ws/install/prototype/include/prototype/prototype/msg/detail/food__rosidl_typesupport_fastrtps_cpp.hpp
[16.446s] -- Symlinking: /home/jayaaraju/waiter_robot_ws/install/prototype/include/prototype/prototype/msg/rosidl_typesupport_fastrtps_cpp__visibility_control.h
[16.460s] -- Symlinking: /home/jayaaraju/waiter_robot_ws/install/prototype/include/prototype/prototype/action/detail/confirmation__rosidl_typesupport_introspection_c.h
[16.472s] -- Symlinking: /home/jayaaraju/waiter_robot_ws/install/prototype/include/prototype/prototype/action/detail/food_menu__rosidl_typesupport_introspection_c.h
[16.484s] -- Symlinking: /home/jayaaraju/waiter_robot_ws/install/prototype/include/prototype/prototype/action/detail/go_to__rosidl_typesupport_introspection_c.h
[16.496s] -- Symlinking: /home/jayaaraju/waiter_robot_ws/install/prototype/include/prototype/prototype/msg/detail/food__rosidl_typesupport_introspection_c.h
[16.508s] -- Symlinking: /home/jayaaraju/waiter_robot_ws/install/prototype/include/prototype/prototype/msg/rosidl_typesupport_introspection_c__visibility_control.h
[16.521s] -- Symlinking: /home/jayaaraju/waiter_robot_ws/install/prototype/include/prototype/prototype/action/detail/confirmation__rosidl_typesupport_introspection_cpp.hpp
[16.532s] -- Symlinking: /home/jayaaraju/waiter_robot_ws/install/prototype/include/prototype/prototype/action/detail/food_menu__rosidl_typesupport_introspection_cpp.hpp
[16.544s] -- Symlinking: /home/jayaaraju/waiter_robot_ws/install/prototype/include/prototype/prototype/action/detail/go_to__rosidl_typesupport_introspection_cpp.hpp
[16.558s] -- Symlinking: /home/jayaaraju/waiter_robot_ws/install/prototype/include/prototype/prototype/msg/detail/food__rosidl_typesupport_introspection_cpp.hpp
[16.572s] -- Symlinking: /home/jayaaraju/waiter_robot_ws/install/prototype/share/prototype/environment/pythonpath.sh
[16.585s] -- Symlinking: /home/jayaaraju/waiter_robot_ws/install/prototype/share/prototype/environment/pythonpath.dsv
[16.598s] -- Symlinking: /home/jayaaraju/waiter_robot_ws/install/prototype/local/lib/python3.10/dist-packages/prototype-0.0.0-py3.10.egg-info/PKG-INFO
[16.610s] -- Symlinking: /home/jayaaraju/waiter_robot_ws/install/prototype/local/lib/python3.10/dist-packages/prototype-0.0.0-py3.10.egg-info/SOURCES.txt
[16.622s] -- Symlinking: /home/jayaaraju/waiter_robot_ws/install/prototype/local/lib/python3.10/dist-packages/prototype-0.0.0-py3.10.egg-info/dependency_links.txt
[16.634s] -- Symlinking: /home/jayaaraju/waiter_robot_ws/install/prototype/local/lib/python3.10/dist-packages/prototype-0.0.0-py3.10.egg-info/top_level.txt
[16.646s] -- Symlinking: /home/jayaaraju/waiter_robot_ws/install/prototype/local/lib/python3.10/dist-packages/prototype/__init__.py
[16.661s] -- Symlinking: /home/jayaaraju/waiter_robot_ws/install/prototype/local/lib/python3.10/dist-packages/prototype/_prototype_s.ep.rosidl_typesupport_c.c
[16.673s] -- Symlinking: /home/jayaaraju/waiter_robot_ws/install/prototype/local/lib/python3.10/dist-packages/prototype/_prototype_s.ep.rosidl_typesupport_fastrtps_c.c
[16.686s] -- Symlinking: /home/jayaaraju/waiter_robot_ws/install/prototype/local/lib/python3.10/dist-packages/prototype/_prototype_s.ep.rosidl_typesupport_introspection_c.c
[16.698s] -- Symlinking: /home/jayaaraju/waiter_robot_ws/install/prototype/local/lib/python3.10/dist-packages/prototype/action/__init__.py
[16.710s] -- Symlinking: /home/jayaaraju/waiter_robot_ws/install/prototype/local/lib/python3.10/dist-packages/prototype/action/_confirmation.py
[16.722s] -- Symlinking: /home/jayaaraju/waiter_robot_ws/install/prototype/local/lib/python3.10/dist-packages/prototype/action/_confirmation_s.c
[16.733s] -- Symlinking: /home/jayaaraju/waiter_robot_ws/install/prototype/local/lib/python3.10/dist-packages/prototype/action/_food_menu.py
[16.745s] -- Symlinking: /home/jayaaraju/waiter_robot_ws/install/prototype/local/lib/python3.10/dist-packages/prototype/action/_food_menu_s.c
[16.758s] -- Symlinking: /home/jayaaraju/waiter_robot_ws/install/prototype/local/lib/python3.10/dist-packages/prototype/action/_go_to.py
[16.772s] -- Symlinking: /home/jayaaraju/waiter_robot_ws/install/prototype/local/lib/python3.10/dist-packages/prototype/action/_go_to_s.c
[16.784s] -- Symlinking: /home/jayaaraju/waiter_robot_ws/install/prototype/local/lib/python3.10/dist-packages/prototype/libprototype__rosidl_generator_py.so
[16.797s] -- Symlinking: /home/jayaaraju/waiter_robot_ws/install/prototype/local/lib/python3.10/dist-packages/prototype/msg/__init__.py
[16.809s] -- Symlinking: /home/jayaaraju/waiter_robot_ws/install/prototype/local/lib/python3.10/dist-packages/prototype/msg/_food.py
[16.821s] -- Symlinking: /home/jayaaraju/waiter_robot_ws/install/prototype/local/lib/python3.10/dist-packages/prototype/msg/_food_s.c
[16.833s] -- Symlinking: /home/jayaaraju/waiter_robot_ws/install/prototype/local/lib/python3.10/dist-packages/prototype/prototype_s__rosidl_typesupport_c.cpython-310-x86_64-linux-gnu.so
[16.845s] -- Symlinking: /home/jayaaraju/waiter_robot_ws/install/prototype/local/lib/python3.10/dist-packages/prototype/prototype_s__rosidl_typesupport_fastrtps_c.cpython-310-x86_64-linux-gnu.so
[16.857s] -- Symlinking: /home/jayaaraju/waiter_robot_ws/install/prototype/local/lib/python3.10/dist-packages/prototype/prototype_s__rosidl_typesupport_introspection_c.cpython-310-x86_64-linux-gnu.so
[16.871s] -- Up-to-date symlink: /home/jayaaraju/waiter_robot_ws/install/prototype/local/lib/python3.10/dist-packages/prototype/prototype_s__rosidl_typesupport_fastrtps_c.cpython-310-x86_64-linux-gnu.so
[16.871s] -- Up-to-date symlink: /home/jayaaraju/waiter_robot_ws/install/prototype/local/lib/python3.10/dist-packages/prototype/prototype_s__rosidl_typesupport_introspection_c.cpython-310-x86_64-linux-gnu.so
[16.872s] -- Up-to-date symlink: /home/jayaaraju/waiter_robot_ws/install/prototype/local/lib/python3.10/dist-packages/prototype/prototype_s__rosidl_typesupport_c.cpython-310-x86_64-linux-gnu.so
[16.872s] -- Symlinking: /home/jayaaraju/waiter_robot_ws/install/prototype/share/prototype/action/GoTo.idl
[16.884s] -- Symlinking: /home/jayaaraju/waiter_robot_ws/install/prototype/share/prototype/action/FoodMenu.idl
[16.897s] -- Symlinking: /home/jayaaraju/waiter_robot_ws/install/prototype/share/prototype/action/Confirmation.idl
[16.910s] -- Symlinking: /home/jayaaraju/waiter_robot_ws/install/prototype/share/prototype/msg/Food.idl
[16.922s] -- Up-to-date symlink: /home/jayaaraju/waiter_robot_ws/install/prototype/share/prototype/action/GoTo.action
[16.923s] -- Up-to-date symlink: /home/jayaaraju/waiter_robot_ws/install/prototype/share/prototype/action/FoodMenu.action
[16.923s] -- Up-to-date symlink: /home/jayaaraju/waiter_robot_ws/install/prototype/share/prototype/action/Confirmation.action
[16.923s] -- Up-to-date symlink: /home/jayaaraju/waiter_robot_ws/install/prototype/share/prototype/msg/Food.msg
[16.923s] -- Symlinking: /home/jayaaraju/waiter_robot_ws/install/prototype/share/ament_index/resource_index/package_run_dependencies/prototype
[16.935s] -- Symlinking: /home/jayaaraju/waiter_robot_ws/install/prototype/share/ament_index/resource_index/parent_prefix_path/prototype
[16.947s] -- Symlinking: /home/jayaaraju/waiter_robot_ws/install/prototype/share/prototype/environment/ament_prefix_path.sh
[16.961s] -- Symlinking: /home/jayaaraju/waiter_robot_ws/install/prototype/share/prototype/environment/ament_prefix_path.dsv
[16.974s] -- Symlinking: /home/jayaaraju/waiter_robot_ws/install/prototype/share/prototype/environment/path.sh
[16.987s] -- Symlinking: /home/jayaaraju/waiter_robot_ws/install/prototype/share/prototype/environment/path.dsv
[16.998s] -- Symlinking: /home/jayaaraju/waiter_robot_ws/install/prototype/share/prototype/local_setup.bash
[17.011s] -- Symlinking: /home/jayaaraju/waiter_robot_ws/install/prototype/share/prototype/local_setup.sh
[17.023s] -- Symlinking: /home/jayaaraju/waiter_robot_ws/install/prototype/share/prototype/local_setup.zsh
[17.035s] -- Symlinking: /home/jayaaraju/waiter_robot_ws/install/prototype/share/prototype/local_setup.dsv
[17.046s] -- Symlinking: /home/jayaaraju/waiter_robot_ws/install/prototype/share/prototype/package.dsv
[17.060s] -- Symlinking: /home/jayaaraju/waiter_robot_ws/install/prototype/share/ament_index/resource_index/packages/prototype
[17.073s] -- Symlinking: /home/jayaaraju/waiter_robot_ws/install/prototype/share/prototype/cmake/rosidl_cmake-extras.cmake
[17.086s] -- Symlinking: /home/jayaaraju/waiter_robot_ws/install/prototype/share/prototype/cmake/ament_cmake_export_dependencies-extras.cmake
[17.097s] -- Symlinking: /home/jayaaraju/waiter_robot_ws/install/prototype/share/prototype/cmake/ament_cmake_export_include_directories-extras.cmake
[17.110s] -- Symlinking: /home/jayaaraju/waiter_robot_ws/install/prototype/share/prototype/cmake/ament_cmake_export_libraries-extras.cmake
[17.122s] -- Symlinking: /home/jayaaraju/waiter_robot_ws/install/prototype/share/prototype/cmake/ament_cmake_export_targets-extras.cmake
[17.133s] -- Symlinking: /home/jayaaraju/waiter_robot_ws/install/prototype/share/prototype/cmake/rosidl_cmake_export_typesupport_targets-extras.cmake
[17.145s] -- Symlinking: /home/jayaaraju/waiter_robot_ws/install/prototype/share/prototype/cmake/rosidl_cmake_export_typesupport_libraries-extras.cmake
[17.158s] -- Symlinking: /home/jayaaraju/waiter_robot_ws/install/prototype/share/prototype/cmake/prototypeConfig.cmake
[17.171s] -- Symlinking: /home/jayaaraju/waiter_robot_ws/install/prototype/share/prototype/cmake/prototypeConfig-version.cmake
[17.184s] -- Symlinking: /home/jayaaraju/waiter_robot_ws/install/prototype/share/prototype/package.xml
[17.196s] -- Installing: /home/jayaaraju/waiter_robot_ws/install/prototype/lib/libprototype__rosidl_generator_c.so
[17.196s] -- Set runtime path of "/home/jayaaraju/waiter_robot_ws/install/prototype/lib/libprototype__rosidl_generator_c.so" to ""
[17.197s] -- Installing: /home/jayaaraju/waiter_robot_ws/install/prototype/lib/libprototype__rosidl_typesupport_fastrtps_c.so
[17.197s] -- Set runtime path of "/home/jayaaraju/waiter_robot_ws/install/prototype/lib/libprototype__rosidl_typesupport_fastrtps_c.so" to ""
[17.197s] -- Installing: /home/jayaaraju/waiter_robot_ws/install/prototype/lib/libprototype__rosidl_typesupport_fastrtps_cpp.so
[17.197s] -- Set runtime path of "/home/jayaaraju/waiter_robot_ws/install/prototype/lib/libprototype__rosidl_typesupport_fastrtps_cpp.so" to ""
[17.198s] -- Installing: /home/jayaaraju/waiter_robot_ws/install/prototype/lib/libprototype__rosidl_typesupport_introspection_c.so
[17.198s] -- Set runtime path of "/home/jayaaraju/waiter_robot_ws/install/prototype/lib/libprototype__rosidl_typesupport_introspection_c.so" to ""
[17.198s] -- Installing: /home/jayaaraju/waiter_robot_ws/install/prototype/lib/libprototype__rosidl_typesupport_c.so
[17.198s] -- Set runtime path of "/home/jayaaraju/waiter_robot_ws/install/prototype/lib/libprototype__rosidl_typesupport_c.so" to ""
[17.199s] -- Installing: /home/jayaaraju/waiter_robot_ws/install/prototype/lib/libprototype__rosidl_typesupport_introspection_cpp.so
[17.199s] -- Set runtime path of "/home/jayaaraju/waiter_robot_ws/install/prototype/lib/libprototype__rosidl_typesupport_introspection_cpp.so" to ""
[17.199s] -- Installing: /home/jayaaraju/waiter_robot_ws/install/prototype/lib/libprototype__rosidl_typesupport_cpp.so
[17.200s] -- Set runtime path of "/home/jayaaraju/waiter_robot_ws/install/prototype/lib/libprototype__rosidl_typesupport_cpp.so" to ""
[17.277s] Listing '/home/jayaaraju/waiter_robot_ws/install/prototype/local/lib/python3.10/dist-packages/prototype'...
[17.277s] Compiling '/home/jayaaraju/waiter_robot_ws/install/prototype/local/lib/python3.10/dist-packages/prototype/__init__.py'...
[17.277s] Listing '/home/jayaaraju/waiter_robot_ws/install/prototype/local/lib/python3.10/dist-packages/prototype/action'...
[17.277s] Compiling '/home/jayaaraju/waiter_robot_ws/install/prototype/local/lib/python3.10/dist-packages/prototype/action/__init__.py'...
[17.278s] Compiling '/home/jayaaraju/waiter_robot_ws/install/prototype/local/lib/python3.10/dist-packages/prototype/action/_confirmation.py'...
[17.278s] Compiling '/home/jayaaraju/waiter_robot_ws/install/prototype/local/lib/python3.10/dist-packages/prototype/action/_food_menu.py'...
[17.278s] Compiling '/home/jayaaraju/waiter_robot_ws/install/prototype/local/lib/python3.10/dist-packages/prototype/action/_go_to.py'...
[17.278s] Listing '/home/jayaaraju/waiter_robot_ws/install/prototype/local/lib/python3.10/dist-packages/prototype/msg'...
[17.278s] Compiling '/home/jayaaraju/waiter_robot_ws/install/prototype/local/lib/python3.10/dist-packages/prototype/msg/__init__.py'...
[17.278s] Compiling '/home/jayaaraju/waiter_robot_ws/install/prototype/local/lib/python3.10/dist-packages/prototype/msg/_food.py'...
[17.283s] -- Installing: /home/jayaaraju/waiter_robot_ws/install/prototype/lib/libprototype__rosidl_generator_py.so
[17.284s] -- Set runtime path of "/home/jayaaraju/waiter_robot_ws/install/prototype/lib/libprototype__rosidl_generator_py.so" to ""
[17.284s] -- Installing: /home/jayaaraju/waiter_robot_ws/install/prototype/share/prototype/cmake/export_prototype__rosidl_generator_cExport.cmake
[17.284s] -- Installing: /home/jayaaraju/waiter_robot_ws/install/prototype/share/prototype/cmake/export_prototype__rosidl_generator_cExport-noconfig.cmake
[17.284s] -- Installing: /home/jayaaraju/waiter_robot_ws/install/prototype/share/prototype/cmake/export_prototype__rosidl_typesupport_fastrtps_cExport.cmake
[17.284s] -- Installing: /home/jayaaraju/waiter_robot_ws/install/prototype/share/prototype/cmake/export_prototype__rosidl_typesupport_fastrtps_cExport-noconfig.cmake
[17.284s] -- Installing: /home/jayaaraju/waiter_robot_ws/install/prototype/share/prototype/cmake/export_prototype__rosidl_generator_cppExport.cmake
[17.285s] -- Installing: /home/jayaaraju/waiter_robot_ws/install/prototype/share/prototype/cmake/export_prototype__rosidl_typesupport_fastrtps_cppExport.cmake
[17.285s] -- Installing: /home/jayaaraju/waiter_robot_ws/install/prototype/share/prototype/cmake/export_prototype__rosidl_typesupport_fastrtps_cppExport-noconfig.cmake
[17.285s] -- Installing: /home/jayaaraju/waiter_robot_ws/install/prototype/share/prototype/cmake/prototype__rosidl_typesupport_introspection_cExport.cmake
[17.285s] -- Installing: /home/jayaaraju/waiter_robot_ws/install/prototype/share/prototype/cmake/prototype__rosidl_typesupport_introspection_cExport-noconfig.cmake
[17.285s] -- Installing: /home/jayaaraju/waiter_robot_ws/install/prototype/share/prototype/cmake/prototype__rosidl_typesupport_cExport.cmake
[17.286s] -- Installing: /home/jayaaraju/waiter_robot_ws/install/prototype/share/prototype/cmake/prototype__rosidl_typesupport_cExport-noconfig.cmake
[17.286s] -- Installing: /home/jayaaraju/waiter_robot_ws/install/prototype/share/prototype/cmake/prototype__rosidl_typesupport_introspection_cppExport.cmake
[17.286s] -- Installing: /home/jayaaraju/waiter_robot_ws/install/prototype/share/prototype/cmake/prototype__rosidl_typesupport_introspection_cppExport-noconfig.cmake
[17.286s] -- Installing: /home/jayaaraju/waiter_robot_ws/install/prototype/share/prototype/cmake/prototype__rosidl_typesupport_cppExport.cmake
[17.287s] -- Installing: /home/jayaaraju/waiter_robot_ws/install/prototype/share/prototype/cmake/prototype__rosidl_typesupport_cppExport-noconfig.cmake
[17.287s] -- Installing: /home/jayaaraju/waiter_robot_ws/install/prototype/share/prototype/cmake/export_prototype__rosidl_generator_pyExport.cmake
[17.287s] -- Installing: /home/jayaaraju/waiter_robot_ws/install/prototype/share/prototype/cmake/export_prototype__rosidl_generator_pyExport-noconfig.cmake
[17.290s] Invoked command in '/home/jayaaraju/waiter_robot_ws/build/prototype' returned '0': CMAKE_PREFIX_PATH=/home/jayaaraju/waiter_robot_ws/install/waiter_tree:/home/jayaaraju/waiter_robot_ws/install/ros2_mapping:/home/jayaaraju/waiter_robot_ws/install/prototype:/home/jayaaraju/waiter_robot_ws/install/navigator_planner:/home/jayaaraju/waiter_robot_ws/install/motor_control:/home/jayaaraju/bt_demo/install/simple_bt:/home/jayaaraju/bt_demo/install/behaviortree_cpp:/home/jayaaraju/code_ws/install/udemy:/home/jayaaraju/nav_ws/install/sattva_bot:/home/jayaaraju/nav_ws/install/ros2_mapping:/home/jayaaraju/nav_ws/install/opennav_docking:/home/jayaaraju/proto_ws/install/sattva_bot:/home/jayaaraju/proto_ws/install/prototype:/home/jayaaraju/proto_ws/install/pallet_loader:/home/jayaaraju/waiter_robot_ws/install/py_trees_ros_tutorials:/home/jayaaraju/ros2_ws/install/my_robot_controller:/home/jayaaraju/ros2_ws/src/install/my_robot_controller:/home/jayaaraju/pallet_ws/install/yolov5_ros:/opt/ros/humble:/home/jayaaraju/pallet_ws/install/serial:/home/jayaaraju/pallet_ws/install/pallet_loader:/home/jayaaraju/pallet_ws/install/bboxes_ex_msgs:/home/jayaaraju/main_ws/install/two_wheeled_robot:/home/jayaaraju/main_ws/install/sllidar_ros2:/home/jayaaraju/main_ws/install/ros2_control_test_assets:/home/jayaaraju/main_ws/install/ros2_control_demo_description:/home/jayaaraju/main_ws/install/my_own_robot:/home/jayaaraju/prototype/prototype/install/serial_driver:/home/jayaaraju/prototype/prototype/install/prototype:/home/jayaaraju/prototype/prototype/install/motor_control:/home/jayaaraju/prototype/prototype/install/io_context:/home/jayaaraju/prototype/prototype/install/asio_cmake_module:/home/jayaaraju/led_ws/install/led_node /usr/bin/cmake --install /home/jayaaraju/waiter_robot_ws/build/prototype
