[0.022s] Invoking command in '/home/jayaaraju/waiter_robot_ws/build/prototype': CMAKE_PREFIX_PATH=/home/jayaaraju/waiter_robot_ws/install/waiter_tree:/home/jayaaraju/waiter_robot_ws/install/ros2_mapping:/home/jayaaraju/waiter_robot_ws/install/prototype:/home/jayaaraju/waiter_robot_ws/install/navigator_planner:/home/jayaaraju/waiter_robot_ws/install/motor_control:/home/jayaaraju/bt_demo/install/simple_bt:/home/jayaaraju/bt_demo/install/behaviortree_cpp:/home/jayaaraju/code_ws/install/udemy:/home/jayaaraju/nav_ws/install/sattva_bot:/home/jayaaraju/nav_ws/install/ros2_mapping:/home/jayaaraju/nav_ws/install/opennav_docking:/home/jayaaraju/proto_ws/install/sattva_bot:/home/jayaaraju/proto_ws/install/prototype:/home/jayaaraju/proto_ws/install/pallet_loader:/home/jayaaraju/waiter_robot_ws/install/py_trees_ros_tutorials:/home/jayaaraju/ros2_ws/install/my_robot_controller:/home/jayaaraju/ros2_ws/src/install/my_robot_controller:/home/jayaaraju/pallet_ws/install/yolov5_ros:/opt/ros/humble:/home/jayaaraju/pallet_ws/install/serial:/home/jayaaraju/pallet_ws/install/pallet_loader:/home/jayaaraju/pallet_ws/install/bboxes_ex_msgs:/home/jayaaraju/main_ws/install/two_wheeled_robot:/home/jayaaraju/main_ws/install/sllidar_ros2:/home/jayaaraju/main_ws/install/ros2_control_test_assets:/home/jayaaraju/main_ws/install/ros2_control_demo_description:/home/jayaaraju/main_ws/install/my_own_robot:/home/jayaaraju/prototype/prototype/install/serial_driver:/home/jayaaraju/prototype/prototype/install/prototype:/home/jayaaraju/prototype/prototype/install/motor_control:/home/jayaaraju/prototype/prototype/install/io_context:/home/jayaaraju/prototype/prototype/install/asio_cmake_module:/home/jayaaraju/led_ws/install/led_node /usr/bin/cmake --build /home/jayaaraju/waiter_robot_ws/build/prototype -- -j8 -l8
[0.056s] -- Found ament_cmake: 1.3.9 (/opt/ros/humble/share/ament_cmake/cmake)
[0.225s] -- Override CMake install command with custom implementation using symlinks instead of copying resources
[0.235s] -- Found rclpy: 3.3.13 (/opt/ros/humble/share/rclpy/cmake)
[0.235s] -- Found std_srvs: 4.2.4 (/opt/ros/humble/share/std_srvs/cmake)
[0.265s] -- Found rosidl_generator_c: 3.1.5 (/opt/ros/humble/share/rosidl_generator_c/cmake)
[0.267s] -- Found rosidl_adapter: 3.1.5 (/opt/ros/humble/share/rosidl_adapter/cmake)
[0.274s] -- Found rosidl_generator_cpp: 3.1.5 (/opt/ros/humble/share/rosidl_generator_cpp/cmake)
[0.287s] -- Using all available rosidl_typesupport_c: rosidl_typesupport_fastrtps_c;rosidl_typesupport_introspection_c
[0.304s] -- Using all available rosidl_typesupport_cpp: rosidl_typesupport_fastrtps_cpp;rosidl_typesupport_introspection_cpp
[0.321s] -- Found std_msgs: 4.2.4 (/opt/ros/humble/share/std_msgs/cmake)
[0.383s] -- Found rosidl_default_generators: 1.2.0 (/opt/ros/humble/share/rosidl_default_generators/cmake)
[0.905s] -- Found ament_cmake_ros: 0.10.0 (/opt/ros/humble/share/ament_cmake_ros/cmake)
[1.382s] -- Using all available rosidl_typesupport_c: rosidl_typesupport_fastrtps_c;rosidl_typesupport_introspection_c
[1.575s] -- Using all available rosidl_typesupport_cpp: rosidl_typesupport_fastrtps_cpp;rosidl_typesupport_introspection_cpp
[1.606s] -- Found python_cmake_module: 0.10.0 (/opt/ros/humble/share/python_cmake_module/cmake)
[1.642s] -- Using PYTHON_EXECUTABLE: /usr/bin/python3
[1.642s] -- Using PYTHON_INCLUDE_DIRS: /usr/include/python3.10
[1.642s] -- Using PYTHON_LIBRARIES: /usr/lib/x86_64-linux-gnu/libpython3.10.so
[1.699s] -- Found ament_lint_auto: 0.12.11 (/opt/ros/humble/share/ament_lint_auto/cmake)
[1.709s] -- Added test 'copyright' to check source files copyright and LICENSE
[1.712s] -- Added test 'flake8' to check Python code syntax and style conventions
[1.714s] -- Added test 'lint_cmake' to check CMake code style
[1.714s] -- Added test 'pep257' to check Python code against some of the docstring style conventions in PEP 257
[1.716s] -- Added test 'xmllint' to check XML markup files
[1.720s] -- Configuring done
[1.764s] -- Generating done
[1.767s] -- Build files have been written to: /home/jayaaraju/waiter_robot_ws/build/prototype
[1.803s] [35m[1mConsolidate compiler generated dependencies of target prototype__rosidl_generator_c[0m
[1.817s] [  1%] Built target prototype__cpp
[1.823s] [ 12%] Built target prototype__rosidl_generator_c
[1.833s] [ 12%] Built target ament_cmake_python_symlink_prototype
[1.841s] [35m[1mConsolidate compiler generated dependencies of target prototype__rosidl_typesupport_cpp[0m
[1.842s] [35m[1mConsolidate compiler generated dependencies of target prototype__rosidl_typesupport_fastrtps_cpp[0m
[1.845s] [35m[1mConsolidate compiler generated dependencies of target prototype__rosidl_typesupport_introspection_cpp[0m
[1.848s] [35m[1mConsolidate compiler generated dependencies of target prototype__rosidl_typesupport_introspection_c[0m
[1.849s] [35m[1mConsolidate compiler generated dependencies of target prototype__rosidl_typesupport_c[0m
[1.849s] [35m[1mConsolidate compiler generated dependencies of target prototype__rosidl_typesupport_fastrtps_c[0m
[1.874s] [ 25%] Built target prototype__rosidl_typesupport_introspection_c
[1.874s] [ 34%] Built target prototype__rosidl_typesupport_cpp
[1.878s] [ 49%] Built target prototype__rosidl_typesupport_c
[1.878s] [ 56%] Built target prototype__rosidl_typesupport_introspection_cpp
[1.879s] [ 67%] Built target prototype__rosidl_typesupport_fastrtps_cpp
[1.886s] [ 78%] Built target prototype__rosidl_typesupport_fastrtps_c
[1.917s] [ 78%] Built target prototype
[1.949s] [ 80%] Built target prototype__py
[1.965s] [35m[1mConsolidate compiler generated dependencies of target prototype__rosidl_generator_py[0m
[1.985s] [ 89%] Built target prototype__rosidl_generator_py
[1.999s] [35m[1mConsolidate compiler generated dependencies of target prototype__rosidl_typesupport_fastrtps_c__pyext[0m
[2.000s] [35m[1mConsolidate compiler generated dependencies of target prototype__rosidl_typesupport_introspection_c__pyext[0m
[2.000s] [35m[1mConsolidate compiler generated dependencies of target prototype__rosidl_typesupport_c__pyext[0m
[2.020s] [ 92%] Built target prototype__rosidl_typesupport_c__pyext
[2.022s] [100%] Built target prototype__rosidl_typesupport_introspection_c__pyext
[2.022s] [100%] Built target prototype__rosidl_typesupport_fastrtps_c__pyext
[2.252s] running egg_info
[2.253s] writing prototype.egg-info/PKG-INFO
[2.253s] writing dependency_links to prototype.egg-info/dependency_links.txt
[2.253s] writing top-level names to prototype.egg-info/top_level.txt
[2.256s] reading manifest file 'prototype.egg-info/SOURCES.txt'
[2.256s] writing manifest file 'prototype.egg-info/SOURCES.txt'
[2.303s] [100%] Built target ament_cmake_python_build_prototype_egg
[2.321s] Invoked command in '/home/jayaaraju/waiter_robot_ws/build/prototype' returned '0': CMAKE_PREFIX_PATH=/home/jayaaraju/waiter_robot_ws/install/waiter_tree:/home/jayaaraju/waiter_robot_ws/install/ros2_mapping:/home/jayaaraju/waiter_robot_ws/install/prototype:/home/jayaaraju/waiter_robot_ws/install/navigator_planner:/home/jayaaraju/waiter_robot_ws/install/motor_control:/home/jayaaraju/bt_demo/install/simple_bt:/home/jayaaraju/bt_demo/install/behaviortree_cpp:/home/jayaaraju/code_ws/install/udemy:/home/jayaaraju/nav_ws/install/sattva_bot:/home/jayaaraju/nav_ws/install/ros2_mapping:/home/jayaaraju/nav_ws/install/opennav_docking:/home/jayaaraju/proto_ws/install/sattva_bot:/home/jayaaraju/proto_ws/install/prototype:/home/jayaaraju/proto_ws/install/pallet_loader:/home/jayaaraju/waiter_robot_ws/install/py_trees_ros_tutorials:/home/jayaaraju/ros2_ws/install/my_robot_controller:/home/jayaaraju/ros2_ws/src/install/my_robot_controller:/home/jayaaraju/pallet_ws/install/yolov5_ros:/opt/ros/humble:/home/jayaaraju/pallet_ws/install/serial:/home/jayaaraju/pallet_ws/install/pallet_loader:/home/jayaaraju/pallet_ws/install/bboxes_ex_msgs:/home/jayaaraju/main_ws/install/two_wheeled_robot:/home/jayaaraju/main_ws/install/sllidar_ros2:/home/jayaaraju/main_ws/install/ros2_control_test_assets:/home/jayaaraju/main_ws/install/ros2_control_demo_description:/home/jayaaraju/main_ws/install/my_own_robot:/home/jayaaraju/prototype/prototype/install/serial_driver:/home/jayaaraju/prototype/prototype/install/prototype:/home/jayaaraju/prototype/prototype/install/motor_control:/home/jayaaraju/prototype/prototype/install/io_context:/home/jayaaraju/prototype/prototype/install/asio_cmake_module:/home/jayaaraju/led_ws/install/led_node /usr/bin/cmake --build /home/jayaaraju/waiter_robot_ws/build/prototype -- -j8 -l8
[2.528s] Invoking command in '/home/jayaaraju/waiter_robot_ws/build/prototype': CMAKE_PREFIX_PATH=/home/jayaaraju/waiter_robot_ws/install/waiter_tree:/home/jayaaraju/waiter_robot_ws/install/ros2_mapping:/home/jayaaraju/waiter_robot_ws/install/prototype:/home/jayaaraju/waiter_robot_ws/install/navigator_planner:/home/jayaaraju/waiter_robot_ws/install/motor_control:/home/jayaaraju/bt_demo/install/simple_bt:/home/jayaaraju/bt_demo/install/behaviortree_cpp:/home/jayaaraju/code_ws/install/udemy:/home/jayaaraju/nav_ws/install/sattva_bot:/home/jayaaraju/nav_ws/install/ros2_mapping:/home/jayaaraju/nav_ws/install/opennav_docking:/home/jayaaraju/proto_ws/install/sattva_bot:/home/jayaaraju/proto_ws/install/prototype:/home/jayaaraju/proto_ws/install/pallet_loader:/home/jayaaraju/waiter_robot_ws/install/py_trees_ros_tutorials:/home/jayaaraju/ros2_ws/install/my_robot_controller:/home/jayaaraju/ros2_ws/src/install/my_robot_controller:/home/jayaaraju/pallet_ws/install/yolov5_ros:/opt/ros/humble:/home/jayaaraju/pallet_ws/install/serial:/home/jayaaraju/pallet_ws/install/pallet_loader:/home/jayaaraju/pallet_ws/install/bboxes_ex_msgs:/home/jayaaraju/main_ws/install/two_wheeled_robot:/home/jayaaraju/main_ws/install/sllidar_ros2:/home/jayaaraju/main_ws/install/ros2_control_test_assets:/home/jayaaraju/main_ws/install/ros2_control_demo_description:/home/jayaaraju/main_ws/install/my_own_robot:/home/jayaaraju/prototype/prototype/install/serial_driver:/home/jayaaraju/prototype/prototype/install/prototype:/home/jayaaraju/prototype/prototype/install/motor_control:/home/jayaaraju/prototype/prototype/install/io_context:/home/jayaaraju/prototype/prototype/install/asio_cmake_module:/home/jayaaraju/led_ws/install/led_node /usr/bin/cmake --install /home/jayaaraju/waiter_robot_ws/build/prototype
[2.537s] -- Install configuration: ""
[2.538s] -- Execute custom install script
[2.539s] -- Symlinking: /home/jayaaraju/waiter_robot_ws/install/prototype/share/prototype//launch/rsp_launch.py
[2.551s] -- Up-to-date symlink: /home/jayaaraju/waiter_robot_ws/install/prototype/share/prototype//action/Confirmation.action
[2.552s] -- Up-to-date symlink: /home/jayaaraju/waiter_robot_ws/install/prototype/share/prototype//action/FoodMenu.action
[2.552s] -- Up-to-date symlink: /home/jayaaraju/waiter_robot_ws/install/prototype/share/prototype//action/GoTo.action
[2.552s] -- Up-to-date symlink: /home/jayaaraju/waiter_robot_ws/install/prototype/share/prototype//action/singlemo.pdf
[2.552s] -- Up-to-date symlink: /home/jayaaraju/waiter_robot_ws/install/prototype/share/prototype//msg/DistanceAngle.msg
[2.552s] -- Up-to-date symlink: /home/jayaaraju/waiter_robot_ws/install/prototype/share/prototype//msg/Food.msg
[2.552s] -- Up-to-date symlink: /home/jayaaraju/waiter_robot_ws/install/prototype/share/ament_index/resource_index/rosidl_interfaces/prototype
[2.553s] -- Up-to-date symlink: /home/jayaaraju/waiter_robot_ws/install/prototype/include/prototype/prototype/action/confirmation.h
[2.553s] -- Up-to-date symlink: /home/jayaaraju/waiter_robot_ws/install/prototype/include/prototype/prototype/action/detail/confirmation__functions.h
[2.553s] -- Up-to-date symlink: /home/jayaaraju/waiter_robot_ws/install/prototype/include/prototype/prototype/action/detail/confirmation__struct.h
[2.553s] -- Up-to-date symlink: /home/jayaaraju/waiter_robot_ws/install/prototype/include/prototype/prototype/action/detail/confirmation__type_support.h
[2.553s] -- Up-to-date symlink: /home/jayaaraju/waiter_robot_ws/install/prototype/include/prototype/prototype/action/detail/food_menu__functions.h
[2.553s] -- Up-to-date symlink: /home/jayaaraju/waiter_robot_ws/install/prototype/include/prototype/prototype/action/detail/food_menu__struct.h
[2.554s] -- Up-to-date symlink: /home/jayaaraju/waiter_robot_ws/install/prototype/include/prototype/prototype/action/detail/food_menu__type_support.h
[2.554s] -- Up-to-date symlink: /home/jayaaraju/waiter_robot_ws/install/prototype/include/prototype/prototype/action/detail/go_to__functions.h
[2.554s] -- Up-to-date symlink: /home/jayaaraju/waiter_robot_ws/install/prototype/include/prototype/prototype/action/detail/go_to__struct.h
[2.554s] -- Up-to-date symlink: /home/jayaaraju/waiter_robot_ws/install/prototype/include/prototype/prototype/action/detail/go_to__type_support.h
[2.554s] -- Up-to-date symlink: /home/jayaaraju/waiter_robot_ws/install/prototype/include/prototype/prototype/action/food_menu.h
[2.554s] -- Up-to-date symlink: /home/jayaaraju/waiter_robot_ws/install/prototype/include/prototype/prototype/action/go_to.h
[2.554s] -- Up-to-date symlink: /home/jayaaraju/waiter_robot_ws/install/prototype/include/prototype/prototype/msg/detail/food__functions.h
[2.555s] -- Up-to-date symlink: /home/jayaaraju/waiter_robot_ws/install/prototype/include/prototype/prototype/msg/detail/food__struct.h
[2.555s] -- Up-to-date symlink: /home/jayaaraju/waiter_robot_ws/install/prototype/include/prototype/prototype/msg/detail/food__type_support.h
[2.555s] -- Up-to-date symlink: /home/jayaaraju/waiter_robot_ws/install/prototype/include/prototype/prototype/msg/food.h
[2.555s] -- Up-to-date symlink: /home/jayaaraju/waiter_robot_ws/install/prototype/include/prototype/prototype/msg/rosidl_generator_c__visibility_control.h
[2.555s] -- Up-to-date symlink: /home/jayaaraju/waiter_robot_ws/install/prototype/share/prototype/environment/library_path.sh
[2.555s] -- Up-to-date symlink: /home/jayaaraju/waiter_robot_ws/install/prototype/share/prototype/environment/library_path.dsv
[2.556s] -- Up-to-date symlink: /home/jayaaraju/waiter_robot_ws/install/prototype/include/prototype/prototype/action/detail/confirmation__rosidl_typesupport_fastrtps_c.h
[2.556s] -- Up-to-date symlink: /home/jayaaraju/waiter_robot_ws/install/prototype/include/prototype/prototype/action/detail/food_menu__rosidl_typesupport_fastrtps_c.h
[2.556s] -- Up-to-date symlink: /home/jayaaraju/waiter_robot_ws/install/prototype/include/prototype/prototype/action/detail/go_to__rosidl_typesupport_fastrtps_c.h
[2.556s] -- Up-to-date symlink: /home/jayaaraju/waiter_robot_ws/install/prototype/include/prototype/prototype/msg/detail/food__rosidl_typesupport_fastrtps_c.h
[2.556s] -- Up-to-date symlink: /home/jayaaraju/waiter_robot_ws/install/prototype/include/prototype/prototype/msg/rosidl_typesupport_fastrtps_c__visibility_control.h
[2.557s] -- Up-to-date symlink: /home/jayaaraju/waiter_robot_ws/install/prototype/include/prototype/prototype/action/confirmation.hpp
[2.557s] -- Up-to-date symlink: /home/jayaaraju/waiter_robot_ws/install/prototype/include/prototype/prototype/action/detail/confirmation__builder.hpp
[2.557s] -- Up-to-date symlink: /home/jayaaraju/waiter_robot_ws/install/prototype/include/prototype/prototype/action/detail/confirmation__struct.hpp
[2.557s] -- Up-to-date symlink: /home/jayaaraju/waiter_robot_ws/install/prototype/include/prototype/prototype/action/detail/confirmation__traits.hpp
[2.557s] -- Up-to-date symlink: /home/jayaaraju/waiter_robot_ws/install/prototype/include/prototype/prototype/action/detail/food_menu__builder.hpp
[2.557s] -- Up-to-date symlink: /home/jayaaraju/waiter_robot_ws/install/prototype/include/prototype/prototype/action/detail/food_menu__struct.hpp
[2.558s] -- Up-to-date symlink: /home/jayaaraju/waiter_robot_ws/install/prototype/include/prototype/prototype/action/detail/food_menu__traits.hpp
[2.558s] -- Up-to-date symlink: /home/jayaaraju/waiter_robot_ws/install/prototype/include/prototype/prototype/action/detail/go_to__builder.hpp
[2.558s] -- Up-to-date symlink: /home/jayaaraju/waiter_robot_ws/install/prototype/include/prototype/prototype/action/detail/go_to__struct.hpp
[2.558s] -- Up-to-date symlink: /home/jayaaraju/waiter_robot_ws/install/prototype/include/prototype/prototype/action/detail/go_to__traits.hpp
[2.558s] -- Up-to-date symlink: /home/jayaaraju/waiter_robot_ws/install/prototype/include/prototype/prototype/action/food_menu.hpp
[2.558s] -- Up-to-date symlink: /home/jayaaraju/waiter_robot_ws/install/prototype/include/prototype/prototype/action/go_to.hpp
[2.559s] -- Up-to-date symlink: /home/jayaaraju/waiter_robot_ws/install/prototype/include/prototype/prototype/msg/detail/food__builder.hpp
[2.559s] -- Up-to-date symlink: /home/jayaaraju/waiter_robot_ws/install/prototype/include/prototype/prototype/msg/detail/food__struct.hpp
[2.559s] -- Up-to-date symlink: /home/jayaaraju/waiter_robot_ws/install/prototype/include/prototype/prototype/msg/detail/food__traits.hpp
[2.559s] -- Up-to-date symlink: /home/jayaaraju/waiter_robot_ws/install/prototype/include/prototype/prototype/msg/food.hpp
[2.560s] -- Up-to-date symlink: /home/jayaaraju/waiter_robot_ws/install/prototype/include/prototype/prototype/action/detail/confirmation__rosidl_typesupport_fastrtps_cpp.hpp
[2.560s] -- Up-to-date symlink: /home/jayaaraju/waiter_robot_ws/install/prototype/include/prototype/prototype/action/detail/food_menu__rosidl_typesupport_fastrtps_cpp.hpp
[2.560s] -- Up-to-date symlink: /home/jayaaraju/waiter_robot_ws/install/prototype/include/prototype/prototype/action/detail/go_to__rosidl_typesupport_fastrtps_cpp.hpp
[2.560s] -- Up-to-date symlink: /home/jayaaraju/waiter_robot_ws/install/prototype/include/prototype/prototype/msg/detail/food__rosidl_typesupport_fastrtps_cpp.hpp
[2.560s] -- Up-to-date symlink: /home/jayaaraju/waiter_robot_ws/install/prototype/include/prototype/prototype/msg/rosidl_typesupport_fastrtps_cpp__visibility_control.h
[2.561s] -- Up-to-date symlink: /home/jayaaraju/waiter_robot_ws/install/prototype/include/prototype/prototype/action/detail/confirmation__rosidl_typesupport_introspection_c.h
[2.561s] -- Up-to-date symlink: /home/jayaaraju/waiter_robot_ws/install/prototype/include/prototype/prototype/action/detail/food_menu__rosidl_typesupport_introspection_c.h
[2.562s] -- Up-to-date symlink: /home/jayaaraju/waiter_robot_ws/install/prototype/include/prototype/prototype/action/detail/go_to__rosidl_typesupport_introspection_c.h
[2.562s] -- Up-to-date symlink: /home/jayaaraju/waiter_robot_ws/install/prototype/include/prototype/prototype/msg/detail/food__rosidl_typesupport_introspection_c.h
[2.562s] -- Up-to-date symlink: /home/jayaaraju/waiter_robot_ws/install/prototype/include/prototype/prototype/msg/rosidl_typesupport_introspection_c__visibility_control.h
[2.562s] -- Up-to-date symlink: /home/jayaaraju/waiter_robot_ws/install/prototype/include/prototype/prototype/action/detail/confirmation__rosidl_typesupport_introspection_cpp.hpp
[2.563s] -- Up-to-date symlink: /home/jayaaraju/waiter_robot_ws/install/prototype/include/prototype/prototype/action/detail/food_menu__rosidl_typesupport_introspection_cpp.hpp
[2.563s] -- Up-to-date symlink: /home/jayaaraju/waiter_robot_ws/install/prototype/include/prototype/prototype/action/detail/go_to__rosidl_typesupport_introspection_cpp.hpp
[2.563s] -- Up-to-date symlink: /home/jayaaraju/waiter_robot_ws/install/prototype/include/prototype/prototype/msg/detail/food__rosidl_typesupport_introspection_cpp.hpp
[2.563s] -- Up-to-date symlink: /home/jayaaraju/waiter_robot_ws/install/prototype/share/prototype/environment/pythonpath.sh
[2.564s] -- Up-to-date symlink: /home/jayaaraju/waiter_robot_ws/install/prototype/share/prototype/environment/pythonpath.dsv
[2.564s] -- Up-to-date symlink: /home/jayaaraju/waiter_robot_ws/install/prototype/local/lib/python3.10/dist-packages/prototype-0.0.0-py3.10.egg-info/PKG-INFO
[2.564s] -- Up-to-date symlink: /home/jayaaraju/waiter_robot_ws/install/prototype/local/lib/python3.10/dist-packages/prototype-0.0.0-py3.10.egg-info/SOURCES.txt
[2.564s] -- Up-to-date symlink: /home/jayaaraju/waiter_robot_ws/install/prototype/local/lib/python3.10/dist-packages/prototype-0.0.0-py3.10.egg-info/dependency_links.txt
[2.565s] -- Up-to-date symlink: /home/jayaaraju/waiter_robot_ws/install/prototype/local/lib/python3.10/dist-packages/prototype-0.0.0-py3.10.egg-info/top_level.txt
[2.566s] -- Up-to-date symlink: /home/jayaaraju/waiter_robot_ws/install/prototype/local/lib/python3.10/dist-packages/prototype/__init__.py
[2.566s] -- Up-to-date symlink: /home/jayaaraju/waiter_robot_ws/install/prototype/local/lib/python3.10/dist-packages/prototype/_prototype_s.ep.rosidl_typesupport_c.c
[2.566s] -- Up-to-date symlink: /home/jayaaraju/waiter_robot_ws/install/prototype/local/lib/python3.10/dist-packages/prototype/_prototype_s.ep.rosidl_typesupport_fastrtps_c.c
[2.566s] -- Up-to-date symlink: /home/jayaaraju/waiter_robot_ws/install/prototype/local/lib/python3.10/dist-packages/prototype/_prototype_s.ep.rosidl_typesupport_introspection_c.c
[2.566s] -- Up-to-date symlink: /home/jayaaraju/waiter_robot_ws/install/prototype/local/lib/python3.10/dist-packages/prototype/action/__init__.py
[2.567s] -- Up-to-date symlink: /home/jayaaraju/waiter_robot_ws/install/prototype/local/lib/python3.10/dist-packages/prototype/action/_confirmation.py
[2.567s] -- Up-to-date symlink: /home/jayaaraju/waiter_robot_ws/install/prototype/local/lib/python3.10/dist-packages/prototype/action/_confirmation_s.c
[2.567s] -- Up-to-date symlink: /home/jayaaraju/waiter_robot_ws/install/prototype/local/lib/python3.10/dist-packages/prototype/action/_food_menu.py
[2.567s] -- Up-to-date symlink: /home/jayaaraju/waiter_robot_ws/install/prototype/local/lib/python3.10/dist-packages/prototype/action/_food_menu_s.c
[2.567s] -- Up-to-date symlink: /home/jayaaraju/waiter_robot_ws/install/prototype/local/lib/python3.10/dist-packages/prototype/action/_go_to.py
[2.567s] -- Up-to-date symlink: /home/jayaaraju/waiter_robot_ws/install/prototype/local/lib/python3.10/dist-packages/prototype/action/_go_to_s.c
[2.568s] -- Up-to-date symlink: /home/jayaaraju/waiter_robot_ws/install/prototype/local/lib/python3.10/dist-packages/prototype/libprototype__rosidl_generator_py.so
[2.568s] -- Up-to-date symlink: /home/jayaaraju/waiter_robot_ws/install/prototype/local/lib/python3.10/dist-packages/prototype/msg/__init__.py
[2.568s] -- Up-to-date symlink: /home/jayaaraju/waiter_robot_ws/install/prototype/local/lib/python3.10/dist-packages/prototype/msg/_food.py
[2.568s] -- Up-to-date symlink: /home/jayaaraju/waiter_robot_ws/install/prototype/local/lib/python3.10/dist-packages/prototype/msg/_food_s.c
[2.569s] -- Up-to-date symlink: /home/jayaaraju/waiter_robot_ws/install/prototype/local/lib/python3.10/dist-packages/prototype/prototype_s__rosidl_typesupport_c.cpython-310-x86_64-linux-gnu.so
[2.569s] -- Up-to-date symlink: /home/jayaaraju/waiter_robot_ws/install/prototype/local/lib/python3.10/dist-packages/prototype/prototype_s__rosidl_typesupport_fastrtps_c.cpython-310-x86_64-linux-gnu.so
[2.569s] -- Up-to-date symlink: /home/jayaaraju/waiter_robot_ws/install/prototype/local/lib/python3.10/dist-packages/prototype/prototype_s__rosidl_typesupport_introspection_c.cpython-310-x86_64-linux-gnu.so
[2.569s] -- Up-to-date symlink: /home/jayaaraju/waiter_robot_ws/install/prototype/local/lib/python3.10/dist-packages/prototype/prototype_s__rosidl_typesupport_fastrtps_c.cpython-310-x86_64-linux-gnu.so
[2.570s] -- Up-to-date symlink: /home/jayaaraju/waiter_robot_ws/install/prototype/local/lib/python3.10/dist-packages/prototype/prototype_s__rosidl_typesupport_introspection_c.cpython-310-x86_64-linux-gnu.so
[2.570s] -- Up-to-date symlink: /home/jayaaraju/waiter_robot_ws/install/prototype/local/lib/python3.10/dist-packages/prototype/prototype_s__rosidl_typesupport_c.cpython-310-x86_64-linux-gnu.so
[2.570s] -- Up-to-date symlink: /home/jayaaraju/waiter_robot_ws/install/prototype/share/prototype/action/GoTo.idl
[2.571s] -- Up-to-date symlink: /home/jayaaraju/waiter_robot_ws/install/prototype/share/prototype/action/FoodMenu.idl
[2.571s] -- Up-to-date symlink: /home/jayaaraju/waiter_robot_ws/install/prototype/share/prototype/action/Confirmation.idl
[2.571s] -- Up-to-date symlink: /home/jayaaraju/waiter_robot_ws/install/prototype/share/prototype/msg/Food.idl
[2.571s] -- Up-to-date symlink: /home/jayaaraju/waiter_robot_ws/install/prototype/share/prototype/action/GoTo.action
[2.571s] -- Up-to-date symlink: /home/jayaaraju/waiter_robot_ws/install/prototype/share/prototype/action/FoodMenu.action
[2.572s] -- Up-to-date symlink: /home/jayaaraju/waiter_robot_ws/install/prototype/share/prototype/action/Confirmation.action
[2.572s] -- Up-to-date symlink: /home/jayaaraju/waiter_robot_ws/install/prototype/share/prototype/msg/Food.msg
[2.572s] -- Up-to-date symlink: /home/jayaaraju/waiter_robot_ws/install/prototype/share/ament_index/resource_index/package_run_dependencies/prototype
[2.572s] -- Up-to-date symlink: /home/jayaaraju/waiter_robot_ws/install/prototype/share/ament_index/resource_index/parent_prefix_path/prototype
[2.572s] -- Up-to-date symlink: /home/jayaaraju/waiter_robot_ws/install/prototype/share/prototype/environment/ament_prefix_path.sh
[2.573s] -- Up-to-date symlink: /home/jayaaraju/waiter_robot_ws/install/prototype/share/prototype/environment/ament_prefix_path.dsv
[2.573s] -- Up-to-date symlink: /home/jayaaraju/waiter_robot_ws/install/prototype/share/prototype/environment/path.sh
[2.573s] -- Up-to-date symlink: /home/jayaaraju/waiter_robot_ws/install/prototype/share/prototype/environment/path.dsv
[2.573s] -- Up-to-date symlink: /home/jayaaraju/waiter_robot_ws/install/prototype/share/prototype/local_setup.bash
[2.573s] -- Up-to-date symlink: /home/jayaaraju/waiter_robot_ws/install/prototype/share/prototype/local_setup.sh
[2.574s] -- Up-to-date symlink: /home/jayaaraju/waiter_robot_ws/install/prototype/share/prototype/local_setup.zsh
[2.574s] -- Up-to-date symlink: /home/jayaaraju/waiter_robot_ws/install/prototype/share/prototype/local_setup.dsv
[2.574s] -- Symlinking: /home/jayaaraju/waiter_robot_ws/install/prototype/share/prototype/package.dsv
[2.585s] -- Up-to-date symlink: /home/jayaaraju/waiter_robot_ws/install/prototype/share/ament_index/resource_index/packages/prototype
[2.585s] -- Up-to-date symlink: /home/jayaaraju/waiter_robot_ws/install/prototype/share/prototype/cmake/rosidl_cmake-extras.cmake
[2.585s] -- Up-to-date symlink: /home/jayaaraju/waiter_robot_ws/install/prototype/share/prototype/cmake/ament_cmake_export_dependencies-extras.cmake
[2.585s] -- Up-to-date symlink: /home/jayaaraju/waiter_robot_ws/install/prototype/share/prototype/cmake/ament_cmake_export_include_directories-extras.cmake
[2.585s] -- Up-to-date symlink: /home/jayaaraju/waiter_robot_ws/install/prototype/share/prototype/cmake/ament_cmake_export_libraries-extras.cmake
[2.586s] -- Up-to-date symlink: /home/jayaaraju/waiter_robot_ws/install/prototype/share/prototype/cmake/ament_cmake_export_targets-extras.cmake
[2.586s] -- Up-to-date symlink: /home/jayaaraju/waiter_robot_ws/install/prototype/share/prototype/cmake/rosidl_cmake_export_typesupport_targets-extras.cmake
[2.586s] -- Up-to-date symlink: /home/jayaaraju/waiter_robot_ws/install/prototype/share/prototype/cmake/rosidl_cmake_export_typesupport_libraries-extras.cmake
[2.586s] -- Up-to-date symlink: /home/jayaaraju/waiter_robot_ws/install/prototype/share/prototype/cmake/prototypeConfig.cmake
[2.587s] -- Up-to-date symlink: /home/jayaaraju/waiter_robot_ws/install/prototype/share/prototype/cmake/prototypeConfig-version.cmake
[2.587s] -- Up-to-date symlink: /home/jayaaraju/waiter_robot_ws/install/prototype/share/prototype/package.xml
[2.587s] -- Up-to-date: /home/jayaaraju/waiter_robot_ws/install/prototype/lib/libprototype__rosidl_generator_c.so
[2.587s] -- Up-to-date: /home/jayaaraju/waiter_robot_ws/install/prototype/lib/libprototype__rosidl_typesupport_fastrtps_c.so
[2.587s] -- Up-to-date: /home/jayaaraju/waiter_robot_ws/install/prototype/lib/libprototype__rosidl_typesupport_fastrtps_cpp.so
[2.588s] -- Up-to-date: /home/jayaaraju/waiter_robot_ws/install/prototype/lib/libprototype__rosidl_typesupport_introspection_c.so
[2.588s] -- Up-to-date: /home/jayaaraju/waiter_robot_ws/install/prototype/lib/libprototype__rosidl_typesupport_c.so
[2.588s] -- Up-to-date: /home/jayaaraju/waiter_robot_ws/install/prototype/lib/libprototype__rosidl_typesupport_introspection_cpp.so
[2.589s] -- Up-to-date: /home/jayaaraju/waiter_robot_ws/install/prototype/lib/libprototype__rosidl_typesupport_cpp.so
[2.637s] Listing '/home/jayaaraju/waiter_robot_ws/install/prototype/local/lib/python3.10/dist-packages/prototype'...
[2.637s] Compiling '/home/jayaaraju/waiter_robot_ws/install/prototype/local/lib/python3.10/dist-packages/prototype/__init__.py'...
[2.637s] Listing '/home/jayaaraju/waiter_robot_ws/install/prototype/local/lib/python3.10/dist-packages/prototype/action'...
[2.637s] Listing '/home/jayaaraju/waiter_robot_ws/install/prototype/local/lib/python3.10/dist-packages/prototype/msg'...
[2.642s] -- Up-to-date: /home/jayaaraju/waiter_robot_ws/install/prototype/lib/libprototype__rosidl_generator_py.so
[2.643s] -- Up-to-date: /home/jayaaraju/waiter_robot_ws/install/prototype/share/prototype/cmake/export_prototype__rosidl_generator_cExport.cmake
[2.643s] -- Up-to-date: /home/jayaaraju/waiter_robot_ws/install/prototype/share/prototype/cmake/export_prototype__rosidl_generator_cExport-noconfig.cmake
[2.643s] -- Up-to-date: /home/jayaaraju/waiter_robot_ws/install/prototype/share/prototype/cmake/export_prototype__rosidl_typesupport_fastrtps_cExport.cmake
[2.643s] -- Up-to-date: /home/jayaaraju/waiter_robot_ws/install/prototype/share/prototype/cmake/export_prototype__rosidl_typesupport_fastrtps_cExport-noconfig.cmake
[2.643s] -- Up-to-date: /home/jayaaraju/waiter_robot_ws/install/prototype/share/prototype/cmake/export_prototype__rosidl_generator_cppExport.cmake
[2.643s] -- Up-to-date: /home/jayaaraju/waiter_robot_ws/install/prototype/share/prototype/cmake/export_prototype__rosidl_typesupport_fastrtps_cppExport.cmake
[2.643s] -- Up-to-date: /home/jayaaraju/waiter_robot_ws/install/prototype/share/prototype/cmake/export_prototype__rosidl_typesupport_fastrtps_cppExport-noconfig.cmake
[2.644s] -- Up-to-date: /home/jayaaraju/waiter_robot_ws/install/prototype/share/prototype/cmake/prototype__rosidl_typesupport_introspection_cExport.cmake
[2.644s] -- Up-to-date: /home/jayaaraju/waiter_robot_ws/install/prototype/share/prototype/cmake/prototype__rosidl_typesupport_introspection_cExport-noconfig.cmake
[2.644s] -- Up-to-date: /home/jayaaraju/waiter_robot_ws/install/prototype/share/prototype/cmake/prototype__rosidl_typesupport_cExport.cmake
[2.644s] -- Up-to-date: /home/jayaaraju/waiter_robot_ws/install/prototype/share/prototype/cmake/prototype__rosidl_typesupport_cExport-noconfig.cmake
[2.644s] -- Up-to-date: /home/jayaaraju/waiter_robot_ws/install/prototype/share/prototype/cmake/prototype__rosidl_typesupport_introspection_cppExport.cmake
[2.644s] -- Up-to-date: /home/jayaaraju/waiter_robot_ws/install/prototype/share/prototype/cmake/prototype__rosidl_typesupport_introspection_cppExport-noconfig.cmake
[2.644s] -- Up-to-date: /home/jayaaraju/waiter_robot_ws/install/prototype/share/prototype/cmake/prototype__rosidl_typesupport_cppExport.cmake
[2.645s] -- Up-to-date: /home/jayaaraju/waiter_robot_ws/install/prototype/share/prototype/cmake/prototype__rosidl_typesupport_cppExport-noconfig.cmake
[2.645s] -- Up-to-date: /home/jayaaraju/waiter_robot_ws/install/prototype/share/prototype/cmake/export_prototype__rosidl_generator_pyExport.cmake
[2.645s] -- Up-to-date: /home/jayaaraju/waiter_robot_ws/install/prototype/share/prototype/cmake/export_prototype__rosidl_generator_pyExport-noconfig.cmake
[2.647s] Invoked command in '/home/jayaaraju/waiter_robot_ws/build/prototype' returned '0': CMAKE_PREFIX_PATH=/home/jayaaraju/waiter_robot_ws/install/waiter_tree:/home/jayaaraju/waiter_robot_ws/install/ros2_mapping:/home/jayaaraju/waiter_robot_ws/install/prototype:/home/jayaaraju/waiter_robot_ws/install/navigator_planner:/home/jayaaraju/waiter_robot_ws/install/motor_control:/home/jayaaraju/bt_demo/install/simple_bt:/home/jayaaraju/bt_demo/install/behaviortree_cpp:/home/jayaaraju/code_ws/install/udemy:/home/jayaaraju/nav_ws/install/sattva_bot:/home/jayaaraju/nav_ws/install/ros2_mapping:/home/jayaaraju/nav_ws/install/opennav_docking:/home/jayaaraju/proto_ws/install/sattva_bot:/home/jayaaraju/proto_ws/install/prototype:/home/jayaaraju/proto_ws/install/pallet_loader:/home/jayaaraju/waiter_robot_ws/install/py_trees_ros_tutorials:/home/jayaaraju/ros2_ws/install/my_robot_controller:/home/jayaaraju/ros2_ws/src/install/my_robot_controller:/home/jayaaraju/pallet_ws/install/yolov5_ros:/opt/ros/humble:/home/jayaaraju/pallet_ws/install/serial:/home/jayaaraju/pallet_ws/install/pallet_loader:/home/jayaaraju/pallet_ws/install/bboxes_ex_msgs:/home/jayaaraju/main_ws/install/two_wheeled_robot:/home/jayaaraju/main_ws/install/sllidar_ros2:/home/jayaaraju/main_ws/install/ros2_control_test_assets:/home/jayaaraju/main_ws/install/ros2_control_demo_description:/home/jayaaraju/main_ws/install/my_own_robot:/home/jayaaraju/prototype/prototype/install/serial_driver:/home/jayaaraju/prototype/prototype/install/prototype:/home/jayaaraju/prototype/prototype/install/motor_control:/home/jayaaraju/prototype/prototype/install/io_context:/home/jayaaraju/prototype/prototype/install/asio_cmake_module:/home/jayaaraju/led_ws/install/led_node /usr/bin/cmake --install /home/jayaaraju/waiter_robot_ws/build/prototype
