[1.436s] Invoking command in '/home/jayaaraju/waiter_robot_ws/build/waiter_tree': CMAKE_PREFIX_PATH=/home/jayaaraju/waiter_robot_ws/install/waiter_tree:/home/jayaaraju/waiter_robot_ws/install/ros2_mapping:/home/jayaaraju/waiter_robot_ws/install/prototype:/home/jayaaraju/waiter_robot_ws/install/navigator_planner:/home/jayaaraju/code_ws/install/udemy:/home/jayaaraju/nav_ws/install/sattva_bot:/home/jayaaraju/nav_ws/install/ros2_mapping:/home/jayaaraju/nav_ws/install/opennav_docking:/home/jayaaraju/main_ws/install/two_wheeled_robot:/home/jayaaraju/main_ws/install/sllidar_ros2:/home/jayaaraju/main_ws/install/ros2_control_test_assets:/home/jayaaraju/main_ws/install/ros2_control_demo_description:/home/jayaaraju/main_ws/install/my_own_robot:/home/jayaaraju/proto_ws/install/sattva_bot:/home/jayaaraju/proto_ws/install/prototype:/home/jayaaraju/proto_ws/install/pallet_loader:/home/jayaaraju/waiter_robot_ws/install/py_trees_ros_tutorials:/home/jayaaraju/ros2_ws/install/my_robot_controller:/home/jayaaraju/ros2_ws/src/install/my_robot_controller:/home/jayaaraju/pallet_ws/install/yolov5_ros:/opt/ros/humble:/home/jayaaraju/pallet_ws/install/serial:/home/jayaaraju/pallet_ws/install/pallet_loader:/home/jayaaraju/pallet_ws/install/bboxes_ex_msgs /usr/bin/cmake --build /home/jayaaraju/waiter_robot_ws/build/waiter_tree -- -j8 -l8
[1.661s] Built target ament_cmake_python_symlink_waiter_tree
[2.681s] running egg_info
[2.683s] writing waiter_tree.egg-info/PKG-INFO
[2.684s] writing dependency_links to waiter_tree.egg-info/dependency_links.txt
[2.685s] writing top-level names to waiter_tree.egg-info/top_level.txt
[2.690s] reading manifest file 'waiter_tree.egg-info/SOURCES.txt'
[2.692s] writing manifest file 'waiter_tree.egg-info/SOURCES.txt'
[2.799s] Built target ament_cmake_python_build_waiter_tree_egg
[2.828s] Invoked command in '/home/jayaaraju/waiter_robot_ws/build/waiter_tree' returned '0': CMAKE_PREFIX_PATH=/home/jayaaraju/waiter_robot_ws/install/waiter_tree:/home/jayaaraju/waiter_robot_ws/install/ros2_mapping:/home/jayaaraju/waiter_robot_ws/install/prototype:/home/jayaaraju/waiter_robot_ws/install/navigator_planner:/home/jayaaraju/code_ws/install/udemy:/home/jayaaraju/nav_ws/install/sattva_bot:/home/jayaaraju/nav_ws/install/ros2_mapping:/home/jayaaraju/nav_ws/install/opennav_docking:/home/jayaaraju/main_ws/install/two_wheeled_robot:/home/jayaaraju/main_ws/install/sllidar_ros2:/home/jayaaraju/main_ws/install/ros2_control_test_assets:/home/jayaaraju/main_ws/install/ros2_control_demo_description:/home/jayaaraju/main_ws/install/my_own_robot:/home/jayaaraju/proto_ws/install/sattva_bot:/home/jayaaraju/proto_ws/install/prototype:/home/jayaaraju/proto_ws/install/pallet_loader:/home/jayaaraju/waiter_robot_ws/install/py_trees_ros_tutorials:/home/jayaaraju/ros2_ws/install/my_robot_controller:/home/jayaaraju/ros2_ws/src/install/my_robot_controller:/home/jayaaraju/pallet_ws/install/yolov5_ros:/opt/ros/humble:/home/jayaaraju/pallet_ws/install/serial:/home/jayaaraju/pallet_ws/install/pallet_loader:/home/jayaaraju/pallet_ws/install/bboxes_ex_msgs /usr/bin/cmake --build /home/jayaaraju/waiter_robot_ws/build/waiter_tree -- -j8 -l8
[2.900s] Invoking command in '/home/jayaaraju/waiter_robot_ws/build/waiter_tree': CMAKE_PREFIX_PATH=/home/jayaaraju/waiter_robot_ws/install/waiter_tree:/home/jayaaraju/waiter_robot_ws/install/ros2_mapping:/home/jayaaraju/waiter_robot_ws/install/prototype:/home/jayaaraju/waiter_robot_ws/install/navigator_planner:/home/jayaaraju/code_ws/install/udemy:/home/jayaaraju/nav_ws/install/sattva_bot:/home/jayaaraju/nav_ws/install/ros2_mapping:/home/jayaaraju/nav_ws/install/opennav_docking:/home/jayaaraju/main_ws/install/two_wheeled_robot:/home/jayaaraju/main_ws/install/sllidar_ros2:/home/jayaaraju/main_ws/install/ros2_control_test_assets:/home/jayaaraju/main_ws/install/ros2_control_demo_description:/home/jayaaraju/main_ws/install/my_own_robot:/home/jayaaraju/proto_ws/install/sattva_bot:/home/jayaaraju/proto_ws/install/prototype:/home/jayaaraju/proto_ws/install/pallet_loader:/home/jayaaraju/waiter_robot_ws/install/py_trees_ros_tutorials:/home/jayaaraju/ros2_ws/install/my_robot_controller:/home/jayaaraju/ros2_ws/src/install/my_robot_controller:/home/jayaaraju/pallet_ws/install/yolov5_ros:/opt/ros/humble:/home/jayaaraju/pallet_ws/install/serial:/home/jayaaraju/pallet_ws/install/pallet_loader:/home/jayaaraju/pallet_ws/install/bboxes_ex_msgs /usr/bin/cmake --install /home/jayaaraju/waiter_robot_ws/build/waiter_tree
[2.919s] -- Install configuration: ""
[2.920s] -- Execute custom install script
[2.921s] -- Up-to-date symlink: /home/jayaaraju/waiter_robot_ws/install/waiter_tree/share/waiter_tree/config/controller_manager.yaml
[2.921s] -- Up-to-date symlink: /home/jayaaraju/waiter_robot_ws/install/waiter_tree/share/waiter_tree/config/ekf_map.yaml
[2.921s] -- Up-to-date symlink: /home/jayaaraju/waiter_robot_ws/install/waiter_tree/share/waiter_tree/config/gazebo_params.yaml
[2.922s] -- Up-to-date symlink: /home/jayaaraju/waiter_robot_ws/install/waiter_tree/share/waiter_tree/config/joystick.yaml
[2.922s] -- Up-to-date symlink: /home/jayaaraju/waiter_robot_ws/install/waiter_tree/share/waiter_tree/config/ros2_control.yaml
[2.922s] -- Up-to-date symlink: /home/jayaaraju/waiter_robot_ws/install/waiter_tree/share/waiter_tree/config/twist_mux.yaml
[2.923s] -- Up-to-date symlink: /home/jayaaraju/waiter_robot_ws/install/waiter_tree/share/waiter_tree/src/__init__.py
[2.923s] [33mCMake Warning (dev) at ament_cmake_symlink_install/ament_cmake_symlink_install.cmake:62 (file):
[2.924s]   Policy CMP0009 is not set: FILE GLOB_RECURSE calls should not follow
[2.924s]   symlinks by default.  Run "cmake --help-policy CMP0009" for policy details.
[2.924s]   Use the cmake_policy command to set the policy and suppress this warning.
[2.924s] Call Stack (most recent call first):
[2.924s]   ament_cmake_symlink_install/ament_cmake_symlink_install.cmake:314 (ament_cmake_symlink_install_directory)
[2.925s]   cmake_install.cmake:46 (include)
[2.925s] This warning is for project developers.  Use -Wno-dev to suppress it.
[2.925s] [0m
[2.925s] -- Up-to-date symlink: /home/jayaaraju/waiter_robot_ws/install/waiter_tree/share/waiter_tree/waiter_tree/__init__.py
[2.925s] -- Up-to-date symlink: /home/jayaaraju/waiter_robot_ws/install/waiter_tree/share/waiter_tree/waiter_tree/build/.built_by
[2.925s] -- Up-to-date symlink: /home/jayaaraju/waiter_robot_ws/install/waiter_tree/share/waiter_tree/waiter_tree/build/COLCON_IGNORE
[2.925s] -- Up-to-date symlink: /home/jayaaraju/waiter_robot_ws/install/waiter_tree/share/waiter_tree/waiter_tree/confirmations.yaml
[2.926s] -- Up-to-date symlink: /home/jayaaraju/waiter_robot_ws/install/waiter_tree/share/waiter_tree/waiter_tree/install/.colcon_install_layout
[2.926s] -- Up-to-date symlink: /home/jayaaraju/waiter_robot_ws/install/waiter_tree/share/waiter_tree/waiter_tree/install/COLCON_IGNORE
[2.926s] -- Up-to-date symlink: /home/jayaaraju/waiter_robot_ws/install/waiter_tree/share/waiter_tree/waiter_tree/install/_local_setup_util_ps1.py
[2.926s] -- Up-to-date symlink: /home/jayaaraju/waiter_robot_ws/install/waiter_tree/share/waiter_tree/waiter_tree/install/_local_setup_util_sh.py
[2.926s] -- Up-to-date symlink: /home/jayaaraju/waiter_robot_ws/install/waiter_tree/share/waiter_tree/waiter_tree/install/local_setup.bash
[2.926s] -- Up-to-date symlink: /home/jayaaraju/waiter_robot_ws/install/waiter_tree/share/waiter_tree/waiter_tree/install/local_setup.ps1
[2.926s] -- Up-to-date symlink: /home/jayaaraju/waiter_robot_ws/install/waiter_tree/share/waiter_tree/waiter_tree/install/local_setup.sh
[2.927s] -- Up-to-date symlink: /home/jayaaraju/waiter_robot_ws/install/waiter_tree/share/waiter_tree/waiter_tree/install/local_setup.zsh
[2.927s] -- Up-to-date symlink: /home/jayaaraju/waiter_robot_ws/install/waiter_tree/share/waiter_tree/waiter_tree/install/setup.bash
[2.927s] -- Up-to-date symlink: /home/jayaaraju/waiter_robot_ws/install/waiter_tree/share/waiter_tree/waiter_tree/install/setup.ps1
[2.927s] -- Up-to-date symlink: /home/jayaaraju/waiter_robot_ws/install/waiter_tree/share/waiter_tree/waiter_tree/install/setup.sh
[2.927s] -- Up-to-date symlink: /home/jayaaraju/waiter_robot_ws/install/waiter_tree/share/waiter_tree/waiter_tree/install/setup.zsh
[2.927s] -- Up-to-date symlink: /home/jayaaraju/waiter_robot_ws/install/waiter_tree/share/waiter_tree/waiter_tree/log/COLCON_IGNORE
[2.928s] -- Up-to-date symlink: /home/jayaaraju/waiter_robot_ws/install/waiter_tree/share/waiter_tree/waiter_tree/log/build_2024-07-23_00-35-50/events.log
[2.928s] -- Up-to-date symlink: /home/jayaaraju/waiter_robot_ws/install/waiter_tree/share/waiter_tree/waiter_tree/log/build_2024-07-23_00-35-50/logger_all.log
[2.928s] -- Up-to-date symlink: /home/jayaaraju/waiter_robot_ws/install/waiter_tree/share/waiter_tree/waiter_tree/log/build_2024-07-23_00-36-03/events.log
[2.929s] -- Up-to-date symlink: /home/jayaaraju/waiter_robot_ws/install/waiter_tree/share/waiter_tree/waiter_tree/log/build_2024-07-23_00-36-03/logger_all.log
[2.929s] -- Up-to-date symlink: /home/jayaaraju/waiter_robot_ws/install/waiter_tree/share/waiter_tree/waiter_tree/log/latest/events.log
[2.929s] -- Up-to-date symlink: /home/jayaaraju/waiter_robot_ws/install/waiter_tree/share/waiter_tree/waiter_tree/log/latest/logger_all.log
[2.929s] -- Up-to-date symlink: /home/jayaaraju/waiter_robot_ws/install/waiter_tree/share/waiter_tree/waiter_tree/log/latest_build/events.log
[2.929s] -- Up-to-date symlink: /home/jayaaraju/waiter_robot_ws/install/waiter_tree/share/waiter_tree/waiter_tree/log/latest_build/logger_all.log
[2.930s] -- Up-to-date symlink: /home/jayaaraju/waiter_robot_ws/install/waiter_tree/share/waiter_tree/waiter_tree/order_detected.yaml
[2.930s] -- Up-to-date symlink: /home/jayaaraju/waiter_robot_ws/install/waiter_tree/share/waiter_tree/waiter_tree/order_detection_node.py
[2.931s] -- Up-to-date symlink: /home/jayaaraju/waiter_robot_ws/install/waiter_tree/share/waiter_tree/worlds/hotel_world.world
[2.931s] -- Up-to-date symlink: /home/jayaaraju/waiter_robot_ws/install/waiter_tree/share/waiter_tree/urdf/camera.xacro
[2.931s] -- Up-to-date symlink: /home/jayaaraju/waiter_robot_ws/install/waiter_tree/share/waiter_tree/urdf/gazebo_control.xacro
[2.932s] -- Up-to-date symlink: /home/jayaaraju/waiter_robot_ws/install/waiter_tree/share/waiter_tree/urdf/inertial_macros.xacro
[2.932s] -- Up-to-date symlink: /home/jayaaraju/waiter_robot_ws/install/waiter_tree/share/waiter_tree/urdf/lidar.xacro
[2.932s] -- Up-to-date symlink: /home/jayaaraju/waiter_robot_ws/install/waiter_tree/share/waiter_tree/urdf/nav_test.gazebo.xacro
[2.932s] -- Up-to-date symlink: /home/jayaaraju/waiter_robot_ws/install/waiter_tree/share/waiter_tree/urdf/robot_core.xacro
[2.933s] -- Up-to-date symlink: /home/jayaaraju/waiter_robot_ws/install/waiter_tree/share/waiter_tree/urdf/robot_urdf.xacro
[2.933s] -- Up-to-date symlink: /home/jayaaraju/waiter_robot_ws/install/waiter_tree/share/waiter_tree/urdf/ros2_control.xacro
[2.935s] -- Up-to-date symlink: /home/jayaaraju/waiter_robot_ws/install/waiter_tree/share/waiter_tree/launch/joystick_launch.py
[2.938s] -- Up-to-date symlink: /home/jayaaraju/waiter_robot_ws/install/waiter_tree/share/waiter_tree/launch/rsp_launch.py
[2.940s] -- Up-to-date symlink: /home/jayaaraju/waiter_robot_ws/install/waiter_tree/share/waiter_tree/launch/rviz2_launch.py
[2.942s] -- Up-to-date symlink: /home/jayaaraju/waiter_robot_ws/install/waiter_tree/share/waiter_tree/launch/simulation_launch.py
[2.943s] -- Up-to-date symlink: /home/jayaaraju/waiter_robot_ws/install/waiter_tree/share/waiter_tree/launch/waiter_tree_launch.py
[2.943s] -- Up-to-date symlink: /home/jayaaraju/waiter_robot_ws/install/waiter_tree/share/waiter_tree/scripts/motor_controller.py
[2.943s] -- Up-to-date symlink: /home/jayaaraju/waiter_robot_ws/install/waiter_tree/share/waiter_tree/scripts/waiter_robot_bt.py
[2.944s] -- Up-to-date symlink: /home/jayaaraju/waiter_robot_ws/install/waiter_tree/share/waiter_tree/environment/pythonpath.sh
[2.945s] -- Up-to-date symlink: /home/jayaaraju/waiter_robot_ws/install/waiter_tree/share/waiter_tree/environment/pythonpath.dsv
[2.945s] -- Up-to-date symlink: /home/jayaaraju/waiter_robot_ws/install/waiter_tree/local/lib/python3.10/dist-packages/waiter_tree-0.0.0-py3.10.egg-info/PKG-INFO
[2.945s] -- Up-to-date symlink: /home/jayaaraju/waiter_robot_ws/install/waiter_tree/local/lib/python3.10/dist-packages/waiter_tree-0.0.0-py3.10.egg-info/SOURCES.txt
[2.945s] -- Up-to-date symlink: /home/jayaaraju/waiter_robot_ws/install/waiter_tree/local/lib/python3.10/dist-packages/waiter_tree-0.0.0-py3.10.egg-info/dependency_links.txt
[2.945s] -- Up-to-date symlink: /home/jayaaraju/waiter_robot_ws/install/waiter_tree/local/lib/python3.10/dist-packages/waiter_tree-0.0.0-py3.10.egg-info/top_level.txt
[2.946s] [33mCMake Warning (dev) at ament_cmake_symlink_install/ament_cmake_symlink_install.cmake:62 (file):
[2.946s]   Policy CMP0009 is not set: FILE GLOB_RECURSE calls should not follow
[2.947s]   symlinks by default.  Run "cmake --help-policy CMP0009" for policy details.
[2.947s]   Use the cmake_policy command to set the policy and suppress this warning.
[2.947s] Call Stack (most recent call first):
[2.948s]   ament_cmake_symlink_install/ament_cmake_symlink_install.cmake:326 (ament_cmake_symlink_install_directory)
[2.948s]   cmake_install.cmake:46 (include)
[2.948s] This warning is for project developers.  Use -Wno-dev to suppress it.
[2.949s] [0m
[2.949s] [33mCMake Warning (dev) at ament_cmake_symlink_install/ament_cmake_symlink_install.cmake:73 (file):
[2.949s]   Policy CMP0009 is not set: FILE GLOB_RECURSE calls should not follow
[2.949s]   symlinks by default.  Run "cmake --help-policy CMP0009" for policy details.
[2.949s]   Use the cmake_policy command to set the policy and suppress this warning.
[2.950s] Call Stack (most recent call first):
[2.950s]   ament_cmake_symlink_install/ament_cmake_symlink_install.cmake:326 (ament_cmake_symlink_install_directory)
[2.950s]   cmake_install.cmake:46 (include)
[2.950s] This warning is for project developers.  Use -Wno-dev to suppress it.
[2.950s] [0m
[2.951s] [33mCMake Warning (dev) at ament_cmake_symlink_install/ament_cmake_symlink_install.cmake:73 (file):
[2.951s]   Policy CMP0009 is not set: FILE GLOB_RECURSE calls should not follow
[2.951s]   symlinks by default.  Run "cmake --help-policy CMP0009" for policy details.
[2.951s]   Use the cmake_policy command to set the policy and suppress this warning.
[2.951s] Call Stack (most recent call first):
[2.951s]   ament_cmake_symlink_install/ament_cmake_symlink_install.cmake:326 (ament_cmake_symlink_install_directory)
[2.952s]   cmake_install.cmake:46 (include)
[2.952s] This warning is for project developers.  Use -Wno-dev to suppress it.
[2.952s] [0m
[2.952s] -- Up-to-date symlink: /home/jayaaraju/waiter_robot_ws/install/waiter_tree/local/lib/python3.10/dist-packages/waiter_tree/__init__.py
[2.952s] -- Up-to-date symlink: /home/jayaaraju/waiter_robot_ws/install/waiter_tree/local/lib/python3.10/dist-packages/waiter_tree/build/.built_by
[2.953s] -- Up-to-date symlink: /home/jayaaraju/waiter_robot_ws/install/waiter_tree/local/lib/python3.10/dist-packages/waiter_tree/build/COLCON_IGNORE
[2.953s] -- Up-to-date symlink: /home/jayaaraju/waiter_robot_ws/install/waiter_tree/local/lib/python3.10/dist-packages/waiter_tree/confirmations.yaml
[2.953s] -- Up-to-date symlink: /home/jayaaraju/waiter_robot_ws/install/waiter_tree/local/lib/python3.10/dist-packages/waiter_tree/install/.colcon_install_layout
[2.953s] -- Up-to-date symlink: /home/jayaaraju/waiter_robot_ws/install/waiter_tree/local/lib/python3.10/dist-packages/waiter_tree/install/COLCON_IGNORE
[2.953s] -- Up-to-date symlink: /home/jayaaraju/waiter_robot_ws/install/waiter_tree/local/lib/python3.10/dist-packages/waiter_tree/install/_local_setup_util_ps1.py
[2.954s] -- Up-to-date symlink: /home/jayaaraju/waiter_robot_ws/install/waiter_tree/local/lib/python3.10/dist-packages/waiter_tree/install/_local_setup_util_sh.py
[2.954s] -- Up-to-date symlink: /home/jayaaraju/waiter_robot_ws/install/waiter_tree/local/lib/python3.10/dist-packages/waiter_tree/install/local_setup.bash
[2.954s] -- Up-to-date symlink: /home/jayaaraju/waiter_robot_ws/install/waiter_tree/local/lib/python3.10/dist-packages/waiter_tree/install/local_setup.ps1
[2.954s] -- Up-to-date symlink: /home/jayaaraju/waiter_robot_ws/install/waiter_tree/local/lib/python3.10/dist-packages/waiter_tree/install/local_setup.sh
[2.954s] -- Up-to-date symlink: /home/jayaaraju/waiter_robot_ws/install/waiter_tree/local/lib/python3.10/dist-packages/waiter_tree/install/local_setup.zsh
[2.954s] -- Up-to-date symlink: /home/jayaaraju/waiter_robot_ws/install/waiter_tree/local/lib/python3.10/dist-packages/waiter_tree/install/setup.bash
[2.954s] -- Up-to-date symlink: /home/jayaaraju/waiter_robot_ws/install/waiter_tree/local/lib/python3.10/dist-packages/waiter_tree/install/setup.ps1
[2.955s] -- Up-to-date symlink: /home/jayaaraju/waiter_robot_ws/install/waiter_tree/local/lib/python3.10/dist-packages/waiter_tree/install/setup.sh
[2.955s] -- Up-to-date symlink: /home/jayaaraju/waiter_robot_ws/install/waiter_tree/local/lib/python3.10/dist-packages/waiter_tree/install/setup.zsh
[2.955s] -- Up-to-date symlink: /home/jayaaraju/waiter_robot_ws/install/waiter_tree/local/lib/python3.10/dist-packages/waiter_tree/log/COLCON_IGNORE
[2.956s] -- Up-to-date symlink: /home/jayaaraju/waiter_robot_ws/install/waiter_tree/local/lib/python3.10/dist-packages/waiter_tree/log/build_2024-07-23_00-35-50/events.log
[2.956s] -- Up-to-date symlink: /home/jayaaraju/waiter_robot_ws/install/waiter_tree/local/lib/python3.10/dist-packages/waiter_tree/log/build_2024-07-23_00-35-50/logger_all.log
[2.957s] -- Up-to-date symlink: /home/jayaaraju/waiter_robot_ws/install/waiter_tree/local/lib/python3.10/dist-packages/waiter_tree/log/build_2024-07-23_00-36-03/events.log
[2.958s] -- Up-to-date symlink: /home/jayaaraju/waiter_robot_ws/install/waiter_tree/local/lib/python3.10/dist-packages/waiter_tree/log/build_2024-07-23_00-36-03/logger_all.log
[2.958s] -- Up-to-date symlink: /home/jayaaraju/waiter_robot_ws/install/waiter_tree/local/lib/python3.10/dist-packages/waiter_tree/log/latest/events.log
[2.958s] -- Up-to-date symlink: /home/jayaaraju/waiter_robot_ws/install/waiter_tree/local/lib/python3.10/dist-packages/waiter_tree/log/latest/logger_all.log
[2.960s] -- Up-to-date symlink: /home/jayaaraju/waiter_robot_ws/install/waiter_tree/local/lib/python3.10/dist-packages/waiter_tree/log/latest_build/events.log
[2.960s] -- Up-to-date symlink: /home/jayaaraju/waiter_robot_ws/install/waiter_tree/local/lib/python3.10/dist-packages/waiter_tree/log/latest_build/logger_all.log
[2.960s] -- Up-to-date symlink: /home/jayaaraju/waiter_robot_ws/install/waiter_tree/local/lib/python3.10/dist-packages/waiter_tree/order_detected.yaml
[2.961s] -- Up-to-date symlink: /home/jayaaraju/waiter_robot_ws/install/waiter_tree/local/lib/python3.10/dist-packages/waiter_tree/order_detection_node.py
[2.966s] -- Up-to-date symlink: /home/jayaaraju/waiter_robot_ws/install/waiter_tree/lib/waiter_tree/waiter_robot_bt.py
[2.968s] -- Up-to-date symlink: /home/jayaaraju/waiter_robot_ws/install/waiter_tree/lib/waiter_tree/motor_controller.py
[2.969s] -- Up-to-date symlink: /home/jayaaraju/waiter_robot_ws/install/waiter_tree/share/ament_index/resource_index/package_run_dependencies/waiter_tree
[2.969s] -- Up-to-date symlink: /home/jayaaraju/waiter_robot_ws/install/waiter_tree/share/ament_index/resource_index/parent_prefix_path/waiter_tree
[2.969s] -- Up-to-date symlink: /home/jayaaraju/waiter_robot_ws/install/waiter_tree/share/waiter_tree/environment/ament_prefix_path.sh
[2.970s] -- Up-to-date symlink: /home/jayaaraju/waiter_robot_ws/install/waiter_tree/share/waiter_tree/environment/ament_prefix_path.dsv
[2.970s] -- Up-to-date symlink: /home/jayaaraju/waiter_robot_ws/install/waiter_tree/share/waiter_tree/environment/path.sh
[2.970s] -- Up-to-date symlink: /home/jayaaraju/waiter_robot_ws/install/waiter_tree/share/waiter_tree/environment/path.dsv
[2.970s] -- Up-to-date symlink: /home/jayaaraju/waiter_robot_ws/install/waiter_tree/share/waiter_tree/local_setup.bash
[2.971s] -- Up-to-date symlink: /home/jayaaraju/waiter_robot_ws/install/waiter_tree/share/waiter_tree/local_setup.sh
[2.971s] -- Up-to-date symlink: /home/jayaaraju/waiter_robot_ws/install/waiter_tree/share/waiter_tree/local_setup.zsh
[2.971s] -- Up-to-date symlink: /home/jayaaraju/waiter_robot_ws/install/waiter_tree/share/waiter_tree/local_setup.dsv
[2.971s] -- Symlinking: /home/jayaaraju/waiter_robot_ws/install/waiter_tree/share/waiter_tree/package.dsv
[2.993s] -- Up-to-date symlink: /home/jayaaraju/waiter_robot_ws/install/waiter_tree/share/ament_index/resource_index/packages/waiter_tree
[2.993s] -- Up-to-date symlink: /home/jayaaraju/waiter_robot_ws/install/waiter_tree/share/waiter_tree/cmake/waiter_treeConfig.cmake
[2.996s] -- Up-to-date symlink: /home/jayaaraju/waiter_robot_ws/install/waiter_tree/share/waiter_tree/cmake/waiter_treeConfig-version.cmake
[2.999s] -- Up-to-date symlink: /home/jayaaraju/waiter_robot_ws/install/waiter_tree/share/waiter_tree/package.xml
[3.121s] Listing '/home/jayaaraju/waiter_robot_ws/install/waiter_tree/local/lib/python3.10/dist-packages/waiter_tree'...
[3.122s] Listing '/home/jayaaraju/waiter_robot_ws/install/waiter_tree/local/lib/python3.10/dist-packages/waiter_tree/build'...
[3.122s] Listing '/home/jayaaraju/waiter_robot_ws/install/waiter_tree/local/lib/python3.10/dist-packages/waiter_tree/install'...
[3.122s] Listing '/home/jayaaraju/waiter_robot_ws/install/waiter_tree/local/lib/python3.10/dist-packages/waiter_tree/log'...
[3.122s] Listing '/home/jayaaraju/waiter_robot_ws/install/waiter_tree/local/lib/python3.10/dist-packages/waiter_tree/log/build_2024-07-23_00-35-50'...
[3.122s] Listing '/home/jayaaraju/waiter_robot_ws/install/waiter_tree/local/lib/python3.10/dist-packages/waiter_tree/log/build_2024-07-23_00-36-03'...
[3.123s] Listing '/home/jayaaraju/waiter_robot_ws/install/waiter_tree/local/lib/python3.10/dist-packages/waiter_tree/log/latest'...
[3.123s] Listing '/home/jayaaraju/waiter_robot_ws/install/waiter_tree/local/lib/python3.10/dist-packages/waiter_tree/log/latest_build'...
[3.143s] Invoked command in '/home/jayaaraju/waiter_robot_ws/build/waiter_tree' returned '0': CMAKE_PREFIX_PATH=/home/jayaaraju/waiter_robot_ws/install/waiter_tree:/home/jayaaraju/waiter_robot_ws/install/ros2_mapping:/home/jayaaraju/waiter_robot_ws/install/prototype:/home/jayaaraju/waiter_robot_ws/install/navigator_planner:/home/jayaaraju/code_ws/install/udemy:/home/jayaaraju/nav_ws/install/sattva_bot:/home/jayaaraju/nav_ws/install/ros2_mapping:/home/jayaaraju/nav_ws/install/opennav_docking:/home/jayaaraju/main_ws/install/two_wheeled_robot:/home/jayaaraju/main_ws/install/sllidar_ros2:/home/jayaaraju/main_ws/install/ros2_control_test_assets:/home/jayaaraju/main_ws/install/ros2_control_demo_description:/home/jayaaraju/main_ws/install/my_own_robot:/home/jayaaraju/proto_ws/install/sattva_bot:/home/jayaaraju/proto_ws/install/prototype:/home/jayaaraju/proto_ws/install/pallet_loader:/home/jayaaraju/waiter_robot_ws/install/py_trees_ros_tutorials:/home/jayaaraju/ros2_ws/install/my_robot_controller:/home/jayaaraju/ros2_ws/src/install/my_robot_controller:/home/jayaaraju/pallet_ws/install/yolov5_ros:/opt/ros/humble:/home/jayaaraju/pallet_ws/install/serial:/home/jayaaraju/pallet_ws/install/pallet_loader:/home/jayaaraju/pallet_ws/install/bboxes_ex_msgs /usr/bin/cmake --install /home/jayaaraju/waiter_robot_ws/build/waiter_tree
