[0.446s] DEBUG:colcon:Command line arguments: ['/usr/bin/colcon', 'build', '--symlink-install']
[0.446s] DEBUG:colcon:Parsed command line arguments: Namespace(log_base=None, log_level=None, verb_name='build', build_base='build', install_base='install', merge_install=False, symlink_install=True, test_result_base=None, continue_on_error=False, executor='parallel', parallel_workers=8, event_handlers=None, ignore_user_meta=False, metas=['./colcon.meta'], base_paths=['.'], packages_ignore=None, packages_ignore_regex=None, paths=None, packages_up_to=None, packages_up_to_regex=None, packages_above=None, packages_above_and_dependencies=None, packages_above_depth=None, packages_select_by_dep=None, packages_skip_by_dep=None, packages_skip_up_to=None, packages_select_build_failed=False, packages_skip_build_finished=False, packages_select_test_failures=False, packages_skip_test_passed=False, packages_select=None, packages_skip=None, packages_select_regex=None, packages_skip_regex=None, packages_start=None, packages_end=None, allow_overriding=[], cmake_args=None, cmake_target=None, cmake_target_skip_unavailable=False, cmake_clean_cache=False, cmake_clean_first=False, cmake_force_configure=False, ament_cmake_args=None, catkin_cmake_args=None, catkin_skip_building_tests=False, mixin_files=None, mixin=None, verb_parser=<colcon_mixin.mixin.mixin_argument.MixinArgumentDecorator object at 0x79dbf7c76560>, verb_extension=<colcon_core.verb.build.BuildVerb object at 0x79dbf7d76cb0>, main=<bound method BuildVerb.main of <colcon_core.verb.build.BuildVerb object at 0x79dbf7d76cb0>>, mixin_verb=('build',))
[1.093s] Level 1:colcon.colcon_core.package_discovery:discover_packages(colcon_meta) check parameters
[1.093s] Level 1:colcon.colcon_core.package_discovery:discover_packages(recursive) check parameters
[1.093s] Level 1:colcon.colcon_core.package_discovery:discover_packages(ignore) check parameters
[1.093s] Level 1:colcon.colcon_core.package_discovery:discover_packages(path) check parameters
[1.093s] Level 1:colcon.colcon_core.package_discovery:discover_packages(colcon_meta) discover
[1.093s] Level 1:colcon.colcon_core.package_discovery:discover_packages(recursive) discover
[1.093s] INFO:colcon.colcon_core.package_discovery:Crawling recursively for packages in '/home/jayaaraju/waiter_robot_ws'
[1.093s] Level 1:colcon.colcon_core.package_identification:_identify(.) by extensions ['ignore', 'ignore_ament_install']
[1.093s] Level 1:colcon.colcon_core.package_identification:_identify(.) by extension 'ignore'
[1.094s] Level 1:colcon.colcon_core.package_identification:_identify(.) by extension 'ignore_ament_install'
[1.094s] Level 1:colcon.colcon_core.package_identification:_identify(.) by extensions ['colcon_pkg']
[1.094s] Level 1:colcon.colcon_core.package_identification:_identify(.) by extension 'colcon_pkg'
[1.094s] Level 1:colcon.colcon_core.package_identification:_identify(.) by extensions ['colcon_meta']
[1.094s] Level 1:colcon.colcon_core.package_identification:_identify(.) by extension 'colcon_meta'
[1.094s] Level 1:colcon.colcon_core.package_identification:_identify(.) by extensions ['ros']
[1.094s] Level 1:colcon.colcon_core.package_identification:_identify(.) by extension 'ros'
[1.124s] Level 1:colcon.colcon_core.package_identification:_identify(.) by extensions ['cmake', 'python']
[1.124s] Level 1:colcon.colcon_core.package_identification:_identify(.) by extension 'cmake'
[1.124s] Level 1:colcon.colcon_core.package_identification:_identify(.) by extension 'python'
[1.124s] Level 1:colcon.colcon_core.package_identification:_identify(.) by extensions ['python_setup_py']
[1.124s] Level 1:colcon.colcon_core.package_identification:_identify(.) by extension 'python_setup_py'
[1.125s] Level 1:colcon.colcon_core.package_identification:_identify(build) by extensions ['ignore', 'ignore_ament_install']
[1.125s] Level 1:colcon.colcon_core.package_identification:_identify(build) by extension 'ignore'
[1.125s] Level 1:colcon.colcon_core.package_identification:_identify(build) ignored
[1.125s] Level 1:colcon.colcon_core.package_identification:_identify(install) by extensions ['ignore', 'ignore_ament_install']
[1.125s] Level 1:colcon.colcon_core.package_identification:_identify(install) by extension 'ignore'
[1.125s] Level 1:colcon.colcon_core.package_identification:_identify(install) ignored
[1.126s] Level 1:colcon.colcon_core.package_identification:_identify(log) by extensions ['ignore', 'ignore_ament_install']
[1.126s] Level 1:colcon.colcon_core.package_identification:_identify(log) by extension 'ignore'
[1.126s] Level 1:colcon.colcon_core.package_identification:_identify(log) ignored
[1.126s] Level 1:colcon.colcon_core.package_identification:_identify(src) by extensions ['ignore', 'ignore_ament_install']
[1.128s] Level 1:colcon.colcon_core.package_identification:_identify(src) by extension 'ignore'
[1.129s] Level 1:colcon.colcon_core.package_identification:_identify(src) by extension 'ignore_ament_install'
[1.131s] Level 1:colcon.colcon_core.package_identification:_identify(src) by extensions ['colcon_pkg']
[1.132s] Level 1:colcon.colcon_core.package_identification:_identify(src) by extension 'colcon_pkg'
[1.132s] Level 1:colcon.colcon_core.package_identification:_identify(src) by extensions ['colcon_meta']
[1.132s] Level 1:colcon.colcon_core.package_identification:_identify(src) by extension 'colcon_meta'
[1.132s] Level 1:colcon.colcon_core.package_identification:_identify(src) by extensions ['ros']
[1.132s] Level 1:colcon.colcon_core.package_identification:_identify(src) by extension 'ros'
[1.133s] Level 1:colcon.colcon_core.package_identification:_identify(src) by extensions ['cmake', 'python']
[1.133s] Level 1:colcon.colcon_core.package_identification:_identify(src) by extension 'cmake'
[1.133s] Level 1:colcon.colcon_core.package_identification:_identify(src) by extension 'python'
[1.133s] Level 1:colcon.colcon_core.package_identification:_identify(src) by extensions ['python_setup_py']
[1.133s] Level 1:colcon.colcon_core.package_identification:_identify(src) by extension 'python_setup_py'
[1.133s] Level 1:colcon.colcon_core.package_identification:_identify(src/navigator_planner) by extensions ['ignore', 'ignore_ament_install']
[1.134s] Level 1:colcon.colcon_core.package_identification:_identify(src/navigator_planner) by extension 'ignore'
[1.134s] Level 1:colcon.colcon_core.package_identification:_identify(src/navigator_planner) by extension 'ignore_ament_install'
[1.134s] Level 1:colcon.colcon_core.package_identification:_identify(src/navigator_planner) by extensions ['colcon_pkg']
[1.134s] Level 1:colcon.colcon_core.package_identification:_identify(src/navigator_planner) by extension 'colcon_pkg'
[1.134s] Level 1:colcon.colcon_core.package_identification:_identify(src/navigator_planner) by extensions ['colcon_meta']
[1.134s] Level 1:colcon.colcon_core.package_identification:_identify(src/navigator_planner) by extension 'colcon_meta'
[1.134s] Level 1:colcon.colcon_core.package_identification:_identify(src/navigator_planner) by extensions ['ros']
[1.134s] Level 1:colcon.colcon_core.package_identification:_identify(src/navigator_planner) by extension 'ros'
[1.140s] DEBUG:colcon.colcon_core.package_identification:Package 'src/navigator_planner' with type 'ros.ament_cmake' and name 'navigator_planner'
[1.140s] Level 1:colcon.colcon_core.package_identification:_identify(src/prototype) by extensions ['ignore', 'ignore_ament_install']
[1.141s] Level 1:colcon.colcon_core.package_identification:_identify(src/prototype) by extension 'ignore'
[1.141s] Level 1:colcon.colcon_core.package_identification:_identify(src/prototype) by extension 'ignore_ament_install'
[1.141s] Level 1:colcon.colcon_core.package_identification:_identify(src/prototype) by extensions ['colcon_pkg']
[1.141s] Level 1:colcon.colcon_core.package_identification:_identify(src/prototype) by extension 'colcon_pkg'
[1.141s] Level 1:colcon.colcon_core.package_identification:_identify(src/prototype) by extensions ['colcon_meta']
[1.141s] Level 1:colcon.colcon_core.package_identification:_identify(src/prototype) by extension 'colcon_meta'
[1.141s] Level 1:colcon.colcon_core.package_identification:_identify(src/prototype) by extensions ['ros']
[1.141s] Level 1:colcon.colcon_core.package_identification:_identify(src/prototype) by extension 'ros'
[1.143s] DEBUG:colcon.colcon_core.package_identification:Package 'src/prototype' with type 'ros.ament_cmake' and name 'prototype'
[1.143s] Level 1:colcon.colcon_core.package_identification:_identify(src/py_trees_ros_tutorials) by extensions ['ignore', 'ignore_ament_install']
[1.144s] Level 1:colcon.colcon_core.package_identification:_identify(src/py_trees_ros_tutorials) by extension 'ignore'
[1.146s] Level 1:colcon.colcon_core.package_identification:_identify(src/py_trees_ros_tutorials) by extension 'ignore_ament_install'
[1.147s] Level 1:colcon.colcon_core.package_identification:_identify(src/py_trees_ros_tutorials) by extensions ['colcon_pkg']
[1.148s] Level 1:colcon.colcon_core.package_identification:_identify(src/py_trees_ros_tutorials) by extension 'colcon_pkg'
[1.149s] Level 1:colcon.colcon_core.package_identification:_identify(src/py_trees_ros_tutorials) by extensions ['colcon_meta']
[1.150s] Level 1:colcon.colcon_core.package_identification:_identify(src/py_trees_ros_tutorials) by extension 'colcon_meta'
[1.150s] Level 1:colcon.colcon_core.package_identification:_identify(src/py_trees_ros_tutorials) by extensions ['ros']
[1.151s] Level 1:colcon.colcon_core.package_identification:_identify(src/py_trees_ros_tutorials) by extension 'ros'
[1.153s] DEBUG:colcon.colcon_core.package_identification:Package 'src/py_trees_ros_tutorials' with type 'ros.ament_python' and name 'py_trees_ros_tutorials'
[1.153s] Level 1:colcon.colcon_core.package_identification:_identify(src/ros2_mapping) by extensions ['ignore', 'ignore_ament_install']
[1.154s] Level 1:colcon.colcon_core.package_identification:_identify(src/ros2_mapping) by extension 'ignore'
[1.154s] Level 1:colcon.colcon_core.package_identification:_identify(src/ros2_mapping) by extension 'ignore_ament_install'
[1.154s] Level 1:colcon.colcon_core.package_identification:_identify(src/ros2_mapping) by extensions ['colcon_pkg']
[1.154s] Level 1:colcon.colcon_core.package_identification:_identify(src/ros2_mapping) by extension 'colcon_pkg'
[1.155s] Level 1:colcon.colcon_core.package_identification:_identify(src/ros2_mapping) by extensions ['colcon_meta']
[1.155s] Level 1:colcon.colcon_core.package_identification:_identify(src/ros2_mapping) by extension 'colcon_meta'
[1.155s] Level 1:colcon.colcon_core.package_identification:_identify(src/ros2_mapping) by extensions ['ros']
[1.155s] Level 1:colcon.colcon_core.package_identification:_identify(src/ros2_mapping) by extension 'ros'
[1.157s] DEBUG:colcon.colcon_core.package_identification:Package 'src/ros2_mapping' with type 'ros.ament_cmake' and name 'ros2_mapping'
[1.157s] Level 1:colcon.colcon_core.package_identification:_identify(src/waiter_tree) by extensions ['ignore', 'ignore_ament_install']
[1.157s] Level 1:colcon.colcon_core.package_identification:_identify(src/waiter_tree) by extension 'ignore'
[1.157s] Level 1:colcon.colcon_core.package_identification:_identify(src/waiter_tree) by extension 'ignore_ament_install'
[1.157s] Level 1:colcon.colcon_core.package_identification:_identify(src/waiter_tree) by extensions ['colcon_pkg']
[1.157s] Level 1:colcon.colcon_core.package_identification:_identify(src/waiter_tree) by extension 'colcon_pkg'
[1.157s] Level 1:colcon.colcon_core.package_identification:_identify(src/waiter_tree) by extensions ['colcon_meta']
[1.157s] Level 1:colcon.colcon_core.package_identification:_identify(src/waiter_tree) by extension 'colcon_meta'
[1.158s] Level 1:colcon.colcon_core.package_identification:_identify(src/waiter_tree) by extensions ['ros']
[1.158s] Level 1:colcon.colcon_core.package_identification:_identify(src/waiter_tree) by extension 'ros'
[1.168s] DEBUG:colcon.colcon_core.package_identification:Package 'src/waiter_tree' with type 'ros.ament_cmake' and name 'waiter_tree'
[1.169s] Level 1:colcon.colcon_core.package_discovery:discover_packages(recursive) using defaults
[1.169s] Level 1:colcon.colcon_core.package_discovery:discover_packages(ignore) discover
[1.169s] Level 1:colcon.colcon_core.package_discovery:discover_packages(ignore) using defaults
[1.169s] Level 1:colcon.colcon_core.package_discovery:discover_packages(path) discover
[1.169s] Level 1:colcon.colcon_core.package_discovery:discover_packages(path) using defaults
[1.258s] Level 1:colcon.colcon_core.package_discovery:discover_packages(prefix_path) check parameters
[1.259s] Level 1:colcon.colcon_core.package_discovery:discover_packages(prefix_path) discover
[1.270s] DEBUG:colcon.colcon_installed_package_information.package_discovery:Found 5 installed packages in /home/jayaaraju/waiter_robot_ws/install
[1.271s] DEBUG:colcon.colcon_installed_package_information.package_discovery:Found 1 installed packages in /home/jayaaraju/code_ws/install
[1.272s] DEBUG:colcon.colcon_installed_package_information.package_discovery:Found 0 installed packages in /home/jayaaraju/dock_ws/install
[1.273s] DEBUG:colcon.colcon_installed_package_information.package_discovery:Found 3 installed packages in /home/jayaaraju/nav_ws/install
[1.274s] DEBUG:colcon.colcon_installed_package_information.package_discovery:Found 3 installed packages in /home/jayaaraju/proto_ws/install
[1.275s] DEBUG:colcon.colcon_installed_package_information.package_discovery:Found 1 installed packages in /home/jayaaraju/ros2_ws/install
[1.280s] DEBUG:colcon.colcon_installed_package_information.package_discovery:Found 1 installed packages in /home/jayaaraju/ros2_ws/src/install
[1.284s] DEBUG:colcon.colcon_installed_package_information.package_discovery:Found 6 installed packages in /home/jayaaraju/pallet_ws/install
[1.286s] DEBUG:colcon.colcon_installed_package_information.package_discovery:Found 7 installed packages in /home/jayaaraju/main_ws/install
[1.296s] DEBUG:colcon.colcon_installed_package_information.package_discovery:Found 399 installed packages in /opt/ros/humble
[1.302s] Level 1:colcon.colcon_core.package_discovery:discover_packages(prefix_path) using defaults
[1.445s] Level 5:colcon.colcon_core.verb:set package 'navigator_planner' build argument 'cmake_args' from command line to 'None'
[1.445s] Level 5:colcon.colcon_core.verb:set package 'navigator_planner' build argument 'cmake_target' from command line to 'None'
[1.445s] Level 5:colcon.colcon_core.verb:set package 'navigator_planner' build argument 'cmake_target_skip_unavailable' from command line to 'False'
[1.445s] Level 5:colcon.colcon_core.verb:set package 'navigator_planner' build argument 'cmake_clean_cache' from command line to 'False'
[1.445s] Level 5:colcon.colcon_core.verb:set package 'navigator_planner' build argument 'cmake_clean_first' from command line to 'False'
[1.445s] Level 5:colcon.colcon_core.verb:set package 'navigator_planner' build argument 'cmake_force_configure' from command line to 'False'
[1.445s] Level 5:colcon.colcon_core.verb:set package 'navigator_planner' build argument 'ament_cmake_args' from command line to 'None'
[1.445s] Level 5:colcon.colcon_core.verb:set package 'navigator_planner' build argument 'catkin_cmake_args' from command line to 'None'
[1.445s] Level 5:colcon.colcon_core.verb:set package 'navigator_planner' build argument 'catkin_skip_building_tests' from command line to 'False'
[1.445s] DEBUG:colcon.colcon_core.verb:Building package 'navigator_planner' with the following arguments: {'ament_cmake_args': None, 'build_base': '/home/jayaaraju/waiter_robot_ws/build/navigator_planner', 'catkin_cmake_args': None, 'catkin_skip_building_tests': False, 'cmake_args': None, 'cmake_clean_cache': False, 'cmake_clean_first': False, 'cmake_force_configure': False, 'cmake_target': None, 'cmake_target_skip_unavailable': False, 'install_base': '/home/jayaaraju/waiter_robot_ws/install/navigator_planner', 'merge_install': False, 'path': '/home/jayaaraju/waiter_robot_ws/src/navigator_planner', 'symlink_install': True, 'test_result_base': None}
[1.447s] Level 5:colcon.colcon_core.verb:set package 'prototype' build argument 'cmake_args' from command line to 'None'
[1.448s] Level 5:colcon.colcon_core.verb:set package 'prototype' build argument 'cmake_target' from command line to 'None'
[1.449s] Level 5:colcon.colcon_core.verb:set package 'prototype' build argument 'cmake_target_skip_unavailable' from command line to 'False'
[1.450s] Level 5:colcon.colcon_core.verb:set package 'prototype' build argument 'cmake_clean_cache' from command line to 'False'
[1.451s] Level 5:colcon.colcon_core.verb:set package 'prototype' build argument 'cmake_clean_first' from command line to 'False'
[1.451s] Level 5:colcon.colcon_core.verb:set package 'prototype' build argument 'cmake_force_configure' from command line to 'False'
[1.452s] Level 5:colcon.colcon_core.verb:set package 'prototype' build argument 'ament_cmake_args' from command line to 'None'
[1.452s] Level 5:colcon.colcon_core.verb:set package 'prototype' build argument 'catkin_cmake_args' from command line to 'None'
[1.452s] Level 5:colcon.colcon_core.verb:set package 'prototype' build argument 'catkin_skip_building_tests' from command line to 'False'
[1.452s] DEBUG:colcon.colcon_core.verb:Building package 'prototype' with the following arguments: {'ament_cmake_args': None, 'build_base': '/home/jayaaraju/waiter_robot_ws/build/prototype', 'catkin_cmake_args': None, 'catkin_skip_building_tests': False, 'cmake_args': None, 'cmake_clean_cache': False, 'cmake_clean_first': False, 'cmake_force_configure': False, 'cmake_target': None, 'cmake_target_skip_unavailable': False, 'install_base': '/home/jayaaraju/waiter_robot_ws/install/prototype', 'merge_install': False, 'path': '/home/jayaaraju/waiter_robot_ws/src/prototype', 'symlink_install': True, 'test_result_base': None}
[1.453s] Level 5:colcon.colcon_core.verb:set package 'py_trees_ros_tutorials' build argument 'cmake_args' from command line to 'None'
[1.453s] Level 5:colcon.colcon_core.verb:set package 'py_trees_ros_tutorials' build argument 'cmake_target' from command line to 'None'
[1.453s] Level 5:colcon.colcon_core.verb:set package 'py_trees_ros_tutorials' build argument 'cmake_target_skip_unavailable' from command line to 'False'
[1.453s] Level 5:colcon.colcon_core.verb:set package 'py_trees_ros_tutorials' build argument 'cmake_clean_cache' from command line to 'False'
[1.453s] Level 5:colcon.colcon_core.verb:set package 'py_trees_ros_tutorials' build argument 'cmake_clean_first' from command line to 'False'
[1.453s] Level 5:colcon.colcon_core.verb:set package 'py_trees_ros_tutorials' build argument 'cmake_force_configure' from command line to 'False'
[1.453s] Level 5:colcon.colcon_core.verb:set package 'py_trees_ros_tutorials' build argument 'ament_cmake_args' from command line to 'None'
[1.453s] Level 5:colcon.colcon_core.verb:set package 'py_trees_ros_tutorials' build argument 'catkin_cmake_args' from command line to 'None'
[1.453s] Level 5:colcon.colcon_core.verb:set package 'py_trees_ros_tutorials' build argument 'catkin_skip_building_tests' from command line to 'False'
[1.453s] DEBUG:colcon.colcon_core.verb:Building package 'py_trees_ros_tutorials' with the following arguments: {'ament_cmake_args': None, 'build_base': '/home/jayaaraju/waiter_robot_ws/build/py_trees_ros_tutorials', 'catkin_cmake_args': None, 'catkin_skip_building_tests': False, 'cmake_args': None, 'cmake_clean_cache': False, 'cmake_clean_first': False, 'cmake_force_configure': False, 'cmake_target': None, 'cmake_target_skip_unavailable': False, 'install_base': '/home/jayaaraju/waiter_robot_ws/install/py_trees_ros_tutorials', 'merge_install': False, 'path': '/home/jayaaraju/waiter_robot_ws/src/py_trees_ros_tutorials', 'symlink_install': True, 'test_result_base': None}
[1.454s] Level 5:colcon.colcon_core.verb:set package 'ros2_mapping' build argument 'cmake_args' from command line to 'None'
[1.454s] Level 5:colcon.colcon_core.verb:set package 'ros2_mapping' build argument 'cmake_target' from command line to 'None'
[1.454s] Level 5:colcon.colcon_core.verb:set package 'ros2_mapping' build argument 'cmake_target_skip_unavailable' from command line to 'False'
[1.454s] Level 5:colcon.colcon_core.verb:set package 'ros2_mapping' build argument 'cmake_clean_cache' from command line to 'False'
[1.454s] Level 5:colcon.colcon_core.verb:set package 'ros2_mapping' build argument 'cmake_clean_first' from command line to 'False'
[1.454s] Level 5:colcon.colcon_core.verb:set package 'ros2_mapping' build argument 'cmake_force_configure' from command line to 'False'
[1.454s] Level 5:colcon.colcon_core.verb:set package 'ros2_mapping' build argument 'ament_cmake_args' from command line to 'None'
[1.454s] Level 5:colcon.colcon_core.verb:set package 'ros2_mapping' build argument 'catkin_cmake_args' from command line to 'None'
[1.454s] Level 5:colcon.colcon_core.verb:set package 'ros2_mapping' build argument 'catkin_skip_building_tests' from command line to 'False'
[1.454s] DEBUG:colcon.colcon_core.verb:Building package 'ros2_mapping' with the following arguments: {'ament_cmake_args': None, 'build_base': '/home/jayaaraju/waiter_robot_ws/build/ros2_mapping', 'catkin_cmake_args': None, 'catkin_skip_building_tests': False, 'cmake_args': None, 'cmake_clean_cache': False, 'cmake_clean_first': False, 'cmake_force_configure': False, 'cmake_target': None, 'cmake_target_skip_unavailable': False, 'install_base': '/home/jayaaraju/waiter_robot_ws/install/ros2_mapping', 'merge_install': False, 'path': '/home/jayaaraju/waiter_robot_ws/src/ros2_mapping', 'symlink_install': True, 'test_result_base': None}
[1.455s] Level 5:colcon.colcon_core.verb:set package 'waiter_tree' build argument 'cmake_args' from command line to 'None'
[1.455s] Level 5:colcon.colcon_core.verb:set package 'waiter_tree' build argument 'cmake_target' from command line to 'None'
[1.455s] Level 5:colcon.colcon_core.verb:set package 'waiter_tree' build argument 'cmake_target_skip_unavailable' from command line to 'False'
[1.455s] Level 5:colcon.colcon_core.verb:set package 'waiter_tree' build argument 'cmake_clean_cache' from command line to 'False'
[1.455s] Level 5:colcon.colcon_core.verb:set package 'waiter_tree' build argument 'cmake_clean_first' from command line to 'False'
[1.455s] Level 5:colcon.colcon_core.verb:set package 'waiter_tree' build argument 'cmake_force_configure' from command line to 'False'
[1.455s] Level 5:colcon.colcon_core.verb:set package 'waiter_tree' build argument 'ament_cmake_args' from command line to 'None'
[1.455s] Level 5:colcon.colcon_core.verb:set package 'waiter_tree' build argument 'catkin_cmake_args' from command line to 'None'
[1.455s] Level 5:colcon.colcon_core.verb:set package 'waiter_tree' build argument 'catkin_skip_building_tests' from command line to 'False'
[1.456s] DEBUG:colcon.colcon_core.verb:Building package 'waiter_tree' with the following arguments: {'ament_cmake_args': None, 'build_base': '/home/jayaaraju/waiter_robot_ws/build/waiter_tree', 'catkin_cmake_args': None, 'catkin_skip_building_tests': False, 'cmake_args': None, 'cmake_clean_cache': False, 'cmake_clean_first': False, 'cmake_force_configure': False, 'cmake_target': None, 'cmake_target_skip_unavailable': False, 'install_base': '/home/jayaaraju/waiter_robot_ws/install/waiter_tree', 'merge_install': False, 'path': '/home/jayaaraju/waiter_robot_ws/src/waiter_tree', 'symlink_install': True, 'test_result_base': None}
[1.456s] INFO:colcon.colcon_core.executor:Executing jobs using 'parallel' executor
[1.458s] DEBUG:colcon.colcon_parallel_executor.executor.parallel:run_until_complete
[1.459s] INFO:colcon.colcon_ros.task.ament_cmake.build:Building ROS package in '/home/jayaaraju/waiter_robot_ws/src/navigator_planner' with build type 'ament_cmake'
[1.459s] INFO:colcon.colcon_cmake.task.cmake.build:Building CMake package in '/home/jayaaraju/waiter_robot_ws/src/navigator_planner'
[1.464s] INFO:colcon.colcon_core.plugin_system:Skipping extension 'colcon_core.shell.bat': Not used on non-Windows systems
[1.469s] INFO:colcon.colcon_core.shell:Skip shell extension 'powershell' for command environment: Not usable outside of PowerShell
[1.470s] DEBUG:colcon.colcon_core.shell:Skip shell extension 'dsv' for command environment
[1.489s] INFO:colcon.colcon_ros.task.ament_cmake.build:Building ROS package in '/home/jayaaraju/waiter_robot_ws/src/prototype' with build type 'ament_cmake'
[1.489s] INFO:colcon.colcon_cmake.task.cmake.build:Building CMake package in '/home/jayaaraju/waiter_robot_ws/src/prototype'
[1.490s] INFO:colcon.colcon_core.shell:Skip shell extension 'powershell' for command environment: Not usable outside of PowerShell
[1.490s] DEBUG:colcon.colcon_core.shell:Skip shell extension 'dsv' for command environment
[1.528s] INFO:colcon.colcon_ros.task.ament_python.build:Building ROS package in '/home/jayaaraju/waiter_robot_ws/src/py_trees_ros_tutorials' with build type 'ament_python'
[1.529s] Level 1:colcon.colcon_core.shell:create_environment_hook('py_trees_ros_tutorials', 'ament_prefix_path')
[1.531s] INFO:colcon.colcon_core.shell:Creating environment hook '/home/jayaaraju/waiter_robot_ws/install/py_trees_ros_tutorials/share/py_trees_ros_tutorials/hook/ament_prefix_path.ps1'
[1.534s] INFO:colcon.colcon_core.shell:Creating environment descriptor '/home/jayaaraju/waiter_robot_ws/install/py_trees_ros_tutorials/share/py_trees_ros_tutorials/hook/ament_prefix_path.dsv'
[1.537s] INFO:colcon.colcon_core.shell:Creating environment hook '/home/jayaaraju/waiter_robot_ws/install/py_trees_ros_tutorials/share/py_trees_ros_tutorials/hook/ament_prefix_path.sh'
[1.539s] INFO:colcon.colcon_core.shell:Skip shell extension 'powershell' for command environment: Not usable outside of PowerShell
[1.539s] DEBUG:colcon.colcon_core.shell:Skip shell extension 'dsv' for command environment
[1.562s] INFO:colcon.colcon_ros.task.ament_cmake.build:Building ROS package in '/home/jayaaraju/waiter_robot_ws/src/ros2_mapping' with build type 'ament_cmake'
[1.562s] INFO:colcon.colcon_cmake.task.cmake.build:Building CMake package in '/home/jayaaraju/waiter_robot_ws/src/ros2_mapping'
[1.563s] INFO:colcon.colcon_core.shell:Skip shell extension 'powershell' for command environment: Not usable outside of PowerShell
[1.563s] DEBUG:colcon.colcon_core.shell:Skip shell extension 'dsv' for command environment
[1.591s] INFO:colcon.colcon_ros.task.ament_cmake.build:Building ROS package in '/home/jayaaraju/waiter_robot_ws/src/waiter_tree' with build type 'ament_cmake'
[1.591s] INFO:colcon.colcon_cmake.task.cmake.build:Building CMake package in '/home/jayaaraju/waiter_robot_ws/src/waiter_tree'
[1.592s] INFO:colcon.colcon_core.shell:Skip shell extension 'powershell' for command environment: Not usable outside of PowerShell
[1.593s] DEBUG:colcon.colcon_core.shell:Skip shell extension 'dsv' for command environment
[1.633s] DEBUG:colcon.colcon_core.event_handler.log_command:Invoking command in '/home/jayaaraju/waiter_robot_ws/build/navigator_planner': CMAKE_PREFIX_PATH=/home/jayaaraju/waiter_robot_ws/install/waiter_tree:/home/jayaaraju/waiter_robot_ws/install/ros2_mapping:/home/jayaaraju/waiter_robot_ws/install/prototype:/home/jayaaraju/waiter_robot_ws/install/navigator_planner:/home/jayaaraju/code_ws/install/udemy:/home/jayaaraju/nav_ws/install/sattva_bot:/home/jayaaraju/nav_ws/install/ros2_mapping:/home/jayaaraju/nav_ws/install/opennav_docking:/home/jayaaraju/main_ws/install/two_wheeled_robot:/home/jayaaraju/main_ws/install/sllidar_ros2:/home/jayaaraju/main_ws/install/ros2_control_test_assets:/home/jayaaraju/main_ws/install/ros2_control_demo_description:/home/jayaaraju/main_ws/install/my_own_robot:/home/jayaaraju/proto_ws/install/sattva_bot:/home/jayaaraju/proto_ws/install/prototype:/home/jayaaraju/proto_ws/install/pallet_loader:/home/jayaaraju/waiter_robot_ws/install/py_trees_ros_tutorials:/home/jayaaraju/ros2_ws/install/my_robot_controller:/home/jayaaraju/ros2_ws/src/install/my_robot_controller:/home/jayaaraju/pallet_ws/install/yolov5_ros:/opt/ros/humble:/home/jayaaraju/pallet_ws/install/serial:/home/jayaaraju/pallet_ws/install/pallet_loader:/home/jayaaraju/pallet_ws/install/bboxes_ex_msgs /usr/bin/cmake --build /home/jayaaraju/waiter_robot_ws/build/navigator_planner -- -j8 -l8
[1.661s] DEBUG:colcon.colcon_core.event_handler.log_command:Invoking command in '/home/jayaaraju/waiter_robot_ws/build/prototype': CMAKE_PREFIX_PATH=/home/jayaaraju/waiter_robot_ws/install/waiter_tree:/home/jayaaraju/waiter_robot_ws/install/ros2_mapping:/home/jayaaraju/waiter_robot_ws/install/prototype:/home/jayaaraju/waiter_robot_ws/install/navigator_planner:/home/jayaaraju/code_ws/install/udemy:/home/jayaaraju/nav_ws/install/sattva_bot:/home/jayaaraju/nav_ws/install/ros2_mapping:/home/jayaaraju/nav_ws/install/opennav_docking:/home/jayaaraju/main_ws/install/two_wheeled_robot:/home/jayaaraju/main_ws/install/sllidar_ros2:/home/jayaaraju/main_ws/install/ros2_control_test_assets:/home/jayaaraju/main_ws/install/ros2_control_demo_description:/home/jayaaraju/main_ws/install/my_own_robot:/home/jayaaraju/proto_ws/install/sattva_bot:/home/jayaaraju/proto_ws/install/prototype:/home/jayaaraju/proto_ws/install/pallet_loader:/home/jayaaraju/waiter_robot_ws/install/py_trees_ros_tutorials:/home/jayaaraju/ros2_ws/install/my_robot_controller:/home/jayaaraju/ros2_ws/src/install/my_robot_controller:/home/jayaaraju/pallet_ws/install/yolov5_ros:/opt/ros/humble:/home/jayaaraju/pallet_ws/install/serial:/home/jayaaraju/pallet_ws/install/pallet_loader:/home/jayaaraju/pallet_ws/install/bboxes_ex_msgs /usr/bin/cmake --build /home/jayaaraju/waiter_robot_ws/build/prototype -- -j8 -l8
[3.003s] INFO:colcon.colcon_core.task.python.build:Building Python package in '/home/jayaaraju/waiter_robot_ws/src/py_trees_ros_tutorials'
[3.004s] INFO:colcon.colcon_core.shell:Skip shell extension 'powershell' for command environment: Not usable outside of PowerShell
[3.005s] DEBUG:colcon.colcon_core.shell:Skip shell extension 'dsv' for command environment
[3.051s] DEBUG:colcon.colcon_core.event_handler.log_command:Invoking command in '/home/jayaaraju/waiter_robot_ws/build/ros2_mapping': CMAKE_PREFIX_PATH=/home/jayaaraju/waiter_robot_ws/install/waiter_tree:/home/jayaaraju/waiter_robot_ws/install/ros2_mapping:/home/jayaaraju/waiter_robot_ws/install/prototype:/home/jayaaraju/waiter_robot_ws/install/navigator_planner:/home/jayaaraju/code_ws/install/udemy:/home/jayaaraju/nav_ws/install/sattva_bot:/home/jayaaraju/nav_ws/install/ros2_mapping:/home/jayaaraju/nav_ws/install/opennav_docking:/home/jayaaraju/main_ws/install/two_wheeled_robot:/home/jayaaraju/main_ws/install/sllidar_ros2:/home/jayaaraju/main_ws/install/ros2_control_test_assets:/home/jayaaraju/main_ws/install/ros2_control_demo_description:/home/jayaaraju/main_ws/install/my_own_robot:/home/jayaaraju/proto_ws/install/sattva_bot:/home/jayaaraju/proto_ws/install/prototype:/home/jayaaraju/proto_ws/install/pallet_loader:/home/jayaaraju/waiter_robot_ws/install/py_trees_ros_tutorials:/home/jayaaraju/ros2_ws/install/my_robot_controller:/home/jayaaraju/ros2_ws/src/install/my_robot_controller:/home/jayaaraju/pallet_ws/install/yolov5_ros:/opt/ros/humble:/home/jayaaraju/pallet_ws/install/serial:/home/jayaaraju/pallet_ws/install/pallet_loader:/home/jayaaraju/pallet_ws/install/bboxes_ex_msgs /usr/bin/cmake --build /home/jayaaraju/waiter_robot_ws/build/ros2_mapping -- -j8 -l8
[3.071s] DEBUG:colcon.colcon_core.event_handler.log_command:Invoking command in '/home/jayaaraju/waiter_robot_ws/build/waiter_tree': CMAKE_PREFIX_PATH=/home/jayaaraju/waiter_robot_ws/install/waiter_tree:/home/jayaaraju/waiter_robot_ws/install/ros2_mapping:/home/jayaaraju/waiter_robot_ws/install/prototype:/home/jayaaraju/waiter_robot_ws/install/navigator_planner:/home/jayaaraju/code_ws/install/udemy:/home/jayaaraju/nav_ws/install/sattva_bot:/home/jayaaraju/nav_ws/install/ros2_mapping:/home/jayaaraju/nav_ws/install/opennav_docking:/home/jayaaraju/main_ws/install/two_wheeled_robot:/home/jayaaraju/main_ws/install/sllidar_ros2:/home/jayaaraju/main_ws/install/ros2_control_test_assets:/home/jayaaraju/main_ws/install/ros2_control_demo_description:/home/jayaaraju/main_ws/install/my_own_robot:/home/jayaaraju/proto_ws/install/sattva_bot:/home/jayaaraju/proto_ws/install/prototype:/home/jayaaraju/proto_ws/install/pallet_loader:/home/jayaaraju/waiter_robot_ws/install/py_trees_ros_tutorials:/home/jayaaraju/ros2_ws/install/my_robot_controller:/home/jayaaraju/ros2_ws/src/install/my_robot_controller:/home/jayaaraju/pallet_ws/install/yolov5_ros:/opt/ros/humble:/home/jayaaraju/pallet_ws/install/serial:/home/jayaaraju/pallet_ws/install/pallet_loader:/home/jayaaraju/pallet_ws/install/bboxes_ex_msgs /usr/bin/cmake --build /home/jayaaraju/waiter_robot_ws/build/waiter_tree -- -j8 -l8
[3.136s] DEBUG:colcon.colcon_core.event_handler.log_command:Invoked command in '/home/jayaaraju/waiter_robot_ws/build/navigator_planner' returned '0': CMAKE_PREFIX_PATH=/home/jayaaraju/waiter_robot_ws/install/waiter_tree:/home/jayaaraju/waiter_robot_ws/install/ros2_mapping:/home/jayaaraju/waiter_robot_ws/install/prototype:/home/jayaaraju/waiter_robot_ws/install/navigator_planner:/home/jayaaraju/code_ws/install/udemy:/home/jayaaraju/nav_ws/install/sattva_bot:/home/jayaaraju/nav_ws/install/ros2_mapping:/home/jayaaraju/nav_ws/install/opennav_docking:/home/jayaaraju/main_ws/install/two_wheeled_robot:/home/jayaaraju/main_ws/install/sllidar_ros2:/home/jayaaraju/main_ws/install/ros2_control_test_assets:/home/jayaaraju/main_ws/install/ros2_control_demo_description:/home/jayaaraju/main_ws/install/my_own_robot:/home/jayaaraju/proto_ws/install/sattva_bot:/home/jayaaraju/proto_ws/install/prototype:/home/jayaaraju/proto_ws/install/pallet_loader:/home/jayaaraju/waiter_robot_ws/install/py_trees_ros_tutorials:/home/jayaaraju/ros2_ws/install/my_robot_controller:/home/jayaaraju/ros2_ws/src/install/my_robot_controller:/home/jayaaraju/pallet_ws/install/yolov5_ros:/opt/ros/humble:/home/jayaaraju/pallet_ws/install/serial:/home/jayaaraju/pallet_ws/install/pallet_loader:/home/jayaaraju/pallet_ws/install/bboxes_ex_msgs /usr/bin/cmake --build /home/jayaaraju/waiter_robot_ws/build/navigator_planner -- -j8 -l8
[3.207s] DEBUG:colcon.colcon_core.event_handler.log_command:Invoked command in '/home/jayaaraju/waiter_robot_ws/build/ros2_mapping' returned '0': CMAKE_PREFIX_PATH=/home/jayaaraju/waiter_robot_ws/install/waiter_tree:/home/jayaaraju/waiter_robot_ws/install/ros2_mapping:/home/jayaaraju/waiter_robot_ws/install/prototype:/home/jayaaraju/waiter_robot_ws/install/navigator_planner:/home/jayaaraju/code_ws/install/udemy:/home/jayaaraju/nav_ws/install/sattva_bot:/home/jayaaraju/nav_ws/install/ros2_mapping:/home/jayaaraju/nav_ws/install/opennav_docking:/home/jayaaraju/main_ws/install/two_wheeled_robot:/home/jayaaraju/main_ws/install/sllidar_ros2:/home/jayaaraju/main_ws/install/ros2_control_test_assets:/home/jayaaraju/main_ws/install/ros2_control_demo_description:/home/jayaaraju/main_ws/install/my_own_robot:/home/jayaaraju/proto_ws/install/sattva_bot:/home/jayaaraju/proto_ws/install/prototype:/home/jayaaraju/proto_ws/install/pallet_loader:/home/jayaaraju/waiter_robot_ws/install/py_trees_ros_tutorials:/home/jayaaraju/ros2_ws/install/my_robot_controller:/home/jayaaraju/ros2_ws/src/install/my_robot_controller:/home/jayaaraju/pallet_ws/install/yolov5_ros:/opt/ros/humble:/home/jayaaraju/pallet_ws/install/serial:/home/jayaaraju/pallet_ws/install/pallet_loader:/home/jayaaraju/pallet_ws/install/bboxes_ex_msgs /usr/bin/cmake --build /home/jayaaraju/waiter_robot_ws/build/ros2_mapping -- -j8 -l8
[3.273s] DEBUG:colcon.colcon_core.event_handler.log_command:Invoking command in '/home/jayaaraju/waiter_robot_ws/build/navigator_planner': CMAKE_PREFIX_PATH=/home/jayaaraju/waiter_robot_ws/install/waiter_tree:/home/jayaaraju/waiter_robot_ws/install/ros2_mapping:/home/jayaaraju/waiter_robot_ws/install/prototype:/home/jayaaraju/waiter_robot_ws/install/navigator_planner:/home/jayaaraju/code_ws/install/udemy:/home/jayaaraju/nav_ws/install/sattva_bot:/home/jayaaraju/nav_ws/install/ros2_mapping:/home/jayaaraju/nav_ws/install/opennav_docking:/home/jayaaraju/main_ws/install/two_wheeled_robot:/home/jayaaraju/main_ws/install/sllidar_ros2:/home/jayaaraju/main_ws/install/ros2_control_test_assets:/home/jayaaraju/main_ws/install/ros2_control_demo_description:/home/jayaaraju/main_ws/install/my_own_robot:/home/jayaaraju/proto_ws/install/sattva_bot:/home/jayaaraju/proto_ws/install/prototype:/home/jayaaraju/proto_ws/install/pallet_loader:/home/jayaaraju/waiter_robot_ws/install/py_trees_ros_tutorials:/home/jayaaraju/ros2_ws/install/my_robot_controller:/home/jayaaraju/ros2_ws/src/install/my_robot_controller:/home/jayaaraju/pallet_ws/install/yolov5_ros:/opt/ros/humble:/home/jayaaraju/pallet_ws/install/serial:/home/jayaaraju/pallet_ws/install/pallet_loader:/home/jayaaraju/pallet_ws/install/bboxes_ex_msgs /usr/bin/cmake --install /home/jayaaraju/waiter_robot_ws/build/navigator_planner
[3.312s] DEBUG:colcon.colcon_core.event_handler.log_command:Invoking command in '/home/jayaaraju/waiter_robot_ws/build/ros2_mapping': CMAKE_PREFIX_PATH=/home/jayaaraju/waiter_robot_ws/install/waiter_tree:/home/jayaaraju/waiter_robot_ws/install/ros2_mapping:/home/jayaaraju/waiter_robot_ws/install/prototype:/home/jayaaraju/waiter_robot_ws/install/navigator_planner:/home/jayaaraju/code_ws/install/udemy:/home/jayaaraju/nav_ws/install/sattva_bot:/home/jayaaraju/nav_ws/install/ros2_mapping:/home/jayaaraju/nav_ws/install/opennav_docking:/home/jayaaraju/main_ws/install/two_wheeled_robot:/home/jayaaraju/main_ws/install/sllidar_ros2:/home/jayaaraju/main_ws/install/ros2_control_test_assets:/home/jayaaraju/main_ws/install/ros2_control_demo_description:/home/jayaaraju/main_ws/install/my_own_robot:/home/jayaaraju/proto_ws/install/sattva_bot:/home/jayaaraju/proto_ws/install/prototype:/home/jayaaraju/proto_ws/install/pallet_loader:/home/jayaaraju/waiter_robot_ws/install/py_trees_ros_tutorials:/home/jayaaraju/ros2_ws/install/my_robot_controller:/home/jayaaraju/ros2_ws/src/install/my_robot_controller:/home/jayaaraju/pallet_ws/install/yolov5_ros:/opt/ros/humble:/home/jayaaraju/pallet_ws/install/serial:/home/jayaaraju/pallet_ws/install/pallet_loader:/home/jayaaraju/pallet_ws/install/bboxes_ex_msgs /usr/bin/cmake --install /home/jayaaraju/waiter_robot_ws/build/ros2_mapping
[3.382s] Level 1:colcon.colcon_core.environment:create_environment_scripts_only(ros2_mapping)
[3.385s] DEBUG:colcon.colcon_core.event_handler.log_command:Invoked command in '/home/jayaaraju/waiter_robot_ws/build/ros2_mapping' returned '0': CMAKE_PREFIX_PATH=/home/jayaaraju/waiter_robot_ws/install/waiter_tree:/home/jayaaraju/waiter_robot_ws/install/ros2_mapping:/home/jayaaraju/waiter_robot_ws/install/prototype:/home/jayaaraju/waiter_robot_ws/install/navigator_planner:/home/jayaaraju/code_ws/install/udemy:/home/jayaaraju/nav_ws/install/sattva_bot:/home/jayaaraju/nav_ws/install/ros2_mapping:/home/jayaaraju/nav_ws/install/opennav_docking:/home/jayaaraju/main_ws/install/two_wheeled_robot:/home/jayaaraju/main_ws/install/sllidar_ros2:/home/jayaaraju/main_ws/install/ros2_control_test_assets:/home/jayaaraju/main_ws/install/ros2_control_demo_description:/home/jayaaraju/main_ws/install/my_own_robot:/home/jayaaraju/proto_ws/install/sattva_bot:/home/jayaaraju/proto_ws/install/prototype:/home/jayaaraju/proto_ws/install/pallet_loader:/home/jayaaraju/waiter_robot_ws/install/py_trees_ros_tutorials:/home/jayaaraju/ros2_ws/install/my_robot_controller:/home/jayaaraju/ros2_ws/src/install/my_robot_controller:/home/jayaaraju/pallet_ws/install/yolov5_ros:/opt/ros/humble:/home/jayaaraju/pallet_ws/install/serial:/home/jayaaraju/pallet_ws/install/pallet_loader:/home/jayaaraju/pallet_ws/install/bboxes_ex_msgs /usr/bin/cmake --install /home/jayaaraju/waiter_robot_ws/build/ros2_mapping
[3.396s] Level 1:colcon.colcon_core.environment:checking '/home/jayaaraju/waiter_robot_ws/install/ros2_mapping' for CMake module files
[3.397s] Level 1:colcon.colcon_core.environment:checking '/home/jayaaraju/waiter_robot_ws/install/ros2_mapping' for CMake config files
[3.397s] Level 1:colcon.colcon_core.shell:create_environment_hook('ros2_mapping', 'cmake_prefix_path')
[3.398s] INFO:colcon.colcon_core.shell:Creating environment hook '/home/jayaaraju/waiter_robot_ws/install/ros2_mapping/share/ros2_mapping/hook/cmake_prefix_path.ps1'
[3.398s] INFO:colcon.colcon_core.shell:Creating environment descriptor '/home/jayaaraju/waiter_robot_ws/install/ros2_mapping/share/ros2_mapping/hook/cmake_prefix_path.dsv'
[3.399s] INFO:colcon.colcon_core.shell:Creating environment hook '/home/jayaaraju/waiter_robot_ws/install/ros2_mapping/share/ros2_mapping/hook/cmake_prefix_path.sh'
[3.400s] Level 1:colcon.colcon_core.environment:checking '/home/jayaaraju/waiter_robot_ws/install/ros2_mapping/bin'
[3.400s] Level 1:colcon.colcon_core.environment:checking '/home/jayaaraju/waiter_robot_ws/install/ros2_mapping/lib/pkgconfig/ros2_mapping.pc'
[3.401s] Level 1:colcon.colcon_core.environment:checking '/home/jayaaraju/waiter_robot_ws/install/ros2_mapping/lib/python3.10/site-packages'
[3.401s] Level 1:colcon.colcon_core.environment:checking '/home/jayaaraju/waiter_robot_ws/install/ros2_mapping/bin'
[3.402s] INFO:colcon.colcon_core.shell:Creating package script '/home/jayaaraju/waiter_robot_ws/install/ros2_mapping/share/ros2_mapping/package.ps1'
[3.404s] INFO:colcon.colcon_core.shell:Creating package descriptor '/home/jayaaraju/waiter_robot_ws/install/ros2_mapping/share/ros2_mapping/package.dsv'
[3.406s] INFO:colcon.colcon_core.shell:Creating package script '/home/jayaaraju/waiter_robot_ws/install/ros2_mapping/share/ros2_mapping/package.sh'
[3.408s] INFO:colcon.colcon_core.shell:Creating package script '/home/jayaaraju/waiter_robot_ws/install/ros2_mapping/share/ros2_mapping/package.bash'
[3.411s] INFO:colcon.colcon_core.shell:Creating package script '/home/jayaaraju/waiter_robot_ws/install/ros2_mapping/share/ros2_mapping/package.zsh'
[3.412s] Level 1:colcon.colcon_core.environment:create_file_with_runtime_dependencies(/home/jayaaraju/waiter_robot_ws/install/ros2_mapping/share/colcon-core/packages/ros2_mapping)
[3.524s] Level 1:colcon.colcon_core.environment:create_environment_scripts_only(navigator_planner)
[3.525s] Level 1:colcon.colcon_core.environment:checking '/home/jayaaraju/waiter_robot_ws/install/navigator_planner' for CMake module files
[3.526s] Level 1:colcon.colcon_core.environment:checking '/home/jayaaraju/waiter_robot_ws/install/navigator_planner' for CMake config files
[3.528s] DEBUG:colcon.colcon_core.event_handler.log_command:Invoked command in '/home/jayaaraju/waiter_robot_ws/build/navigator_planner' returned '0': CMAKE_PREFIX_PATH=/home/jayaaraju/waiter_robot_ws/install/waiter_tree:/home/jayaaraju/waiter_robot_ws/install/ros2_mapping:/home/jayaaraju/waiter_robot_ws/install/prototype:/home/jayaaraju/waiter_robot_ws/install/navigator_planner:/home/jayaaraju/code_ws/install/udemy:/home/jayaaraju/nav_ws/install/sattva_bot:/home/jayaaraju/nav_ws/install/ros2_mapping:/home/jayaaraju/nav_ws/install/opennav_docking:/home/jayaaraju/main_ws/install/two_wheeled_robot:/home/jayaaraju/main_ws/install/sllidar_ros2:/home/jayaaraju/main_ws/install/ros2_control_test_assets:/home/jayaaraju/main_ws/install/ros2_control_demo_description:/home/jayaaraju/main_ws/install/my_own_robot:/home/jayaaraju/proto_ws/install/sattva_bot:/home/jayaaraju/proto_ws/install/prototype:/home/jayaaraju/proto_ws/install/pallet_loader:/home/jayaaraju/waiter_robot_ws/install/py_trees_ros_tutorials:/home/jayaaraju/ros2_ws/install/my_robot_controller:/home/jayaaraju/ros2_ws/src/install/my_robot_controller:/home/jayaaraju/pallet_ws/install/yolov5_ros:/opt/ros/humble:/home/jayaaraju/pallet_ws/install/serial:/home/jayaaraju/pallet_ws/install/pallet_loader:/home/jayaaraju/pallet_ws/install/bboxes_ex_msgs /usr/bin/cmake --install /home/jayaaraju/waiter_robot_ws/build/navigator_planner
[3.529s] Level 1:colcon.colcon_core.shell:create_environment_hook('navigator_planner', 'cmake_prefix_path')
[3.530s] INFO:colcon.colcon_core.shell:Creating environment hook '/home/jayaaraju/waiter_robot_ws/install/navigator_planner/share/navigator_planner/hook/cmake_prefix_path.ps1'
[3.532s] INFO:colcon.colcon_core.shell:Creating environment descriptor '/home/jayaaraju/waiter_robot_ws/install/navigator_planner/share/navigator_planner/hook/cmake_prefix_path.dsv'
[3.534s] INFO:colcon.colcon_core.shell:Creating environment hook '/home/jayaaraju/waiter_robot_ws/install/navigator_planner/share/navigator_planner/hook/cmake_prefix_path.sh'
[3.537s] Level 1:colcon.colcon_core.environment:checking '/home/jayaaraju/waiter_robot_ws/install/navigator_planner/lib'
[3.537s] Level 1:colcon.colcon_core.environment:checking '/home/jayaaraju/waiter_robot_ws/install/navigator_planner/bin'
[3.537s] Level 1:colcon.colcon_core.environment:checking '/home/jayaaraju/waiter_robot_ws/install/navigator_planner/lib/pkgconfig/navigator_planner.pc'
[3.538s] Level 1:colcon.colcon_core.environment:checking '/home/jayaaraju/waiter_robot_ws/install/navigator_planner/lib/python3.10/site-packages'
[3.539s] Level 1:colcon.colcon_core.environment:checking '/home/jayaaraju/waiter_robot_ws/install/navigator_planner/bin'
[3.540s] INFO:colcon.colcon_core.shell:Creating package script '/home/jayaaraju/waiter_robot_ws/install/navigator_planner/share/navigator_planner/package.ps1'
[3.542s] INFO:colcon.colcon_core.shell:Creating package descriptor '/home/jayaaraju/waiter_robot_ws/install/navigator_planner/share/navigator_planner/package.dsv'
[3.543s] INFO:colcon.colcon_core.shell:Creating package script '/home/jayaaraju/waiter_robot_ws/install/navigator_planner/share/navigator_planner/package.sh'
[3.544s] INFO:colcon.colcon_core.shell:Creating package script '/home/jayaaraju/waiter_robot_ws/install/navigator_planner/share/navigator_planner/package.bash'
[3.545s] INFO:colcon.colcon_core.shell:Creating package script '/home/jayaaraju/waiter_robot_ws/install/navigator_planner/share/navigator_planner/package.zsh'
[3.550s] Level 1:colcon.colcon_core.environment:create_file_with_runtime_dependencies(/home/jayaaraju/waiter_robot_ws/install/navigator_planner/share/colcon-core/packages/navigator_planner)
[3.616s] Level 1:colcon.colcon_core.environment:create_environment_scripts_only(ros2_mapping)
[3.617s] Level 1:colcon.colcon_core.environment:checking '/home/jayaaraju/waiter_robot_ws/install/ros2_mapping' for CMake module files
[3.618s] Level 1:colcon.colcon_core.environment:checking '/home/jayaaraju/waiter_robot_ws/install/ros2_mapping' for CMake config files
[3.619s] Level 1:colcon.colcon_core.shell:create_environment_hook('ros2_mapping', 'cmake_prefix_path')
[3.619s] INFO:colcon.colcon_core.shell:Creating environment hook '/home/jayaaraju/waiter_robot_ws/install/ros2_mapping/share/ros2_mapping/hook/cmake_prefix_path.ps1'
[3.620s] INFO:colcon.colcon_core.shell:Creating environment descriptor '/home/jayaaraju/waiter_robot_ws/install/ros2_mapping/share/ros2_mapping/hook/cmake_prefix_path.dsv'
[3.621s] INFO:colcon.colcon_core.shell:Creating environment hook '/home/jayaaraju/waiter_robot_ws/install/ros2_mapping/share/ros2_mapping/hook/cmake_prefix_path.sh'
[3.624s] Level 1:colcon.colcon_core.environment:checking '/home/jayaaraju/waiter_robot_ws/install/ros2_mapping/bin'
[3.624s] Level 1:colcon.colcon_core.environment:checking '/home/jayaaraju/waiter_robot_ws/install/ros2_mapping/lib/pkgconfig/ros2_mapping.pc'
[3.625s] Level 1:colcon.colcon_core.environment:checking '/home/jayaaraju/waiter_robot_ws/install/ros2_mapping/lib/python3.10/site-packages'
[3.626s] Level 1:colcon.colcon_core.environment:checking '/home/jayaaraju/waiter_robot_ws/install/ros2_mapping/bin'
[3.627s] INFO:colcon.colcon_core.shell:Creating package script '/home/jayaaraju/waiter_robot_ws/install/ros2_mapping/share/ros2_mapping/package.ps1'
[3.628s] INFO:colcon.colcon_core.shell:Creating package descriptor '/home/jayaaraju/waiter_robot_ws/install/ros2_mapping/share/ros2_mapping/package.dsv'
[3.630s] INFO:colcon.colcon_core.shell:Creating package script '/home/jayaaraju/waiter_robot_ws/install/ros2_mapping/share/ros2_mapping/package.sh'
[3.631s] INFO:colcon.colcon_core.shell:Creating package script '/home/jayaaraju/waiter_robot_ws/install/ros2_mapping/share/ros2_mapping/package.bash'
[3.632s] INFO:colcon.colcon_core.shell:Creating package script '/home/jayaaraju/waiter_robot_ws/install/ros2_mapping/share/ros2_mapping/package.zsh'
[3.633s] Level 1:colcon.colcon_core.environment:create_file_with_runtime_dependencies(/home/jayaaraju/waiter_robot_ws/install/ros2_mapping/share/colcon-core/packages/ros2_mapping)
[3.679s] Level 1:colcon.colcon_core.environment:create_environment_scripts_only(navigator_planner)
[3.683s] Level 1:colcon.colcon_core.environment:checking '/home/jayaaraju/waiter_robot_ws/install/navigator_planner' for CMake module files
[3.688s] Level 1:colcon.colcon_core.environment:checking '/home/jayaaraju/waiter_robot_ws/install/navigator_planner' for CMake config files
[3.690s] Level 1:colcon.colcon_core.shell:create_environment_hook('navigator_planner', 'cmake_prefix_path')
[3.692s] INFO:colcon.colcon_core.shell:Creating environment hook '/home/jayaaraju/waiter_robot_ws/install/navigator_planner/share/navigator_planner/hook/cmake_prefix_path.ps1'
[3.693s] INFO:colcon.colcon_core.shell:Creating environment descriptor '/home/jayaaraju/waiter_robot_ws/install/navigator_planner/share/navigator_planner/hook/cmake_prefix_path.dsv'
[3.694s] INFO:colcon.colcon_core.shell:Creating environment hook '/home/jayaaraju/waiter_robot_ws/install/navigator_planner/share/navigator_planner/hook/cmake_prefix_path.sh'
[3.696s] Level 1:colcon.colcon_core.environment:checking '/home/jayaaraju/waiter_robot_ws/install/navigator_planner/lib'
[3.696s] Level 1:colcon.colcon_core.environment:checking '/home/jayaaraju/waiter_robot_ws/install/navigator_planner/bin'
[3.696s] Level 1:colcon.colcon_core.environment:checking '/home/jayaaraju/waiter_robot_ws/install/navigator_planner/lib/pkgconfig/navigator_planner.pc'
[3.698s] Level 1:colcon.colcon_core.environment:checking '/home/jayaaraju/waiter_robot_ws/install/navigator_planner/lib/python3.10/site-packages'
[3.700s] Level 1:colcon.colcon_core.environment:checking '/home/jayaaraju/waiter_robot_ws/install/navigator_planner/bin'
[3.701s] INFO:colcon.colcon_core.shell:Creating package script '/home/jayaaraju/waiter_robot_ws/install/navigator_planner/share/navigator_planner/package.ps1'
[3.702s] INFO:colcon.colcon_core.shell:Creating package descriptor '/home/jayaaraju/waiter_robot_ws/install/navigator_planner/share/navigator_planner/package.dsv'
[3.703s] INFO:colcon.colcon_core.shell:Creating package script '/home/jayaaraju/waiter_robot_ws/install/navigator_planner/share/navigator_planner/package.sh'
[3.708s] INFO:colcon.colcon_core.shell:Creating package script '/home/jayaaraju/waiter_robot_ws/install/navigator_planner/share/navigator_planner/package.bash'
[3.712s] INFO:colcon.colcon_core.shell:Creating package script '/home/jayaaraju/waiter_robot_ws/install/navigator_planner/share/navigator_planner/package.zsh'
[3.713s] Level 1:colcon.colcon_core.environment:create_file_with_runtime_dependencies(/home/jayaaraju/waiter_robot_ws/install/navigator_planner/share/colcon-core/packages/navigator_planner)
[4.290s] DEBUG:colcon.colcon_core.event_handler.log_command:Invoked command in '/home/jayaaraju/waiter_robot_ws/build/prototype' returned '0': CMAKE_PREFIX_PATH=/home/jayaaraju/waiter_robot_ws/install/waiter_tree:/home/jayaaraju/waiter_robot_ws/install/ros2_mapping:/home/jayaaraju/waiter_robot_ws/install/prototype:/home/jayaaraju/waiter_robot_ws/install/navigator_planner:/home/jayaaraju/code_ws/install/udemy:/home/jayaaraju/nav_ws/install/sattva_bot:/home/jayaaraju/nav_ws/install/ros2_mapping:/home/jayaaraju/nav_ws/install/opennav_docking:/home/jayaaraju/main_ws/install/two_wheeled_robot:/home/jayaaraju/main_ws/install/sllidar_ros2:/home/jayaaraju/main_ws/install/ros2_control_test_assets:/home/jayaaraju/main_ws/install/ros2_control_demo_description:/home/jayaaraju/main_ws/install/my_own_robot:/home/jayaaraju/proto_ws/install/sattva_bot:/home/jayaaraju/proto_ws/install/prototype:/home/jayaaraju/proto_ws/install/pallet_loader:/home/jayaaraju/waiter_robot_ws/install/py_trees_ros_tutorials:/home/jayaaraju/ros2_ws/install/my_robot_controller:/home/jayaaraju/ros2_ws/src/install/my_robot_controller:/home/jayaaraju/pallet_ws/install/yolov5_ros:/opt/ros/humble:/home/jayaaraju/pallet_ws/install/serial:/home/jayaaraju/pallet_ws/install/pallet_loader:/home/jayaaraju/pallet_ws/install/bboxes_ex_msgs /usr/bin/cmake --build /home/jayaaraju/waiter_robot_ws/build/prototype -- -j8 -l8
[4.700s] DEBUG:colcon.colcon_core.event_handler.log_command:Invoking command in '/home/jayaaraju/waiter_robot_ws/build/prototype': CMAKE_PREFIX_PATH=/home/jayaaraju/waiter_robot_ws/install/waiter_tree:/home/jayaaraju/waiter_robot_ws/install/ros2_mapping:/home/jayaaraju/waiter_robot_ws/install/prototype:/home/jayaaraju/waiter_robot_ws/install/navigator_planner:/home/jayaaraju/code_ws/install/udemy:/home/jayaaraju/nav_ws/install/sattva_bot:/home/jayaaraju/nav_ws/install/ros2_mapping:/home/jayaaraju/nav_ws/install/opennav_docking:/home/jayaaraju/main_ws/install/two_wheeled_robot:/home/jayaaraju/main_ws/install/sllidar_ros2:/home/jayaaraju/main_ws/install/ros2_control_test_assets:/home/jayaaraju/main_ws/install/ros2_control_demo_description:/home/jayaaraju/main_ws/install/my_own_robot:/home/jayaaraju/proto_ws/install/sattva_bot:/home/jayaaraju/proto_ws/install/prototype:/home/jayaaraju/proto_ws/install/pallet_loader:/home/jayaaraju/waiter_robot_ws/install/py_trees_ros_tutorials:/home/jayaaraju/ros2_ws/install/my_robot_controller:/home/jayaaraju/ros2_ws/src/install/my_robot_controller:/home/jayaaraju/pallet_ws/install/yolov5_ros:/opt/ros/humble:/home/jayaaraju/pallet_ws/install/serial:/home/jayaaraju/pallet_ws/install/pallet_loader:/home/jayaaraju/pallet_ws/install/bboxes_ex_msgs /usr/bin/cmake --install /home/jayaaraju/waiter_robot_ws/build/prototype
[4.749s] DEBUG:colcon.colcon_core.event_handler.log_command:Invoked command in '/home/jayaaraju/waiter_robot_ws/build/waiter_tree' returned '0': CMAKE_PREFIX_PATH=/home/jayaaraju/waiter_robot_ws/install/waiter_tree:/home/jayaaraju/waiter_robot_ws/install/ros2_mapping:/home/jayaaraju/waiter_robot_ws/install/prototype:/home/jayaaraju/waiter_robot_ws/install/navigator_planner:/home/jayaaraju/code_ws/install/udemy:/home/jayaaraju/nav_ws/install/sattva_bot:/home/jayaaraju/nav_ws/install/ros2_mapping:/home/jayaaraju/nav_ws/install/opennav_docking:/home/jayaaraju/main_ws/install/two_wheeled_robot:/home/jayaaraju/main_ws/install/sllidar_ros2:/home/jayaaraju/main_ws/install/ros2_control_test_assets:/home/jayaaraju/main_ws/install/ros2_control_demo_description:/home/jayaaraju/main_ws/install/my_own_robot:/home/jayaaraju/proto_ws/install/sattva_bot:/home/jayaaraju/proto_ws/install/prototype:/home/jayaaraju/proto_ws/install/pallet_loader:/home/jayaaraju/waiter_robot_ws/install/py_trees_ros_tutorials:/home/jayaaraju/ros2_ws/install/my_robot_controller:/home/jayaaraju/ros2_ws/src/install/my_robot_controller:/home/jayaaraju/pallet_ws/install/yolov5_ros:/opt/ros/humble:/home/jayaaraju/pallet_ws/install/serial:/home/jayaaraju/pallet_ws/install/pallet_loader:/home/jayaaraju/pallet_ws/install/bboxes_ex_msgs /usr/bin/cmake --build /home/jayaaraju/waiter_robot_ws/build/waiter_tree -- -j8 -l8
[4.851s] DEBUG:colcon.colcon_core.event_handler.log_command:Invoking command in '/home/jayaaraju/waiter_robot_ws/build/waiter_tree': CMAKE_PREFIX_PATH=/home/jayaaraju/waiter_robot_ws/install/waiter_tree:/home/jayaaraju/waiter_robot_ws/install/ros2_mapping:/home/jayaaraju/waiter_robot_ws/install/prototype:/home/jayaaraju/waiter_robot_ws/install/navigator_planner:/home/jayaaraju/code_ws/install/udemy:/home/jayaaraju/nav_ws/install/sattva_bot:/home/jayaaraju/nav_ws/install/ros2_mapping:/home/jayaaraju/nav_ws/install/opennav_docking:/home/jayaaraju/main_ws/install/two_wheeled_robot:/home/jayaaraju/main_ws/install/sllidar_ros2:/home/jayaaraju/main_ws/install/ros2_control_test_assets:/home/jayaaraju/main_ws/install/ros2_control_demo_description:/home/jayaaraju/main_ws/install/my_own_robot:/home/jayaaraju/proto_ws/install/sattva_bot:/home/jayaaraju/proto_ws/install/prototype:/home/jayaaraju/proto_ws/install/pallet_loader:/home/jayaaraju/waiter_robot_ws/install/py_trees_ros_tutorials:/home/jayaaraju/ros2_ws/install/my_robot_controller:/home/jayaaraju/ros2_ws/src/install/my_robot_controller:/home/jayaaraju/pallet_ws/install/yolov5_ros:/opt/ros/humble:/home/jayaaraju/pallet_ws/install/serial:/home/jayaaraju/pallet_ws/install/pallet_loader:/home/jayaaraju/pallet_ws/install/bboxes_ex_msgs /usr/bin/cmake --install /home/jayaaraju/waiter_robot_ws/build/waiter_tree
[4.994s] DEBUG:colcon.colcon_core.event_handler.log_command:Invoking command in '/home/jayaaraju/waiter_robot_ws/build/py_trees_ros_tutorials': PYTHONPATH=/home/jayaaraju/waiter_robot_ws/build/py_trees_ros_tutorials/prefix_override:/usr/lib/python3/dist-packages/colcon_core/task/python/colcon_distutils_commands:/home/jayaaraju/waiter_robot_ws/install/py_trees_ros_tutorials/lib/python3.10/site-packages:${PYTHONPATH} /usr/bin/python3 -W ignore:setup.py install is deprecated setup.py develop --editable --build-directory /home/jayaaraju/waiter_robot_ws/build/py_trees_ros_tutorials/build --no-deps symlink_data
[5.010s] Level 1:colcon.colcon_core.environment:create_environment_scripts_only(prototype)
[5.011s] Level 1:colcon.colcon_core.environment:checking '/home/jayaaraju/waiter_robot_ws/install/prototype' for CMake module files
[5.012s] DEBUG:colcon.colcon_core.event_handler.log_command:Invoked command in '/home/jayaaraju/waiter_robot_ws/build/prototype' returned '0': CMAKE_PREFIX_PATH=/home/jayaaraju/waiter_robot_ws/install/waiter_tree:/home/jayaaraju/waiter_robot_ws/install/ros2_mapping:/home/jayaaraju/waiter_robot_ws/install/prototype:/home/jayaaraju/waiter_robot_ws/install/navigator_planner:/home/jayaaraju/code_ws/install/udemy:/home/jayaaraju/nav_ws/install/sattva_bot:/home/jayaaraju/nav_ws/install/ros2_mapping:/home/jayaaraju/nav_ws/install/opennav_docking:/home/jayaaraju/main_ws/install/two_wheeled_robot:/home/jayaaraju/main_ws/install/sllidar_ros2:/home/jayaaraju/main_ws/install/ros2_control_test_assets:/home/jayaaraju/main_ws/install/ros2_control_demo_description:/home/jayaaraju/main_ws/install/my_own_robot:/home/jayaaraju/proto_ws/install/sattva_bot:/home/jayaaraju/proto_ws/install/prototype:/home/jayaaraju/proto_ws/install/pallet_loader:/home/jayaaraju/waiter_robot_ws/install/py_trees_ros_tutorials:/home/jayaaraju/ros2_ws/install/my_robot_controller:/home/jayaaraju/ros2_ws/src/install/my_robot_controller:/home/jayaaraju/pallet_ws/install/yolov5_ros:/opt/ros/humble:/home/jayaaraju/pallet_ws/install/serial:/home/jayaaraju/pallet_ws/install/pallet_loader:/home/jayaaraju/pallet_ws/install/bboxes_ex_msgs /usr/bin/cmake --install /home/jayaaraju/waiter_robot_ws/build/prototype
[5.014s] Level 1:colcon.colcon_core.environment:checking '/home/jayaaraju/waiter_robot_ws/install/prototype' for CMake config files
[5.016s] Level 1:colcon.colcon_core.shell:create_environment_hook('prototype', 'cmake_prefix_path')
[5.017s] INFO:colcon.colcon_core.shell:Creating environment hook '/home/jayaaraju/waiter_robot_ws/install/prototype/share/prototype/hook/cmake_prefix_path.ps1'
[5.018s] INFO:colcon.colcon_core.shell:Creating environment descriptor '/home/jayaaraju/waiter_robot_ws/install/prototype/share/prototype/hook/cmake_prefix_path.dsv'
[5.020s] INFO:colcon.colcon_core.shell:Creating environment hook '/home/jayaaraju/waiter_robot_ws/install/prototype/share/prototype/hook/cmake_prefix_path.sh'
[5.026s] Level 1:colcon.colcon_core.environment:checking '/home/jayaaraju/waiter_robot_ws/install/prototype/lib'
[5.026s] Level 1:colcon.colcon_core.shell:create_environment_hook('prototype', 'ld_library_path_lib')
[5.028s] INFO:colcon.colcon_core.shell:Creating environment hook '/home/jayaaraju/waiter_robot_ws/install/prototype/share/prototype/hook/ld_library_path_lib.ps1'
[5.029s] INFO:colcon.colcon_core.shell:Creating environment descriptor '/home/jayaaraju/waiter_robot_ws/install/prototype/share/prototype/hook/ld_library_path_lib.dsv'
[5.031s] INFO:colcon.colcon_core.shell:Creating environment hook '/home/jayaaraju/waiter_robot_ws/install/prototype/share/prototype/hook/ld_library_path_lib.sh'
[5.032s] Level 1:colcon.colcon_core.environment:checking '/home/jayaaraju/waiter_robot_ws/install/prototype/bin'
[5.032s] Level 1:colcon.colcon_core.environment:checking '/home/jayaaraju/waiter_robot_ws/install/prototype/lib/pkgconfig/prototype.pc'
[5.033s] Level 1:colcon.colcon_core.environment:checking '/home/jayaaraju/waiter_robot_ws/install/prototype/lib/python3.10/site-packages'
[5.034s] Level 1:colcon.colcon_core.environment:checking '/home/jayaaraju/waiter_robot_ws/install/prototype/bin'
[5.035s] INFO:colcon.colcon_core.shell:Creating package script '/home/jayaaraju/waiter_robot_ws/install/prototype/share/prototype/package.ps1'
[5.039s] INFO:colcon.colcon_core.shell:Creating package descriptor '/home/jayaaraju/waiter_robot_ws/install/prototype/share/prototype/package.dsv'
[5.040s] INFO:colcon.colcon_core.shell:Creating package script '/home/jayaaraju/waiter_robot_ws/install/prototype/share/prototype/package.sh'
[5.042s] INFO:colcon.colcon_core.shell:Creating package script '/home/jayaaraju/waiter_robot_ws/install/prototype/share/prototype/package.bash'
[5.042s] INFO:colcon.colcon_core.shell:Creating package script '/home/jayaaraju/waiter_robot_ws/install/prototype/share/prototype/package.zsh'
[5.044s] Level 1:colcon.colcon_core.environment:create_file_with_runtime_dependencies(/home/jayaaraju/waiter_robot_ws/install/prototype/share/colcon-core/packages/prototype)
[5.125s] Level 1:colcon.colcon_core.environment:create_environment_scripts_only(waiter_tree)
[5.127s] Level 1:colcon.colcon_core.environment:checking '/home/jayaaraju/waiter_robot_ws/install/waiter_tree' for CMake module files
[5.130s] DEBUG:colcon.colcon_core.event_handler.log_command:Invoked command in '/home/jayaaraju/waiter_robot_ws/build/waiter_tree' returned '0': CMAKE_PREFIX_PATH=/home/jayaaraju/waiter_robot_ws/install/waiter_tree:/home/jayaaraju/waiter_robot_ws/install/ros2_mapping:/home/jayaaraju/waiter_robot_ws/install/prototype:/home/jayaaraju/waiter_robot_ws/install/navigator_planner:/home/jayaaraju/code_ws/install/udemy:/home/jayaaraju/nav_ws/install/sattva_bot:/home/jayaaraju/nav_ws/install/ros2_mapping:/home/jayaaraju/nav_ws/install/opennav_docking:/home/jayaaraju/main_ws/install/two_wheeled_robot:/home/jayaaraju/main_ws/install/sllidar_ros2:/home/jayaaraju/main_ws/install/ros2_control_test_assets:/home/jayaaraju/main_ws/install/ros2_control_demo_description:/home/jayaaraju/main_ws/install/my_own_robot:/home/jayaaraju/proto_ws/install/sattva_bot:/home/jayaaraju/proto_ws/install/prototype:/home/jayaaraju/proto_ws/install/pallet_loader:/home/jayaaraju/waiter_robot_ws/install/py_trees_ros_tutorials:/home/jayaaraju/ros2_ws/install/my_robot_controller:/home/jayaaraju/ros2_ws/src/install/my_robot_controller:/home/jayaaraju/pallet_ws/install/yolov5_ros:/opt/ros/humble:/home/jayaaraju/pallet_ws/install/serial:/home/jayaaraju/pallet_ws/install/pallet_loader:/home/jayaaraju/pallet_ws/install/bboxes_ex_msgs /usr/bin/cmake --install /home/jayaaraju/waiter_robot_ws/build/waiter_tree
[5.132s] Level 1:colcon.colcon_core.environment:checking '/home/jayaaraju/waiter_robot_ws/install/waiter_tree' for CMake config files
[5.134s] Level 1:colcon.colcon_core.shell:create_environment_hook('waiter_tree', 'cmake_prefix_path')
[5.134s] INFO:colcon.colcon_core.shell:Creating environment hook '/home/jayaaraju/waiter_robot_ws/install/waiter_tree/share/waiter_tree/hook/cmake_prefix_path.ps1'
[5.135s] INFO:colcon.colcon_core.shell:Creating environment descriptor '/home/jayaaraju/waiter_robot_ws/install/waiter_tree/share/waiter_tree/hook/cmake_prefix_path.dsv'
[5.136s] INFO:colcon.colcon_core.shell:Creating environment hook '/home/jayaaraju/waiter_robot_ws/install/waiter_tree/share/waiter_tree/hook/cmake_prefix_path.sh'
[5.137s] Level 1:colcon.colcon_core.environment:checking '/home/jayaaraju/waiter_robot_ws/install/waiter_tree/lib'
[5.137s] Level 1:colcon.colcon_core.environment:checking '/home/jayaaraju/waiter_robot_ws/install/waiter_tree/bin'
[5.137s] Level 1:colcon.colcon_core.environment:checking '/home/jayaaraju/waiter_robot_ws/install/waiter_tree/lib/pkgconfig/waiter_tree.pc'
[5.138s] Level 1:colcon.colcon_core.environment:checking '/home/jayaaraju/waiter_robot_ws/install/waiter_tree/lib/python3.10/site-packages'
[5.138s] Level 1:colcon.colcon_core.environment:checking '/home/jayaaraju/waiter_robot_ws/install/waiter_tree/bin'
[5.139s] INFO:colcon.colcon_core.shell:Creating package script '/home/jayaaraju/waiter_robot_ws/install/waiter_tree/share/waiter_tree/package.ps1'
[5.139s] INFO:colcon.colcon_core.shell:Creating package descriptor '/home/jayaaraju/waiter_robot_ws/install/waiter_tree/share/waiter_tree/package.dsv'
[5.140s] INFO:colcon.colcon_core.shell:Creating package script '/home/jayaaraju/waiter_robot_ws/install/waiter_tree/share/waiter_tree/package.sh'
[5.141s] INFO:colcon.colcon_core.shell:Creating package script '/home/jayaaraju/waiter_robot_ws/install/waiter_tree/share/waiter_tree/package.bash'
[5.141s] INFO:colcon.colcon_core.shell:Creating package script '/home/jayaaraju/waiter_robot_ws/install/waiter_tree/share/waiter_tree/package.zsh'
[5.142s] Level 1:colcon.colcon_core.environment:create_file_with_runtime_dependencies(/home/jayaaraju/waiter_robot_ws/install/waiter_tree/share/colcon-core/packages/waiter_tree)
[5.219s] Level 1:colcon.colcon_core.environment:create_environment_scripts_only(waiter_tree)
[5.219s] Level 1:colcon.colcon_core.environment:checking '/home/jayaaraju/waiter_robot_ws/install/waiter_tree' for CMake module files
[5.221s] Level 1:colcon.colcon_core.environment:checking '/home/jayaaraju/waiter_robot_ws/install/waiter_tree' for CMake config files
[5.222s] Level 1:colcon.colcon_core.shell:create_environment_hook('waiter_tree', 'cmake_prefix_path')
[5.223s] INFO:colcon.colcon_core.shell:Creating environment hook '/home/jayaaraju/waiter_robot_ws/install/waiter_tree/share/waiter_tree/hook/cmake_prefix_path.ps1'
[5.230s] INFO:colcon.colcon_core.shell:Creating environment descriptor '/home/jayaaraju/waiter_robot_ws/install/waiter_tree/share/waiter_tree/hook/cmake_prefix_path.dsv'
[5.232s] INFO:colcon.colcon_core.shell:Creating environment hook '/home/jayaaraju/waiter_robot_ws/install/waiter_tree/share/waiter_tree/hook/cmake_prefix_path.sh'
[5.234s] Level 1:colcon.colcon_core.environment:checking '/home/jayaaraju/waiter_robot_ws/install/waiter_tree/lib'
[5.234s] Level 1:colcon.colcon_core.environment:checking '/home/jayaaraju/waiter_robot_ws/install/waiter_tree/bin'
[5.234s] Level 1:colcon.colcon_core.environment:checking '/home/jayaaraju/waiter_robot_ws/install/waiter_tree/lib/pkgconfig/waiter_tree.pc'
[5.235s] Level 1:colcon.colcon_core.environment:checking '/home/jayaaraju/waiter_robot_ws/install/waiter_tree/lib/python3.10/site-packages'
[5.236s] Level 1:colcon.colcon_core.environment:checking '/home/jayaaraju/waiter_robot_ws/install/waiter_tree/bin'
[5.237s] INFO:colcon.colcon_core.shell:Creating package script '/home/jayaaraju/waiter_robot_ws/install/waiter_tree/share/waiter_tree/package.ps1'
[5.238s] INFO:colcon.colcon_core.shell:Creating package descriptor '/home/jayaaraju/waiter_robot_ws/install/waiter_tree/share/waiter_tree/package.dsv'
[5.239s] INFO:colcon.colcon_core.shell:Creating package script '/home/jayaaraju/waiter_robot_ws/install/waiter_tree/share/waiter_tree/package.sh'
[5.241s] INFO:colcon.colcon_core.shell:Creating package script '/home/jayaaraju/waiter_robot_ws/install/waiter_tree/share/waiter_tree/package.bash'
[5.242s] INFO:colcon.colcon_core.shell:Creating package script '/home/jayaaraju/waiter_robot_ws/install/waiter_tree/share/waiter_tree/package.zsh'
[5.244s] Level 1:colcon.colcon_core.environment:create_file_with_runtime_dependencies(/home/jayaaraju/waiter_robot_ws/install/waiter_tree/share/colcon-core/packages/waiter_tree)
[5.447s] Level 1:colcon.colcon_core.environment:create_environment_scripts_only(prototype)
[5.449s] Level 1:colcon.colcon_core.environment:checking '/home/jayaaraju/waiter_robot_ws/install/prototype' for CMake module files
[5.452s] Level 1:colcon.colcon_core.environment:checking '/home/jayaaraju/waiter_robot_ws/install/prototype' for CMake config files
[5.454s] Level 1:colcon.colcon_core.shell:create_environment_hook('prototype', 'cmake_prefix_path')
[5.455s] INFO:colcon.colcon_core.shell:Creating environment hook '/home/jayaaraju/waiter_robot_ws/install/prototype/share/prototype/hook/cmake_prefix_path.ps1'
[5.456s] INFO:colcon.colcon_core.shell:Creating environment descriptor '/home/jayaaraju/waiter_robot_ws/install/prototype/share/prototype/hook/cmake_prefix_path.dsv'
[5.457s] INFO:colcon.colcon_core.shell:Creating environment hook '/home/jayaaraju/waiter_robot_ws/install/prototype/share/prototype/hook/cmake_prefix_path.sh'
[5.458s] Level 1:colcon.colcon_core.environment:checking '/home/jayaaraju/waiter_robot_ws/install/prototype/lib'
[5.458s] Level 1:colcon.colcon_core.shell:create_environment_hook('prototype', 'ld_library_path_lib')
[5.458s] INFO:colcon.colcon_core.shell:Creating environment hook '/home/jayaaraju/waiter_robot_ws/install/prototype/share/prototype/hook/ld_library_path_lib.ps1'
[5.459s] INFO:colcon.colcon_core.shell:Creating environment descriptor '/home/jayaaraju/waiter_robot_ws/install/prototype/share/prototype/hook/ld_library_path_lib.dsv'
[5.460s] INFO:colcon.colcon_core.shell:Creating environment hook '/home/jayaaraju/waiter_robot_ws/install/prototype/share/prototype/hook/ld_library_path_lib.sh'
[5.460s] Level 1:colcon.colcon_core.environment:checking '/home/jayaaraju/waiter_robot_ws/install/prototype/bin'
[5.460s] Level 1:colcon.colcon_core.environment:checking '/home/jayaaraju/waiter_robot_ws/install/prototype/lib/pkgconfig/prototype.pc'
[5.461s] Level 1:colcon.colcon_core.environment:checking '/home/jayaaraju/waiter_robot_ws/install/prototype/lib/python3.10/site-packages'
[5.461s] Level 1:colcon.colcon_core.environment:checking '/home/jayaaraju/waiter_robot_ws/install/prototype/bin'
[5.461s] INFO:colcon.colcon_core.shell:Creating package script '/home/jayaaraju/waiter_robot_ws/install/prototype/share/prototype/package.ps1'
[5.462s] INFO:colcon.colcon_core.shell:Creating package descriptor '/home/jayaaraju/waiter_robot_ws/install/prototype/share/prototype/package.dsv'
[5.463s] INFO:colcon.colcon_core.shell:Creating package script '/home/jayaaraju/waiter_robot_ws/install/prototype/share/prototype/package.sh'
[5.464s] INFO:colcon.colcon_core.shell:Creating package script '/home/jayaaraju/waiter_robot_ws/install/prototype/share/prototype/package.bash'
[5.465s] INFO:colcon.colcon_core.shell:Creating package script '/home/jayaaraju/waiter_robot_ws/install/prototype/share/prototype/package.zsh'
[5.465s] Level 1:colcon.colcon_core.environment:create_file_with_runtime_dependencies(/home/jayaaraju/waiter_robot_ws/install/prototype/share/colcon-core/packages/prototype)
[7.207s] Level 1:colcon.colcon_core.shell:create_environment_hook('py_trees_ros_tutorials', 'pythonpath_develop')
[7.208s] INFO:colcon.colcon_core.shell:Creating environment hook '/home/jayaaraju/waiter_robot_ws/build/py_trees_ros_tutorials/share/py_trees_ros_tutorials/hook/pythonpath_develop.ps1'
[7.208s] DEBUG:colcon.colcon_core.event_handler.log_command:Invoked command in '/home/jayaaraju/waiter_robot_ws/build/py_trees_ros_tutorials' returned '0': PYTHONPATH=/home/jayaaraju/waiter_robot_ws/build/py_trees_ros_tutorials/prefix_override:/usr/lib/python3/dist-packages/colcon_core/task/python/colcon_distutils_commands:/home/jayaaraju/waiter_robot_ws/install/py_trees_ros_tutorials/lib/python3.10/site-packages:${PYTHONPATH} /usr/bin/python3 -W ignore:setup.py install is deprecated setup.py develop --editable --build-directory /home/jayaaraju/waiter_robot_ws/build/py_trees_ros_tutorials/build --no-deps symlink_data
[7.209s] INFO:colcon.colcon_core.shell:Creating environment descriptor '/home/jayaaraju/waiter_robot_ws/build/py_trees_ros_tutorials/share/py_trees_ros_tutorials/hook/pythonpath_develop.dsv'
[7.210s] INFO:colcon.colcon_core.shell:Creating environment hook '/home/jayaaraju/waiter_robot_ws/build/py_trees_ros_tutorials/share/py_trees_ros_tutorials/hook/pythonpath_develop.sh'
[7.212s] Level 1:colcon.colcon_core.environment:checking '/home/jayaaraju/waiter_robot_ws/install/py_trees_ros_tutorials' for CMake module files
[7.219s] Level 1:colcon.colcon_core.environment:checking '/home/jayaaraju/waiter_robot_ws/install/py_trees_ros_tutorials' for CMake config files
[7.221s] Level 1:colcon.colcon_core.environment:checking '/home/jayaaraju/waiter_robot_ws/install/py_trees_ros_tutorials/lib'
[7.222s] Level 1:colcon.colcon_core.environment:checking '/home/jayaaraju/waiter_robot_ws/install/py_trees_ros_tutorials/bin'
[7.222s] Level 1:colcon.colcon_core.environment:checking '/home/jayaaraju/waiter_robot_ws/install/py_trees_ros_tutorials/lib/pkgconfig/py_trees_ros_tutorials.pc'
[7.223s] Level 1:colcon.colcon_core.environment:checking '/home/jayaaraju/waiter_robot_ws/install/py_trees_ros_tutorials/lib/python3.10/site-packages'
[7.223s] Level 1:colcon.colcon_core.shell:create_environment_hook('py_trees_ros_tutorials', 'pythonpath')
[7.224s] INFO:colcon.colcon_core.shell:Creating environment hook '/home/jayaaraju/waiter_robot_ws/install/py_trees_ros_tutorials/share/py_trees_ros_tutorials/hook/pythonpath.ps1'
[7.225s] INFO:colcon.colcon_core.shell:Creating environment descriptor '/home/jayaaraju/waiter_robot_ws/install/py_trees_ros_tutorials/share/py_trees_ros_tutorials/hook/pythonpath.dsv'
[7.226s] INFO:colcon.colcon_core.shell:Creating environment hook '/home/jayaaraju/waiter_robot_ws/install/py_trees_ros_tutorials/share/py_trees_ros_tutorials/hook/pythonpath.sh'
[7.227s] Level 1:colcon.colcon_core.environment:checking '/home/jayaaraju/waiter_robot_ws/install/py_trees_ros_tutorials/bin'
[7.227s] Level 1:colcon.colcon_core.environment:create_environment_scripts_only(py_trees_ros_tutorials)
[7.228s] INFO:colcon.colcon_core.shell:Creating package script '/home/jayaaraju/waiter_robot_ws/install/py_trees_ros_tutorials/share/py_trees_ros_tutorials/package.ps1'
[7.229s] INFO:colcon.colcon_core.shell:Creating package descriptor '/home/jayaaraju/waiter_robot_ws/install/py_trees_ros_tutorials/share/py_trees_ros_tutorials/package.dsv'
[7.230s] INFO:colcon.colcon_core.shell:Creating package script '/home/jayaaraju/waiter_robot_ws/install/py_trees_ros_tutorials/share/py_trees_ros_tutorials/package.sh'
[7.232s] INFO:colcon.colcon_core.shell:Creating package script '/home/jayaaraju/waiter_robot_ws/install/py_trees_ros_tutorials/share/py_trees_ros_tutorials/package.bash'
[7.233s] INFO:colcon.colcon_core.shell:Creating package script '/home/jayaaraju/waiter_robot_ws/install/py_trees_ros_tutorials/share/py_trees_ros_tutorials/package.zsh'
[7.234s] Level 1:colcon.colcon_core.environment:create_file_with_runtime_dependencies(/home/jayaaraju/waiter_robot_ws/install/py_trees_ros_tutorials/share/colcon-core/packages/py_trees_ros_tutorials)
[7.234s] DEBUG:colcon.colcon_parallel_executor.executor.parallel:closing loop
[7.235s] DEBUG:colcon.colcon_parallel_executor.executor.parallel:loop closed
[7.235s] DEBUG:colcon.colcon_parallel_executor.executor.parallel:run_until_complete finished with '0'
[7.235s] DEBUG:colcon.colcon_core.event_reactor:joining thread
[7.250s] INFO:colcon.colcon_core.plugin_system:Skipping extension 'colcon_notification.desktop_notification.terminal_notifier': Not used on non-Darwin systems
[7.250s] INFO:colcon.colcon_core.plugin_system:Skipping extension 'colcon_notification.desktop_notification.win32': Not used on non-Windows systems
[7.250s] INFO:colcon.colcon_notification.desktop_notification:Sending desktop notification using 'notify2'
[7.303s] DEBUG:colcon.colcon_core.event_reactor:joined thread
[7.303s] INFO:colcon.colcon_core.shell:Creating prefix script '/home/jayaaraju/waiter_robot_ws/install/local_setup.ps1'
[7.305s] INFO:colcon.colcon_core.shell:Creating prefix util module '/home/jayaaraju/waiter_robot_ws/install/_local_setup_util_ps1.py'
[7.312s] INFO:colcon.colcon_core.shell:Creating prefix chain script '/home/jayaaraju/waiter_robot_ws/install/setup.ps1'
[7.319s] INFO:colcon.colcon_core.shell:Creating prefix script '/home/jayaaraju/waiter_robot_ws/install/local_setup.sh'
[7.320s] INFO:colcon.colcon_core.shell:Creating prefix util module '/home/jayaaraju/waiter_robot_ws/install/_local_setup_util_sh.py'
[7.320s] INFO:colcon.colcon_core.shell:Creating prefix chain script '/home/jayaaraju/waiter_robot_ws/install/setup.sh'
[7.325s] INFO:colcon.colcon_core.shell:Creating prefix script '/home/jayaaraju/waiter_robot_ws/install/local_setup.bash'
[7.326s] INFO:colcon.colcon_core.shell:Creating prefix chain script '/home/jayaaraju/waiter_robot_ws/install/setup.bash'
[7.337s] INFO:colcon.colcon_core.shell:Creating prefix script '/home/jayaaraju/waiter_robot_ws/install/local_setup.zsh'
[7.339s] INFO:colcon.colcon_core.shell:Creating prefix chain script '/home/jayaaraju/waiter_robot_ws/install/setup.zsh'
