[1.054s] Invoking command in '/home/jayaaraju/waiter_robot_ws/src/build/waiter_tree': CMAKE_PREFIX_PATH=${CMAKE_PREFIX_PATH}:/home/jayaaraju/waiter_robot_ws/install/py_trees_ros_tutorials:/home/jayaaraju/ros2_ws/install/my_robot_controller:/home/jayaaraju/ros2_ws/src/install/my_robot_controller:/home/jayaaraju/pallet_ws/install/yolov5_ros:/opt/ros/humble /usr/bin/cmake /home/jayaaraju/waiter_robot_ws/src/waiter_tree -DAMENT_CMAKE_SYMLINK_INSTALL=1 -DCMAKE_INSTALL_PREFIX=/home/jayaaraju/waiter_robot_ws/src/install/waiter_tree
[1.311s] -- The C compiler identification is GNU 11.4.0
[1.586s] -- The CXX compiler identification is GNU 11.4.0
[1.609s] -- Detecting C compiler ABI info
[1.900s] -- Detecting C compiler ABI info - done
[1.918s] -- Check for working C compiler: /usr/bin/cc - skipped
[1.918s] -- Detecting C compile features
[1.919s] -- Detecting C compile features - done
[1.925s] -- Detecting CXX compiler ABI info
[2.149s] -- Detecting CXX compiler ABI info - done
[2.166s] -- Check for working CXX compiler: /usr/bin/c++ - skipped
[2.167s] -- Detecting CXX compile features
[2.168s] -- Detecting CXX compile features - done
[2.176s] -- Found ament_cmake: 1.3.9 (/opt/ros/humble/share/ament_cmake/cmake)
[2.508s] -- Found Python3: /usr/bin/python3 (found version "3.10.12") found components: Interpreter 
[2.647s] -- Override CMake install command with custom implementation using symlinks instead of copying resources
[2.708s] -- Found rclcpp: 16.0.9 (/opt/ros/humble/share/rclcpp/cmake)
[2.769s] -- Found rosidl_generator_c: 3.1.5 (/opt/ros/humble/share/rosidl_generator_c/cmake)
[2.779s] -- Found rosidl_adapter: 3.1.5 (/opt/ros/humble/share/rosidl_adapter/cmake)
[2.792s] -- Found rosidl_generator_cpp: 3.1.5 (/opt/ros/humble/share/rosidl_generator_cpp/cmake)
[2.817s] -- Using all available rosidl_typesupport_c: rosidl_typesupport_fastrtps_c;rosidl_typesupport_introspection_c
[2.861s] -- Using all available rosidl_typesupport_cpp: rosidl_typesupport_fastrtps_cpp;rosidl_typesupport_introspection_cpp
[2.967s] -- Found rmw_implementation_cmake: 6.1.2 (/opt/ros/humble/share/rmw_implementation_cmake/cmake)
[2.973s] -- Found rmw_cyclonedds_cpp: 1.3.4 (/opt/ros/humble/share/rmw_cyclonedds_cpp/cmake)
[3.026s] -- Using RMW implementation 'rmw_cyclonedds_cpp' as default
[3.045s] -- Looking for pthread.h
[3.161s] -- Looking for pthread.h - found
[3.161s] -- Performing Test CMAKE_HAVE_LIBC_PTHREAD
[3.280s] -- Performing Test CMAKE_HAVE_LIBC_PTHREAD - Success
[3.283s] -- Found Threads: TRUE  
[3.523s] -- Found rclpy: 3.3.13 (/opt/ros/humble/share/rclpy/cmake)
[3.528s] -- Found rosidl_default_generators: 1.2.0 (/opt/ros/humble/share/rosidl_default_generators/cmake)
[3.551s] -- Found geometry_msgs: 4.2.4 (/opt/ros/humble/share/geometry_msgs/cmake)
[3.632s] -- Found std_srvs: 4.2.4 (/opt/ros/humble/share/std_srvs/cmake)
[3.663s] -- Found nav_msgs: 4.2.4 (/opt/ros/humble/share/nav_msgs/cmake)
[3.788s] -- Found urdf: 2.6.0 (/opt/ros/humble/share/urdf/cmake)
[3.867s] -- Found xacro: 2.0.8 (/opt/ros/humble/share/xacro/cmake)
[3.874s] -- Found gazebo_dev: 3.7.0 (/opt/ros/humble/share/gazebo_dev/cmake)
[3.890s] -- Found PkgConfig: /usr/bin/pkg-config (found version "0.29.2") 
[3.892s] -- Checking for module 'bullet>=2.82'
[3.923s] --   Found bullet, version 3.05
[4.162s] -- Found fcl: /usr/include (found suitable version "0.7.0", minimum required is "0.5.0") 
[4.285s] -- Found assimp: /usr/include (found version "5.2.0") 
[4.332s] -- Found DART: /usr/include (Required is at least version "6.6") found components: dart 
[4.400s] -- Found Boost: /usr/lib/x86_64-linux-gnu/cmake/Boost-1.74.0/BoostConfig.cmake (found suitable version "1.74.0", minimum required is "1.40.0") found components: thread system filesystem program_options regex iostreams date_time 
[4.449s] -- Found Protobuf: /usr/lib/x86_64-linux-gnu/libprotobuf.so (found version "3.12.4") 
[4.463s] -- Looking for ignition-math6 -- found version 6.15.1
[4.481s] -- Searching for dependencies of ignition-math6
[4.484s] -- Looking for OGRE...
[4.485s] -- OGRE_PREFIX_WATCH changed.
[4.495s] -- Checking for module 'OGRE'
[4.518s] --   Found OGRE, version 1.9.0
[4.569s] -- Found Ogre Ghadamon (1.9.0)
[4.593s] -- Found OGRE: optimized;/usr/lib/x86_64-linux-gnu/libOgreMain.so;debug;/usr/lib/x86_64-linux-gnu/libOgreMain.so
[4.613s] -- Looking for OGRE_Paging...
[4.633s] -- Found OGRE_Paging: optimized;/usr/lib/x86_64-linux-gnu/libOgrePaging.so;debug;/usr/lib/x86_64-linux-gnu/libOgrePaging.so
[4.633s] -- Looking for OGRE_Terrain...
[4.653s] -- Found OGRE_Terrain: optimized;/usr/lib/x86_64-linux-gnu/libOgreTerrain.so;debug;/usr/lib/x86_64-linux-gnu/libOgreTerrain.so
[4.653s] -- Looking for OGRE_Property...
[4.666s] -- Found OGRE_Property: optimized;/usr/lib/x86_64-linux-gnu/libOgreProperty.so;debug;/usr/lib/x86_64-linux-gnu/libOgreProperty.so
[4.667s] -- Looking for OGRE_RTShaderSystem...
[4.681s] -- Found OGRE_RTShaderSystem: optimized;/usr/lib/x86_64-linux-gnu/libOgreRTShaderSystem.so;debug;/usr/lib/x86_64-linux-gnu/libOgreRTShaderSystem.so
[4.682s] -- Looking for OGRE_Volume...
[4.697s] -- Found OGRE_Volume: optimized;/usr/lib/x86_64-linux-gnu/libOgreVolume.so;debug;/usr/lib/x86_64-linux-gnu/libOgreVolume.so
[4.697s] -- Looking for OGRE_Overlay...
[4.711s] -- Found OGRE_Overlay: optimized;/usr/lib/x86_64-linux-gnu/libOgreOverlay.so;debug;/usr/lib/x86_64-linux-gnu/libOgreOverlay.so
[5.065s] -- Looking for ignition-math6 -- found version 6.15.1
[5.072s] -- Looking for ignition-transport8 -- found version 8.2.1
[5.073s] -- Searching for dependencies of ignition-transport8
[5.101s] -- Found Protobuf: /usr/lib/x86_64-linux-gnu/libprotobuf.so (found suitable version "3.12.4", minimum required is "3") 
[5.116s] -- Config-file not installed for ZeroMQ -- checking for pkg-config
[5.124s] -- Checking for module 'libzmq >= 4'
[5.148s] --   Found libzmq , version 4.3.4
[5.222s] -- Found ZeroMQ: TRUE (Required is at least version "4") 
[5.235s] -- Checking for module 'uuid'
[5.267s] --   Found uuid, version 2.37.2
[5.342s] -- Found UUID: TRUE  
[5.350s] -- Looking for ignition-msgs5 -- found version 5.8.1
[5.351s] -- Searching for dependencies of ignition-msgs5
[5.389s] -- Looking for ignition-math6 -- found version 6.15.1
[5.397s] -- Checking for module 'tinyxml2'
[5.426s] --   Found tinyxml2, version 9.0.0
[5.511s] -- Looking for ignition-msgs5 -- found version 5.8.1
[5.517s] -- Looking for ignition-common3 -- found version 3.14.0
[5.518s] -- Searching for dependencies of ignition-common3
[5.519s] -- Looking for dlfcn.h - found
[5.523s] -- Looking for libdl - found
[5.526s] -- Found DL: TRUE  
[5.550s] -- Found tinyobjloader: /usr/lib/x86_64-linux-gnu/cmake/tinyobjloader/tinyobjloader-config.cmake (found version "2.0.0") 
[5.551s] -- Searching for <ignition-common3> component [graphics]
[5.559s] -- Looking for ignition-common3-graphics -- found version 3.14.0
[5.560s] -- Searching for dependencies of ignition-common3-graphics
[5.561s] -- Looking for ignition-math6 -- found version 6.15.1
[5.568s] -- Looking for ignition-fuel_tools4 -- found version 4.4.0
[5.568s] -- Searching for dependencies of ignition-fuel_tools4
[5.762s] -- Found CURL: /usr/lib/x86_64-linux-gnu/libcurl.so (found version "7.81.0")  
[5.784s] -- Checking for module 'jsoncpp'
[5.820s] --   Found jsoncpp, version 1.9.5
[5.912s] -- Found JSONCPP: TRUE  
[5.927s] -- Checking for module 'libzip'
[5.957s] --   Found libzip, version 1.7.3
[6.051s] -- Found ZIP: TRUE  
[6.051s] -- Looking for ignition-common3 -- found version 3.14.0
[6.052s] -- Looking for ignition-math6 -- found version 6.15.1
[6.053s] -- Looking for ignition-msgs5 -- found version 5.8.1
[6.067s] -- Gazebo version: 11.14
[6.067s] -- Checking for module 'tbb'
[6.098s] --   Found tbb, version 2021.5.0
[6.183s] -- Found gazebo_msgs: 3.7.0 (/opt/ros/humble/share/gazebo_msgs/cmake)
[6.581s] -- Found gazebo_plugins: 3.7.0 (/opt/ros/humble/share/gazebo_plugins/cmake)
[6.661s] -- Found hardware_interface: 2.41.0 (/opt/ros/humble/share/hardware_interface/cmake)
[7.258s] -- Found controller_manager: 2.41.0 (/opt/ros/humble/share/controller_manager/cmake)
[7.863s] -- Found ros2_control: 2.41.0 (/opt/ros/humble/share/ros2_control/cmake)
[7.872s] -- Found ros2_controllers: 2.35.0 (/opt/ros/humble/share/ros2_controllers/cmake)
[7.878s] -- Found gazebo_ros_pkgs: 3.7.0 (/opt/ros/humble/share/gazebo_ros_pkgs/cmake)
[7.883s] -- Found gazebo_ros2_control: 0.4.9 (/opt/ros/humble/share/gazebo_ros2_control/cmake)
[8.674s] -- Found ament_lint_auto: 0.12.11 (/opt/ros/humble/share/ament_lint_auto/cmake)
[8.815s] -- Added test 'flake8' to check Python code syntax and style conventions
[8.816s] -- Added test 'lint_cmake' to check CMake code style
[8.817s] -- Added test 'pep257' to check Python code against some of the docstring style conventions in PEP 257
[8.821s] -- Added test 'xmllint' to check XML markup files
[8.825s] -- Configuring done
[8.834s] -- Generating done
[8.839s] -- Build files have been written to: /home/jayaaraju/waiter_robot_ws/src/build/waiter_tree
