[1.144s] Invoking command in '/home/jayaaraju/waiter_robot_ws/build/py_trees_ros_tutorials': PYTHONPATH=/home/jayaaraju/waiter_robot_ws/build/py_trees_ros_tutorials/prefix_override:/usr/lib/python3/dist-packages/colcon_core/task/python/colcon_distutils_commands:/home/jayaaraju/waiter_robot_ws/install/py_trees_ros_tutorials/lib/python3.10/site-packages:${PYTHONPATH} /usr/bin/python3 -W ignore:setup.py install is deprecated setup.py develop --editable --build-directory /home/jayaaraju/waiter_robot_ws/build/py_trees_ros_tutorials/build --no-deps symlink_data
[1.172s] /home/jayaaraju/waiter_robot_ws/build/py_trees_ros_tutorials/setup.py:5: DeprecationWarning: The distutils package is deprecated and slated for removal in Python 3.12. Use setuptools or check PEP 632 for potential alternatives
[1.172s]   from distutils import log
[1.479s] running develop
[1.711s] redirecting scripts
[1.711s]   from: /home/jayaaraju/waiter_robot_ws/install/py_trees_ros_tutorials/bin
[1.711s]     to: /home/jayaaraju/waiter_robot_ws/install/py_trees_ros_tutorials/lib/py_trees_ros_tutorials
[1.711s] running egg_info
[1.711s] writing py_trees_ros_tutorials.egg-info/PKG-INFO
[1.712s] writing dependency_links to py_trees_ros_tutorials.egg-info/dependency_links.txt
[1.712s] writing entry points to py_trees_ros_tutorials.egg-info/entry_points.txt
[1.712s] writing top-level names to py_trees_ros_tutorials.egg-info/top_level.txt
[1.716s] reading manifest file 'py_trees_ros_tutorials.egg-info/SOURCES.txt'
[1.718s] writing manifest file 'py_trees_ros_tutorials.egg-info/SOURCES.txt'
[1.720s] running build_ext
[1.720s] Creating /home/jayaaraju/waiter_robot_ws/install/py_trees_ros_tutorials/lib/python3.10/site-packages/py-trees-ros-tutorials.egg-link (link to .)
[1.721s] Installing mock-battery script to /home/jayaaraju/waiter_robot_ws/install/py_trees_ros_tutorials/lib/py_trees_ros_tutorials
[1.721s] Installing mock-dashboard script to /home/jayaaraju/waiter_robot_ws/install/py_trees_ros_tutorials/lib/py_trees_ros_tutorials
[1.721s] Installing mock-dock-client script to /home/jayaaraju/waiter_robot_ws/install/py_trees_ros_tutorials/lib/py_trees_ros_tutorials
[1.722s] Installing mock-docking-controller script to /home/jayaaraju/waiter_robot_ws/install/py_trees_ros_tutorials/lib/py_trees_ros_tutorials
[1.722s] Installing mock-led-strip script to /home/jayaaraju/waiter_robot_ws/install/py_trees_ros_tutorials/lib/py_trees_ros_tutorials
[1.722s] Installing mock-move-base script to /home/jayaaraju/waiter_robot_ws/install/py_trees_ros_tutorials/lib/py_trees_ros_tutorials
[1.722s] Installing mock-move-base-client script to /home/jayaaraju/waiter_robot_ws/install/py_trees_ros_tutorials/lib/py_trees_ros_tutorials
[1.722s] Installing mock-rotate-client script to /home/jayaaraju/waiter_robot_ws/install/py_trees_ros_tutorials/lib/py_trees_ros_tutorials
[1.722s] Installing mock-rotation-controller script to /home/jayaaraju/waiter_robot_ws/install/py_trees_ros_tutorials/lib/py_trees_ros_tutorials
[1.722s] Installing mock-safety-sensors script to /home/jayaaraju/waiter_robot_ws/install/py_trees_ros_tutorials/lib/py_trees_ros_tutorials
[1.722s] Installing tree-action-clients script to /home/jayaaraju/waiter_robot_ws/install/py_trees_ros_tutorials/lib/py_trees_ros_tutorials
[1.723s] Installing tree-battery-check script to /home/jayaaraju/waiter_robot_ws/install/py_trees_ros_tutorials/lib/py_trees_ros_tutorials
[1.723s] Installing tree-context-switching script to /home/jayaaraju/waiter_robot_ws/install/py_trees_ros_tutorials/lib/py_trees_ros_tutorials
[1.723s] Installing tree-data-gathering script to /home/jayaaraju/waiter_robot_ws/install/py_trees_ros_tutorials/lib/py_trees_ros_tutorials
[1.723s] Installing tree-docking-cancelling-failing script to /home/jayaaraju/waiter_robot_ws/install/py_trees_ros_tutorials/lib/py_trees_ros_tutorials
[1.723s] Installing tree-dynamic-application-loading script to /home/jayaaraju/waiter_robot_ws/install/py_trees_ros_tutorials/lib/py_trees_ros_tutorials
[1.723s] 
[1.723s] Installed /home/jayaaraju/waiter_robot_ws/build/py_trees_ros_tutorials
[1.723s] running symlink_data
[1.758s] Invoked command in '/home/jayaaraju/waiter_robot_ws/build/py_trees_ros_tutorials' returned '0': PYTHONPATH=/home/jayaaraju/waiter_robot_ws/build/py_trees_ros_tutorials/prefix_override:/usr/lib/python3/dist-packages/colcon_core/task/python/colcon_distutils_commands:/home/jayaaraju/waiter_robot_ws/install/py_trees_ros_tutorials/lib/python3.10/site-packages:${PYTHONPATH} /usr/bin/python3 -W ignore:setup.py install is deprecated setup.py develop --editable --build-directory /home/jayaaraju/waiter_robot_ws/build/py_trees_ros_tutorials/build --no-deps symlink_data
