[0.752s] Invoking command in '/home/jayaaraju/waiter_robot_ws/build/waiter_tree': CMAKE_PREFIX_PATH=/home/jayaaraju/waiter_robot_ws/install/waiter_tree:/home/jayaaraju/waiter_robot_ws/install/ros2_mapping:/home/jayaaraju/waiter_robot_ws/install/prototype:/home/jayaaraju/waiter_robot_ws/install/navigator_planner:/home/jayaaraju/waiter_robot_ws/install/motor_control:/home/jayaaraju/bt_demo/install/simple_bt:/home/jayaaraju/bt_demo/install/behaviortree_cpp:/home/jayaaraju/code_ws/install/udemy:/home/jayaaraju/nav_ws/install/sattva_bot:/home/jayaaraju/nav_ws/install/ros2_mapping:/home/jayaaraju/nav_ws/install/opennav_docking:/home/jayaaraju/proto_ws/install/sattva_bot:/home/jayaaraju/proto_ws/install/prototype:/home/jayaaraju/proto_ws/install/pallet_loader:/home/jayaaraju/waiter_robot_ws/install/py_trees_ros_tutorials:/home/jayaaraju/ros2_ws/install/my_robot_controller:/home/jayaaraju/ros2_ws/src/install/my_robot_controller:/home/jayaaraju/pallet_ws/install/yolov5_ros:/opt/ros/humble:/home/jayaaraju/pallet_ws/install/serial:/home/jayaaraju/pallet_ws/install/pallet_loader:/home/jayaaraju/pallet_ws/install/bboxes_ex_msgs:/home/jayaaraju/main_ws/install/two_wheeled_robot:/home/jayaaraju/main_ws/install/sllidar_ros2:/home/jayaaraju/main_ws/install/ros2_control_test_assets:/home/jayaaraju/main_ws/install/ros2_control_demo_description:/home/jayaaraju/main_ws/install/my_own_robot:/home/jayaaraju/prototype/prototype/install/serial_driver:/home/jayaaraju/prototype/prototype/install/prototype:/home/jayaaraju/prototype/prototype/install/motor_control:/home/jayaaraju/prototype/prototype/install/io_context:/home/jayaaraju/prototype/prototype/install/asio_cmake_module:/home/jayaaraju/led_ws/install/led_node /usr/bin/cmake /home/jayaaraju/waiter_robot_ws/src/waiter_tree -DAMENT_CMAKE_SYMLINK_INSTALL=1 -DCMAKE_INSTALL_PREFIX=/home/jayaaraju/waiter_robot_ws/install/waiter_tree
[0.885s] -- The C compiler identification is GNU 11.4.0
[1.021s] -- The CXX compiler identification is GNU 11.4.0
[1.036s] -- Detecting C compiler ABI info
[1.177s] -- Detecting C compiler ABI info - done
[1.189s] -- Check for working C compiler: /usr/bin/cc - skipped
[1.190s] -- Detecting C compile features
[1.190s] -- Detecting C compile features - done
[1.196s] -- Detecting CXX compiler ABI info
[1.351s] -- Detecting CXX compiler ABI info - done
[1.372s] -- Check for working CXX compiler: /usr/bin/c++ - skipped
[1.372s] -- Detecting CXX compile features
[1.374s] -- Detecting CXX compile features - done
[1.381s] -- Found ament_cmake: 1.3.9 (/opt/ros/humble/share/ament_cmake/cmake)
[1.719s] -- Found Python3: /usr/bin/python3 (found version "3.10.12") found components: Interpreter 
[1.865s] -- Override CMake install command with custom implementation using symlinks instead of copying resources
[1.926s] -- Found rclcpp: 16.0.9 (/opt/ros/humble/share/rclcpp/cmake)
[2.002s] -- Found rosidl_generator_c: 3.1.5 (/opt/ros/humble/share/rosidl_generator_c/cmake)
[2.012s] -- Found rosidl_adapter: 3.1.5 (/opt/ros/humble/share/rosidl_adapter/cmake)
[2.026s] -- Found rosidl_generator_cpp: 3.1.5 (/opt/ros/humble/share/rosidl_generator_cpp/cmake)
[2.047s] -- Using all available rosidl_typesupport_c: rosidl_typesupport_fastrtps_c;rosidl_typesupport_introspection_c
[2.076s] -- Using all available rosidl_typesupport_cpp: rosidl_typesupport_fastrtps_cpp;rosidl_typesupport_introspection_cpp
[2.191s] -- Found rmw_implementation_cmake: 6.1.2 (/opt/ros/humble/share/rmw_implementation_cmake/cmake)
[2.198s] -- Found rmw_cyclonedds_cpp: 1.3.4 (/opt/ros/humble/share/rmw_cyclonedds_cpp/cmake)
[2.266s] -- Using RMW implementation 'rmw_cyclonedds_cpp' as default
[2.303s] -- Looking for pthread.h
[2.418s] -- Looking for pthread.h - found
[2.418s] -- Performing Test CMAKE_HAVE_LIBC_PTHREAD
[2.519s] -- Performing Test CMAKE_HAVE_LIBC_PTHREAD - Success
[2.521s] -- Found Threads: TRUE  
[2.816s] -- Found rclpy: 3.3.13 (/opt/ros/humble/share/rclpy/cmake)
[2.822s] -- Found rosidl_default_generators: 1.2.0 (/opt/ros/humble/share/rosidl_default_generators/cmake)
[2.860s] -- Found geometry_msgs: 4.2.4 (/opt/ros/humble/share/geometry_msgs/cmake)
[2.978s] -- Found std_srvs: 4.2.4 (/opt/ros/humble/share/std_srvs/cmake)
[3.018s] -- Found nav_msgs: 4.2.4 (/opt/ros/humble/share/nav_msgs/cmake)
[3.205s] -- Found urdf: 2.6.0 (/opt/ros/humble/share/urdf/cmake)
[3.307s] -- Found xacro: 2.0.8 (/opt/ros/humble/share/xacro/cmake)
[3.312s] -- Found gazebo_dev: 3.7.0 (/opt/ros/humble/share/gazebo_dev/cmake)
[3.329s] -- Found PkgConfig: /usr/bin/pkg-config (found version "0.29.2") 
[3.331s] -- Checking for module 'bullet>=2.82'
[3.357s] --   Found bullet, version 3.05
[3.549s] -- Found fcl: /usr/include (found suitable version "0.7.0", minimum required is "0.5.0") 
[3.628s] -- Found assimp: /usr/include (found version "5.2.0") 
[3.693s] -- Found DART: /usr/include (Required is at least version "6.6") found components: dart 
[3.751s] -- Found Boost: /usr/lib/x86_64-linux-gnu/cmake/Boost-1.74.0/BoostConfig.cmake (found suitable version "1.74.0", minimum required is "1.40.0") found components: thread system filesystem program_options regex iostreams date_time 
[3.791s] -- Found Protobuf: /usr/lib/x86_64-linux-gnu/libprotobuf.so (found version "3.12.4") 
[3.810s] -- Looking for ignition-math6 -- found version 6.15.1
[3.829s] -- Searching for dependencies of ignition-math6
[3.833s] -- Looking for OGRE...
[3.834s] -- OGRE_PREFIX_WATCH changed.
[3.840s] -- Checking for module 'OGRE'
[3.861s] --   Found OGRE, version 1.9.0
[3.907s] -- Found Ogre Ghadamon (1.9.0)
[3.926s] -- Found OGRE: optimized;/usr/lib/x86_64-linux-gnu/libOgreMain.so;debug;/usr/lib/x86_64-linux-gnu/libOgreMain.so
[3.938s] -- Looking for OGRE_Paging...
[3.950s] -- Found OGRE_Paging: optimized;/usr/lib/x86_64-linux-gnu/libOgrePaging.so;debug;/usr/lib/x86_64-linux-gnu/libOgrePaging.so
[3.950s] -- Looking for OGRE_Terrain...
[3.962s] -- Found OGRE_Terrain: optimized;/usr/lib/x86_64-linux-gnu/libOgreTerrain.so;debug;/usr/lib/x86_64-linux-gnu/libOgreTerrain.so
[3.962s] -- Looking for OGRE_Property...
[3.974s] -- Found OGRE_Property: optimized;/usr/lib/x86_64-linux-gnu/libOgreProperty.so;debug;/usr/lib/x86_64-linux-gnu/libOgreProperty.so
[3.974s] -- Looking for OGRE_RTShaderSystem...
[3.985s] -- Found OGRE_RTShaderSystem: optimized;/usr/lib/x86_64-linux-gnu/libOgreRTShaderSystem.so;debug;/usr/lib/x86_64-linux-gnu/libOgreRTShaderSystem.so
[3.985s] -- Looking for OGRE_Volume...
[3.998s] -- Found OGRE_Volume: optimized;/usr/lib/x86_64-linux-gnu/libOgreVolume.so;debug;/usr/lib/x86_64-linux-gnu/libOgreVolume.so
[3.998s] -- Looking for OGRE_Overlay...
[4.008s] -- Found OGRE_Overlay: optimized;/usr/lib/x86_64-linux-gnu/libOgreOverlay.so;debug;/usr/lib/x86_64-linux-gnu/libOgreOverlay.so
[4.264s] -- Looking for ignition-math6 -- found version 6.15.1
[4.269s] -- Looking for ignition-transport8 -- found version 8.2.1
[4.270s] -- Searching for dependencies of ignition-transport8
[4.294s] -- Found Protobuf: /usr/lib/x86_64-linux-gnu/libprotobuf.so (found suitable version "3.12.4", minimum required is "3") 
[4.310s] -- Config-file not installed for ZeroMQ -- checking for pkg-config
[4.316s] -- Checking for module 'libzmq >= 4'
[4.340s] --   Found libzmq , version 4.3.4
[4.389s] -- Found ZeroMQ: TRUE (Required is at least version "4") 
[4.398s] -- Checking for module 'uuid'
[4.420s] --   Found uuid, version 2.37.2
[4.479s] -- Found UUID: TRUE  
[4.489s] -- Looking for ignition-msgs5 -- found version 5.8.1
[4.489s] -- Searching for dependencies of ignition-msgs5
[4.520s] -- Looking for ignition-math6 -- found version 6.15.1
[4.529s] -- Checking for module 'tinyxml2'
[4.555s] --   Found tinyxml2, version 9.0.0
[4.620s] -- Looking for ignition-msgs5 -- found version 5.8.1
[4.631s] -- Looking for ignition-common3 -- found version 3.14.0
[4.633s] -- Searching for dependencies of ignition-common3
[4.634s] -- Looking for dlfcn.h - found
[4.637s] -- Looking for libdl - found
[4.640s] -- Found DL: TRUE  
[4.669s] -- Found tinyobjloader: /usr/lib/x86_64-linux-gnu/cmake/tinyobjloader/tinyobjloader-config.cmake (found version "2.0.0") 
[4.670s] -- Searching for <ignition-common3> component [graphics]
[4.677s] -- Looking for ignition-common3-graphics -- found version 3.14.0
[4.678s] -- Searching for dependencies of ignition-common3-graphics
[4.679s] -- Looking for ignition-math6 -- found version 6.15.1
[4.687s] -- Looking for ignition-fuel_tools4 -- found version 4.4.0
[4.687s] -- Searching for dependencies of ignition-fuel_tools4
[4.845s] -- Found CURL: /usr/lib/x86_64-linux-gnu/libcurl.so (found version "7.81.0")  
[4.866s] -- Checking for module 'jsoncpp'
[4.902s] --   Found jsoncpp, version 1.9.5
[4.974s] -- Found JSONCPP: TRUE  
[4.984s] -- Checking for module 'libzip'
[5.012s] --   Found libzip, version 1.7.3
[5.079s] -- Found ZIP: TRUE  
[5.080s] -- Looking for ignition-common3 -- found version 3.14.0
[5.081s] -- Looking for ignition-math6 -- found version 6.15.1
[5.082s] -- Looking for ignition-msgs5 -- found version 5.8.1
[5.093s] -- Gazebo version: 11.14
[5.094s] -- Checking for module 'tbb'
[5.120s] --   Found tbb, version 2021.5.0
[5.195s] -- Found gazebo_msgs: 3.7.0 (/opt/ros/humble/share/gazebo_msgs/cmake)
[5.507s] -- Found gazebo_plugins: 3.7.0 (/opt/ros/humble/share/gazebo_plugins/cmake)
[5.578s] -- Found hardware_interface: 2.41.0 (/opt/ros/humble/share/hardware_interface/cmake)
[6.460s] -- Found controller_manager: 2.41.0 (/opt/ros/humble/share/controller_manager/cmake)
[7.187s] -- Found ros2_control: 2.41.0 (/opt/ros/humble/share/ros2_control/cmake)
[7.191s] -- Found ros2_controllers: 2.35.0 (/opt/ros/humble/share/ros2_controllers/cmake)
[7.195s] -- Found gazebo_ros_pkgs: 3.7.0 (/opt/ros/humble/share/gazebo_ros_pkgs/cmake)
[7.198s] -- Found gazebo_ros2_control: 0.4.9 (/opt/ros/humble/share/gazebo_ros2_control/cmake)
[8.055s] -- Found ament_lint_auto: 0.12.11 (/opt/ros/humble/share/ament_lint_auto/cmake)
[8.188s] -- Added test 'flake8' to check Python code syntax and style conventions
[8.190s] -- Added test 'lint_cmake' to check CMake code style
[8.192s] -- Added test 'pep257' to check Python code against some of the docstring style conventions in PEP 257
[8.195s] -- Added test 'xmllint' to check XML markup files
[8.198s] -- Configuring done
[8.206s] -- Generating done
[8.210s] -- Build files have been written to: /home/jayaaraju/waiter_robot_ws/build/waiter_tree
