[  5%] Built target prototype__cpp
[ 12%] Built target prototype__rosidl_generator_c
[ 12%] Built target ament_cmake_python_symlink_prototype
[ 23%] Built target prototype__rosidl_typesupport_c
[ 47%] Built target prototype__rosidl_typesupport_introspection_c
[ 47%] Built target prototype__rosidl_typesupport_fastrtps_c
[ 56%] Built target prototype__rosidl_typesupport_introspection_cpp
[ 67%] Built target prototype__rosidl_typesupport_fastrtps_cpp
[ 78%] Built target prototype__rosidl_typesupport_cpp
[ 78%] Built target prototype
[ 80%] Built target prototype__py
[ 89%] Built target prototype__rosidl_generator_py
[ 96%] Built target prototype__rosidl_typesupport_fastrtps_c__pyext
[ 96%] Built target prototype__rosidl_typesupport_c__pyext
[100%] Built target prototype__rosidl_typesupport_introspection_c__pyext
running egg_info
writing prototype.egg-info/PKG-INFO
writing dependency_links to prototype.egg-info/dependency_links.txt
writing top-level names to prototype.egg-info/top_level.txt
reading manifest file 'prototype.egg-info/SOURCES.txt'
writing manifest file 'prototype.egg-info/SOURCES.txt'
[100%] Built target ament_cmake_python_build_prototype_egg
