[0.044s] Invoking command in '/home/jayaaraju/waiter_robot_ws/src/build/prototype': CMAKE_PREFIX_PATH=${CMAKE_PREFIX_PATH}:/home/jayaaraju/waiter_robot_ws/install/py_trees_ros_tutorials:/home/jayaaraju/ros2_ws/install/my_robot_controller:/home/jayaaraju/ros2_ws/src/install/my_robot_controller:/home/jayaaraju/pallet_ws/install/yolov5_ros:/opt/ros/humble /usr/bin/cmake --build /home/jayaaraju/waiter_robot_ws/src/build/prototype -- -j8 -l8
[0.580s] [  5%] Built target prototype__cpp
[0.581s] [ 12%] Built target prototype__rosidl_generator_c
[0.581s] [ 12%] Built target ament_cmake_python_symlink_prototype
[0.581s] [ 23%] Built target prototype__rosidl_typesupport_c
[0.584s] [ 47%] Built target prototype__rosidl_typesupport_introspection_c
[0.586s] [ 47%] Built target prototype__rosidl_typesupport_fastrtps_c
[0.586s] [ 56%] Built target prototype__rosidl_typesupport_introspection_cpp
[0.586s] [ 67%] Built target prototype__rosidl_typesupport_fastrtps_cpp
[0.587s] [ 78%] Built target prototype__rosidl_typesupport_cpp
[0.587s] [ 78%] Built target prototype
[0.589s] [ 80%] Built target prototype__py
[0.589s] [ 89%] Built target prototype__rosidl_generator_py
[0.589s] [ 96%] Built target prototype__rosidl_typesupport_fastrtps_c__pyext
[0.589s] [ 96%] Built target prototype__rosidl_typesupport_c__pyext
[0.590s] [100%] Built target prototype__rosidl_typesupport_introspection_c__pyext
[0.590s] running egg_info
[0.591s] writing prototype.egg-info/PKG-INFO
[0.591s] writing dependency_links to prototype.egg-info/dependency_links.txt
[0.591s] writing top-level names to prototype.egg-info/top_level.txt
[0.592s] reading manifest file 'prototype.egg-info/SOURCES.txt'
[0.593s] writing manifest file 'prototype.egg-info/SOURCES.txt'
[0.619s] [100%] Built target ament_cmake_python_build_prototype_egg
