-- Install configuration: ""
-- Execute custom install script
-- Symlinking: /home/jayaaraju/waiter_robot_ws/install/ros2_mapping/share/ros2_mapping/launch/localization_launch.py
-- Symlinking: /home/jayaaraju/waiter_robot_ws/install/ros2_mapping/share/ros2_mapping/launch/nav2_map_server.launch.py
-- Symlinking: /home/jayaaraju/waiter_robot_ws/install/ros2_mapping/share/ros2_mapping/launch/online_async_launch.py
-- Symlinking: /home/jayaaraju/waiter_robot_ws/install/ros2_mapping/share/ros2_mapping/launch/online_sync_launch.py
-- Symlinking: /home/jayaaraju/waiter_robot_ws/install/ros2_mapping/share/ros2_mapping/config/amcl_config.yaml
-- Symlinking: /home/jayaaraju/waiter_robot_ws/install/ros2_mapping/share/ros2_mapping/config/mapper_params_online_async.yaml
-- Symlinking: /home/jayaaraju/waiter_robot_ws/install/ros2_mapping/share/ros2_mapping/config/mapper_params_online_sync.yaml
-- Symlinking: /home/jayaaraju/waiter_robot_ws/install/ros2_mapping/share/ros2_mapping/config/my_map.pgm
-- Symlinking: /home/jayaaraju/waiter_robot_ws/install/ros2_mapping/share/ros2_mapping/config/my_map.yaml
-- Symlinking: /home/jayaaraju/waiter_robot_ws/install/ros2_mapping/share/ament_index/resource_index/package_run_dependencies/ros2_mapping
-- Symlinking: /home/jayaaraju/waiter_robot_ws/install/ros2_mapping/share/ament_index/resource_index/parent_prefix_path/ros2_mapping
-- Symlinking: /home/jayaaraju/waiter_robot_ws/install/ros2_mapping/share/ros2_mapping/environment/ament_prefix_path.sh
-- Symlinking: /home/jayaaraju/waiter_robot_ws/install/ros2_mapping/share/ros2_mapping/environment/ament_prefix_path.dsv
-- Symlinking: /home/jayaaraju/waiter_robot_ws/install/ros2_mapping/share/ros2_mapping/environment/path.sh
-- Symlinking: /home/jayaaraju/waiter_robot_ws/install/ros2_mapping/share/ros2_mapping/environment/path.dsv
-- Symlinking: /home/jayaaraju/waiter_robot_ws/install/ros2_mapping/share/ros2_mapping/local_setup.bash
-- Symlinking: /home/jayaaraju/waiter_robot_ws/install/ros2_mapping/share/ros2_mapping/local_setup.sh
-- Symlinking: /home/jayaaraju/waiter_robot_ws/install/ros2_mapping/share/ros2_mapping/local_setup.zsh
-- Symlinking: /home/jayaaraju/waiter_robot_ws/install/ros2_mapping/share/ros2_mapping/local_setup.dsv
-- Symlinking: /home/jayaaraju/waiter_robot_ws/install/ros2_mapping/share/ros2_mapping/package.dsv
-- Symlinking: /home/jayaaraju/waiter_robot_ws/install/ros2_mapping/share/ament_index/resource_index/packages/ros2_mapping
-- Symlinking: /home/jayaaraju/waiter_robot_ws/install/ros2_mapping/share/ros2_mapping/cmake/ros2_mappingConfig.cmake
-- Symlinking: /home/jayaaraju/waiter_robot_ws/install/ros2_mapping/share/ros2_mapping/cmake/ros2_mappingConfig-version.cmake
-- Symlinking: /home/jayaaraju/waiter_robot_ws/install/ros2_mapping/share/ros2_mapping/package.xml
