[0.123s] DEBUG:colcon:Command line arguments: ['/usr/bin/colcon', 'build', '--packages-select', 'prototype', '--symlink-install']
[0.123s] DEBUG:colcon:Parsed command line arguments: Namespace(log_base=None, log_level=None, verb_name='build', build_base='build', install_base='install', merge_install=False, symlink_install=True, test_result_base=None, continue_on_error=False, executor='parallel', parallel_workers=8, event_handlers=None, ignore_user_meta=False, metas=['./colcon.meta'], base_paths=['.'], packages_ignore=None, packages_ignore_regex=None, paths=None, packages_up_to=None, packages_up_to_regex=None, packages_above=None, packages_above_and_dependencies=None, packages_above_depth=None, packages_select_by_dep=None, packages_skip_by_dep=None, packages_skip_up_to=None, packages_select_build_failed=False, packages_skip_build_finished=False, packages_select_test_failures=False, packages_skip_test_passed=False, packages_select=['prototype'], packages_skip=None, packages_select_regex=None, packages_skip_regex=None, packages_start=None, packages_end=None, allow_overriding=[], cmake_args=None, cmake_target=None, cmake_target_skip_unavailable=False, cmake_clean_cache=False, cmake_clean_first=False, cmake_force_configure=False, ament_cmake_args=None, catkin_cmake_args=None, catkin_skip_building_tests=False, mixin_files=None, mixin=None, verb_parser=<colcon_mixin.mixin.mixin_argument.MixinArgumentDecorator object at 0x7785c5f7a7d0>, verb_extension=<colcon_core.verb.build.BuildVerb object at 0x7785c607af20>, main=<bound method BuildVerb.main of <colcon_core.verb.build.BuildVerb object at 0x7785c607af20>>, mixin_verb=('build',))
[0.313s] Level 1:colcon.colcon_core.package_discovery:discover_packages(colcon_meta) check parameters
[0.313s] Level 1:colcon.colcon_core.package_discovery:discover_packages(recursive) check parameters
[0.313s] Level 1:colcon.colcon_core.package_discovery:discover_packages(ignore) check parameters
[0.313s] Level 1:colcon.colcon_core.package_discovery:discover_packages(path) check parameters
[0.313s] Level 1:colcon.colcon_core.package_discovery:discover_packages(colcon_meta) discover
[0.313s] Level 1:colcon.colcon_core.package_discovery:discover_packages(recursive) discover
[0.313s] INFO:colcon.colcon_core.package_discovery:Crawling recursively for packages in '/home/jayaaraju/waiter_robot_ws'
[0.313s] Level 1:colcon.colcon_core.package_identification:_identify(.) by extensions ['ignore', 'ignore_ament_install']
[0.313s] Level 1:colcon.colcon_core.package_identification:_identify(.) by extension 'ignore'
[0.314s] Level 1:colcon.colcon_core.package_identification:_identify(.) by extension 'ignore_ament_install'
[0.314s] Level 1:colcon.colcon_core.package_identification:_identify(.) by extensions ['colcon_pkg']
[0.314s] Level 1:colcon.colcon_core.package_identification:_identify(.) by extension 'colcon_pkg'
[0.314s] Level 1:colcon.colcon_core.package_identification:_identify(.) by extensions ['colcon_meta']
[0.314s] Level 1:colcon.colcon_core.package_identification:_identify(.) by extension 'colcon_meta'
[0.314s] Level 1:colcon.colcon_core.package_identification:_identify(.) by extensions ['ros']
[0.314s] Level 1:colcon.colcon_core.package_identification:_identify(.) by extension 'ros'
[0.324s] Level 1:colcon.colcon_core.package_identification:_identify(.) by extensions ['cmake', 'python']
[0.324s] Level 1:colcon.colcon_core.package_identification:_identify(.) by extension 'cmake'
[0.324s] Level 1:colcon.colcon_core.package_identification:_identify(.) by extension 'python'
[0.324s] Level 1:colcon.colcon_core.package_identification:_identify(.) by extensions ['python_setup_py']
[0.324s] Level 1:colcon.colcon_core.package_identification:_identify(.) by extension 'python_setup_py'
[0.324s] Level 1:colcon.colcon_core.package_identification:_identify(build) by extensions ['ignore', 'ignore_ament_install']
[0.324s] Level 1:colcon.colcon_core.package_identification:_identify(build) by extension 'ignore'
[0.324s] Level 1:colcon.colcon_core.package_identification:_identify(build) ignored
[0.324s] Level 1:colcon.colcon_core.package_identification:_identify(install) by extensions ['ignore', 'ignore_ament_install']
[0.324s] Level 1:colcon.colcon_core.package_identification:_identify(install) by extension 'ignore'
[0.325s] Level 1:colcon.colcon_core.package_identification:_identify(install) ignored
[0.325s] Level 1:colcon.colcon_core.package_identification:_identify(log) by extensions ['ignore', 'ignore_ament_install']
[0.325s] Level 1:colcon.colcon_core.package_identification:_identify(log) by extension 'ignore'
[0.325s] Level 1:colcon.colcon_core.package_identification:_identify(log) ignored
[0.325s] Level 1:colcon.colcon_core.package_identification:_identify(src) by extensions ['ignore', 'ignore_ament_install']
[0.325s] Level 1:colcon.colcon_core.package_identification:_identify(src) by extension 'ignore'
[0.325s] Level 1:colcon.colcon_core.package_identification:_identify(src) by extension 'ignore_ament_install'
[0.325s] Level 1:colcon.colcon_core.package_identification:_identify(src) by extensions ['colcon_pkg']
[0.325s] Level 1:colcon.colcon_core.package_identification:_identify(src) by extension 'colcon_pkg'
[0.325s] Level 1:colcon.colcon_core.package_identification:_identify(src) by extensions ['colcon_meta']
[0.325s] Level 1:colcon.colcon_core.package_identification:_identify(src) by extension 'colcon_meta'
[0.325s] Level 1:colcon.colcon_core.package_identification:_identify(src) by extensions ['ros']
[0.325s] Level 1:colcon.colcon_core.package_identification:_identify(src) by extension 'ros'
[0.325s] Level 1:colcon.colcon_core.package_identification:_identify(src) by extensions ['cmake', 'python']
[0.325s] Level 1:colcon.colcon_core.package_identification:_identify(src) by extension 'cmake'
[0.325s] Level 1:colcon.colcon_core.package_identification:_identify(src) by extension 'python'
[0.325s] Level 1:colcon.colcon_core.package_identification:_identify(src) by extensions ['python_setup_py']
[0.325s] Level 1:colcon.colcon_core.package_identification:_identify(src) by extension 'python_setup_py'
[0.326s] Level 1:colcon.colcon_core.package_identification:_identify(src/arduino) by extensions ['ignore', 'ignore_ament_install']
[0.326s] Level 1:colcon.colcon_core.package_identification:_identify(src/arduino) by extension 'ignore'
[0.326s] Level 1:colcon.colcon_core.package_identification:_identify(src/arduino) by extension 'ignore_ament_install'
[0.326s] Level 1:colcon.colcon_core.package_identification:_identify(src/arduino) by extensions ['colcon_pkg']
[0.326s] Level 1:colcon.colcon_core.package_identification:_identify(src/arduino) by extension 'colcon_pkg'
[0.326s] Level 1:colcon.colcon_core.package_identification:_identify(src/arduino) by extensions ['colcon_meta']
[0.326s] Level 1:colcon.colcon_core.package_identification:_identify(src/arduino) by extension 'colcon_meta'
[0.326s] Level 1:colcon.colcon_core.package_identification:_identify(src/arduino) by extensions ['ros']
[0.326s] Level 1:colcon.colcon_core.package_identification:_identify(src/arduino) by extension 'ros'
[0.326s] Level 1:colcon.colcon_core.package_identification:_identify(src/arduino) by extensions ['cmake', 'python']
[0.326s] Level 1:colcon.colcon_core.package_identification:_identify(src/arduino) by extension 'cmake'
[0.326s] Level 1:colcon.colcon_core.package_identification:_identify(src/arduino) by extension 'python'
[0.326s] Level 1:colcon.colcon_core.package_identification:_identify(src/arduino) by extensions ['python_setup_py']
[0.326s] Level 1:colcon.colcon_core.package_identification:_identify(src/arduino) by extension 'python_setup_py'
[0.326s] Level 1:colcon.colcon_core.package_identification:_identify(src/arduino_4wd) by extensions ['ignore', 'ignore_ament_install']
[0.326s] Level 1:colcon.colcon_core.package_identification:_identify(src/arduino_4wd) by extension 'ignore'
[0.326s] Level 1:colcon.colcon_core.package_identification:_identify(src/arduino_4wd) by extension 'ignore_ament_install'
[0.326s] Level 1:colcon.colcon_core.package_identification:_identify(src/arduino_4wd) by extensions ['colcon_pkg']
[0.326s] Level 1:colcon.colcon_core.package_identification:_identify(src/arduino_4wd) by extension 'colcon_pkg'
[0.326s] Level 1:colcon.colcon_core.package_identification:_identify(src/arduino_4wd) by extensions ['colcon_meta']
[0.326s] Level 1:colcon.colcon_core.package_identification:_identify(src/arduino_4wd) by extension 'colcon_meta'
[0.326s] Level 1:colcon.colcon_core.package_identification:_identify(src/arduino_4wd) by extensions ['ros']
[0.327s] Level 1:colcon.colcon_core.package_identification:_identify(src/arduino_4wd) by extension 'ros'
[0.327s] Level 1:colcon.colcon_core.package_identification:_identify(src/arduino_4wd) by extensions ['cmake', 'python']
[0.327s] Level 1:colcon.colcon_core.package_identification:_identify(src/arduino_4wd) by extension 'cmake'
[0.327s] Level 1:colcon.colcon_core.package_identification:_identify(src/arduino_4wd) by extension 'python'
[0.327s] Level 1:colcon.colcon_core.package_identification:_identify(src/arduino_4wd) by extensions ['python_setup_py']
[0.327s] Level 1:colcon.colcon_core.package_identification:_identify(src/arduino_4wd) by extension 'python_setup_py'
[0.327s] Level 1:colcon.colcon_core.package_identification:_identify(src/motor_control) by extensions ['ignore', 'ignore_ament_install']
[0.327s] Level 1:colcon.colcon_core.package_identification:_identify(src/motor_control) by extension 'ignore'
[0.327s] Level 1:colcon.colcon_core.package_identification:_identify(src/motor_control) by extension 'ignore_ament_install'
[0.327s] Level 1:colcon.colcon_core.package_identification:_identify(src/motor_control) by extensions ['colcon_pkg']
[0.327s] Level 1:colcon.colcon_core.package_identification:_identify(src/motor_control) by extension 'colcon_pkg'
[0.327s] Level 1:colcon.colcon_core.package_identification:_identify(src/motor_control) by extensions ['colcon_meta']
[0.327s] Level 1:colcon.colcon_core.package_identification:_identify(src/motor_control) by extension 'colcon_meta'
[0.327s] Level 1:colcon.colcon_core.package_identification:_identify(src/motor_control) by extensions ['ros']
[0.327s] Level 1:colcon.colcon_core.package_identification:_identify(src/motor_control) by extension 'ros'
[0.330s] DEBUG:colcon.colcon_core.package_identification:Package 'src/motor_control' with type 'ros.ament_cmake' and name 'motor_control'
[0.330s] Level 1:colcon.colcon_core.package_identification:_identify(src/navigator_planner) by extensions ['ignore', 'ignore_ament_install']
[0.330s] Level 1:colcon.colcon_core.package_identification:_identify(src/navigator_planner) by extension 'ignore'
[0.330s] Level 1:colcon.colcon_core.package_identification:_identify(src/navigator_planner) by extension 'ignore_ament_install'
[0.330s] Level 1:colcon.colcon_core.package_identification:_identify(src/navigator_planner) by extensions ['colcon_pkg']
[0.330s] Level 1:colcon.colcon_core.package_identification:_identify(src/navigator_planner) by extension 'colcon_pkg'
[0.330s] Level 1:colcon.colcon_core.package_identification:_identify(src/navigator_planner) by extensions ['colcon_meta']
[0.330s] Level 1:colcon.colcon_core.package_identification:_identify(src/navigator_planner) by extension 'colcon_meta'
[0.330s] Level 1:colcon.colcon_core.package_identification:_identify(src/navigator_planner) by extensions ['ros']
[0.330s] Level 1:colcon.colcon_core.package_identification:_identify(src/navigator_planner) by extension 'ros'
[0.331s] DEBUG:colcon.colcon_core.package_identification:Package 'src/navigator_planner' with type 'ros.ament_cmake' and name 'navigator_planner'
[0.331s] Level 1:colcon.colcon_core.package_identification:_identify(src/prototype) by extensions ['ignore', 'ignore_ament_install']
[0.331s] Level 1:colcon.colcon_core.package_identification:_identify(src/prototype) by extension 'ignore'
[0.331s] Level 1:colcon.colcon_core.package_identification:_identify(src/prototype) by extension 'ignore_ament_install'
[0.331s] Level 1:colcon.colcon_core.package_identification:_identify(src/prototype) by extensions ['colcon_pkg']
[0.331s] Level 1:colcon.colcon_core.package_identification:_identify(src/prototype) by extension 'colcon_pkg'
[0.331s] Level 1:colcon.colcon_core.package_identification:_identify(src/prototype) by extensions ['colcon_meta']
[0.331s] Level 1:colcon.colcon_core.package_identification:_identify(src/prototype) by extension 'colcon_meta'
[0.331s] Level 1:colcon.colcon_core.package_identification:_identify(src/prototype) by extensions ['ros']
[0.331s] Level 1:colcon.colcon_core.package_identification:_identify(src/prototype) by extension 'ros'
[0.332s] DEBUG:colcon.colcon_core.package_identification:Package 'src/prototype' with type 'ros.ament_cmake' and name 'prototype'
[0.332s] Level 1:colcon.colcon_core.package_identification:_identify(src/py_trees_ros_tutorials) by extensions ['ignore', 'ignore_ament_install']
[0.332s] Level 1:colcon.colcon_core.package_identification:_identify(src/py_trees_ros_tutorials) by extension 'ignore'
[0.332s] Level 1:colcon.colcon_core.package_identification:_identify(src/py_trees_ros_tutorials) by extension 'ignore_ament_install'
[0.332s] Level 1:colcon.colcon_core.package_identification:_identify(src/py_trees_ros_tutorials) by extensions ['colcon_pkg']
[0.332s] Level 1:colcon.colcon_core.package_identification:_identify(src/py_trees_ros_tutorials) by extension 'colcon_pkg'
[0.332s] Level 1:colcon.colcon_core.package_identification:_identify(src/py_trees_ros_tutorials) by extensions ['colcon_meta']
[0.332s] Level 1:colcon.colcon_core.package_identification:_identify(src/py_trees_ros_tutorials) by extension 'colcon_meta'
[0.333s] Level 1:colcon.colcon_core.package_identification:_identify(src/py_trees_ros_tutorials) by extensions ['ros']
[0.333s] Level 1:colcon.colcon_core.package_identification:_identify(src/py_trees_ros_tutorials) by extension 'ros'
[0.333s] DEBUG:colcon.colcon_core.package_identification:Package 'src/py_trees_ros_tutorials' with type 'ros.ament_python' and name 'py_trees_ros_tutorials'
[0.333s] Level 1:colcon.colcon_core.package_identification:_identify(src/ros2_mapping) by extensions ['ignore', 'ignore_ament_install']
[0.334s] Level 1:colcon.colcon_core.package_identification:_identify(src/ros2_mapping) by extension 'ignore'
[0.334s] Level 1:colcon.colcon_core.package_identification:_identify(src/ros2_mapping) by extension 'ignore_ament_install'
[0.334s] Level 1:colcon.colcon_core.package_identification:_identify(src/ros2_mapping) by extensions ['colcon_pkg']
[0.334s] Level 1:colcon.colcon_core.package_identification:_identify(src/ros2_mapping) by extension 'colcon_pkg'
[0.334s] Level 1:colcon.colcon_core.package_identification:_identify(src/ros2_mapping) by extensions ['colcon_meta']
[0.334s] Level 1:colcon.colcon_core.package_identification:_identify(src/ros2_mapping) by extension 'colcon_meta'
[0.334s] Level 1:colcon.colcon_core.package_identification:_identify(src/ros2_mapping) by extensions ['ros']
[0.334s] Level 1:colcon.colcon_core.package_identification:_identify(src/ros2_mapping) by extension 'ros'
[0.335s] DEBUG:colcon.colcon_core.package_identification:Package 'src/ros2_mapping' with type 'ros.ament_cmake' and name 'ros2_mapping'
[0.335s] Level 1:colcon.colcon_core.package_identification:_identify(src/waiter_tree) by extensions ['ignore', 'ignore_ament_install']
[0.335s] Level 1:colcon.colcon_core.package_identification:_identify(src/waiter_tree) by extension 'ignore'
[0.335s] Level 1:colcon.colcon_core.package_identification:_identify(src/waiter_tree) by extension 'ignore_ament_install'
[0.335s] Level 1:colcon.colcon_core.package_identification:_identify(src/waiter_tree) by extensions ['colcon_pkg']
[0.335s] Level 1:colcon.colcon_core.package_identification:_identify(src/waiter_tree) by extension 'colcon_pkg'
[0.335s] Level 1:colcon.colcon_core.package_identification:_identify(src/waiter_tree) by extensions ['colcon_meta']
[0.335s] Level 1:colcon.colcon_core.package_identification:_identify(src/waiter_tree) by extension 'colcon_meta'
[0.335s] Level 1:colcon.colcon_core.package_identification:_identify(src/waiter_tree) by extensions ['ros']
[0.335s] Level 1:colcon.colcon_core.package_identification:_identify(src/waiter_tree) by extension 'ros'
[0.337s] DEBUG:colcon.colcon_core.package_identification:Package 'src/waiter_tree' with type 'ros.ament_cmake' and name 'waiter_tree'
[0.337s] Level 1:colcon.colcon_core.package_discovery:discover_packages(recursive) using defaults
[0.337s] Level 1:colcon.colcon_core.package_discovery:discover_packages(ignore) discover
[0.337s] Level 1:colcon.colcon_core.package_discovery:discover_packages(ignore) using defaults
[0.337s] Level 1:colcon.colcon_core.package_discovery:discover_packages(path) discover
[0.337s] Level 1:colcon.colcon_core.package_discovery:discover_packages(path) using defaults
[0.369s] INFO:colcon.colcon_core.package_selection:Skipping not selected package 'motor_control' in 'src/motor_control'
[0.369s] INFO:colcon.colcon_core.package_selection:Skipping not selected package 'navigator_planner' in 'src/navigator_planner'
[0.369s] INFO:colcon.colcon_core.package_selection:Skipping not selected package 'py_trees_ros_tutorials' in 'src/py_trees_ros_tutorials'
[0.369s] INFO:colcon.colcon_core.package_selection:Skipping not selected package 'ros2_mapping' in 'src/ros2_mapping'
[0.369s] INFO:colcon.colcon_core.package_selection:Skipping not selected package 'waiter_tree' in 'src/waiter_tree'
[0.369s] Level 1:colcon.colcon_core.package_discovery:discover_packages(prefix_path) check parameters
[0.369s] Level 1:colcon.colcon_core.package_discovery:discover_packages(prefix_path) discover
[0.372s] DEBUG:colcon.colcon_installed_package_information.package_discovery:Found 6 installed packages in /home/jayaaraju/waiter_robot_ws/install
[0.372s] DEBUG:colcon.colcon_installed_package_information.package_discovery:Found 2 installed packages in /home/jayaaraju/bt_demo/install
[0.373s] DEBUG:colcon.colcon_installed_package_information.package_discovery:Found 1 installed packages in /home/jayaaraju/code_ws/install
[0.373s] DEBUG:colcon.colcon_installed_package_information.package_discovery:Found 0 installed packages in /home/jayaaraju/dock_ws/install
[0.373s] DEBUG:colcon.colcon_installed_package_information.package_discovery:Found 3 installed packages in /home/jayaaraju/nav_ws/install
[0.374s] DEBUG:colcon.colcon_installed_package_information.package_discovery:Found 3 installed packages in /home/jayaaraju/proto_ws/install
[0.374s] DEBUG:colcon.colcon_installed_package_information.package_discovery:Found 1 installed packages in /home/jayaaraju/ros2_ws/install
[0.375s] DEBUG:colcon.colcon_installed_package_information.package_discovery:Found 1 installed packages in /home/jayaaraju/ros2_ws/src/install
[0.375s] DEBUG:colcon.colcon_installed_package_information.package_discovery:Found 6 installed packages in /home/jayaaraju/pallet_ws/install
[0.376s] DEBUG:colcon.colcon_installed_package_information.package_discovery:Found 7 installed packages in /home/jayaaraju/main_ws/install
[0.376s] DEBUG:colcon.colcon_installed_package_information.package_discovery:Found 5 installed packages in /home/jayaaraju/prototype/prototype/install
[0.377s] DEBUG:colcon.colcon_installed_package_information.package_discovery:Found 1 installed packages in /home/jayaaraju/led_ws/install
[0.379s] DEBUG:colcon.colcon_installed_package_information.package_discovery:Found 396 installed packages in /opt/ros/humble
[0.380s] Level 1:colcon.colcon_core.package_discovery:discover_packages(prefix_path) using defaults
[0.426s] Level 5:colcon.colcon_core.verb:set package 'prototype' build argument 'cmake_args' from command line to 'None'
[0.427s] Level 5:colcon.colcon_core.verb:set package 'prototype' build argument 'cmake_target' from command line to 'None'
[0.427s] Level 5:colcon.colcon_core.verb:set package 'prototype' build argument 'cmake_target_skip_unavailable' from command line to 'False'
[0.427s] Level 5:colcon.colcon_core.verb:set package 'prototype' build argument 'cmake_clean_cache' from command line to 'False'
[0.427s] Level 5:colcon.colcon_core.verb:set package 'prototype' build argument 'cmake_clean_first' from command line to 'False'
[0.427s] Level 5:colcon.colcon_core.verb:set package 'prototype' build argument 'cmake_force_configure' from command line to 'False'
[0.427s] Level 5:colcon.colcon_core.verb:set package 'prototype' build argument 'ament_cmake_args' from command line to 'None'
[0.427s] Level 5:colcon.colcon_core.verb:set package 'prototype' build argument 'catkin_cmake_args' from command line to 'None'
[0.427s] Level 5:colcon.colcon_core.verb:set package 'prototype' build argument 'catkin_skip_building_tests' from command line to 'False'
[0.427s] DEBUG:colcon.colcon_core.verb:Building package 'prototype' with the following arguments: {'ament_cmake_args': None, 'build_base': '/home/jayaaraju/waiter_robot_ws/build/prototype', 'catkin_cmake_args': None, 'catkin_skip_building_tests': False, 'cmake_args': None, 'cmake_clean_cache': False, 'cmake_clean_first': False, 'cmake_force_configure': False, 'cmake_target': None, 'cmake_target_skip_unavailable': False, 'install_base': '/home/jayaaraju/waiter_robot_ws/install/prototype', 'merge_install': False, 'path': '/home/jayaaraju/waiter_robot_ws/src/prototype', 'symlink_install': True, 'test_result_base': None}
[0.427s] INFO:colcon.colcon_core.executor:Executing jobs using 'parallel' executor
[0.428s] DEBUG:colcon.colcon_parallel_executor.executor.parallel:run_until_complete
[0.428s] INFO:colcon.colcon_ros.task.ament_cmake.build:Building ROS package in '/home/jayaaraju/waiter_robot_ws/src/prototype' with build type 'ament_cmake'
[0.428s] INFO:colcon.colcon_cmake.task.cmake.build:Building CMake package in '/home/jayaaraju/waiter_robot_ws/src/prototype'
[0.431s] INFO:colcon.colcon_core.plugin_system:Skipping extension 'colcon_core.shell.bat': Not used on non-Windows systems
[0.431s] INFO:colcon.colcon_core.shell:Skip shell extension 'powershell' for command environment: Not usable outside of PowerShell
[0.431s] DEBUG:colcon.colcon_core.shell:Skip shell extension 'dsv' for command environment
[0.445s] DEBUG:colcon.colcon_core.event_handler.log_command:Invoking command in '/home/jayaaraju/waiter_robot_ws/build/prototype': CMAKE_PREFIX_PATH=/home/jayaaraju/waiter_robot_ws/install/waiter_tree:/home/jayaaraju/waiter_robot_ws/install/ros2_mapping:/home/jayaaraju/waiter_robot_ws/install/prototype:/home/jayaaraju/waiter_robot_ws/install/navigator_planner:/home/jayaaraju/waiter_robot_ws/install/motor_control:/home/jayaaraju/bt_demo/install/simple_bt:/home/jayaaraju/bt_demo/install/behaviortree_cpp:/home/jayaaraju/code_ws/install/udemy:/home/jayaaraju/nav_ws/install/sattva_bot:/home/jayaaraju/nav_ws/install/ros2_mapping:/home/jayaaraju/nav_ws/install/opennav_docking:/home/jayaaraju/proto_ws/install/sattva_bot:/home/jayaaraju/proto_ws/install/prototype:/home/jayaaraju/proto_ws/install/pallet_loader:/home/jayaaraju/waiter_robot_ws/install/py_trees_ros_tutorials:/home/jayaaraju/ros2_ws/install/my_robot_controller:/home/jayaaraju/ros2_ws/src/install/my_robot_controller:/home/jayaaraju/pallet_ws/install/yolov5_ros:/opt/ros/humble:/home/jayaaraju/pallet_ws/install/serial:/home/jayaaraju/pallet_ws/install/pallet_loader:/home/jayaaraju/pallet_ws/install/bboxes_ex_msgs:/home/jayaaraju/main_ws/install/two_wheeled_robot:/home/jayaaraju/main_ws/install/sllidar_ros2:/home/jayaaraju/main_ws/install/ros2_control_test_assets:/home/jayaaraju/main_ws/install/ros2_control_demo_description:/home/jayaaraju/main_ws/install/my_own_robot:/home/jayaaraju/prototype/prototype/install/serial_driver:/home/jayaaraju/prototype/prototype/install/prototype:/home/jayaaraju/prototype/prototype/install/motor_control:/home/jayaaraju/prototype/prototype/install/io_context:/home/jayaaraju/prototype/prototype/install/asio_cmake_module:/home/jayaaraju/led_ws/install/led_node /usr/bin/cmake --build /home/jayaaraju/waiter_robot_ws/build/prototype -- -j8 -l8
[0.861s] DEBUG:colcon.colcon_core.event_handler.log_command:Invoked command in '/home/jayaaraju/waiter_robot_ws/build/prototype' returned '0': CMAKE_PREFIX_PATH=/home/jayaaraju/waiter_robot_ws/install/waiter_tree:/home/jayaaraju/waiter_robot_ws/install/ros2_mapping:/home/jayaaraju/waiter_robot_ws/install/prototype:/home/jayaaraju/waiter_robot_ws/install/navigator_planner:/home/jayaaraju/waiter_robot_ws/install/motor_control:/home/jayaaraju/bt_demo/install/simple_bt:/home/jayaaraju/bt_demo/install/behaviortree_cpp:/home/jayaaraju/code_ws/install/udemy:/home/jayaaraju/nav_ws/install/sattva_bot:/home/jayaaraju/nav_ws/install/ros2_mapping:/home/jayaaraju/nav_ws/install/opennav_docking:/home/jayaaraju/proto_ws/install/sattva_bot:/home/jayaaraju/proto_ws/install/prototype:/home/jayaaraju/proto_ws/install/pallet_loader:/home/jayaaraju/waiter_robot_ws/install/py_trees_ros_tutorials:/home/jayaaraju/ros2_ws/install/my_robot_controller:/home/jayaaraju/ros2_ws/src/install/my_robot_controller:/home/jayaaraju/pallet_ws/install/yolov5_ros:/opt/ros/humble:/home/jayaaraju/pallet_ws/install/serial:/home/jayaaraju/pallet_ws/install/pallet_loader:/home/jayaaraju/pallet_ws/install/bboxes_ex_msgs:/home/jayaaraju/main_ws/install/two_wheeled_robot:/home/jayaaraju/main_ws/install/sllidar_ros2:/home/jayaaraju/main_ws/install/ros2_control_test_assets:/home/jayaaraju/main_ws/install/ros2_control_demo_description:/home/jayaaraju/main_ws/install/my_own_robot:/home/jayaaraju/prototype/prototype/install/serial_driver:/home/jayaaraju/prototype/prototype/install/prototype:/home/jayaaraju/prototype/prototype/install/motor_control:/home/jayaaraju/prototype/prototype/install/io_context:/home/jayaaraju/prototype/prototype/install/asio_cmake_module:/home/jayaaraju/led_ws/install/led_node /usr/bin/cmake --build /home/jayaaraju/waiter_robot_ws/build/prototype -- -j8 -l8
[0.990s] DEBUG:colcon.colcon_core.event_handler.log_command:Invoking command in '/home/jayaaraju/waiter_robot_ws/build/prototype': CMAKE_PREFIX_PATH=/home/jayaaraju/waiter_robot_ws/install/waiter_tree:/home/jayaaraju/waiter_robot_ws/install/ros2_mapping:/home/jayaaraju/waiter_robot_ws/install/prototype:/home/jayaaraju/waiter_robot_ws/install/navigator_planner:/home/jayaaraju/waiter_robot_ws/install/motor_control:/home/jayaaraju/bt_demo/install/simple_bt:/home/jayaaraju/bt_demo/install/behaviortree_cpp:/home/jayaaraju/code_ws/install/udemy:/home/jayaaraju/nav_ws/install/sattva_bot:/home/jayaaraju/nav_ws/install/ros2_mapping:/home/jayaaraju/nav_ws/install/opennav_docking:/home/jayaaraju/proto_ws/install/sattva_bot:/home/jayaaraju/proto_ws/install/prototype:/home/jayaaraju/proto_ws/install/pallet_loader:/home/jayaaraju/waiter_robot_ws/install/py_trees_ros_tutorials:/home/jayaaraju/ros2_ws/install/my_robot_controller:/home/jayaaraju/ros2_ws/src/install/my_robot_controller:/home/jayaaraju/pallet_ws/install/yolov5_ros:/opt/ros/humble:/home/jayaaraju/pallet_ws/install/serial:/home/jayaaraju/pallet_ws/install/pallet_loader:/home/jayaaraju/pallet_ws/install/bboxes_ex_msgs:/home/jayaaraju/main_ws/install/two_wheeled_robot:/home/jayaaraju/main_ws/install/sllidar_ros2:/home/jayaaraju/main_ws/install/ros2_control_test_assets:/home/jayaaraju/main_ws/install/ros2_control_demo_description:/home/jayaaraju/main_ws/install/my_own_robot:/home/jayaaraju/prototype/prototype/install/serial_driver:/home/jayaaraju/prototype/prototype/install/prototype:/home/jayaaraju/prototype/prototype/install/motor_control:/home/jayaaraju/prototype/prototype/install/io_context:/home/jayaaraju/prototype/prototype/install/asio_cmake_module:/home/jayaaraju/led_ws/install/led_node /usr/bin/cmake --install /home/jayaaraju/waiter_robot_ws/build/prototype
[1.064s] Level 1:colcon.colcon_core.environment:create_environment_scripts_only(prototype)
[1.065s] DEBUG:colcon.colcon_core.event_handler.log_command:Invoked command in '/home/jayaaraju/waiter_robot_ws/build/prototype' returned '0': CMAKE_PREFIX_PATH=/home/jayaaraju/waiter_robot_ws/install/waiter_tree:/home/jayaaraju/waiter_robot_ws/install/ros2_mapping:/home/jayaaraju/waiter_robot_ws/install/prototype:/home/jayaaraju/waiter_robot_ws/install/navigator_planner:/home/jayaaraju/waiter_robot_ws/install/motor_control:/home/jayaaraju/bt_demo/install/simple_bt:/home/jayaaraju/bt_demo/install/behaviortree_cpp:/home/jayaaraju/code_ws/install/udemy:/home/jayaaraju/nav_ws/install/sattva_bot:/home/jayaaraju/nav_ws/install/ros2_mapping:/home/jayaaraju/nav_ws/install/opennav_docking:/home/jayaaraju/proto_ws/install/sattva_bot:/home/jayaaraju/proto_ws/install/prototype:/home/jayaaraju/proto_ws/install/pallet_loader:/home/jayaaraju/waiter_robot_ws/install/py_trees_ros_tutorials:/home/jayaaraju/ros2_ws/install/my_robot_controller:/home/jayaaraju/ros2_ws/src/install/my_robot_controller:/home/jayaaraju/pallet_ws/install/yolov5_ros:/opt/ros/humble:/home/jayaaraju/pallet_ws/install/serial:/home/jayaaraju/pallet_ws/install/pallet_loader:/home/jayaaraju/pallet_ws/install/bboxes_ex_msgs:/home/jayaaraju/main_ws/install/two_wheeled_robot:/home/jayaaraju/main_ws/install/sllidar_ros2:/home/jayaaraju/main_ws/install/ros2_control_test_assets:/home/jayaaraju/main_ws/install/ros2_control_demo_description:/home/jayaaraju/main_ws/install/my_own_robot:/home/jayaaraju/prototype/prototype/install/serial_driver:/home/jayaaraju/prototype/prototype/install/prototype:/home/jayaaraju/prototype/prototype/install/motor_control:/home/jayaaraju/prototype/prototype/install/io_context:/home/jayaaraju/prototype/prototype/install/asio_cmake_module:/home/jayaaraju/led_ws/install/led_node /usr/bin/cmake --install /home/jayaaraju/waiter_robot_ws/build/prototype
[1.067s] Level 1:colcon.colcon_core.environment:checking '/home/jayaaraju/waiter_robot_ws/install/prototype' for CMake module files
[1.068s] Level 1:colcon.colcon_core.environment:checking '/home/jayaaraju/waiter_robot_ws/install/prototype' for CMake config files
[1.068s] Level 1:colcon.colcon_core.shell:create_environment_hook('prototype', 'cmake_prefix_path')
[1.068s] INFO:colcon.colcon_core.shell:Creating environment hook '/home/jayaaraju/waiter_robot_ws/install/prototype/share/prototype/hook/cmake_prefix_path.ps1'
[1.069s] INFO:colcon.colcon_core.shell:Creating environment descriptor '/home/jayaaraju/waiter_robot_ws/install/prototype/share/prototype/hook/cmake_prefix_path.dsv'
[1.069s] INFO:colcon.colcon_core.shell:Creating environment hook '/home/jayaaraju/waiter_robot_ws/install/prototype/share/prototype/hook/cmake_prefix_path.sh'
[1.070s] Level 1:colcon.colcon_core.environment:checking '/home/jayaaraju/waiter_robot_ws/install/prototype/lib'
[1.070s] Level 1:colcon.colcon_core.shell:create_environment_hook('prototype', 'ld_library_path_lib')
[1.071s] INFO:colcon.colcon_core.shell:Creating environment hook '/home/jayaaraju/waiter_robot_ws/install/prototype/share/prototype/hook/ld_library_path_lib.ps1'
[1.071s] INFO:colcon.colcon_core.shell:Creating environment descriptor '/home/jayaaraju/waiter_robot_ws/install/prototype/share/prototype/hook/ld_library_path_lib.dsv'
[1.071s] INFO:colcon.colcon_core.shell:Creating environment hook '/home/jayaaraju/waiter_robot_ws/install/prototype/share/prototype/hook/ld_library_path_lib.sh'
[1.072s] Level 1:colcon.colcon_core.environment:checking '/home/jayaaraju/waiter_robot_ws/install/prototype/bin'
[1.072s] Level 1:colcon.colcon_core.environment:checking '/home/jayaaraju/waiter_robot_ws/install/prototype/lib/pkgconfig/prototype.pc'
[1.072s] Level 1:colcon.colcon_core.environment:checking '/home/jayaaraju/waiter_robot_ws/install/prototype/lib/python3.10/site-packages'
[1.072s] Level 1:colcon.colcon_core.environment:checking '/home/jayaaraju/waiter_robot_ws/install/prototype/bin'
[1.073s] INFO:colcon.colcon_core.shell:Creating package script '/home/jayaaraju/waiter_robot_ws/install/prototype/share/prototype/package.ps1'
[1.074s] INFO:colcon.colcon_core.shell:Creating package descriptor '/home/jayaaraju/waiter_robot_ws/install/prototype/share/prototype/package.dsv'
[1.075s] INFO:colcon.colcon_core.shell:Creating package script '/home/jayaaraju/waiter_robot_ws/install/prototype/share/prototype/package.sh'
[1.075s] INFO:colcon.colcon_core.shell:Creating package script '/home/jayaaraju/waiter_robot_ws/install/prototype/share/prototype/package.bash'
[1.076s] INFO:colcon.colcon_core.shell:Creating package script '/home/jayaaraju/waiter_robot_ws/install/prototype/share/prototype/package.zsh'
[1.077s] Level 1:colcon.colcon_core.environment:create_file_with_runtime_dependencies(/home/jayaaraju/waiter_robot_ws/install/prototype/share/colcon-core/packages/prototype)
[1.189s] Level 1:colcon.colcon_core.environment:create_environment_scripts_only(prototype)
[1.189s] Level 1:colcon.colcon_core.environment:checking '/home/jayaaraju/waiter_robot_ws/install/prototype' for CMake module files
[1.190s] Level 1:colcon.colcon_core.environment:checking '/home/jayaaraju/waiter_robot_ws/install/prototype' for CMake config files
[1.190s] Level 1:colcon.colcon_core.shell:create_environment_hook('prototype', 'cmake_prefix_path')
[1.190s] INFO:colcon.colcon_core.shell:Creating environment hook '/home/jayaaraju/waiter_robot_ws/install/prototype/share/prototype/hook/cmake_prefix_path.ps1'
[1.191s] INFO:colcon.colcon_core.shell:Creating environment descriptor '/home/jayaaraju/waiter_robot_ws/install/prototype/share/prototype/hook/cmake_prefix_path.dsv'
[1.191s] INFO:colcon.colcon_core.shell:Creating environment hook '/home/jayaaraju/waiter_robot_ws/install/prototype/share/prototype/hook/cmake_prefix_path.sh'
[1.192s] Level 1:colcon.colcon_core.environment:checking '/home/jayaaraju/waiter_robot_ws/install/prototype/lib'
[1.192s] Level 1:colcon.colcon_core.shell:create_environment_hook('prototype', 'ld_library_path_lib')
[1.192s] INFO:colcon.colcon_core.shell:Creating environment hook '/home/jayaaraju/waiter_robot_ws/install/prototype/share/prototype/hook/ld_library_path_lib.ps1'
[1.192s] INFO:colcon.colcon_core.shell:Creating environment descriptor '/home/jayaaraju/waiter_robot_ws/install/prototype/share/prototype/hook/ld_library_path_lib.dsv'
[1.192s] INFO:colcon.colcon_core.shell:Creating environment hook '/home/jayaaraju/waiter_robot_ws/install/prototype/share/prototype/hook/ld_library_path_lib.sh'
[1.193s] Level 1:colcon.colcon_core.environment:checking '/home/jayaaraju/waiter_robot_ws/install/prototype/bin'
[1.193s] Level 1:colcon.colcon_core.environment:checking '/home/jayaaraju/waiter_robot_ws/install/prototype/lib/pkgconfig/prototype.pc'
[1.193s] Level 1:colcon.colcon_core.environment:checking '/home/jayaaraju/waiter_robot_ws/install/prototype/lib/python3.10/site-packages'
[1.193s] Level 1:colcon.colcon_core.environment:checking '/home/jayaaraju/waiter_robot_ws/install/prototype/bin'
[1.194s] INFO:colcon.colcon_core.shell:Creating package script '/home/jayaaraju/waiter_robot_ws/install/prototype/share/prototype/package.ps1'
[1.194s] INFO:colcon.colcon_core.shell:Creating package descriptor '/home/jayaaraju/waiter_robot_ws/install/prototype/share/prototype/package.dsv'
[1.195s] INFO:colcon.colcon_core.shell:Creating package script '/home/jayaaraju/waiter_robot_ws/install/prototype/share/prototype/package.sh'
[1.195s] INFO:colcon.colcon_core.shell:Creating package script '/home/jayaaraju/waiter_robot_ws/install/prototype/share/prototype/package.bash'
[1.195s] INFO:colcon.colcon_core.shell:Creating package script '/home/jayaaraju/waiter_robot_ws/install/prototype/share/prototype/package.zsh'
[1.196s] Level 1:colcon.colcon_core.environment:create_file_with_runtime_dependencies(/home/jayaaraju/waiter_robot_ws/install/prototype/share/colcon-core/packages/prototype)
[1.196s] DEBUG:colcon.colcon_parallel_executor.executor.parallel:closing loop
[1.196s] DEBUG:colcon.colcon_parallel_executor.executor.parallel:loop closed
[1.197s] DEBUG:colcon.colcon_parallel_executor.executor.parallel:run_until_complete finished with '0'
[1.197s] DEBUG:colcon.colcon_core.event_reactor:joining thread
[1.201s] INFO:colcon.colcon_core.plugin_system:Skipping extension 'colcon_notification.desktop_notification.terminal_notifier': Not used on non-Darwin systems
[1.202s] INFO:colcon.colcon_core.plugin_system:Skipping extension 'colcon_notification.desktop_notification.win32': Not used on non-Windows systems
[1.202s] INFO:colcon.colcon_notification.desktop_notification:Sending desktop notification using 'notify2'
[1.213s] DEBUG:colcon.colcon_core.event_reactor:joined thread
[1.213s] INFO:colcon.colcon_core.shell:Creating prefix script '/home/jayaaraju/waiter_robot_ws/install/local_setup.ps1'
[1.214s] INFO:colcon.colcon_core.shell:Creating prefix util module '/home/jayaaraju/waiter_robot_ws/install/_local_setup_util_ps1.py'
[1.216s] INFO:colcon.colcon_core.shell:Creating prefix chain script '/home/jayaaraju/waiter_robot_ws/install/setup.ps1'
[1.218s] INFO:colcon.colcon_core.shell:Creating prefix script '/home/jayaaraju/waiter_robot_ws/install/local_setup.sh'
[1.219s] INFO:colcon.colcon_core.shell:Creating prefix util module '/home/jayaaraju/waiter_robot_ws/install/_local_setup_util_sh.py'
[1.219s] INFO:colcon.colcon_core.shell:Creating prefix chain script '/home/jayaaraju/waiter_robot_ws/install/setup.sh'
[1.222s] INFO:colcon.colcon_core.shell:Creating prefix script '/home/jayaaraju/waiter_robot_ws/install/local_setup.bash'
[1.222s] INFO:colcon.colcon_core.shell:Creating prefix chain script '/home/jayaaraju/waiter_robot_ws/install/setup.bash'
[1.225s] INFO:colcon.colcon_core.shell:Creating prefix script '/home/jayaaraju/waiter_robot_ws/install/local_setup.zsh'
[1.225s] INFO:colcon.colcon_core.shell:Creating prefix chain script '/home/jayaaraju/waiter_robot_ws/install/setup.zsh'
