[0.052s] Invoking command in '/home/jayaaraju/waiter_robot_ws/src/build/navigator_planner': CMAKE_PREFIX_PATH=/home/jayaaraju/waiter_robot_ws/src/install/py_trees_ros_tutorials:/home/jayaaraju/waiter_robot_ws/install/py_trees_ros_tutorials:/home/jayaaraju/ros2_ws/install/my_robot_controller:/home/jayaaraju/ros2_ws/src/install/my_robot_controller:/home/jayaaraju/pallet_ws/install/yolov5_ros:/opt/ros/humble:${CMAKE_PREFIX_PATH} /usr/bin/cmake --build /home/jayaaraju/waiter_robot_ws/src/build/navigator_planner -- -j8 -l8
[0.661s] Built target ament_cmake_python_symlink_navigator_planner
[0.662s] running egg_info
[0.663s] writing navigator_planner.egg-info/PKG-INFO
[0.664s] writing dependency_links to navigator_planner.egg-info/dependency_links.txt
[0.665s] writing top-level names to navigator_planner.egg-info/top_level.txt
[0.665s] reading manifest file 'navigator_planner.egg-info/SOURCES.txt'
[0.666s] writing manifest file 'navigator_planner.egg-info/SOURCES.txt'
[0.666s] Built target ament_cmake_python_build_navigator_planner_egg
[0.680s] Invoked command in '/home/jayaaraju/waiter_robot_ws/src/build/navigator_planner' returned '0': CMAKE_PREFIX_PATH=/home/jayaaraju/waiter_robot_ws/src/install/py_trees_ros_tutorials:/home/jayaaraju/waiter_robot_ws/install/py_trees_ros_tutorials:/home/jayaaraju/ros2_ws/install/my_robot_controller:/home/jayaaraju/ros2_ws/src/install/my_robot_controller:/home/jayaaraju/pallet_ws/install/yolov5_ros:/opt/ros/humble:${CMAKE_PREFIX_PATH} /usr/bin/cmake --build /home/jayaaraju/waiter_robot_ws/src/build/navigator_planner -- -j8 -l8
[0.739s] Invoking command in '/home/jayaaraju/waiter_robot_ws/src/build/navigator_planner': CMAKE_PREFIX_PATH=/home/jayaaraju/waiter_robot_ws/src/install/py_trees_ros_tutorials:/home/jayaaraju/waiter_robot_ws/install/py_trees_ros_tutorials:/home/jayaaraju/ros2_ws/install/my_robot_controller:/home/jayaaraju/ros2_ws/src/install/my_robot_controller:/home/jayaaraju/pallet_ws/install/yolov5_ros:/opt/ros/humble:${CMAKE_PREFIX_PATH} /usr/bin/cmake --install /home/jayaaraju/waiter_robot_ws/src/build/navigator_planner
[0.751s] -- Install configuration: ""
[0.752s] -- Execute custom install script
[0.753s] -- Up-to-date symlink: /home/jayaaraju/waiter_robot_ws/src/install/navigator_planner/share/navigator_planner/launch/navigation.launch.py
[0.754s] -- Up-to-date symlink: /home/jayaaraju/waiter_robot_ws/src/install/navigator_planner/share/navigator_planner/config/follow_point.xml
[0.755s] -- Up-to-date symlink: /home/jayaaraju/waiter_robot_ws/src/install/navigator_planner/share/navigator_planner/config/nav2_params.yaml
[0.757s] -- Up-to-date symlink: /home/jayaaraju/waiter_robot_ws/src/install/navigator_planner/share/navigator_planner/config/navigate_through_poses_w_replanning_and_recovery.xml
[0.757s] -- Up-to-date symlink: /home/jayaaraju/waiter_robot_ws/src/install/navigator_planner/share/navigator_planner/config/navigate_to_pose_w_replanning_and_recovery.xml
[0.758s] -- Up-to-date symlink: /home/jayaaraju/waiter_robot_ws/src/install/navigator_planner/share/navigator_planner/config/output.json
[0.758s] -- Up-to-date symlink: /home/jayaaraju/waiter_robot_ws/src/install/navigator_planner/share/navigator_planner/config/twist_mux.yaml
[0.758s] -- Up-to-date symlink: /home/jayaaraju/waiter_robot_ws/src/install/navigator_planner/share/navigator_planner/scripts/table_navigation.py
[0.759s] -- Up-to-date symlink: /home/jayaaraju/waiter_robot_ws/src/install/navigator_planner/share/navigator_planner/navigator_planner/__init__.py
[0.759s] -- Up-to-date symlink: /home/jayaaraju/waiter_robot_ws/src/install/navigator_planner/share/navigator_planner/navigator_planner/robot_navigator.py
[0.759s] -- Up-to-date symlink: /home/jayaaraju/waiter_robot_ws/src/install/navigator_planner/share/navigator_planner/environment/pythonpath.sh
[0.759s] -- Up-to-date symlink: /home/jayaaraju/waiter_robot_ws/src/install/navigator_planner/share/navigator_planner/environment/pythonpath.dsv
[0.760s] -- Up-to-date symlink: /home/jayaaraju/waiter_robot_ws/src/install/navigator_planner/local/lib/python3.10/dist-packages/navigator_planner-0.0.0-py3.10.egg-info/PKG-INFO
[0.760s] -- Up-to-date symlink: /home/jayaaraju/waiter_robot_ws/src/install/navigator_planner/local/lib/python3.10/dist-packages/navigator_planner-0.0.0-py3.10.egg-info/SOURCES.txt
[0.760s] -- Up-to-date symlink: /home/jayaaraju/waiter_robot_ws/src/install/navigator_planner/local/lib/python3.10/dist-packages/navigator_planner-0.0.0-py3.10.egg-info/dependency_links.txt
[0.761s] -- Up-to-date symlink: /home/jayaaraju/waiter_robot_ws/src/install/navigator_planner/local/lib/python3.10/dist-packages/navigator_planner-0.0.0-py3.10.egg-info/top_level.txt
[0.761s] -- Up-to-date symlink: /home/jayaaraju/waiter_robot_ws/src/install/navigator_planner/local/lib/python3.10/dist-packages/navigator_planner/__init__.py
[0.761s] -- Up-to-date symlink: /home/jayaaraju/waiter_robot_ws/src/install/navigator_planner/local/lib/python3.10/dist-packages/navigator_planner/robot_navigator.py
[0.762s] -- Up-to-date symlink: /home/jayaaraju/waiter_robot_ws/src/install/navigator_planner/lib/navigator_planner/table_navigation.py
[0.762s] -- Up-to-date symlink: /home/jayaaraju/waiter_robot_ws/src/install/navigator_planner/share/ament_index/resource_index/package_run_dependencies/navigator_planner
[0.762s] -- Up-to-date symlink: /home/jayaaraju/waiter_robot_ws/src/install/navigator_planner/share/ament_index/resource_index/parent_prefix_path/navigator_planner
[0.764s] -- Up-to-date symlink: /home/jayaaraju/waiter_robot_ws/src/install/navigator_planner/share/navigator_planner/environment/ament_prefix_path.sh
[0.765s] -- Up-to-date symlink: /home/jayaaraju/waiter_robot_ws/src/install/navigator_planner/share/navigator_planner/environment/ament_prefix_path.dsv
[0.765s] -- Up-to-date symlink: /home/jayaaraju/waiter_robot_ws/src/install/navigator_planner/share/navigator_planner/environment/path.sh
[0.765s] -- Up-to-date symlink: /home/jayaaraju/waiter_robot_ws/src/install/navigator_planner/share/navigator_planner/environment/path.dsv
[0.765s] -- Up-to-date symlink: /home/jayaaraju/waiter_robot_ws/src/install/navigator_planner/share/navigator_planner/local_setup.bash
[0.765s] -- Up-to-date symlink: /home/jayaaraju/waiter_robot_ws/src/install/navigator_planner/share/navigator_planner/local_setup.sh
[0.765s] -- Up-to-date symlink: /home/jayaaraju/waiter_robot_ws/src/install/navigator_planner/share/navigator_planner/local_setup.zsh
[0.765s] -- Up-to-date symlink: /home/jayaaraju/waiter_robot_ws/src/install/navigator_planner/share/navigator_planner/local_setup.dsv
[0.766s] -- Symlinking: /home/jayaaraju/waiter_robot_ws/src/install/navigator_planner/share/navigator_planner/package.dsv
[0.780s] -- Up-to-date symlink: /home/jayaaraju/waiter_robot_ws/src/install/navigator_planner/share/ament_index/resource_index/packages/navigator_planner
[0.780s] -- Up-to-date symlink: /home/jayaaraju/waiter_robot_ws/src/install/navigator_planner/share/navigator_planner/cmake/navigator_plannerConfig.cmake
[0.780s] -- Up-to-date symlink: /home/jayaaraju/waiter_robot_ws/src/install/navigator_planner/share/navigator_planner/cmake/navigator_plannerConfig-version.cmake
[0.780s] -- Up-to-date symlink: /home/jayaaraju/waiter_robot_ws/src/install/navigator_planner/share/navigator_planner/package.xml
[0.849s] Listing '/home/jayaaraju/waiter_robot_ws/src/install/navigator_planner/local/lib/python3.10/dist-packages/navigator_planner'...
[0.866s] Invoked command in '/home/jayaaraju/waiter_robot_ws/src/build/navigator_planner' returned '0': CMAKE_PREFIX_PATH=/home/jayaaraju/waiter_robot_ws/src/install/py_trees_ros_tutorials:/home/jayaaraju/waiter_robot_ws/install/py_trees_ros_tutorials:/home/jayaaraju/ros2_ws/install/my_robot_controller:/home/jayaaraju/ros2_ws/src/install/my_robot_controller:/home/jayaaraju/pallet_ws/install/yolov5_ros:/opt/ros/humble:${CMAKE_PREFIX_PATH} /usr/bin/cmake --install /home/jayaaraju/waiter_robot_ws/src/build/navigator_planner
