[1.826s] Invoking command in '/home/jayaaraju/waiter_robot_ws/build/py_trees_ros_tutorials': PYTHONPATH=/home/jayaaraju/waiter_robot_ws/build/py_trees_ros_tutorials/prefix_override:/usr/lib/python3/dist-packages/colcon_core/task/python/colcon_distutils_commands:/home/jayaaraju/waiter_robot_ws/install/py_trees_ros_tutorials/lib/python3.10/site-packages:${PYTHONPATH} /usr/bin/python3 -W ignore:setup.py install is deprecated setup.py develop --editable --build-directory /home/jayaaraju/waiter_robot_ws/build/py_trees_ros_tutorials/build --no-deps symlink_data
[1.884s] /home/jayaaraju/waiter_robot_ws/build/py_trees_ros_tutorials/setup.py:5: DeprecationWarning: The distutils package is deprecated and slated for removal in Python 3.12. Use setuptools or check PEP 632 for potential alternatives
[1.884s]   from distutils import log
[2.406s] running develop
[2.883s] redirecting scripts
[2.883s]   from: /home/jayaaraju/waiter_robot_ws/install/py_trees_ros_tutorials/bin
[2.883s]     to: /home/jayaaraju/waiter_robot_ws/install/py_trees_ros_tutorials/lib/py_trees_ros_tutorials
[2.883s] running egg_info
[2.883s] writing py_trees_ros_tutorials.egg-info/PKG-INFO
[2.883s] writing dependency_links to py_trees_ros_tutorials.egg-info/dependency_links.txt
[2.884s] writing entry points to py_trees_ros_tutorials.egg-info/entry_points.txt
[2.884s] writing top-level names to py_trees_ros_tutorials.egg-info/top_level.txt
[2.889s] reading manifest file 'py_trees_ros_tutorials.egg-info/SOURCES.txt'
[2.891s] writing manifest file 'py_trees_ros_tutorials.egg-info/SOURCES.txt'
[2.893s] running build_ext
[2.894s] Creating /home/jayaaraju/waiter_robot_ws/install/py_trees_ros_tutorials/lib/python3.10/site-packages/py-trees-ros-tutorials.egg-link (link to .)
[2.895s] Installing mock-battery script to /home/jayaaraju/waiter_robot_ws/install/py_trees_ros_tutorials/lib/py_trees_ros_tutorials
[2.895s] Installing mock-dashboard script to /home/jayaaraju/waiter_robot_ws/install/py_trees_ros_tutorials/lib/py_trees_ros_tutorials
[2.895s] Installing mock-dock-client script to /home/jayaaraju/waiter_robot_ws/install/py_trees_ros_tutorials/lib/py_trees_ros_tutorials
[2.895s] Installing mock-docking-controller script to /home/jayaaraju/waiter_robot_ws/install/py_trees_ros_tutorials/lib/py_trees_ros_tutorials
[2.896s] Installing mock-led-strip script to /home/jayaaraju/waiter_robot_ws/install/py_trees_ros_tutorials/lib/py_trees_ros_tutorials
[2.896s] Installing mock-move-base script to /home/jayaaraju/waiter_robot_ws/install/py_trees_ros_tutorials/lib/py_trees_ros_tutorials
[2.896s] Installing mock-move-base-client script to /home/jayaaraju/waiter_robot_ws/install/py_trees_ros_tutorials/lib/py_trees_ros_tutorials
[2.896s] Installing mock-rotate-client script to /home/jayaaraju/waiter_robot_ws/install/py_trees_ros_tutorials/lib/py_trees_ros_tutorials
[2.896s] Installing mock-rotation-controller script to /home/jayaaraju/waiter_robot_ws/install/py_trees_ros_tutorials/lib/py_trees_ros_tutorials
[2.896s] Installing mock-safety-sensors script to /home/jayaaraju/waiter_robot_ws/install/py_trees_ros_tutorials/lib/py_trees_ros_tutorials
[2.897s] Installing tree-action-clients script to /home/jayaaraju/waiter_robot_ws/install/py_trees_ros_tutorials/lib/py_trees_ros_tutorials
[2.897s] Installing tree-battery-check script to /home/jayaaraju/waiter_robot_ws/install/py_trees_ros_tutorials/lib/py_trees_ros_tutorials
[2.897s] Installing tree-context-switching script to /home/jayaaraju/waiter_robot_ws/install/py_trees_ros_tutorials/lib/py_trees_ros_tutorials
[2.897s] Installing tree-data-gathering script to /home/jayaaraju/waiter_robot_ws/install/py_trees_ros_tutorials/lib/py_trees_ros_tutorials
[2.897s] Installing tree-docking-cancelling-failing script to /home/jayaaraju/waiter_robot_ws/install/py_trees_ros_tutorials/lib/py_trees_ros_tutorials
[2.897s] Installing tree-dynamic-application-loading script to /home/jayaaraju/waiter_robot_ws/install/py_trees_ros_tutorials/lib/py_trees_ros_tutorials
[2.898s] 
[2.898s] Installed /home/jayaaraju/waiter_robot_ws/build/py_trees_ros_tutorials
[2.898s] running symlink_data
[2.964s] Invoked command in '/home/jayaaraju/waiter_robot_ws/build/py_trees_ros_tutorials' returned '0': PYTHONPATH=/home/jayaaraju/waiter_robot_ws/build/py_trees_ros_tutorials/prefix_override:/usr/lib/python3/dist-packages/colcon_core/task/python/colcon_distutils_commands:/home/jayaaraju/waiter_robot_ws/install/py_trees_ros_tutorials/lib/python3.10/site-packages:${PYTHONPATH} /usr/bin/python3 -W ignore:setup.py install is deprecated setup.py develop --editable --build-directory /home/jayaaraju/waiter_robot_ws/build/py_trees_ros_tutorials/build --no-deps symlink_data
