[0.146s] Invoking command in '/home/jayaaraju/waiter_robot_ws/build/navigator_planner': CMAKE_PREFIX_PATH=/home/jayaaraju/waiter_robot_ws/install/waiter_tree:/home/jayaaraju/waiter_robot_ws/install/ros2_mapping:/home/jayaaraju/waiter_robot_ws/install/prototype:/home/jayaaraju/waiter_robot_ws/install/navigator_planner:/home/jayaaraju/code_ws/install/udemy:/home/jayaaraju/nav_ws/install/sattva_bot:/home/jayaaraju/nav_ws/install/ros2_mapping:/home/jayaaraju/nav_ws/install/opennav_docking:/home/jayaaraju/main_ws/install/two_wheeled_robot:/home/jayaaraju/main_ws/install/sllidar_ros2:/home/jayaaraju/main_ws/install/ros2_control_test_assets:/home/jayaaraju/main_ws/install/ros2_control_demo_description:/home/jayaaraju/main_ws/install/my_own_robot:/home/jayaaraju/proto_ws/install/sattva_bot:/home/jayaaraju/proto_ws/install/prototype:/home/jayaaraju/proto_ws/install/pallet_loader:/home/jayaaraju/waiter_robot_ws/install/py_trees_ros_tutorials:/home/jayaaraju/ros2_ws/install/my_robot_controller:/home/jayaaraju/ros2_ws/src/install/my_robot_controller:/home/jayaaraju/pallet_ws/install/yolov5_ros:/opt/ros/humble:/home/jayaaraju/pallet_ws/install/serial:/home/jayaaraju/pallet_ws/install/pallet_loader:/home/jayaaraju/pallet_ws/install/bboxes_ex_msgs /usr/bin/cmake --build /home/jayaaraju/waiter_robot_ws/build/navigator_planner -- -j8 -l8
[1.525s] Built target ament_cmake_python_symlink_navigator_planner
[1.525s] running egg_info
[1.526s] writing navigator_planner.egg-info/PKG-INFO
[1.526s] writing dependency_links to navigator_planner.egg-info/dependency_links.txt
[1.526s] writing top-level names to navigator_planner.egg-info/top_level.txt
[1.526s] reading manifest file 'navigator_planner.egg-info/SOURCES.txt'
[1.526s] writing manifest file 'navigator_planner.egg-info/SOURCES.txt'
[1.557s] Built target ament_cmake_python_build_navigator_planner_egg
[1.584s] Invoked command in '/home/jayaaraju/waiter_robot_ws/build/navigator_planner' returned '0': CMAKE_PREFIX_PATH=/home/jayaaraju/waiter_robot_ws/install/waiter_tree:/home/jayaaraju/waiter_robot_ws/install/ros2_mapping:/home/jayaaraju/waiter_robot_ws/install/prototype:/home/jayaaraju/waiter_robot_ws/install/navigator_planner:/home/jayaaraju/code_ws/install/udemy:/home/jayaaraju/nav_ws/install/sattva_bot:/home/jayaaraju/nav_ws/install/ros2_mapping:/home/jayaaraju/nav_ws/install/opennav_docking:/home/jayaaraju/main_ws/install/two_wheeled_robot:/home/jayaaraju/main_ws/install/sllidar_ros2:/home/jayaaraju/main_ws/install/ros2_control_test_assets:/home/jayaaraju/main_ws/install/ros2_control_demo_description:/home/jayaaraju/main_ws/install/my_own_robot:/home/jayaaraju/proto_ws/install/sattva_bot:/home/jayaaraju/proto_ws/install/prototype:/home/jayaaraju/proto_ws/install/pallet_loader:/home/jayaaraju/waiter_robot_ws/install/py_trees_ros_tutorials:/home/jayaaraju/ros2_ws/install/my_robot_controller:/home/jayaaraju/ros2_ws/src/install/my_robot_controller:/home/jayaaraju/pallet_ws/install/yolov5_ros:/opt/ros/humble:/home/jayaaraju/pallet_ws/install/serial:/home/jayaaraju/pallet_ws/install/pallet_loader:/home/jayaaraju/pallet_ws/install/bboxes_ex_msgs /usr/bin/cmake --build /home/jayaaraju/waiter_robot_ws/build/navigator_planner -- -j8 -l8
[1.700s] Invoking command in '/home/jayaaraju/waiter_robot_ws/build/navigator_planner': CMAKE_PREFIX_PATH=/home/jayaaraju/waiter_robot_ws/install/waiter_tree:/home/jayaaraju/waiter_robot_ws/install/ros2_mapping:/home/jayaaraju/waiter_robot_ws/install/prototype:/home/jayaaraju/waiter_robot_ws/install/navigator_planner:/home/jayaaraju/code_ws/install/udemy:/home/jayaaraju/nav_ws/install/sattva_bot:/home/jayaaraju/nav_ws/install/ros2_mapping:/home/jayaaraju/nav_ws/install/opennav_docking:/home/jayaaraju/main_ws/install/two_wheeled_robot:/home/jayaaraju/main_ws/install/sllidar_ros2:/home/jayaaraju/main_ws/install/ros2_control_test_assets:/home/jayaaraju/main_ws/install/ros2_control_demo_description:/home/jayaaraju/main_ws/install/my_own_robot:/home/jayaaraju/proto_ws/install/sattva_bot:/home/jayaaraju/proto_ws/install/prototype:/home/jayaaraju/proto_ws/install/pallet_loader:/home/jayaaraju/waiter_robot_ws/install/py_trees_ros_tutorials:/home/jayaaraju/ros2_ws/install/my_robot_controller:/home/jayaaraju/ros2_ws/src/install/my_robot_controller:/home/jayaaraju/pallet_ws/install/yolov5_ros:/opt/ros/humble:/home/jayaaraju/pallet_ws/install/serial:/home/jayaaraju/pallet_ws/install/pallet_loader:/home/jayaaraju/pallet_ws/install/bboxes_ex_msgs /usr/bin/cmake --install /home/jayaaraju/waiter_robot_ws/build/navigator_planner
[1.723s] -- Install configuration: ""
[1.727s] -- Execute custom install script
[1.729s] -- Up-to-date symlink: /home/jayaaraju/waiter_robot_ws/install/navigator_planner/share/navigator_planner/launch/navigation.launch.py
[1.730s] -- Up-to-date symlink: /home/jayaaraju/waiter_robot_ws/install/navigator_planner/share/navigator_planner/config/ekf.yaml
[1.730s] -- Up-to-date symlink: /home/jayaaraju/waiter_robot_ws/install/navigator_planner/share/navigator_planner/config/follow_point.xml
[1.731s] -- Up-to-date symlink: /home/jayaaraju/waiter_robot_ws/install/navigator_planner/share/navigator_planner/config/nav2_params.yaml
[1.731s] -- Up-to-date symlink: /home/jayaaraju/waiter_robot_ws/install/navigator_planner/share/navigator_planner/config/navigate_through_poses_w_replanning_and_recovery.xml
[1.731s] -- Up-to-date symlink: /home/jayaaraju/waiter_robot_ws/install/navigator_planner/share/navigator_planner/config/navigate_to_pose_w_replanning_and_recovery.xml
[1.732s] -- Up-to-date symlink: /home/jayaaraju/waiter_robot_ws/install/navigator_planner/share/navigator_planner/config/output.json
[1.732s] -- Up-to-date symlink: /home/jayaaraju/waiter_robot_ws/install/navigator_planner/share/navigator_planner/config/twist_mux.yaml
[1.733s] -- Up-to-date symlink: /home/jayaaraju/waiter_robot_ws/install/navigator_planner/share/navigator_planner/scripts/table_navigation.py
[1.734s] -- Up-to-date symlink: /home/jayaaraju/waiter_robot_ws/install/navigator_planner/share/navigator_planner/navigator_planner/__init__.py
[1.737s] -- Up-to-date symlink: /home/jayaaraju/waiter_robot_ws/install/navigator_planner/share/navigator_planner/navigator_planner/robot_navigator.py
[1.743s] -- Up-to-date symlink: /home/jayaaraju/waiter_robot_ws/install/navigator_planner/share/navigator_planner/environment/pythonpath.sh
[1.744s] -- Up-to-date symlink: /home/jayaaraju/waiter_robot_ws/install/navigator_planner/share/navigator_planner/environment/pythonpath.dsv
[1.745s] -- Up-to-date symlink: /home/jayaaraju/waiter_robot_ws/install/navigator_planner/local/lib/python3.10/dist-packages/navigator_planner-0.0.0-py3.10.egg-info/PKG-INFO
[1.745s] -- Up-to-date symlink: /home/jayaaraju/waiter_robot_ws/install/navigator_planner/local/lib/python3.10/dist-packages/navigator_planner-0.0.0-py3.10.egg-info/SOURCES.txt
[1.749s] -- Up-to-date symlink: /home/jayaaraju/waiter_robot_ws/install/navigator_planner/local/lib/python3.10/dist-packages/navigator_planner-0.0.0-py3.10.egg-info/dependency_links.txt
[1.750s] -- Up-to-date symlink: /home/jayaaraju/waiter_robot_ws/install/navigator_planner/local/lib/python3.10/dist-packages/navigator_planner-0.0.0-py3.10.egg-info/top_level.txt
[1.752s] -- Up-to-date symlink: /home/jayaaraju/waiter_robot_ws/install/navigator_planner/local/lib/python3.10/dist-packages/navigator_planner/__init__.py
[1.761s] -- Up-to-date symlink: /home/jayaaraju/waiter_robot_ws/install/navigator_planner/local/lib/python3.10/dist-packages/navigator_planner/robot_navigator.py
[1.761s] -- Up-to-date symlink: /home/jayaaraju/waiter_robot_ws/install/navigator_planner/lib/navigator_planner/table_navigation.py
[1.761s] -- Up-to-date symlink: /home/jayaaraju/waiter_robot_ws/install/navigator_planner/share/ament_index/resource_index/package_run_dependencies/navigator_planner
[1.761s] -- Up-to-date symlink: /home/jayaaraju/waiter_robot_ws/install/navigator_planner/share/ament_index/resource_index/parent_prefix_path/navigator_planner
[1.763s] -- Up-to-date symlink: /home/jayaaraju/waiter_robot_ws/install/navigator_planner/share/navigator_planner/environment/ament_prefix_path.sh
[1.763s] -- Up-to-date symlink: /home/jayaaraju/waiter_robot_ws/install/navigator_planner/share/navigator_planner/environment/ament_prefix_path.dsv
[1.763s] -- Up-to-date symlink: /home/jayaaraju/waiter_robot_ws/install/navigator_planner/share/navigator_planner/environment/path.sh
[1.763s] -- Up-to-date symlink: /home/jayaaraju/waiter_robot_ws/install/navigator_planner/share/navigator_planner/environment/path.dsv
[1.764s] -- Up-to-date symlink: /home/jayaaraju/waiter_robot_ws/install/navigator_planner/share/navigator_planner/local_setup.bash
[1.764s] -- Up-to-date symlink: /home/jayaaraju/waiter_robot_ws/install/navigator_planner/share/navigator_planner/local_setup.sh
[1.764s] -- Up-to-date symlink: /home/jayaaraju/waiter_robot_ws/install/navigator_planner/share/navigator_planner/local_setup.zsh
[1.765s] -- Up-to-date symlink: /home/jayaaraju/waiter_robot_ws/install/navigator_planner/share/navigator_planner/local_setup.dsv
[1.765s] -- Symlinking: /home/jayaaraju/waiter_robot_ws/install/navigator_planner/share/navigator_planner/package.dsv
[1.788s] -- Up-to-date symlink: /home/jayaaraju/waiter_robot_ws/install/navigator_planner/share/ament_index/resource_index/packages/navigator_planner
[1.788s] -- Up-to-date symlink: /home/jayaaraju/waiter_robot_ws/install/navigator_planner/share/navigator_planner/cmake/navigator_plannerConfig.cmake
[1.789s] -- Up-to-date symlink: /home/jayaaraju/waiter_robot_ws/install/navigator_planner/share/navigator_planner/cmake/navigator_plannerConfig-version.cmake
[1.789s] -- Up-to-date symlink: /home/jayaaraju/waiter_robot_ws/install/navigator_planner/share/navigator_planner/package.xml
[1.933s] Listing '/home/jayaaraju/waiter_robot_ws/install/navigator_planner/local/lib/python3.10/dist-packages/navigator_planner'...
[1.968s] Invoked command in '/home/jayaaraju/waiter_robot_ws/build/navigator_planner' returned '0': CMAKE_PREFIX_PATH=/home/jayaaraju/waiter_robot_ws/install/waiter_tree:/home/jayaaraju/waiter_robot_ws/install/ros2_mapping:/home/jayaaraju/waiter_robot_ws/install/prototype:/home/jayaaraju/waiter_robot_ws/install/navigator_planner:/home/jayaaraju/code_ws/install/udemy:/home/jayaaraju/nav_ws/install/sattva_bot:/home/jayaaraju/nav_ws/install/ros2_mapping:/home/jayaaraju/nav_ws/install/opennav_docking:/home/jayaaraju/main_ws/install/two_wheeled_robot:/home/jayaaraju/main_ws/install/sllidar_ros2:/home/jayaaraju/main_ws/install/ros2_control_test_assets:/home/jayaaraju/main_ws/install/ros2_control_demo_description:/home/jayaaraju/main_ws/install/my_own_robot:/home/jayaaraju/proto_ws/install/sattva_bot:/home/jayaaraju/proto_ws/install/prototype:/home/jayaaraju/proto_ws/install/pallet_loader:/home/jayaaraju/waiter_robot_ws/install/py_trees_ros_tutorials:/home/jayaaraju/ros2_ws/install/my_robot_controller:/home/jayaaraju/ros2_ws/src/install/my_robot_controller:/home/jayaaraju/pallet_ws/install/yolov5_ros:/opt/ros/humble:/home/jayaaraju/pallet_ws/install/serial:/home/jayaaraju/pallet_ws/install/pallet_loader:/home/jayaaraju/pallet_ws/install/bboxes_ex_msgs /usr/bin/cmake --install /home/jayaaraju/waiter_robot_ws/build/navigator_planner
